2025-06-15 12:16:17.460 | INFO     | __main__:<module>:387 - Logbestand geconfigureerd: 'logging\gan_class_3_20250615_121617.log'
2025-06-15 12:16:17.460 | INFO     | __main__:<module>:389 - Start GAN-training script.
2025-06-15 12:16:17.460 | INFO     | __main__:<module>:390 - ECG Segment Lengte: 187
2025-06-15 12:16:17.460 | INFO     | __main__:<module>:391 - Latente Dimensie: 100
2025-06-15 12:16:17.460 | INFO     | __main__:<module>:392 - Batch Grootte: 64
2025-06-15 12:16:17.460 | INFO     | __main__:<module>:393 - Aantal Epochs: 5000
2025-06-15 12:16:17.460 | INFO     | __main__:<module>:394 - Data bestand: data/split/class_3_ecgs.parquet
2025-06-15 12:16:17.460 | INFO     | __main__:<module>:395 - Huidige Klasse ID voor training: 3
2025-06-15 12:16:17.460 | INFO     | __main__:<module>:396 - Target Kolom Naam: target
2025-06-15 12:16:17.460 | INFO     | __main__:<module>:397 - Aantal synthetische samples te genereren: 35000
2025-06-15 12:16:17.460 | INFO     | __main__:<module>:398 - Initiële Generator LR: 0.0001
2025-06-15 12:16:17.472 | INFO     | __main__:<module>:399 - Initiële Discriminator LR: 0.0001
2025-06-15 12:16:17.472 | INFO     | __main__:<module>:400 - ReduceLROnPlateau voor Discriminator: Monitor='disc_loss', Factor=0.1, Patience=20, Min Delta=0.0001, Cooldown=10, Min LR=1e-07
2025-06-15 12:16:17.473 | INFO     | __main__:build_generator:199 - Generator model opbouwen...
2025-06-15 12:16:17.614 | DEBUG    | __main__:build_generator:207 - Generator Dense laag output shape: (None, 3072)
2025-06-15 12:16:17.618 | DEBUG    | __main__:build_generator:210 - Generator Reshape output shape: (None, 24, 128)
2025-06-15 12:16:17.639 | DEBUG    | __main__:build_generator:215 - Generator Conv1DTranspose 1 output shape: (None, 48, 64)
2025-06-15 12:16:17.659 | DEBUG    | __main__:build_generator:220 - Generator Conv1DTranspose 2 output shape: (None, 96, 32)
2025-06-15 12:16:17.675 | DEBUG    | __main__:build_generator:224 - Generator Conv1DTranspose 3 output shape: (None, 192, 1)
2025-06-15 12:16:17.675 | WARNING  | __main__:build_generator:228 - Generator output shape (192) is niet exact 187. Zal bijsnijden.
2025-06-15 12:16:17.679 | DEBUG    | __main__:build_generator:234 - Generator Cropping1D output shape: (None, 187, 1)
2025-06-15 12:16:17.679 | DEBUG    | __main__:build_generator:241 - Generator Final Reshape output shape: (None, 187, 1)
2025-06-15 12:16:17.679 | INFO     | __main__:build_generator:244 - Generator model succesvol opgebouwd.
2025-06-15 12:16:17.679 | INFO     | __main__:build_discriminator:262 - Discriminator model opbouwen...
2025-06-15 12:16:17.708 | DEBUG    | __main__:build_discriminator:267 - Discriminator Conv1D 1 output shape: (None, 94, 64)
2025-06-15 12:16:17.727 | DEBUG    | __main__:build_discriminator:272 - Discriminator Conv1D 2 output shape: (None, 47, 128)
2025-06-15 12:16:17.727 | DEBUG    | __main__:build_discriminator:275 - Discriminator Flatten output shape: (None, 6016)
2025-06-15 12:16:17.744 | DEBUG    | __main__:build_discriminator:278 - Discriminator Dense output shape: (None, 1)
2025-06-15 12:16:17.744 | INFO     | __main__:build_discriminator:280 - Discriminator model succesvol opgebouwd.
2025-06-15 12:16:17.744 | INFO     | __main__:load_and_prepare_ecg_data_from_parquet:137 - Laden van data uit Parquet-bestand: data/split/class_3_ecgs.parquet
2025-06-15 12:16:17.803 | INFO     | __main__:load_and_prepare_ecg_data_from_parquet:140 - Originele data shape: (641, 188)
2025-06-15 12:16:17.803 | INFO     | __main__:load_and_prepare_ecg_data_from_parquet:145 - Dit bestand bevat data voor klasse: 3.0
2025-06-15 12:16:17.820 | INFO     | __main__:load_and_prepare_ecg_data_from_parquet:165 - Aantal samples geladen: 641
2025-06-15 12:16:17.820 | DEBUG    | __main__:load_and_prepare_ecg_data_from_parquet:166 - Shape van de geladen ECG-features: (641, 187)
2025-06-15 12:16:17.824 | INFO     | __main__:load_and_prepare_ecg_data_from_parquet:177 - Data genormaliseerd tussen 0.00 en 1.00
2025-06-15 12:16:17.824 | DEBUG    | __main__:load_and_prepare_ecg_data_from_parquet:178 - Genormaliseerde data shape: (641, 187)
2025-06-15 12:16:17.829 | INFO     | __main__:<module>:418 - TensorFlow Dataset gemaakt met 641 samples.
2025-06-15 12:16:17.829 | INFO     | __main__:<module>:420 - Start training van de GAN...
2025-06-15 12:16:22.278 | INFO     | __main__:<module>:473 - Epoch 1/5000, Gen Loss: 0.7781, Disc Loss: 1.3097 | G_LR: 0.000100, D_LR: 0.000100
2025-06-15 12:16:22.578 | INFO     | __main__:<module>:473 - Epoch 2/5000, Gen Loss: 0.9390, Disc Loss: 1.2055 | G_LR: 0.000100, D_LR: 0.000100
2025-06-15 12:16:22.898 | INFO     | __main__:<module>:473 - Epoch 3/5000, Gen Loss: 1.1515, Disc Loss: 1.1088 | G_LR: 0.000100, D_LR: 0.000100
2025-06-15 12:16:23.194 | INFO     | __main__:<module>:473 - Epoch 4/5000, Gen Loss: 1.4108, Disc Loss: 1.0023 | G_LR: 0.000100, D_LR: 0.000100
2025-06-15 12:16:23.519 | INFO     | __main__:<module>:473 - Epoch 5/5000, Gen Loss: 1.6825, Disc Loss: 0.9117 | G_LR: 0.000100, D_LR: 0.000100
2025-06-15 12:16:23.877 | INFO     | __main__:<module>:473 - Epoch 6/5000, Gen Loss: 1.9370, Disc Loss: 0.8271 | G_LR: 0.000100, D_LR: 0.000100
2025-06-15 12:16:24.239 | INFO     | __main__:<module>:473 - Epoch 7/5000, Gen Loss: 2.1378, Disc Loss: 0.7371 | G_LR: 0.000100, D_LR: 0.000100
2025-06-15 12:16:24.599 | INFO     | __main__:<module>:473 - Epoch 8/5000, Gen Loss: 2.2940, Disc Loss: 0.6442 | G_LR: 0.000100, D_LR: 0.000100
2025-06-15 12:16:24.994 | INFO     | __main__:<module>:473 - Epoch 9/5000, Gen Loss: 2.4215, Disc Loss: 0.5624 | G_LR: 0.000100, D_LR: 0.000100
2025-06-15 12:16:25.358 | INFO     | __main__:<module>:473 - Epoch 10/5000, Gen Loss: 2.4845, Disc Loss: 0.4663 | G_LR: 0.000100, D_LR: 0.000100
2025-06-15 12:16:25.735 | INFO     | __main__:<module>:473 - Epoch 11/5000, Gen Loss: 2.5750, Disc Loss: 0.3970 | G_LR: 0.000100, D_LR: 0.000100
2025-06-15 12:16:26.099 | INFO     | __main__:<module>:473 - Epoch 12/5000, Gen Loss: 2.6290, Disc Loss: 0.3337 | G_LR: 0.000100, D_LR: 0.000100
2025-06-15 12:16:26.480 | INFO     | __main__:<module>:473 - Epoch 13/5000, Gen Loss: 2.6589, Disc Loss: 0.2883 | G_LR: 0.000100, D_LR: 0.000100
2025-06-15 12:16:26.839 | INFO     | __main__:<module>:473 - Epoch 14/5000, Gen Loss: 2.6732, Disc Loss: 0.2594 | G_LR: 0.000100, D_LR: 0.000100
2025-06-15 12:16:27.219 | INFO     | __main__:<module>:473 - Epoch 15/5000, Gen Loss: 2.7630, Disc Loss: 0.2465 | G_LR: 0.000100, D_LR: 0.000100
2025-06-15 12:16:27.581 | INFO     | __main__:<module>:473 - Epoch 16/5000, Gen Loss: 2.8548, Disc Loss: 0.2368 | G_LR: 0.000100, D_LR: 0.000100
2025-06-15 12:16:27.959 | INFO     | __main__:<module>:473 - Epoch 17/5000, Gen Loss: 2.9766, Disc Loss: 0.2300 | G_LR: 0.000100, D_LR: 0.000100
2025-06-15 12:16:28.338 | INFO     | __main__:<module>:473 - Epoch 18/5000, Gen Loss: 3.1519, Disc Loss: 0.2333 | G_LR: 0.000100, D_LR: 0.000100
2025-06-15 12:16:28.720 | INFO     | __main__:<module>:473 - Epoch 19/5000, Gen Loss: 3.2755, Disc Loss: 0.2338 | G_LR: 0.000100, D_LR: 0.000100
2025-06-15 12:16:29.082 | INFO     | __main__:<module>:473 - Epoch 20/5000, Gen Loss: 3.4027, Disc Loss: 0.2365 | G_LR: 0.000100, D_LR: 0.000100
2025-06-15 12:16:29.459 | INFO     | __main__:<module>:473 - Epoch 21/5000, Gen Loss: 3.5320, Disc Loss: 0.2425 | G_LR: 0.000100, D_LR: 0.000100
2025-06-15 12:16:29.818 | INFO     | __main__:<module>:473 - Epoch 22/5000, Gen Loss: 3.6808, Disc Loss: 0.2373 | G_LR: 0.000100, D_LR: 0.000100
2025-06-15 12:16:30.182 | INFO     | __main__:<module>:473 - Epoch 23/5000, Gen Loss: 3.7624, Disc Loss: 0.2321 | G_LR: 0.000100, D_LR: 0.000100
2025-06-15 12:16:30.559 | INFO     | __main__:<module>:473 - Epoch 24/5000, Gen Loss: 3.8071, Disc Loss: 0.2263 | G_LR: 0.000100, D_LR: 0.000100
2025-06-15 12:16:30.921 | INFO     | __main__:<module>:473 - Epoch 25/5000, Gen Loss: 3.8972, Disc Loss: 0.2238 | G_LR: 0.000100, D_LR: 0.000100
2025-06-15 12:16:31.282 | INFO     | __main__:<module>:473 - Epoch 26/5000, Gen Loss: 3.8922, Disc Loss: 0.2190 | G_LR: 0.000100, D_LR: 0.000100
2025-06-15 12:16:31.654 | INFO     | __main__:<module>:473 - Epoch 27/5000, Gen Loss: 3.8800, Disc Loss: 0.2150 | G_LR: 0.000100, D_LR: 0.000100
2025-06-15 12:16:32.018 | INFO     | __main__:<module>:473 - Epoch 28/5000, Gen Loss: 3.9411, Disc Loss: 0.2160 | G_LR: 0.000100, D_LR: 0.000100
2025-06-15 12:16:32.384 | INFO     | __main__:<module>:473 - Epoch 29/5000, Gen Loss: 3.8960, Disc Loss: 0.2142 | G_LR: 0.000100, D_LR: 0.000100
2025-06-15 12:16:32.754 | INFO     | __main__:<module>:473 - Epoch 30/5000, Gen Loss: 3.9258, Disc Loss: 0.2081 | G_LR: 0.000100, D_LR: 0.000100
2025-06-15 12:16:33.119 | INFO     | __main__:<module>:473 - Epoch 31/5000, Gen Loss: 3.9669, Disc Loss: 0.2097 | G_LR: 0.000100, D_LR: 0.000100
2025-06-15 12:16:33.487 | INFO     | __main__:<module>:473 - Epoch 32/5000, Gen Loss: 3.9697, Disc Loss: 0.2032 | G_LR: 0.000100, D_LR: 0.000100
2025-06-15 12:16:33.859 | INFO     | __main__:<module>:473 - Epoch 33/5000, Gen Loss: 3.9245, Disc Loss: 0.2142 | G_LR: 0.000100, D_LR: 0.000100
2025-06-15 12:16:34.234 | INFO     | __main__:<module>:473 - Epoch 34/5000, Gen Loss: 3.8559, Disc Loss: 0.2185 | G_LR: 0.000100, D_LR: 0.000100
2025-06-15 12:16:34.589 | INFO     | __main__:<module>:473 - Epoch 35/5000, Gen Loss: 3.9365, Disc Loss: 0.2050 | G_LR: 0.000100, D_LR: 0.000100
2025-06-15 12:16:34.959 | INFO     | __main__:<module>:473 - Epoch 36/5000, Gen Loss: 3.9964, Disc Loss: 0.2078 | G_LR: 0.000100, D_LR: 0.000100
2025-06-15 12:16:35.339 | INFO     | __main__:<module>:473 - Epoch 37/5000, Gen Loss: 4.0575, Disc Loss: 0.2086 | G_LR: 0.000100, D_LR: 0.000100
2025-06-15 12:16:35.699 | INFO     | __main__:<module>:473 - Epoch 38/5000, Gen Loss: 3.9949, Disc Loss: 0.2099 | G_LR: 0.000100, D_LR: 0.000100
2025-06-15 12:16:36.059 | INFO     | __main__:<module>:473 - Epoch 39/5000, Gen Loss: 3.8600, Disc Loss: 0.2083 | G_LR: 0.000100, D_LR: 0.000100
2025-06-15 12:16:36.479 | INFO     | __main__:<module>:473 - Epoch 40/5000, Gen Loss: 4.0328, Disc Loss: 0.2146 | G_LR: 0.000100, D_LR: 0.000100
2025-06-15 12:16:36.838 | INFO     | __main__:<module>:473 - Epoch 41/5000, Gen Loss: 3.9969, Disc Loss: 0.2128 | G_LR: 0.000100, D_LR: 0.000100
2025-06-15 12:16:37.214 | INFO     | __main__:<module>:473 - Epoch 42/5000, Gen Loss: 3.9344, Disc Loss: 0.2241 | G_LR: 0.000100, D_LR: 0.000100
2025-06-15 12:16:37.579 | INFO     | __main__:<module>:473 - Epoch 43/5000, Gen Loss: 3.9184, Disc Loss: 0.2192 | G_LR: 0.000100, D_LR: 0.000100
2025-06-15 12:16:37.950 | INFO     | __main__:<module>:473 - Epoch 44/5000, Gen Loss: 3.9036, Disc Loss: 0.2285 | G_LR: 0.000100, D_LR: 0.000100
2025-06-15 12:16:38.325 | INFO     | __main__:<module>:473 - Epoch 45/5000, Gen Loss: 4.0383, Disc Loss: 0.2286 | G_LR: 0.000100, D_LR: 0.000100
2025-06-15 12:16:38.678 | INFO     | __main__:<module>:473 - Epoch 46/5000, Gen Loss: 3.8777, Disc Loss: 0.2301 | G_LR: 0.000100, D_LR: 0.000100
2025-06-15 12:16:39.039 | INFO     | __main__:<module>:473 - Epoch 47/5000, Gen Loss: 3.8586, Disc Loss: 0.2405 | G_LR: 0.000100, D_LR: 0.000100
2025-06-15 12:16:39.400 | INFO     | __main__:<module>:473 - Epoch 48/5000, Gen Loss: 3.8063, Disc Loss: 0.2349 | G_LR: 0.000100, D_LR: 0.000100
2025-06-15 12:16:39.774 | INFO     | __main__:<module>:473 - Epoch 49/5000, Gen Loss: 3.8492, Disc Loss: 0.2424 | G_LR: 0.000100, D_LR: 0.000100
2025-06-15 12:16:40.138 | INFO     | __main__:<module>:473 - Epoch 50/5000, Gen Loss: 3.7119, Disc Loss: 0.2407 | G_LR: 0.000100, D_LR: 0.000100
2025-06-15 12:16:40.514 | INFO     | __main__:<module>:473 - Epoch 51/5000, Gen Loss: 3.6645, Disc Loss: 0.2424 | G_LR: 0.000100, D_LR: 0.000100
2025-06-15 12:16:40.879 | WARNING  | __main__:<module>:468 - Epoch 52: Monitored metric 'disc_loss' did not improve for 20 epochs. Reducing Discriminator LR from 0.000100 to 0.000010.
2025-06-15 12:16:40.879 | INFO     | __main__:<module>:473 - Epoch 52/5000, Gen Loss: 3.6901, Disc Loss: 0.2546 | G_LR: 0.000100, D_LR: 0.000100
2025-06-15 12:16:41.239 | INFO     | __main__:<module>:473 - Epoch 53/5000, Gen Loss: 3.7122, Disc Loss: 0.2459 | G_LR: 0.000100, D_LR: 0.000010
2025-06-15 12:16:41.614 | INFO     | __main__:<module>:473 - Epoch 54/5000, Gen Loss: 3.4713, Disc Loss: 0.2626 | G_LR: 0.000100, D_LR: 0.000010
2025-06-15 12:16:41.979 | INFO     | __main__:<module>:473 - Epoch 55/5000, Gen Loss: 3.3062, Disc Loss: 0.2808 | G_LR: 0.000100, D_LR: 0.000010
2025-06-15 12:16:42.339 | INFO     | __main__:<module>:473 - Epoch 56/5000, Gen Loss: 3.2229, Disc Loss: 0.2873 | G_LR: 0.000100, D_LR: 0.000010
2025-06-15 12:16:42.719 | INFO     | __main__:<module>:473 - Epoch 57/5000, Gen Loss: 3.0930, Disc Loss: 0.3040 | G_LR: 0.000100, D_LR: 0.000010
2025-06-15 12:16:43.095 | INFO     | __main__:<module>:473 - Epoch 58/5000, Gen Loss: 3.0602, Disc Loss: 0.3046 | G_LR: 0.000100, D_LR: 0.000010
2025-06-15 12:16:43.458 | INFO     | __main__:<module>:473 - Epoch 59/5000, Gen Loss: 2.9788, Disc Loss: 0.3264 | G_LR: 0.000100, D_LR: 0.000010
2025-06-15 12:16:43.819 | INFO     | __main__:<module>:473 - Epoch 60/5000, Gen Loss: 2.8931, Disc Loss: 0.3332 | G_LR: 0.000100, D_LR: 0.000010
2025-06-15 12:16:44.194 | INFO     | __main__:<module>:473 - Epoch 61/5000, Gen Loss: 2.8069, Disc Loss: 0.3500 | G_LR: 0.000100, D_LR: 0.000010
2025-06-15 12:16:44.559 | INFO     | __main__:<module>:473 - Epoch 62/5000, Gen Loss: 2.7331, Disc Loss: 0.3665 | G_LR: 0.000100, D_LR: 0.000010
2025-06-15 12:16:44.919 | INFO     | __main__:<module>:473 - Epoch 63/5000, Gen Loss: 2.6560, Disc Loss: 0.3922 | G_LR: 0.000100, D_LR: 0.000010
2025-06-15 12:16:45.299 | INFO     | __main__:<module>:473 - Epoch 64/5000, Gen Loss: 2.6085, Disc Loss: 0.4069 | G_LR: 0.000100, D_LR: 0.000010
2025-06-15 12:16:45.659 | INFO     | __main__:<module>:473 - Epoch 65/5000, Gen Loss: 2.5271, Disc Loss: 0.4383 | G_LR: 0.000100, D_LR: 0.000010
2025-06-15 12:16:46.019 | INFO     | __main__:<module>:473 - Epoch 66/5000, Gen Loss: 2.3707, Disc Loss: 0.4509 | G_LR: 0.000100, D_LR: 0.000010
2025-06-15 12:16:46.399 | INFO     | __main__:<module>:473 - Epoch 67/5000, Gen Loss: 2.3682, Disc Loss: 0.4613 | G_LR: 0.000100, D_LR: 0.000010
2025-06-15 12:16:46.766 | INFO     | __main__:<module>:473 - Epoch 68/5000, Gen Loss: 2.2860, Disc Loss: 0.4994 | G_LR: 0.000100, D_LR: 0.000010
2025-06-15 12:16:47.134 | INFO     | __main__:<module>:473 - Epoch 69/5000, Gen Loss: 2.1816, Disc Loss: 0.5345 | G_LR: 0.000100, D_LR: 0.000010
2025-06-15 12:16:47.494 | INFO     | __main__:<module>:473 - Epoch 70/5000, Gen Loss: 2.1798, Disc Loss: 0.9333 | G_LR: 0.000100, D_LR: 0.000010
2025-06-15 12:16:47.859 | INFO     | __main__:<module>:473 - Epoch 71/5000, Gen Loss: 2.0728, Disc Loss: 0.6237 | G_LR: 0.000100, D_LR: 0.000010
2025-06-15 12:16:48.219 | INFO     | __main__:<module>:473 - Epoch 72/5000, Gen Loss: 1.9745, Disc Loss: 0.5993 | G_LR: 0.000100, D_LR: 0.000010
2025-06-15 12:16:48.599 | INFO     | __main__:<module>:473 - Epoch 73/5000, Gen Loss: 1.9270, Disc Loss: 0.6290 | G_LR: 0.000100, D_LR: 0.000010
2025-06-15 12:16:48.958 | INFO     | __main__:<module>:473 - Epoch 74/5000, Gen Loss: 1.8989, Disc Loss: 0.6446 | G_LR: 0.000100, D_LR: 0.000010
2025-06-15 12:16:49.319 | INFO     | __main__:<module>:473 - Epoch 75/5000, Gen Loss: 1.8583, Disc Loss: 0.6643 | G_LR: 0.000100, D_LR: 0.000010
2025-06-15 12:16:49.679 | INFO     | __main__:<module>:473 - Epoch 76/5000, Gen Loss: 1.8794, Disc Loss: 0.6907 | G_LR: 0.000100, D_LR: 0.000010
2025-06-15 12:16:50.048 | INFO     | __main__:<module>:473 - Epoch 77/5000, Gen Loss: 1.7883, Disc Loss: 0.7408 | G_LR: 0.000100, D_LR: 0.000010
2025-06-15 12:16:50.431 | INFO     | __main__:<module>:473 - Epoch 78/5000, Gen Loss: 1.7617, Disc Loss: 0.7353 | G_LR: 0.000100, D_LR: 0.000010
2025-06-15 12:16:50.794 | INFO     | __main__:<module>:473 - Epoch 79/5000, Gen Loss: 1.7445, Disc Loss: 0.7774 | G_LR: 0.000100, D_LR: 0.000010
2025-06-15 12:16:51.159 | INFO     | __main__:<module>:473 - Epoch 80/5000, Gen Loss: 1.6428, Disc Loss: 1.0844 | G_LR: 0.000100, D_LR: 0.000010
2025-06-15 12:16:51.539 | INFO     | __main__:<module>:473 - Epoch 81/5000, Gen Loss: 1.5854, Disc Loss: 0.8313 | G_LR: 0.000100, D_LR: 0.000010
2025-06-15 12:16:51.894 | WARNING  | __main__:<module>:468 - Epoch 82: Monitored metric 'disc_loss' did not improve for 20 epochs. Reducing Discriminator LR from 0.000010 to 0.000001.
2025-06-15 12:16:51.894 | INFO     | __main__:<module>:473 - Epoch 82/5000, Gen Loss: 1.5510, Disc Loss: 0.8546 | G_LR: 0.000100, D_LR: 0.000010
2025-06-15 12:16:52.274 | INFO     | __main__:<module>:473 - Epoch 83/5000, Gen Loss: 1.4660, Disc Loss: 0.8825 | G_LR: 0.000100, D_LR: 0.000001
2025-06-15 12:16:52.641 | INFO     | __main__:<module>:473 - Epoch 84/5000, Gen Loss: 1.3663, Disc Loss: 0.9203 | G_LR: 0.000100, D_LR: 0.000001
2025-06-15 12:16:53.001 | INFO     | __main__:<module>:473 - Epoch 85/5000, Gen Loss: 1.3593, Disc Loss: 0.9285 | G_LR: 0.000100, D_LR: 0.000001
2025-06-15 12:16:53.379 | INFO     | __main__:<module>:473 - Epoch 86/5000, Gen Loss: 1.2447, Disc Loss: 1.0123 | G_LR: 0.000100, D_LR: 0.000001
2025-06-15 12:16:53.739 | INFO     | __main__:<module>:473 - Epoch 87/5000, Gen Loss: 1.2193, Disc Loss: 1.0380 | G_LR: 0.000100, D_LR: 0.000001
2025-06-15 12:16:54.099 | INFO     | __main__:<module>:473 - Epoch 88/5000, Gen Loss: 1.1465, Disc Loss: 1.0582 | G_LR: 0.000100, D_LR: 0.000001
2025-06-15 12:16:54.459 | INFO     | __main__:<module>:473 - Epoch 89/5000, Gen Loss: 1.1206, Disc Loss: 1.0975 | G_LR: 0.000100, D_LR: 0.000001
2025-06-15 12:16:54.839 | INFO     | __main__:<module>:473 - Epoch 90/5000, Gen Loss: 1.0945, Disc Loss: 1.1267 | G_LR: 0.000100, D_LR: 0.000001
2025-06-15 12:16:55.199 | INFO     | __main__:<module>:473 - Epoch 91/5000, Gen Loss: 1.0234, Disc Loss: 1.1500 | G_LR: 0.000100, D_LR: 0.000001
2025-06-15 12:16:55.579 | INFO     | __main__:<module>:473 - Epoch 92/5000, Gen Loss: 1.0186, Disc Loss: 1.1955 | G_LR: 0.000100, D_LR: 0.000001
2025-06-15 12:16:55.939 | INFO     | __main__:<module>:473 - Epoch 93/5000, Gen Loss: 0.9647, Disc Loss: 1.1573 | G_LR: 0.000100, D_LR: 0.000001
2025-06-15 12:16:56.314 | INFO     | __main__:<module>:473 - Epoch 94/5000, Gen Loss: 0.9422, Disc Loss: 1.2545 | G_LR: 0.000100, D_LR: 0.000001
2025-06-15 12:16:56.659 | INFO     | __main__:<module>:473 - Epoch 95/5000, Gen Loss: 0.8936, Disc Loss: 1.2800 | G_LR: 0.000100, D_LR: 0.000001
2025-06-15 12:16:57.039 | INFO     | __main__:<module>:473 - Epoch 96/5000, Gen Loss: 0.8593, Disc Loss: 1.3249 | G_LR: 0.000100, D_LR: 0.000001
2025-06-15 12:16:57.410 | INFO     | __main__:<module>:473 - Epoch 97/5000, Gen Loss: 0.7937, Disc Loss: 1.3964 | G_LR: 0.000100, D_LR: 0.000001
2025-06-15 12:16:57.779 | INFO     | __main__:<module>:473 - Epoch 98/5000, Gen Loss: 0.7805, Disc Loss: 1.3936 | G_LR: 0.000100, D_LR: 0.000001
2025-06-15 12:16:58.154 | INFO     | __main__:<module>:473 - Epoch 99/5000, Gen Loss: 0.7231, Disc Loss: 1.4309 | G_LR: 0.000100, D_LR: 0.000001
2025-06-15 12:16:58.519 | INFO     | __main__:<module>:473 - Epoch 100/5000, Gen Loss: 0.6904, Disc Loss: 1.4947 | G_LR: 0.000100, D_LR: 0.000001
2025-06-15 12:16:58.878 | INFO     | __main__:<module>:473 - Epoch 101/5000, Gen Loss: 0.6427, Disc Loss: 1.5428 | G_LR: 0.000100, D_LR: 0.000001
2025-06-15 12:16:59.254 | INFO     | __main__:<module>:473 - Epoch 102/5000, Gen Loss: 0.6114, Disc Loss: 1.5825 | G_LR: 0.000100, D_LR: 0.000001
2025-06-15 12:16:59.599 | INFO     | __main__:<module>:473 - Epoch 103/5000, Gen Loss: 0.5398, Disc Loss: 1.6333 | G_LR: 0.000100, D_LR: 0.000001
2025-06-15 12:16:59.976 | INFO     | __main__:<module>:473 - Epoch 104/5000, Gen Loss: 0.5038, Disc Loss: 1.7197 | G_LR: 0.000100, D_LR: 0.000001
2025-06-15 12:17:00.379 | INFO     | __main__:<module>:473 - Epoch 105/5000, Gen Loss: 0.4766, Disc Loss: 1.7187 | G_LR: 0.000100, D_LR: 0.000001
2025-06-15 12:17:00.779 | INFO     | __main__:<module>:473 - Epoch 106/5000, Gen Loss: 0.4425, Disc Loss: 1.7763 | G_LR: 0.000100, D_LR: 0.000001
2025-06-15 12:17:01.161 | INFO     | __main__:<module>:473 - Epoch 107/5000, Gen Loss: 0.4336, Disc Loss: 1.8301 | G_LR: 0.000100, D_LR: 0.000001
2025-06-15 12:17:01.539 | INFO     | __main__:<module>:473 - Epoch 108/5000, Gen Loss: 0.4212, Disc Loss: 1.8488 | G_LR: 0.000100, D_LR: 0.000001
2025-06-15 12:17:01.899 | INFO     | __main__:<module>:473 - Epoch 109/5000, Gen Loss: 0.4079, Disc Loss: 1.8939 | G_LR: 0.000100, D_LR: 0.000001
2025-06-15 12:17:02.263 | INFO     | __main__:<module>:473 - Epoch 110/5000, Gen Loss: 0.3819, Disc Loss: 1.9220 | G_LR: 0.000100, D_LR: 0.000001
2025-06-15 12:17:02.639 | INFO     | __main__:<module>:473 - Epoch 111/5000, Gen Loss: 0.3669, Disc Loss: 1.9998 | G_LR: 0.000100, D_LR: 0.000001
2025-06-15 12:17:02.999 | WARNING  | __main__:<module>:468 - Epoch 112: Monitored metric 'disc_loss' did not improve for 20 epochs. Reducing Discriminator LR from 0.000001 to 0.000000.
2025-06-15 12:17:03.015 | INFO     | __main__:<module>:473 - Epoch 112/5000, Gen Loss: 0.3551, Disc Loss: 2.0222 | G_LR: 0.000100, D_LR: 0.000001
2025-06-15 12:17:03.379 | INFO     | __main__:<module>:473 - Epoch 113/5000, Gen Loss: 0.3482, Disc Loss: 2.0137 | G_LR: 0.000100, D_LR: 0.000000
2025-06-15 12:17:03.755 | INFO     | __main__:<module>:473 - Epoch 114/5000, Gen Loss: 0.3260, Disc Loss: 2.0722 | G_LR: 0.000100, D_LR: 0.000000
2025-06-15 12:17:04.099 | INFO     | __main__:<module>:473 - Epoch 115/5000, Gen Loss: 0.3058, Disc Loss: 2.1259 | G_LR: 0.000100, D_LR: 0.000000
2025-06-15 12:17:04.468 | INFO     | __main__:<module>:473 - Epoch 116/5000, Gen Loss: 0.2774, Disc Loss: 2.2027 | G_LR: 0.000100, D_LR: 0.000000
2025-06-15 12:17:04.840 | INFO     | __main__:<module>:473 - Epoch 117/5000, Gen Loss: 0.2699, Disc Loss: 2.2505 | G_LR: 0.000100, D_LR: 0.000000
2025-06-15 12:17:05.198 | INFO     | __main__:<module>:473 - Epoch 118/5000, Gen Loss: 0.2641, Disc Loss: 2.2739 | G_LR: 0.000100, D_LR: 0.000000
2025-06-15 12:17:05.571 | INFO     | __main__:<module>:473 - Epoch 119/5000, Gen Loss: 0.2540, Disc Loss: 2.2911 | G_LR: 0.000100, D_LR: 0.000000
2025-06-15 12:17:05.939 | INFO     | __main__:<module>:473 - Epoch 120/5000, Gen Loss: 0.2403, Disc Loss: 2.3815 | G_LR: 0.000100, D_LR: 0.000000
2025-06-15 12:17:06.299 | INFO     | __main__:<module>:473 - Epoch 121/5000, Gen Loss: 0.2315, Disc Loss: 2.3907 | G_LR: 0.000100, D_LR: 0.000000
2025-06-15 12:17:06.673 | INFO     | __main__:<module>:473 - Epoch 122/5000, Gen Loss: 0.2179, Disc Loss: 2.4205 | G_LR: 0.000100, D_LR: 0.000000
2025-06-15 12:17:07.059 | INFO     | __main__:<module>:473 - Epoch 123/5000, Gen Loss: 0.2116, Disc Loss: 2.4125 | G_LR: 0.000100, D_LR: 0.000000
2025-06-15 12:17:07.419 | INFO     | __main__:<module>:473 - Epoch 124/5000, Gen Loss: 0.2011, Disc Loss: 3.8477 | G_LR: 0.000100, D_LR: 0.000000
2025-06-15 12:17:07.787 | INFO     | __main__:<module>:473 - Epoch 125/5000, Gen Loss: 0.1971, Disc Loss: 2.5028 | G_LR: 0.000100, D_LR: 0.000000
2025-06-15 12:17:08.154 | INFO     | __main__:<module>:473 - Epoch 126/5000, Gen Loss: 0.1908, Disc Loss: 2.5460 | G_LR: 0.000100, D_LR: 0.000000
2025-06-15 12:17:08.540 | INFO     | __main__:<module>:473 - Epoch 127/5000, Gen Loss: 0.1848, Disc Loss: 2.5745 | G_LR: 0.000100, D_LR: 0.000000
2025-06-15 12:17:08.935 | INFO     | __main__:<module>:473 - Epoch 128/5000, Gen Loss: 0.1793, Disc Loss: 2.5879 | G_LR: 0.000100, D_LR: 0.000000
2025-06-15 12:17:09.319 | INFO     | __main__:<module>:473 - Epoch 129/5000, Gen Loss: 0.1772, Disc Loss: 2.5844 | G_LR: 0.000100, D_LR: 0.000000
2025-06-15 12:17:09.699 | INFO     | __main__:<module>:473 - Epoch 130/5000, Gen Loss: 0.1695, Disc Loss: 2.6156 | G_LR: 0.000100, D_LR: 0.000000
2025-06-15 12:17:10.094 | INFO     | __main__:<module>:473 - Epoch 131/5000, Gen Loss: 0.1664, Disc Loss: 2.6782 | G_LR: 0.000100, D_LR: 0.000000
2025-06-15 12:17:10.479 | INFO     | __main__:<module>:473 - Epoch 132/5000, Gen Loss: 0.1654, Disc Loss: 2.7257 | G_LR: 0.000100, D_LR: 0.000000
2025-06-15 12:17:10.874 | INFO     | __main__:<module>:473 - Epoch 133/5000, Gen Loss: 0.1570, Disc Loss: 2.6881 | G_LR: 0.000100, D_LR: 0.000000
2025-06-15 12:17:11.319 | INFO     | __main__:<module>:473 - Epoch 134/5000, Gen Loss: 0.1539, Disc Loss: 2.7385 | G_LR: 0.000100, D_LR: 0.000000
2025-06-15 12:17:11.716 | INFO     | __main__:<module>:473 - Epoch 135/5000, Gen Loss: 0.1499, Disc Loss: 2.7590 | G_LR: 0.000100, D_LR: 0.000000
2025-06-15 12:17:12.079 | INFO     | __main__:<module>:473 - Epoch 136/5000, Gen Loss: 0.1447, Disc Loss: 2.7811 | G_LR: 0.000100, D_LR: 0.000000
2025-06-15 12:17:12.459 | INFO     | __main__:<module>:473 - Epoch 137/5000, Gen Loss: 0.1429, Disc Loss: 2.8127 | G_LR: 0.000100, D_LR: 0.000000
2025-06-15 12:17:12.839 | INFO     | __main__:<module>:473 - Epoch 138/5000, Gen Loss: 0.1380, Disc Loss: 2.8142 | G_LR: 0.000100, D_LR: 0.000000
2025-06-15 12:17:13.199 | INFO     | __main__:<module>:473 - Epoch 139/5000, Gen Loss: 0.1342, Disc Loss: 2.8541 | G_LR: 0.000100, D_LR: 0.000000
2025-06-15 12:17:13.580 | INFO     | __main__:<module>:473 - Epoch 140/5000, Gen Loss: 0.1338, Disc Loss: 2.8252 | G_LR: 0.000100, D_LR: 0.000000
2025-06-15 12:17:13.939 | INFO     | __main__:<module>:473 - Epoch 141/5000, Gen Loss: 0.1287, Disc Loss: 2.9215 | G_LR: 0.000100, D_LR: 0.000000
2025-06-15 12:17:14.299 | WARNING  | __main__:<module>:468 - Epoch 142: Monitored metric 'disc_loss' did not improve for 20 epochs. Reducing Discriminator LR from 0.000000 to 0.000000.
2025-06-15 12:17:14.315 | INFO     | __main__:<module>:473 - Epoch 142/5000, Gen Loss: 0.1294, Disc Loss: 2.9011 | G_LR: 0.000100, D_LR: 0.000000
2025-06-15 12:17:14.679 | INFO     | __main__:<module>:473 - Epoch 143/5000, Gen Loss: 0.1282, Disc Loss: 2.9355 | G_LR: 0.000100, D_LR: 0.000000
2025-06-15 12:17:15.059 | INFO     | __main__:<module>:473 - Epoch 144/5000, Gen Loss: 0.1220, Disc Loss: 2.9364 | G_LR: 0.000100, D_LR: 0.000000
2025-06-15 12:17:15.424 | INFO     | __main__:<module>:473 - Epoch 145/5000, Gen Loss: 0.1196, Disc Loss: 2.9933 | G_LR: 0.000100, D_LR: 0.000000
2025-06-15 12:17:15.780 | INFO     | __main__:<module>:473 - Epoch 146/5000, Gen Loss: 0.1189, Disc Loss: 2.9942 | G_LR: 0.000100, D_LR: 0.000000
2025-06-15 12:17:16.154 | INFO     | __main__:<module>:473 - Epoch 147/5000, Gen Loss: 0.1173, Disc Loss: 2.9769 | G_LR: 0.000100, D_LR: 0.000000
2025-06-15 12:17:16.500 | INFO     | __main__:<module>:473 - Epoch 148/5000, Gen Loss: 0.1148, Disc Loss: 3.0229 | G_LR: 0.000100, D_LR: 0.000000
2025-06-15 12:17:16.882 | INFO     | __main__:<module>:473 - Epoch 149/5000, Gen Loss: 0.1120, Disc Loss: 3.0264 | G_LR: 0.000100, D_LR: 0.000000
2025-06-15 12:17:17.239 | INFO     | __main__:<module>:473 - Epoch 150/5000, Gen Loss: 0.1060, Disc Loss: 3.1029 | G_LR: 0.000100, D_LR: 0.000000
2025-06-15 12:17:17.615 | INFO     | __main__:<module>:473 - Epoch 151/5000, Gen Loss: 0.1057, Disc Loss: 3.0954 | G_LR: 0.000100, D_LR: 0.000000
2025-06-15 12:17:17.975 | INFO     | __main__:<module>:473 - Epoch 152/5000, Gen Loss: 0.1030, Disc Loss: 3.1322 | G_LR: 0.000100, D_LR: 0.000000
2025-06-15 12:17:18.339 | INFO     | __main__:<module>:473 - Epoch 153/5000, Gen Loss: 0.1008, Disc Loss: 3.1292 | G_LR: 0.000100, D_LR: 0.000000
2025-06-15 12:17:18.715 | INFO     | __main__:<module>:473 - Epoch 154/5000, Gen Loss: 0.1007, Disc Loss: 3.1206 | G_LR: 0.000100, D_LR: 0.000000
2025-06-15 12:17:19.079 | INFO     | __main__:<module>:473 - Epoch 155/5000, Gen Loss: 0.0978, Disc Loss: 3.1591 | G_LR: 0.000100, D_LR: 0.000000
2025-06-15 12:17:19.439 | INFO     | __main__:<module>:473 - Epoch 156/5000, Gen Loss: 0.0960, Disc Loss: 3.2019 | G_LR: 0.000100, D_LR: 0.000000
2025-06-15 12:17:19.799 | INFO     | __main__:<module>:473 - Epoch 157/5000, Gen Loss: 0.0958, Disc Loss: 3.1873 | G_LR: 0.000100, D_LR: 0.000000
2025-06-15 12:17:20.175 | INFO     | __main__:<module>:473 - Epoch 158/5000, Gen Loss: 0.0943, Disc Loss: 3.3111 | G_LR: 0.000100, D_LR: 0.000000
2025-06-15 12:17:20.554 | INFO     | __main__:<module>:473 - Epoch 159/5000, Gen Loss: 0.0906, Disc Loss: 3.2494 | G_LR: 0.000100, D_LR: 0.000000
2025-06-15 12:17:20.919 | INFO     | __main__:<module>:473 - Epoch 160/5000, Gen Loss: 0.0909, Disc Loss: 3.2493 | G_LR: 0.000100, D_LR: 0.000000
2025-06-15 12:17:21.279 | INFO     | __main__:<module>:473 - Epoch 161/5000, Gen Loss: 0.0892, Disc Loss: 3.3153 | G_LR: 0.000100, D_LR: 0.000000
2025-06-15 12:17:21.639 | INFO     | __main__:<module>:473 - Epoch 162/5000, Gen Loss: 0.0872, Disc Loss: 3.2641 | G_LR: 0.000100, D_LR: 0.000000
2025-06-15 12:17:21.999 | INFO     | __main__:<module>:473 - Epoch 163/5000, Gen Loss: 0.0860, Disc Loss: 3.2559 | G_LR: 0.000100, D_LR: 0.000000
2025-06-15 12:17:22.359 | INFO     | __main__:<module>:473 - Epoch 164/5000, Gen Loss: 0.0828, Disc Loss: 3.2997 | G_LR: 0.000100, D_LR: 0.000000
2025-06-15 12:17:22.740 | INFO     | __main__:<module>:473 - Epoch 165/5000, Gen Loss: 0.0823, Disc Loss: 3.3332 | G_LR: 0.000100, D_LR: 0.000000
2025-06-15 12:17:23.099 | INFO     | __main__:<module>:473 - Epoch 166/5000, Gen Loss: 0.0805, Disc Loss: 3.3698 | G_LR: 0.000100, D_LR: 0.000000
2025-06-15 12:17:23.474 | INFO     | __main__:<module>:473 - Epoch 167/5000, Gen Loss: 0.0820, Disc Loss: 3.3343 | G_LR: 0.000100, D_LR: 0.000000
2025-06-15 12:17:23.839 | INFO     | __main__:<module>:473 - Epoch 168/5000, Gen Loss: 0.0774, Disc Loss: 3.3959 | G_LR: 0.000100, D_LR: 0.000000
2025-06-15 12:17:24.199 | INFO     | __main__:<module>:473 - Epoch 169/5000, Gen Loss: 0.0779, Disc Loss: 3.3868 | G_LR: 0.000100, D_LR: 0.000000
2025-06-15 12:17:24.593 | INFO     | __main__:<module>:473 - Epoch 170/5000, Gen Loss: 0.0747, Disc Loss: 3.4005 | G_LR: 0.000100, D_LR: 0.000000
2025-06-15 12:17:25.060 | INFO     | __main__:<module>:473 - Epoch 171/5000, Gen Loss: 0.0765, Disc Loss: 3.4130 | G_LR: 0.000100, D_LR: 0.000000
2025-06-15 12:17:25.460 | WARNING  | __main__:<module>:468 - Epoch 172: Monitored metric 'disc_loss' did not improve for 20 epochs. Reducing Discriminator LR from 0.000000 to 0.000000.
2025-06-15 12:17:25.461 | INFO     | __main__:<module>:473 - Epoch 172/5000, Gen Loss: 0.0741, Disc Loss: 3.8140 | G_LR: 0.000100, D_LR: 0.000000
2025-06-15 12:17:25.840 | INFO     | __main__:<module>:473 - Epoch 173/5000, Gen Loss: 0.0713, Disc Loss: 3.5058 | G_LR: 0.000100, D_LR: 0.000000
2025-06-15 12:17:26.199 | INFO     | __main__:<module>:473 - Epoch 174/5000, Gen Loss: 0.0716, Disc Loss: 3.4805 | G_LR: 0.000100, D_LR: 0.000000
2025-06-15 12:17:26.579 | INFO     | __main__:<module>:473 - Epoch 175/5000, Gen Loss: 0.0692, Disc Loss: 3.4995 | G_LR: 0.000100, D_LR: 0.000000
2025-06-15 12:17:26.939 | INFO     | __main__:<module>:473 - Epoch 176/5000, Gen Loss: 0.0702, Disc Loss: 3.4789 | G_LR: 0.000100, D_LR: 0.000000
2025-06-15 12:17:27.299 | INFO     | __main__:<module>:473 - Epoch 177/5000, Gen Loss: 0.0679, Disc Loss: 3.5409 | G_LR: 0.000100, D_LR: 0.000000
2025-06-15 12:17:27.679 | INFO     | __main__:<module>:473 - Epoch 178/5000, Gen Loss: 0.0661, Disc Loss: 3.5390 | G_LR: 0.000100, D_LR: 0.000000
2025-06-15 12:17:28.039 | INFO     | __main__:<module>:473 - Epoch 179/5000, Gen Loss: 0.0658, Disc Loss: 3.5339 | G_LR: 0.000100, D_LR: 0.000000
2025-06-15 12:17:28.419 | INFO     | __main__:<module>:473 - Epoch 180/5000, Gen Loss: 0.0637, Disc Loss: 3.5742 | G_LR: 0.000100, D_LR: 0.000000
2025-06-15 12:17:28.794 | INFO     | __main__:<module>:473 - Epoch 181/5000, Gen Loss: 0.0645, Disc Loss: 3.5978 | G_LR: 0.000100, D_LR: 0.000000
2025-06-15 12:17:29.179 | INFO     | __main__:<module>:473 - Epoch 182/5000, Gen Loss: 0.0627, Disc Loss: 3.5930 | G_LR: 0.000100, D_LR: 0.000000
2025-06-15 12:17:29.579 | INFO     | __main__:<module>:473 - Epoch 183/5000, Gen Loss: 0.0613, Disc Loss: 3.5837 | G_LR: 0.000100, D_LR: 0.000000
2025-06-15 12:17:30.001 | INFO     | __main__:<module>:473 - Epoch 184/5000, Gen Loss: 0.0614, Disc Loss: 3.6122 | G_LR: 0.000100, D_LR: 0.000000
2025-06-15 12:17:30.419 | INFO     | __main__:<module>:473 - Epoch 185/5000, Gen Loss: 0.0605, Disc Loss: 3.6174 | G_LR: 0.000100, D_LR: 0.000000
2025-06-15 12:17:30.839 | INFO     | __main__:<module>:473 - Epoch 186/5000, Gen Loss: 0.0603, Disc Loss: 3.5781 | G_LR: 0.000100, D_LR: 0.000000
2025-06-15 12:17:31.235 | INFO     | __main__:<module>:473 - Epoch 187/5000, Gen Loss: 0.0582, Disc Loss: 3.6345 | G_LR: 0.000100, D_LR: 0.000000
2025-06-15 12:17:31.679 | INFO     | __main__:<module>:473 - Epoch 188/5000, Gen Loss: 0.0586, Disc Loss: 3.6262 | G_LR: 0.000100, D_LR: 0.000000
2025-06-15 12:17:32.139 | INFO     | __main__:<module>:473 - Epoch 189/5000, Gen Loss: 0.0576, Disc Loss: 3.6437 | G_LR: 0.000100, D_LR: 0.000000
2025-06-15 12:17:32.539 | INFO     | __main__:<module>:473 - Epoch 190/5000, Gen Loss: 0.0568, Disc Loss: 3.6529 | G_LR: 0.000100, D_LR: 0.000000
2025-06-15 12:17:32.919 | INFO     | __main__:<module>:473 - Epoch 191/5000, Gen Loss: 0.0563, Disc Loss: 3.6682 | G_LR: 0.000100, D_LR: 0.000000
2025-06-15 12:17:33.299 | INFO     | __main__:<module>:473 - Epoch 192/5000, Gen Loss: 0.0549, Disc Loss: 3.6965 | G_LR: 0.000100, D_LR: 0.000000
2025-06-15 12:17:33.675 | INFO     | __main__:<module>:473 - Epoch 193/5000, Gen Loss: 0.0540, Disc Loss: 3.7009 | G_LR: 0.000100, D_LR: 0.000000
2025-06-15 12:17:34.039 | INFO     | __main__:<module>:473 - Epoch 194/5000, Gen Loss: 0.0546, Disc Loss: 3.7531 | G_LR: 0.000100, D_LR: 0.000000
2025-06-15 12:17:34.399 | INFO     | __main__:<module>:473 - Epoch 195/5000, Gen Loss: 0.0529, Disc Loss: 3.7177 | G_LR: 0.000100, D_LR: 0.000000
2025-06-15 12:17:34.796 | INFO     | __main__:<module>:473 - Epoch 196/5000, Gen Loss: 0.0519, Disc Loss: 3.7642 | G_LR: 0.000100, D_LR: 0.000000
2025-06-15 12:17:35.159 | INFO     | __main__:<module>:473 - Epoch 197/5000, Gen Loss: 0.0517, Disc Loss: 3.7542 | G_LR: 0.000100, D_LR: 0.000000
2025-06-15 12:17:35.539 | INFO     | __main__:<module>:473 - Epoch 198/5000, Gen Loss: 0.0512, Disc Loss: 3.7591 | G_LR: 0.000100, D_LR: 0.000000
2025-06-15 12:17:35.919 | INFO     | __main__:<module>:473 - Epoch 199/5000, Gen Loss: 0.0508, Disc Loss: 3.7523 | G_LR: 0.000100, D_LR: 0.000000
2025-06-15 12:17:36.280 | INFO     | __main__:<module>:473 - Epoch 200/5000, Gen Loss: 0.0506, Disc Loss: 3.7800 | G_LR: 0.000100, D_LR: 0.000000
2025-06-15 12:17:36.674 | INFO     | __main__:<module>:473 - Epoch 201/5000, Gen Loss: 0.0494, Disc Loss: 4.6615 | G_LR: 0.000100, D_LR: 0.000000
2025-06-15 12:17:37.039 | WARNING  | __main__:<module>:468 - Epoch 202: Monitored metric 'disc_loss' did not improve for 20 epochs. Reducing Discriminator LR from 0.000000 to 0.000000.
2025-06-15 12:17:37.039 | INFO     | __main__:<module>:473 - Epoch 202/5000, Gen Loss: 0.0484, Disc Loss: 4.2445 | G_LR: 0.000100, D_LR: 0.000000
2025-06-15 12:17:37.419 | INFO     | __main__:<module>:473 - Epoch 203/5000, Gen Loss: 0.0487, Disc Loss: 3.8106 | G_LR: 0.000100, D_LR: 0.000000
2025-06-15 12:17:37.819 | INFO     | __main__:<module>:473 - Epoch 204/5000, Gen Loss: 0.0473, Disc Loss: 3.8579 | G_LR: 0.000100, D_LR: 0.000000
2025-06-15 12:17:38.208 | INFO     | __main__:<module>:473 - Epoch 205/5000, Gen Loss: 0.0477, Disc Loss: 3.8417 | G_LR: 0.000100, D_LR: 0.000000
2025-06-15 12:17:38.667 | INFO     | __main__:<module>:473 - Epoch 206/5000, Gen Loss: 0.0466, Disc Loss: 3.8478 | G_LR: 0.000100, D_LR: 0.000000
2025-06-15 12:17:39.080 | INFO     | __main__:<module>:473 - Epoch 207/5000, Gen Loss: 0.0464, Disc Loss: 3.8591 | G_LR: 0.000100, D_LR: 0.000000
2025-06-15 12:17:39.486 | INFO     | __main__:<module>:473 - Epoch 208/5000, Gen Loss: 0.0456, Disc Loss: 3.8628 | G_LR: 0.000100, D_LR: 0.000000
2025-06-15 12:17:39.892 | INFO     | __main__:<module>:473 - Epoch 209/5000, Gen Loss: 0.0455, Disc Loss: 3.9009 | G_LR: 0.000100, D_LR: 0.000000
2025-06-15 12:17:40.311 | INFO     | __main__:<module>:473 - Epoch 210/5000, Gen Loss: 0.0453, Disc Loss: 3.8707 | G_LR: 0.000100, D_LR: 0.000000
2025-06-15 12:17:40.708 | INFO     | __main__:<module>:473 - Epoch 211/5000, Gen Loss: 0.0443, Disc Loss: 3.9123 | G_LR: 0.000100, D_LR: 0.000000
2025-06-15 12:17:41.099 | INFO     | __main__:<module>:473 - Epoch 212/5000, Gen Loss: 0.0446, Disc Loss: 3.9851 | G_LR: 0.000100, D_LR: 0.000000
2025-06-15 12:17:41.479 | INFO     | __main__:<module>:473 - Epoch 213/5000, Gen Loss: 0.0427, Disc Loss: 3.9498 | G_LR: 0.000100, D_LR: 0.000000
2025-06-15 12:17:41.879 | INFO     | __main__:<module>:473 - Epoch 214/5000, Gen Loss: 0.0423, Disc Loss: 3.9424 | G_LR: 0.000100, D_LR: 0.000000
2025-06-15 12:17:42.255 | INFO     | __main__:<module>:473 - Epoch 215/5000, Gen Loss: 0.0429, Disc Loss: 3.8997 | G_LR: 0.000100, D_LR: 0.000000
2025-06-15 12:17:42.639 | INFO     | __main__:<module>:473 - Epoch 216/5000, Gen Loss: 0.0418, Disc Loss: 3.9513 | G_LR: 0.000100, D_LR: 0.000000
