2025-06-22 14:26:54.634 | INFO     | __main__:<module>:48 - Start van het hoofdscript. Algemene logs worden opgeslagen in '/home/azureuser/mads-exam-fharren/src/fh/../../logs/20250622-142654_main_application.log'.
2025-06-22 14:26:54.673 | INFO     | src.fh.utils:load_config:15 - Attempting to load configuration from: /home/azureuser/mads-exam-fharren/src/fh/../../config.toml
2025-06-22 14:26:54.677 | SUCCESS  | src.fh.utils:load_config:18 - Configuration successfully loaded from: /home/azureuser/mads-exam-fharren/src/fh/../../config.toml
2025-06-22 14:26:54.677 | INFO     | __main__:<module>:291 - Configuratie geladen vanuit /home/azureuser/mads-exam-fharren/src/fh/../../config.toml.
2025-06-22 14:26:54.678 | INFO     | __main__:<module>:301 - Zorgen dat de data directory bestaat: /home/azureuser/mads-exam-fharren/src/fh/../../data
2025-06-22 14:26:54.678 | INFO     | __main__:<module>:360 - --- STANDAARD MODUS: GEBRUIK ECHTE DATA ---
2025-06-22 14:26:54.678 | INFO     | __main__:<module>:369 - Gebruik van training data uit configuratiebestand: ['/home/azureuser/mads-exam-fharren/src/fh/../../data/heart_big_train.parq', '/home/azureuser/mads-exam-fharren/src/fh/../../data/heart_big_train_synthetic.parquet']
2025-06-22 14:26:54.679 | INFO     | __main__:<module>:370 - Gebruik van test data uit configuratiebestand: '/home/azureuser/mads-exam-fharren/src/fh/../../data/heart_big_test.parq'.
2025-06-22 14:26:54.679 | INFO     | __main__:run_experiment:70 - Start van het experiment met configuratiebestand: /home/azureuser/mads-exam-fharren/src/fh/../../config.toml
2025-06-22 14:26:54.679 | INFO     | src.fh.utils:load_config:15 - Attempting to load configuration from: /home/azureuser/mads-exam-fharren/src/fh/../../config.toml
2025-06-22 14:26:54.682 | SUCCESS  | src.fh.utils:load_config:18 - Configuration successfully loaded from: /home/azureuser/mads-exam-fharren/src/fh/../../config.toml
2025-06-22 14:26:54.683 | INFO     | __main__:run_experiment:74 - Configuratiebestand succesvol geladen.
2025-06-22 14:26:54.683 | INFO     | __main__:run_experiment:84 - 
--- Start experimenten voor trainingsbestand: heart_big_train.parq (1/2) ---
2025-06-22 14:26:54.683 | INFO     | __main__:run_experiment:91 - Vastgestelde feature count: 187, class count: 5
2025-06-22 14:26:54.683 | INFO     | __main__:run_experiment:98 - Laden van data van /home/azureuser/mads-exam-fharren/src/fh/../../data/heart_big_train.parq en /home/azureuser/mads-exam-fharren/src/fh/../../data/heart_big_test.parq...
2025-06-22 14:26:54.683 | INFO     | src.fh.data_loader:get_data_loaders:93 - Start aanmaken data loaders. Training bestand: /home/azureuser/mads-exam-fharren/src/fh/../../data/heart_big_train.parq, Test bestand: /home/azureuser/mads-exam-fharren/src/fh/../../data/heart_big_test.parq
2025-06-22 14:26:54.936 | INFO     | src.fh.data_loader:get_data_loaders:98 - Succesvol trainingsbestand '/home/azureuser/mads-exam-fharren/src/fh/../../data/heart_big_train.parq' geladen (87554 rijen).
2025-06-22 14:26:54.998 | INFO     | src.fh.data_loader:get_data_loaders:109 - Succesvol testbestand '/home/azureuser/mads-exam-fharren/src/fh/../../data/heart_big_test.parq' geladen (21892 rijen).
2025-06-22 14:26:55.220 | INFO     | src.fh.data_loader:get_data_loaders:132 - StandardScaler getraind op trainingsdata.
2025-06-22 14:26:55.453 | INFO     | src.fh.data_loader:get_data_loaders:141 - Datasets succesvol aangemaakt.
2025-06-22 14:26:55.454 | INFO     | src.fh.data_loader:get_data_loaders:149 - DataLoaders succesvol aangemaakt.
2025-06-22 14:26:55.454 | SUCCESS  | __main__:run_experiment:108 - Data loaders succesvol aangemaakt.
2025-06-22 14:26:55.472 | INFO     | __main__:run_experiment:118 - Berekende klasse-gewichten voor heart_big_train.parq: [0.24162492156028748, 7.877102851867676, 3.025362730026245, 27.317941665649414, 2.7228736877441406]
2025-06-22 14:26:55.473 | INFO     | __main__:run_experiment:132 - Initialiseren van de Trainer...
2025-06-22 14:26:55.482 | INFO     | src.fh.training_framework:__init__:99 - Initializing Trainer. Using device: cpu
2025-06-22 14:26:55.483 | INFO     | src.fh.training_framework:__init__:100 - Logging and outputs for this run will be stored in: /home/azureuser/mads-exam-fharren/src/fh/../../logs/20250622-142654_run_logs
2025-06-22 14:26:55.483 | INFO     | __main__:run_experiment:139 - Trainer succesvol geïnitialiseerd.
2025-06-22 14:26:55.483 | INFO     | __main__:run_experiment:142 - 
--- Start Training Baseline Model ---
2025-06-22 14:26:55.484 | INFO     | src.fh.training_framework:run_training:331 - Starting training run for model: baseline_model, experiment: Baseline_heart_big_train
2025-06-22 14:26:55.484 | INFO     | src.fh.model_selector:get_model:26 - Model selector: aanmaken van model 'baseline_model' met config: {'input_size': 187, 'output_size': 5}
2025-06-22 14:26:55.484 | INFO     | src.fh.models.baseline_model:__init__:19 - Initializing BaselineModel...
2025-06-22 14:26:55.486 | INFO     | src.fh.models.baseline_model:__init__:38 - BaselineModel initialized with input_size=187, hidden_size=64, output_size=5.
2025-06-22 14:26:55.488 | INFO     | src.fh.training_framework:run_training:418 - Model 'baseline_model' van experiment 'Baseline_heart_big_train' geïnitialiseerd en verplaatst naar cpu.
2025-06-22 14:26:56.999 | INFO     | src.fh.training_framework:run_training:475 - Scheduler is uitgeschakeld in configuratie.
2025-06-22 14:26:57.000 | INFO     | src.fh.training_framework:run_training:506 - Trainingsdataset: heart_big_train.parq, Samples: 87554, Batch grootte: 32, Aantal batches: 2737.
2025-06-22 14:26:57.000 | INFO     | src.fh.training_framework:run_training:507 - Testdataset: heart_big_test.parq, Samples: 21892, Batch grootte: 32, Aantal batches: 685.
2025-06-22 14:27:06.065 | INFO     | src.fh.training_framework:run_training:532 - Experiment: Baseline_heart_big_train, Epoch:  1/10, Train Loss: 0.5447, Test Loss: 0.6026, Abs Loss Diff: 0.0579, Rel Loss Diff (%): 9.61, Accuracy: 0.7675, Recall: 0.7675, Precision: 0.9177, F1: 0.8185, Duration: 9.07s, Current LR: 0.001000
2025-06-22 14:27:06.077 | SUCCESS  | src.fh.training_framework:run_training:635 - Saved best model for Baseline_heart_big_train to /home/azureuser/mads-exam-fharren/src/fh/../../logs/20250622-142654_run_logs/20250622-142654_Baseline_heart_big_train_best_model.pth (Rel Loss Diff (%): 9.61, Recall: 0.7675, Accuracy: 0.7675).
2025-06-22 14:27:15.254 | INFO     | src.fh.training_framework:run_training:532 - Experiment: Baseline_heart_big_train, Epoch:  2/10, Train Loss: 0.3914, Test Loss: 0.3642, Abs Loss Diff: 0.0273, Rel Loss Diff (%): 7.48, Accuracy: 0.8782, Recall: 0.8782, Precision: 0.9332, F1: 0.8981, Duration: 9.18s, Current LR: 0.001000
2025-06-22 14:27:15.268 | SUCCESS  | src.fh.training_framework:run_training:635 - Saved best model for Baseline_heart_big_train to /home/azureuser/mads-exam-fharren/src/fh/../../logs/20250622-142654_run_logs/20250622-142654_Baseline_heart_big_train_best_model.pth (Rel Loss Diff (%): 7.48, Recall: 0.8782, Accuracy: 0.8782).
2025-06-22 14:27:24.251 | INFO     | src.fh.training_framework:run_training:532 - Experiment: Baseline_heart_big_train, Epoch:  3/10, Train Loss: 0.3455, Test Loss: 0.4760, Abs Loss Diff: 0.1306, Rel Loss Diff (%): 27.43, Accuracy: 0.8347, Recall: 0.8347, Precision: 0.9360, F1: 0.8715, Duration: 8.98s, Current LR: 0.001000
2025-06-22 14:27:33.263 | INFO     | src.fh.training_framework:run_training:532 - Experiment: Baseline_heart_big_train, Epoch:  4/10, Train Loss: 0.3247, Test Loss: 0.3038, Abs Loss Diff: 0.0209, Rel Loss Diff (%): 6.89, Accuracy: 0.9032, Recall: 0.9032, Precision: 0.9467, F1: 0.9195, Duration: 9.00s, Current LR: 0.001000
2025-06-22 14:27:33.279 | SUCCESS  | src.fh.training_framework:run_training:635 - Saved best model for Baseline_heart_big_train to /home/azureuser/mads-exam-fharren/src/fh/../../logs/20250622-142654_run_logs/20250622-142654_Baseline_heart_big_train_best_model.pth (Rel Loss Diff (%): 6.89, Recall: 0.9032, Accuracy: 0.9032).
2025-06-22 14:27:42.705 | INFO     | src.fh.training_framework:run_training:532 - Experiment: Baseline_heart_big_train, Epoch:  5/10, Train Loss: 0.3028, Test Loss: 0.3330, Abs Loss Diff: 0.0302, Rel Loss Diff (%): 9.06, Accuracy: 0.8909, Recall: 0.8909, Precision: 0.9486, F1: 0.9124, Duration: 9.43s, Current LR: 0.001000
2025-06-22 14:27:51.699 | INFO     | src.fh.training_framework:run_training:532 - Experiment: Baseline_heart_big_train, Epoch:  6/10, Train Loss: 0.2790, Test Loss: 0.3275, Abs Loss Diff: 0.0486, Rel Loss Diff (%): 14.83, Accuracy: 0.8887, Recall: 0.8887, Precision: 0.9459, F1: 0.9097, Duration: 8.98s, Current LR: 0.001000
2025-06-22 14:28:00.604 | INFO     | src.fh.training_framework:run_training:532 - Experiment: Baseline_heart_big_train, Epoch:  7/10, Train Loss: 0.2791, Test Loss: 0.3269, Abs Loss Diff: 0.0478, Rel Loss Diff (%): 14.63, Accuracy: 0.8894, Recall: 0.8894, Precision: 0.9364, F1: 0.9057, Duration: 8.89s, Current LR: 0.001000
2025-06-22 14:28:09.568 | INFO     | src.fh.training_framework:run_training:532 - Experiment: Baseline_heart_big_train, Epoch:  8/10, Train Loss: 0.2616, Test Loss: 0.3418, Abs Loss Diff: 0.0802, Rel Loss Diff (%): 23.48, Accuracy: 0.8755, Recall: 0.8755, Precision: 0.9423, F1: 0.8996, Duration: 8.95s, Current LR: 0.001000
2025-06-22 14:28:18.353 | INFO     | src.fh.training_framework:run_training:532 - Experiment: Baseline_heart_big_train, Epoch:  9/10, Train Loss: 0.2515, Test Loss: 0.3364, Abs Loss Diff: 0.0849, Rel Loss Diff (%): 25.24, Accuracy: 0.8904, Recall: 0.8904, Precision: 0.9458, F1: 0.9107, Duration: 8.77s, Current LR: 0.001000
2025-06-22 14:28:27.316 | INFO     | src.fh.training_framework:run_training:532 - Experiment: Baseline_heart_big_train, Epoch: 10/10, Train Loss: 0.2409, Test Loss: 0.3326, Abs Loss Diff: 0.0917, Rel Loss Diff (%): 27.56, Accuracy: 0.8879, Recall: 0.8879, Precision: 0.9496, F1: 0.9105, Duration: 8.95s, Current LR: 0.001000
2025-06-22 14:28:27.329 | INFO     | src.fh.training_framework:run_training:658 - Training voor model Baseline_heart_big_train voltooid. Totale duur: 0:01:31.845172
2025-06-22 14:28:27.331 | INFO     | __main__:run_experiment:156 - Baseline model training voltooid voor heart_big_train.parq.
2025-06-22 14:28:27.331 | INFO     | __main__:run_experiment:159 - 
--- Start Training CNN Model (Hyperparameter Tuning) ---
2025-06-22 14:28:27.332 | INFO     | __main__:run_experiment:171 - 
--- Uitvoeren CNN Experiment 1/2 voor heart_big_train.parq ---
2025-06-22 14:28:27.332 | INFO     | __main__:run_experiment:184 - Berekende CNN input_size_after_flattening voor lineaire laag: 1472
2025-06-22 14:28:27.332 | INFO     | src.fh.training_framework:run_training:331 - Starting training run for model: cnn_model, experiment: CNN_Experiment_1_heart_big_train
2025-06-22 14:28:27.332 | INFO     | src.fh.model_selector:get_model:26 - Model selector: aanmaken van model 'cnn_model' met config: {'input_channels': 1, 'hidden_size': 32, 'num_layers': 2, 'output_size': 5, 'conv_filters': [16, 32], 'kernel_size': 3, 'use_dropout': False, 'dropout_rate': 0.5, 'num_features': 187, 'input_size_after_flattening': 1472}
2025-06-22 14:28:27.333 | INFO     | src.fh.models.cnn_model:__init__:21 - Initializing CNNModel...
2025-06-22 14:28:27.337 | INFO     | src.fh.models.cnn_model:__init__:77 - CNNModel initialized. Total parameters: 48933
2025-06-22 14:28:27.337 | INFO     | src.fh.training_framework:run_training:418 - Model 'cnn_model' van experiment 'CNN_Experiment_1_heart_big_train' geïnitialiseerd en verplaatst naar cpu.
2025-06-22 14:28:27.338 | INFO     | src.fh.training_framework:run_training:475 - Scheduler is uitgeschakeld in configuratie.
2025-06-22 14:28:27.338 | INFO     | src.fh.training_framework:run_training:506 - Trainingsdataset: heart_big_train.parq, Samples: 87554, Batch grootte: 32, Aantal batches: 2737.
2025-06-22 14:28:27.339 | INFO     | src.fh.training_framework:run_training:507 - Testdataset: heart_big_test.parq, Samples: 21892, Batch grootte: 32, Aantal batches: 685.
2025-06-22 14:28:41.484 | INFO     | src.fh.training_framework:run_training:532 - Experiment: CNN_Experiment_1_heart_big_train, Epoch:  1/10, Train Loss: 0.5165, Test Loss: 0.4445, Abs Loss Diff: 0.0720, Rel Loss Diff (%): 16.19, Accuracy: 0.8482, Recall: 0.8482, Precision: 0.9195, F1: 0.8704, Duration: 14.14s, Current LR: 0.001000
2025-06-22 14:28:41.495 | SUCCESS  | src.fh.training_framework:run_training:635 - Saved best model for CNN_Experiment_1_heart_big_train to /home/azureuser/mads-exam-fharren/src/fh/../../logs/20250622-142654_run_logs/20250622-142654_CNN_Experiment_1_heart_big_train_best_model.pth (Rel Loss Diff (%): 16.19, Recall: 0.8482, Accuracy: 0.8482).
2025-06-22 14:28:55.320 | INFO     | src.fh.training_framework:run_training:532 - Experiment: CNN_Experiment_1_heart_big_train, Epoch:  2/10, Train Loss: 0.3044, Test Loss: 0.3231, Abs Loss Diff: 0.0187, Rel Loss Diff (%): 5.78, Accuracy: 0.8960, Recall: 0.8960, Precision: 0.9427, F1: 0.9121, Duration: 13.82s, Current LR: 0.001000
2025-06-22 14:29:09.211 | INFO     | src.fh.training_framework:run_training:532 - Experiment: CNN_Experiment_1_heart_big_train, Epoch:  3/10, Train Loss: 0.2517, Test Loss: 0.3692, Abs Loss Diff: 0.1175, Rel Loss Diff (%): 31.82, Accuracy: 0.8700, Recall: 0.8700, Precision: 0.9428, F1: 0.8946, Duration: 13.88s, Current LR: 0.001000
2025-06-22 14:29:23.149 | INFO     | src.fh.training_framework:run_training:532 - Experiment: CNN_Experiment_1_heart_big_train, Epoch:  4/10, Train Loss: 0.2078, Test Loss: 0.2381, Abs Loss Diff: 0.0303, Rel Loss Diff (%): 12.73, Accuracy: 0.9194, Recall: 0.9194, Precision: 0.9568, F1: 0.9331, Duration: 13.92s, Current LR: 0.001000
2025-06-22 14:29:37.013 | INFO     | src.fh.training_framework:run_training:532 - Experiment: CNN_Experiment_1_heart_big_train, Epoch:  5/10, Train Loss: 0.1864, Test Loss: 0.2255, Abs Loss Diff: 0.0391, Rel Loss Diff (%): 17.35, Accuracy: 0.9267, Recall: 0.9267, Precision: 0.9556, F1: 0.9369, Duration: 13.85s, Current LR: 0.001000
2025-06-22 14:29:50.968 | INFO     | src.fh.training_framework:run_training:532 - Experiment: CNN_Experiment_1_heart_big_train, Epoch:  6/10, Train Loss: 0.1542, Test Loss: 0.1807, Abs Loss Diff: 0.0265, Rel Loss Diff (%): 14.68, Accuracy: 0.9430, Recall: 0.9430, Precision: 0.9625, F1: 0.9499, Duration: 13.94s, Current LR: 0.001000
2025-06-22 14:30:05.386 | INFO     | src.fh.training_framework:run_training:532 - Experiment: CNN_Experiment_1_heart_big_train, Epoch:  7/10, Train Loss: 0.1415, Test Loss: 0.2251, Abs Loss Diff: 0.0836, Rel Loss Diff (%): 37.13, Accuracy: 0.9244, Recall: 0.9244, Precision: 0.9556, F1: 0.9349, Duration: 14.41s, Current LR: 0.001000
2025-06-22 14:30:19.747 | INFO     | src.fh.training_framework:run_training:532 - Experiment: CNN_Experiment_1_heart_big_train, Epoch:  8/10, Train Loss: 0.1271, Test Loss: 0.1892, Abs Loss Diff: 0.0620, Rel Loss Diff (%): 32.79, Accuracy: 0.9387, Recall: 0.9387, Precision: 0.9623, F1: 0.9470, Duration: 14.35s, Current LR: 0.001000
2025-06-22 14:30:33.716 | INFO     | src.fh.training_framework:run_training:532 - Experiment: CNN_Experiment_1_heart_big_train, Epoch:  9/10, Train Loss: 0.1134, Test Loss: 0.1983, Abs Loss Diff: 0.0849, Rel Loss Diff (%): 42.82, Accuracy: 0.9331, Recall: 0.9331, Precision: 0.9617, F1: 0.9433, Duration: 13.96s, Current LR: 0.001000
2025-06-22 14:30:47.615 | INFO     | src.fh.training_framework:run_training:532 - Experiment: CNN_Experiment_1_heart_big_train, Epoch: 10/10, Train Loss: 0.1016, Test Loss: 0.1456, Abs Loss Diff: 0.0440, Rel Loss Diff (%): 30.19, Accuracy: 0.9563, Recall: 0.9563, Precision: 0.9673, F1: 0.9602, Duration: 13.89s, Current LR: 0.001000
2025-06-22 14:30:47.628 | INFO     | src.fh.training_framework:run_training:658 - Training voor model CNN_Experiment_1_heart_big_train voltooid. Totale duur: 0:02:20.295330
2025-06-22 14:30:47.629 | INFO     | __main__:run_experiment:171 - 
--- Uitvoeren CNN Experiment 2/2 voor heart_big_train.parq ---
2025-06-22 14:30:47.629 | INFO     | __main__:run_experiment:184 - Berekende CNN input_size_after_flattening voor lineaire laag: 2944
2025-06-22 14:30:47.629 | INFO     | src.fh.training_framework:run_training:331 - Starting training run for model: cnn_model, experiment: CNN_Experiment_2_heart_big_train
2025-06-22 14:30:47.630 | INFO     | src.fh.model_selector:get_model:26 - Model selector: aanmaken van model 'cnn_model' met config: {'input_channels': 1, 'hidden_size': 64, 'num_layers': 2, 'output_size': 5, 'conv_filters': [32, 64], 'kernel_size': 5, 'use_dropout': True, 'dropout_rate': 0.3, 'num_features': 187, 'input_size_after_flattening': 2944}
2025-06-22 14:30:47.630 | INFO     | src.fh.models.cnn_model:__init__:21 - Initializing CNNModel...
2025-06-22 14:30:47.634 | INFO     | src.fh.models.cnn_model:__init__:77 - CNNModel initialized. Total parameters: 199301
2025-06-22 14:30:47.635 | INFO     | src.fh.training_framework:run_training:418 - Model 'cnn_model' van experiment 'CNN_Experiment_2_heart_big_train' geïnitialiseerd en verplaatst naar cpu.
2025-06-22 14:30:47.635 | INFO     | src.fh.training_framework:run_training:475 - Scheduler is uitgeschakeld in configuratie.
2025-06-22 14:30:47.636 | INFO     | src.fh.training_framework:run_training:506 - Trainingsdataset: heart_big_train.parq, Samples: 87554, Batch grootte: 32, Aantal batches: 2737.
2025-06-22 14:30:47.636 | INFO     | src.fh.training_framework:run_training:507 - Testdataset: heart_big_test.parq, Samples: 21892, Batch grootte: 32, Aantal batches: 685.
2025-06-22 14:31:11.261 | INFO     | src.fh.training_framework:run_training:532 - Experiment: CNN_Experiment_2_heart_big_train, Epoch:  1/10, Train Loss: 0.4770, Test Loss: 0.4030, Abs Loss Diff: 0.0740, Rel Loss Diff (%): 18.35, Accuracy: 0.8815, Recall: 0.8815, Precision: 0.9417, F1: 0.9032, Duration: 23.62s, Current LR: 0.001000
2025-06-22 14:31:11.271 | SUCCESS  | src.fh.training_framework:run_training:635 - Saved best model for CNN_Experiment_2_heart_big_train to /home/azureuser/mads-exam-fharren/src/fh/../../logs/20250622-142654_run_logs/20250622-142654_CNN_Experiment_2_heart_big_train_best_model.pth (Rel Loss Diff (%): 18.35, Recall: 0.8815, Accuracy: 0.8815).
2025-06-22 14:31:35.335 | INFO     | src.fh.training_framework:run_training:532 - Experiment: CNN_Experiment_2_heart_big_train, Epoch:  2/10, Train Loss: 0.2808, Test Loss: 0.3067, Abs Loss Diff: 0.0259, Rel Loss Diff (%): 8.45, Accuracy: 0.8922, Recall: 0.8922, Precision: 0.9470, F1: 0.9111, Duration: 24.06s, Current LR: 0.001000
2025-06-22 14:31:59.428 | INFO     | src.fh.training_framework:run_training:532 - Experiment: CNN_Experiment_2_heart_big_train, Epoch:  3/10, Train Loss: 0.2210, Test Loss: 0.2074, Abs Loss Diff: 0.0136, Rel Loss Diff (%): 6.56, Accuracy: 0.9365, Recall: 0.9365, Precision: 0.9619, F1: 0.9457, Duration: 24.08s, Current LR: 0.001000
2025-06-22 14:31:59.450 | SUCCESS  | src.fh.training_framework:run_training:635 - Saved best model for CNN_Experiment_2_heart_big_train to /home/azureuser/mads-exam-fharren/src/fh/../../logs/20250622-142654_run_logs/20250622-142654_CNN_Experiment_2_heart_big_train_best_model.pth (Rel Loss Diff (%): 6.56, Recall: 0.9365, Accuracy: 0.9365).
2025-06-22 14:32:23.690 | INFO     | src.fh.training_framework:run_training:532 - Experiment: CNN_Experiment_2_heart_big_train, Epoch:  4/10, Train Loss: 0.1921, Test Loss: 0.1900, Abs Loss Diff: 0.0021, Rel Loss Diff (%): 1.11, Accuracy: 0.9331, Recall: 0.9331, Precision: 0.9637, F1: 0.9442, Duration: 24.24s, Current LR: 0.001000
2025-06-22 14:32:23.705 | SUCCESS  | src.fh.training_framework:run_training:635 - Saved best model for CNN_Experiment_2_heart_big_train to /home/azureuser/mads-exam-fharren/src/fh/../../logs/20250622-142654_run_logs/20250622-142654_CNN_Experiment_2_heart_big_train_best_model.pth (Rel Loss Diff (%): 1.11, Recall: 0.9331, Accuracy: 0.9331).
2025-06-22 14:32:47.706 | INFO     | src.fh.training_framework:run_training:532 - Experiment: CNN_Experiment_2_heart_big_train, Epoch:  5/10, Train Loss: 0.1733, Test Loss: 0.2470, Abs Loss Diff: 0.0738, Rel Loss Diff (%): 29.86, Accuracy: 0.9110, Recall: 0.9110, Precision: 0.9572, F1: 0.9277, Duration: 24.00s, Current LR: 0.001000
2025-06-22 14:33:12.311 | INFO     | src.fh.training_framework:run_training:532 - Experiment: CNN_Experiment_2_heart_big_train, Epoch:  6/10, Train Loss: 0.1591, Test Loss: 0.2011, Abs Loss Diff: 0.0420, Rel Loss Diff (%): 20.90, Accuracy: 0.9265, Recall: 0.9265, Precision: 0.9627, F1: 0.9395, Duration: 24.59s, Current LR: 0.001000
2025-06-22 14:33:36.617 | INFO     | src.fh.training_framework:run_training:532 - Experiment: CNN_Experiment_2_heart_big_train, Epoch:  7/10, Train Loss: 0.1385, Test Loss: 0.1252, Abs Loss Diff: 0.0133, Rel Loss Diff (%): 10.64, Accuracy: 0.9633, Recall: 0.9633, Precision: 0.9707, F1: 0.9659, Duration: 24.29s, Current LR: 0.001000
2025-06-22 14:34:00.839 | INFO     | src.fh.training_framework:run_training:532 - Experiment: CNN_Experiment_2_heart_big_train, Epoch:  8/10, Train Loss: 0.1312, Test Loss: 0.1687, Abs Loss Diff: 0.0376, Rel Loss Diff (%): 22.27, Accuracy: 0.9414, Recall: 0.9414, Precision: 0.9657, F1: 0.9502, Duration: 24.21s, Current LR: 0.001000
2025-06-22 14:34:25.631 | INFO     | src.fh.training_framework:run_training:532 - Experiment: CNN_Experiment_2_heart_big_train, Epoch:  9/10, Train Loss: 0.1240, Test Loss: 0.1841, Abs Loss Diff: 0.0601, Rel Loss Diff (%): 32.65, Accuracy: 0.9358, Recall: 0.9358, Precision: 0.9658, F1: 0.9469, Duration: 24.78s, Current LR: 0.001000
2025-06-22 14:34:50.062 | INFO     | src.fh.training_framework:run_training:532 - Experiment: CNN_Experiment_2_heart_big_train, Epoch: 10/10, Train Loss: 0.1139, Test Loss: 0.1325, Abs Loss Diff: 0.0186, Rel Loss Diff (%): 14.02, Accuracy: 0.9585, Recall: 0.9585, Precision: 0.9686, F1: 0.9620, Duration: 24.42s, Current LR: 0.001000
2025-06-22 14:34:50.074 | INFO     | src.fh.training_framework:run_training:658 - Training voor model CNN_Experiment_2_heart_big_train voltooid. Totale duur: 0:04:02.444640
2025-06-22 14:34:50.076 | INFO     | __main__:run_experiment:194 - CNN model training voltooid voor heart_big_train.parq.
2025-06-22 14:34:50.076 | INFO     | __main__:run_experiment:198 - 
--- Start Training CNN_SE_Skip Model (Hyperparameter Tuning) ---
2025-06-22 14:34:50.076 | INFO     | __main__:run_experiment:210 - 
--- Uitvoeren CNN_SE_Skip Experiment 1/2 voor heart_big_train.parq ---
2025-06-22 14:34:50.076 | INFO     | __main__:run_experiment:225 - Berekende CNN_SE_Skip input_size_after_flattening voor lineaire laag: 1472
2025-06-22 14:34:50.077 | INFO     | src.fh.training_framework:run_training:331 - Starting training run for model: cnn_se_skip_model, experiment: CNN_SE_Skip_Experiment_1_heart_big_train
2025-06-22 14:34:50.077 | INFO     | src.fh.model_selector:get_model:26 - Model selector: aanmaken van model 'cnn_se_skip_model' met config: {'input_channels': 1, 'hidden_size': 64, 'num_layers': 2, 'output_size': 5, 'conv_filters_per_block': 32, 'kernel_size_per_block': 3, 'use_dropout': False, 'dropout_rate': 0.3, 'reduction_ratio': 8, 'num_features': 187, 'input_size_after_flattening': 1472}
2025-06-22 14:34:50.082 | INFO     | src.fh.training_framework:run_training:418 - Model 'cnn_se_skip_model' van experiment 'CNN_SE_Skip_Experiment_1_heart_big_train' geïnitialiseerd en verplaatst naar cpu.
2025-06-22 14:34:50.083 | INFO     | src.fh.training_framework:run_training:475 - Scheduler is uitgeschakeld in configuratie.
2025-06-22 14:34:50.083 | INFO     | src.fh.training_framework:run_training:506 - Trainingsdataset: heart_big_train.parq, Samples: 87554, Batch grootte: 32, Aantal batches: 2737.
2025-06-22 14:34:50.083 | INFO     | src.fh.training_framework:run_training:507 - Testdataset: heart_big_test.parq, Samples: 21892, Batch grootte: 32, Aantal batches: 685.
2025-06-22 14:35:19.547 | INFO     | src.fh.training_framework:run_training:532 - Experiment: CNN_SE_Skip_Experiment_1_heart_big_train, Epoch:  1/10, Train Loss: 1.1274, Test Loss: 1.0250, Abs Loss Diff: 0.1024, Rel Loss Diff (%): 9.99, Accuracy: 0.8790, Recall: 0.8790, Precision: 0.9225, F1: 0.8957, Duration: 29.46s, Current LR: 0.001000
2025-06-22 14:35:19.558 | SUCCESS  | src.fh.training_framework:run_training:635 - Saved best model for CNN_SE_Skip_Experiment_1_heart_big_train to /home/azureuser/mads-exam-fharren/src/fh/../../logs/20250622-142654_run_logs/20250622-142654_CNN_SE_Skip_Experiment_1_heart_big_train_best_model.pth (Rel Loss Diff (%): 9.99, Recall: 0.8790, Accuracy: 0.8790).
2025-06-22 14:35:48.772 | INFO     | src.fh.training_framework:run_training:532 - Experiment: CNN_SE_Skip_Experiment_1_heart_big_train, Epoch:  2/10, Train Loss: 1.0744, Test Loss: 0.9986, Abs Loss Diff: 0.0757, Rel Loss Diff (%): 7.58, Accuracy: 0.9060, Recall: 0.9060, Precision: 0.9270, F1: 0.9134, Duration: 29.21s, Current LR: 0.001000
2025-06-22 14:35:48.787 | SUCCESS  | src.fh.training_framework:run_training:635 - Saved best model for CNN_SE_Skip_Experiment_1_heart_big_train to /home/azureuser/mads-exam-fharren/src/fh/../../logs/20250622-142654_run_logs/20250622-142654_CNN_SE_Skip_Experiment_1_heart_big_train_best_model.pth (Rel Loss Diff (%): 7.58, Recall: 0.9060, Accuracy: 0.9060).
2025-06-22 14:36:19.392 | INFO     | src.fh.training_framework:run_training:532 - Experiment: CNN_SE_Skip_Experiment_1_heart_big_train, Epoch:  3/10, Train Loss: 1.0641, Test Loss: 1.0120, Abs Loss Diff: 0.0521, Rel Loss Diff (%): 5.15, Accuracy: 0.8922, Recall: 0.8922, Precision: 0.9352, F1: 0.9094, Duration: 30.60s, Current LR: 0.001000
2025-06-22 14:36:19.409 | SUCCESS  | src.fh.training_framework:run_training:635 - Saved best model for CNN_SE_Skip_Experiment_1_heart_big_train to /home/azureuser/mads-exam-fharren/src/fh/../../logs/20250622-142654_run_logs/20250622-142654_CNN_SE_Skip_Experiment_1_heart_big_train_best_model.pth (Rel Loss Diff (%): 5.15, Recall: 0.8922, Accuracy: 0.8922).
2025-06-22 14:36:53.725 | INFO     | src.fh.training_framework:run_training:532 - Experiment: CNN_SE_Skip_Experiment_1_heart_big_train, Epoch:  4/10, Train Loss: 1.0553, Test Loss: 1.1568, Abs Loss Diff: 0.1016, Rel Loss Diff (%): 8.78, Accuracy: 0.7463, Recall: 0.7463, Precision: 0.9067, F1: 0.7954, Duration: 34.32s, Current LR: 0.001000
2025-06-22 14:37:32.331 | INFO     | src.fh.training_framework:run_training:532 - Experiment: CNN_SE_Skip_Experiment_1_heart_big_train, Epoch:  5/10, Train Loss: 1.0483, Test Loss: 1.0803, Abs Loss Diff: 0.0320, Rel Loss Diff (%): 2.96, Accuracy: 0.8240, Recall: 0.8240, Precision: 0.9298, F1: 0.8642, Duration: 38.59s, Current LR: 0.001000
2025-06-22 14:38:13.453 | INFO     | src.fh.training_framework:run_training:532 - Experiment: CNN_SE_Skip_Experiment_1_heart_big_train, Epoch:  6/10, Train Loss: 1.0360, Test Loss: 1.0126, Abs Loss Diff: 0.0234, Rel Loss Diff (%): 2.31, Accuracy: 0.8924, Recall: 0.8924, Precision: 0.9282, F1: 0.9037, Duration: 41.11s, Current LR: 0.001000
2025-06-22 14:38:13.469 | SUCCESS  | src.fh.training_framework:run_training:635 - Saved best model for CNN_SE_Skip_Experiment_1_heart_big_train to /home/azureuser/mads-exam-fharren/src/fh/../../logs/20250622-142654_run_logs/20250622-142654_CNN_SE_Skip_Experiment_1_heart_big_train_best_model.pth (Rel Loss Diff (%): 2.31, Recall: 0.8924, Accuracy: 0.8924).
2025-06-22 14:38:55.671 | INFO     | src.fh.training_framework:run_training:532 - Experiment: CNN_SE_Skip_Experiment_1_heart_big_train, Epoch:  7/10, Train Loss: 1.0397, Test Loss: 0.9716, Abs Loss Diff: 0.0681, Rel Loss Diff (%): 7.01, Accuracy: 0.9336, Recall: 0.9336, Precision: 0.9472, F1: 0.9390, Duration: 42.20s, Current LR: 0.001000
2025-06-22 14:39:38.566 | INFO     | src.fh.training_framework:run_training:532 - Experiment: CNN_SE_Skip_Experiment_1_heart_big_train, Epoch:  8/10, Train Loss: 1.0332, Test Loss: 0.9710, Abs Loss Diff: 0.0622, Rel Loss Diff (%): 6.41, Accuracy: 0.9339, Recall: 0.9339, Precision: 0.9473, F1: 0.9391, Duration: 42.88s, Current LR: 0.001000
2025-06-22 14:40:22.002 | INFO     | src.fh.training_framework:run_training:532 - Experiment: CNN_SE_Skip_Experiment_1_heart_big_train, Epoch:  9/10, Train Loss: 1.0341, Test Loss: 1.1014, Abs Loss Diff: 0.0674, Rel Loss Diff (%): 6.12, Accuracy: 0.8029, Recall: 0.8029, Precision: 0.9264, F1: 0.8461, Duration: 43.42s, Current LR: 0.001000
2025-06-22 14:41:05.614 | INFO     | src.fh.training_framework:run_training:532 - Experiment: CNN_SE_Skip_Experiment_1_heart_big_train, Epoch: 10/10, Train Loss: 1.0311, Test Loss: 0.9953, Abs Loss Diff: 0.0358, Rel Loss Diff (%): 3.60, Accuracy: 0.9096, Recall: 0.9096, Precision: 0.9433, F1: 0.9221, Duration: 43.60s, Current LR: 0.001000
2025-06-22 14:41:05.627 | INFO     | src.fh.training_framework:run_training:658 - Training voor model CNN_SE_Skip_Experiment_1_heart_big_train voltooid. Totale duur: 0:06:15.550050
2025-06-22 14:41:05.628 | INFO     | __main__:run_experiment:210 - 
--- Uitvoeren CNN_SE_Skip Experiment 2/2 voor heart_big_train.parq ---
2025-06-22 14:41:05.629 | INFO     | __main__:run_experiment:225 - Berekende CNN_SE_Skip input_size_after_flattening voor lineaire laag: 1472
2025-06-22 14:41:05.630 | INFO     | src.fh.training_framework:run_training:331 - Starting training run for model: cnn_se_skip_model, experiment: CNN_SE_Skip_Experiment_2_heart_big_train
2025-06-22 14:41:05.630 | INFO     | src.fh.model_selector:get_model:26 - Model selector: aanmaken van model 'cnn_se_skip_model' met config: {'input_channels': 1, 'hidden_size': 128, 'num_layers': 3, 'output_size': 5, 'conv_filters_per_block': 64, 'kernel_size_per_block': 5, 'use_dropout': True, 'dropout_rate': 0.4, 'reduction_ratio': 16, 'num_features': 187, 'input_size_after_flattening': 1472}
2025-06-22 14:41:05.636 | INFO     | src.fh.training_framework:run_training:418 - Model 'cnn_se_skip_model' van experiment 'CNN_SE_Skip_Experiment_2_heart_big_train' geïnitialiseerd en verplaatst naar cpu.
2025-06-22 14:41:05.637 | INFO     | src.fh.training_framework:run_training:475 - Scheduler is uitgeschakeld in configuratie.
2025-06-22 14:41:05.638 | INFO     | src.fh.training_framework:run_training:506 - Trainingsdataset: heart_big_train.parq, Samples: 87554, Batch grootte: 32, Aantal batches: 2737.
2025-06-22 14:41:05.638 | INFO     | src.fh.training_framework:run_training:507 - Testdataset: heart_big_test.parq, Samples: 21892, Batch grootte: 32, Aantal batches: 685.
2025-06-22 14:42:44.593 | INFO     | src.fh.training_framework:run_training:532 - Experiment: CNN_SE_Skip_Experiment_2_heart_big_train, Epoch:  1/10, Train Loss: 1.3107, Test Loss: 1.0520, Abs Loss Diff: 0.2587, Rel Loss Diff (%): 24.59, Accuracy: 0.8529, Recall: 0.8529, Precision: 0.8790, F1: 0.8597, Duration: 98.95s, Current LR: 0.001000
2025-06-22 14:42:44.606 | SUCCESS  | src.fh.training_framework:run_training:635 - Saved best model for CNN_SE_Skip_Experiment_2_heart_big_train to /home/azureuser/mads-exam-fharren/src/fh/../../logs/20250622-142654_run_logs/20250622-142654_CNN_SE_Skip_Experiment_2_heart_big_train_best_model.pth (Rel Loss Diff (%): 24.59, Recall: 0.8529, Accuracy: 0.8529).
2025-06-22 14:44:41.125 | INFO     | src.fh.training_framework:run_training:532 - Experiment: CNN_SE_Skip_Experiment_2_heart_big_train, Epoch:  2/10, Train Loss: 1.2101, Test Loss: 1.0705, Abs Loss Diff: 0.1396, Rel Loss Diff (%): 13.04, Accuracy: 0.8339, Recall: 0.8339, Precision: 0.8997, F1: 0.8612, Duration: 116.52s, Current LR: 0.001000
2025-06-22 14:44:41.142 | SUCCESS  | src.fh.training_framework:run_training:635 - Saved best model for CNN_SE_Skip_Experiment_2_heart_big_train to /home/azureuser/mads-exam-fharren/src/fh/../../logs/20250622-142654_run_logs/20250622-142654_CNN_SE_Skip_Experiment_2_heart_big_train_best_model.pth (Rel Loss Diff (%): 13.04, Recall: 0.8339, Accuracy: 0.8339).
2025-06-22 14:46:41.394 | INFO     | src.fh.training_framework:run_training:532 - Experiment: CNN_SE_Skip_Experiment_2_heart_big_train, Epoch:  3/10, Train Loss: 1.1987, Test Loss: 1.0995, Abs Loss Diff: 0.0992, Rel Loss Diff (%): 9.02, Accuracy: 0.8049, Recall: 0.8049, Precision: 0.8895, F1: 0.8328, Duration: 120.25s, Current LR: 0.001000
2025-06-22 14:46:41.410 | SUCCESS  | src.fh.training_framework:run_training:635 - Saved best model for CNN_SE_Skip_Experiment_2_heart_big_train to /home/azureuser/mads-exam-fharren/src/fh/../../logs/20250622-142654_run_logs/20250622-142654_CNN_SE_Skip_Experiment_2_heart_big_train_best_model.pth (Rel Loss Diff (%): 9.02, Recall: 0.8049, Accuracy: 0.8049).
2025-06-22 14:48:34.299 | INFO     | src.fh.training_framework:run_training:532 - Experiment: CNN_SE_Skip_Experiment_2_heart_big_train, Epoch:  4/10, Train Loss: 1.1847, Test Loss: 1.0400, Abs Loss Diff: 0.1447, Rel Loss Diff (%): 13.92, Accuracy: 0.8647, Recall: 0.8647, Precision: 0.9086, F1: 0.8806, Duration: 112.89s, Current LR: 0.001000
2025-06-22 14:50:23.321 | INFO     | src.fh.training_framework:run_training:532 - Experiment: CNN_SE_Skip_Experiment_2_heart_big_train, Epoch:  5/10, Train Loss: 1.1874, Test Loss: 1.1115, Abs Loss Diff: 0.0760, Rel Loss Diff (%): 6.83, Accuracy: 0.7934, Recall: 0.7934, Precision: 0.9026, F1: 0.8346, Duration: 109.01s, Current LR: 0.001000
2025-06-22 14:50:23.338 | SUCCESS  | src.fh.training_framework:run_training:635 - Saved best model for CNN_SE_Skip_Experiment_2_heart_big_train to /home/azureuser/mads-exam-fharren/src/fh/../../logs/20250622-142654_run_logs/20250622-142654_CNN_SE_Skip_Experiment_2_heart_big_train_best_model.pth (Rel Loss Diff (%): 6.83, Recall: 0.7934, Accuracy: 0.7934).
2025-06-22 14:52:11.647 | INFO     | src.fh.training_framework:run_training:532 - Experiment: CNN_SE_Skip_Experiment_2_heart_big_train, Epoch:  6/10, Train Loss: 1.1643, Test Loss: 1.1843, Abs Loss Diff: 0.0200, Rel Loss Diff (%): 1.69, Accuracy: 0.7207, Recall: 0.7207, Precision: 0.8973, F1: 0.7808, Duration: 108.31s, Current LR: 0.001000
2025-06-22 14:53:57.678 | INFO     | src.fh.training_framework:run_training:532 - Experiment: CNN_SE_Skip_Experiment_2_heart_big_train, Epoch:  7/10, Train Loss: 1.1534, Test Loss: 1.0588, Abs Loss Diff: 0.0946, Rel Loss Diff (%): 8.93, Accuracy: 0.8462, Recall: 0.8462, Precision: 0.9038, F1: 0.8678, Duration: 106.02s, Current LR: 0.001000
2025-06-22 14:55:40.136 | INFO     | src.fh.training_framework:run_training:532 - Experiment: CNN_SE_Skip_Experiment_2_heart_big_train, Epoch:  8/10, Train Loss: 1.1541, Test Loss: 1.0888, Abs Loss Diff: 0.0652, Rel Loss Diff (%): 5.99, Accuracy: 0.8161, Recall: 0.8161, Precision: 0.9014, F1: 0.8466, Duration: 102.45s, Current LR: 0.001000
2025-06-22 14:55:40.153 | SUCCESS  | src.fh.training_framework:run_training:635 - Saved best model for CNN_SE_Skip_Experiment_2_heart_big_train to /home/azureuser/mads-exam-fharren/src/fh/../../logs/20250622-142654_run_logs/20250622-142654_CNN_SE_Skip_Experiment_2_heart_big_train_best_model.pth (Rel Loss Diff (%): 5.99, Recall: 0.8161, Accuracy: 0.8161).
2025-06-22 14:57:20.752 | INFO     | src.fh.training_framework:run_training:532 - Experiment: CNN_SE_Skip_Experiment_2_heart_big_train, Epoch:  9/10, Train Loss: 1.1466, Test Loss: 1.0837, Abs Loss Diff: 0.0629, Rel Loss Diff (%): 5.81, Accuracy: 0.8211, Recall: 0.8211, Precision: 0.9196, F1: 0.8600, Duration: 100.60s, Current LR: 0.001000
2025-06-22 14:57:20.770 | SUCCESS  | src.fh.training_framework:run_training:635 - Saved best model for CNN_SE_Skip_Experiment_2_heart_big_train to /home/azureuser/mads-exam-fharren/src/fh/../../logs/20250622-142654_run_logs/20250622-142654_CNN_SE_Skip_Experiment_2_heart_big_train_best_model.pth (Rel Loss Diff (%): 5.81, Recall: 0.8211, Accuracy: 0.8211).
2025-06-22 14:59:00.020 | INFO     | src.fh.training_framework:run_training:532 - Experiment: CNN_SE_Skip_Experiment_2_heart_big_train, Epoch: 10/10, Train Loss: 1.1749, Test Loss: 1.1564, Abs Loss Diff: 0.0185, Rel Loss Diff (%): 1.60, Accuracy: 0.7483, Recall: 0.7483, Precision: 0.8884, F1: 0.7914, Duration: 99.25s, Current LR: 0.001000
2025-06-22 14:59:00.036 | SUCCESS  | src.fh.training_framework:run_training:635 - Saved best model for CNN_SE_Skip_Experiment_2_heart_big_train to /home/azureuser/mads-exam-fharren/src/fh/../../logs/20250622-142654_run_logs/20250622-142654_CNN_SE_Skip_Experiment_2_heart_big_train_best_model.pth (Rel Loss Diff (%): 1.60, Recall: 0.7483, Accuracy: 0.7483).
2025-06-22 14:59:00.036 | INFO     | src.fh.training_framework:run_training:658 - Training voor model CNN_SE_Skip_Experiment_2_heart_big_train voltooid. Totale duur: 0:17:54.406369
2025-06-22 14:59:00.038 | INFO     | __main__:run_experiment:235 - CNN_SE_Skip model training voltooid voor heart_big_train.parq.
2025-06-22 14:59:00.038 | INFO     | __main__:run_experiment:241 - 
--- Start Training GRU Model (Hyperparameter Tuning) ---
2025-06-22 14:59:00.038 | INFO     | __main__:run_experiment:252 - 
--- Uitvoeren GRU Experiment 1/2 voor heart_big_train.parq ---
2025-06-22 14:59:00.039 | INFO     | src.fh.training_framework:run_training:331 - Starting training run for model: gru_model, experiment: GRU_Experiment_1_heart_big_train
2025-06-22 14:59:00.039 | INFO     | src.fh.model_selector:get_model:26 - Model selector: aanmaken van model 'gru_model' met config: {'input_size': 187, 'hidden_size': 64, 'num_layers': 1, 'output_size': 5, 'dropout': 0.0}
2025-06-22 14:59:00.039 | INFO     | src.fh.models.gru_model:__init__:20 - Initializing GRUModel...
2025-06-22 14:59:00.041 | INFO     | src.fh.models.gru_model:__init__:64 - GRUModel initialized. Total parameters: 48901
2025-06-22 14:59:00.042 | INFO     | src.fh.training_framework:run_training:418 - Model 'gru_model' van experiment 'GRU_Experiment_1_heart_big_train' geïnitialiseerd en verplaatst naar cpu.
2025-06-22 14:59:00.043 | INFO     | src.fh.training_framework:run_training:475 - Scheduler is uitgeschakeld in configuratie.
2025-06-22 14:59:00.043 | INFO     | src.fh.training_framework:run_training:506 - Trainingsdataset: heart_big_train.parq, Samples: 87554, Batch grootte: 32, Aantal batches: 2737.
2025-06-22 14:59:00.043 | INFO     | src.fh.training_framework:run_training:507 - Testdataset: heart_big_test.parq, Samples: 21892, Batch grootte: 32, Aantal batches: 685.
2025-06-22 14:59:06.814 | INFO     | src.fh.training_framework:run_training:532 - Experiment: GRU_Experiment_1_heart_big_train, Epoch:  1/10, Train Loss: 0.4913, Test Loss: 0.3552, Abs Loss Diff: 0.1361, Rel Loss Diff (%): 38.33, Accuracy: 0.8740, Recall: 0.8740, Precision: 0.9293, F1: 0.8932, Duration: 6.77s, Current LR: 0.001000
2025-06-22 14:59:06.823 | SUCCESS  | src.fh.training_framework:run_training:635 - Saved best model for GRU_Experiment_1_heart_big_train to /home/azureuser/mads-exam-fharren/src/fh/../../logs/20250622-142654_run_logs/20250622-142654_GRU_Experiment_1_heart_big_train_best_model.pth (Rel Loss Diff (%): 38.33, Recall: 0.8740, Accuracy: 0.8740).
2025-06-22 14:59:13.543 | INFO     | src.fh.training_framework:run_training:532 - Experiment: GRU_Experiment_1_heart_big_train, Epoch:  2/10, Train Loss: 0.3129, Test Loss: 0.4646, Abs Loss Diff: 0.1517, Rel Loss Diff (%): 32.64, Accuracy: 0.8229, Recall: 0.8229, Precision: 0.9318, F1: 0.8600, Duration: 6.72s, Current LR: 0.001000
2025-06-22 14:59:20.273 | INFO     | src.fh.training_framework:run_training:532 - Experiment: GRU_Experiment_1_heart_big_train, Epoch:  3/10, Train Loss: 0.2578, Test Loss: 0.3584, Abs Loss Diff: 0.1006, Rel Loss Diff (%): 28.06, Accuracy: 0.8821, Recall: 0.8821, Precision: 0.9446, F1: 0.9046, Duration: 6.72s, Current LR: 0.001000
2025-06-22 14:59:26.878 | INFO     | src.fh.training_framework:run_training:532 - Experiment: GRU_Experiment_1_heart_big_train, Epoch:  4/10, Train Loss: 0.2348, Test Loss: 0.2738, Abs Loss Diff: 0.0390, Rel Loss Diff (%): 14.23, Accuracy: 0.9094, Recall: 0.9094, Precision: 0.9536, F1: 0.9256, Duration: 6.59s, Current LR: 0.001000
2025-06-22 14:59:33.462 | INFO     | src.fh.training_framework:run_training:532 - Experiment: GRU_Experiment_1_heart_big_train, Epoch:  5/10, Train Loss: 0.2065, Test Loss: 0.2337, Abs Loss Diff: 0.0272, Rel Loss Diff (%): 11.64, Accuracy: 0.9208, Recall: 0.9208, Precision: 0.9554, F1: 0.9332, Duration: 6.57s, Current LR: 0.001000
2025-06-22 14:59:40.113 | INFO     | src.fh.training_framework:run_training:532 - Experiment: GRU_Experiment_1_heart_big_train, Epoch:  6/10, Train Loss: 0.1932, Test Loss: 0.1998, Abs Loss Diff: 0.0066, Rel Loss Diff (%): 3.30, Accuracy: 0.9356, Recall: 0.9356, Precision: 0.9560, F1: 0.9428, Duration: 6.64s, Current LR: 0.001000
2025-06-22 14:59:46.738 | INFO     | src.fh.training_framework:run_training:532 - Experiment: GRU_Experiment_1_heart_big_train, Epoch:  7/10, Train Loss: 0.1745, Test Loss: 0.2251, Abs Loss Diff: 0.0506, Rel Loss Diff (%): 22.48, Accuracy: 0.9211, Recall: 0.9211, Precision: 0.9545, F1: 0.9330, Duration: 6.61s, Current LR: 0.001000
2025-06-22 14:59:53.526 | INFO     | src.fh.training_framework:run_training:532 - Experiment: GRU_Experiment_1_heart_big_train, Epoch:  8/10, Train Loss: 0.1635, Test Loss: 0.2420, Abs Loss Diff: 0.0785, Rel Loss Diff (%): 32.44, Accuracy: 0.9178, Recall: 0.9178, Precision: 0.9535, F1: 0.9302, Duration: 6.78s, Current LR: 0.001000
2025-06-22 15:00:00.229 | INFO     | src.fh.training_framework:run_training:532 - Experiment: GRU_Experiment_1_heart_big_train, Epoch:  9/10, Train Loss: 0.1533, Test Loss: 0.2140, Abs Loss Diff: 0.0607, Rel Loss Diff (%): 28.38, Accuracy: 0.9250, Recall: 0.9250, Precision: 0.9548, F1: 0.9355, Duration: 6.69s, Current LR: 0.001000
2025-06-22 15:00:07.152 | INFO     | src.fh.training_framework:run_training:532 - Experiment: GRU_Experiment_1_heart_big_train, Epoch: 10/10, Train Loss: 0.1448, Test Loss: 0.2002, Abs Loss Diff: 0.0555, Rel Loss Diff (%): 27.70, Accuracy: 0.9337, Recall: 0.9337, Precision: 0.9592, F1: 0.9427, Duration: 6.91s, Current LR: 0.001000
2025-06-22 15:00:07.163 | INFO     | src.fh.training_framework:run_training:658 - Training voor model GRU_Experiment_1_heart_big_train voltooid. Totale duur: 0:01:07.124664
2025-06-22 15:00:07.165 | INFO     | __main__:run_experiment:252 - 
--- Uitvoeren GRU Experiment 2/2 voor heart_big_train.parq ---
2025-06-22 15:00:07.165 | INFO     | src.fh.training_framework:run_training:331 - Starting training run for model: gru_model, experiment: GRU_Experiment_2_heart_big_train
2025-06-22 15:00:07.165 | INFO     | src.fh.model_selector:get_model:26 - Model selector: aanmaken van model 'gru_model' met config: {'input_size': 187, 'hidden_size': 128, 'num_layers': 2, 'output_size': 5, 'dropout': 0.2}
2025-06-22 15:00:07.165 | INFO     | src.fh.models.gru_model:__init__:20 - Initializing GRUModel...
2025-06-22 15:00:07.169 | INFO     | src.fh.models.gru_model:__init__:64 - GRUModel initialized. Total parameters: 221445
2025-06-22 15:00:07.170 | INFO     | src.fh.training_framework:run_training:418 - Model 'gru_model' van experiment 'GRU_Experiment_2_heart_big_train' geïnitialiseerd en verplaatst naar cpu.
2025-06-22 15:00:07.171 | INFO     | src.fh.training_framework:run_training:475 - Scheduler is uitgeschakeld in configuratie.
2025-06-22 15:00:07.171 | INFO     | src.fh.training_framework:run_training:506 - Trainingsdataset: heart_big_train.parq, Samples: 87554, Batch grootte: 32, Aantal batches: 2737.
2025-06-22 15:00:07.171 | INFO     | src.fh.training_framework:run_training:507 - Testdataset: heart_big_test.parq, Samples: 21892, Batch grootte: 32, Aantal batches: 685.
2025-06-22 15:00:18.740 | INFO     | src.fh.training_framework:run_training:532 - Experiment: GRU_Experiment_2_heart_big_train, Epoch:  1/10, Train Loss: 0.5024, Test Loss: 0.4385, Abs Loss Diff: 0.0639, Rel Loss Diff (%): 14.58, Accuracy: 0.8596, Recall: 0.8596, Precision: 0.9326, F1: 0.8857, Duration: 11.57s, Current LR: 0.001000
2025-06-22 15:00:18.750 | SUCCESS  | src.fh.training_framework:run_training:635 - Saved best model for GRU_Experiment_2_heart_big_train to /home/azureuser/mads-exam-fharren/src/fh/../../logs/20250622-142654_run_logs/20250622-142654_GRU_Experiment_2_heart_big_train_best_model.pth (Rel Loss Diff (%): 14.58, Recall: 0.8596, Accuracy: 0.8596).
2025-06-22 15:00:30.250 | INFO     | src.fh.training_framework:run_training:532 - Experiment: GRU_Experiment_2_heart_big_train, Epoch:  2/10, Train Loss: 0.3459, Test Loss: 0.4123, Abs Loss Diff: 0.0663, Rel Loss Diff (%): 16.09, Accuracy: 0.8673, Recall: 0.8673, Precision: 0.9416, F1: 0.8936, Duration: 11.50s, Current LR: 0.001000
2025-06-22 15:00:41.632 | INFO     | src.fh.training_framework:run_training:532 - Experiment: GRU_Experiment_2_heart_big_train, Epoch:  3/10, Train Loss: 0.2871, Test Loss: 0.3106, Abs Loss Diff: 0.0235, Rel Loss Diff (%): 7.56, Accuracy: 0.8925, Recall: 0.8925, Precision: 0.9442, F1: 0.9106, Duration: 11.37s, Current LR: 0.001000
2025-06-22 15:00:53.031 | INFO     | src.fh.training_framework:run_training:532 - Experiment: GRU_Experiment_2_heart_big_train, Epoch:  4/10, Train Loss: 0.2575, Test Loss: 0.1794, Abs Loss Diff: 0.0781, Rel Loss Diff (%): 43.57, Accuracy: 0.9481, Recall: 0.9481, Precision: 0.9583, F1: 0.9519, Duration: 11.39s, Current LR: 0.001000
2025-06-22 15:01:04.420 | INFO     | src.fh.training_framework:run_training:532 - Experiment: GRU_Experiment_2_heart_big_train, Epoch:  5/10, Train Loss: 0.2295, Test Loss: 0.2859, Abs Loss Diff: 0.0564, Rel Loss Diff (%): 19.74, Accuracy: 0.9014, Recall: 0.9014, Precision: 0.9498, F1: 0.9189, Duration: 11.38s, Current LR: 0.001000
2025-06-22 15:01:15.755 | INFO     | src.fh.training_framework:run_training:532 - Experiment: GRU_Experiment_2_heart_big_train, Epoch:  6/10, Train Loss: 0.2038, Test Loss: 0.2040, Abs Loss Diff: 0.0002, Rel Loss Diff (%): 0.11, Accuracy: 0.9330, Recall: 0.9330, Precision: 0.9568, F1: 0.9412, Duration: 11.32s, Current LR: 0.001000
2025-06-22 15:01:27.213 | INFO     | src.fh.training_framework:run_training:532 - Experiment: GRU_Experiment_2_heart_big_train, Epoch:  7/10, Train Loss: 0.1905, Test Loss: 0.2041, Abs Loss Diff: 0.0135, Rel Loss Diff (%): 6.62, Accuracy: 0.9324, Recall: 0.9324, Precision: 0.9616, F1: 0.9432, Duration: 11.45s, Current LR: 0.001000
2025-06-22 15:01:38.752 | INFO     | src.fh.training_framework:run_training:532 - Experiment: GRU_Experiment_2_heart_big_train, Epoch:  8/10, Train Loss: 0.1738, Test Loss: 0.1587, Abs Loss Diff: 0.0151, Rel Loss Diff (%): 9.51, Accuracy: 0.9458, Recall: 0.9458, Precision: 0.9631, F1: 0.9519, Duration: 11.53s, Current LR: 0.001000
2025-06-22 15:01:38.765 | SUCCESS  | src.fh.training_framework:run_training:635 - Saved best model for GRU_Experiment_2_heart_big_train to /home/azureuser/mads-exam-fharren/src/fh/../../logs/20250622-142654_run_logs/20250622-142654_GRU_Experiment_2_heart_big_train_best_model.pth (Rel Loss Diff (%): 9.51, Recall: 0.9458, Accuracy: 0.9458).
2025-06-22 15:01:50.208 | INFO     | src.fh.training_framework:run_training:532 - Experiment: GRU_Experiment_2_heart_big_train, Epoch:  9/10, Train Loss: 0.1642, Test Loss: 0.1532, Abs Loss Diff: 0.0110, Rel Loss Diff (%): 7.15, Accuracy: 0.9490, Recall: 0.9490, Precision: 0.9638, F1: 0.9543, Duration: 11.44s, Current LR: 0.001000
2025-06-22 15:01:50.223 | SUCCESS  | src.fh.training_framework:run_training:635 - Saved best model for GRU_Experiment_2_heart_big_train to /home/azureuser/mads-exam-fharren/src/fh/../../logs/20250622-142654_run_logs/20250622-142654_GRU_Experiment_2_heart_big_train_best_model.pth (Rel Loss Diff (%): 7.15, Recall: 0.9490, Accuracy: 0.9490).
2025-06-22 15:02:01.682 | INFO     | src.fh.training_framework:run_training:532 - Experiment: GRU_Experiment_2_heart_big_train, Epoch: 10/10, Train Loss: 0.1573, Test Loss: 0.1938, Abs Loss Diff: 0.0365, Rel Loss Diff (%): 18.84, Accuracy: 0.9388, Recall: 0.9388, Precision: 0.9654, F1: 0.9488, Duration: 11.46s, Current LR: 0.001000
2025-06-22 15:02:01.693 | INFO     | src.fh.training_framework:run_training:658 - Training voor model GRU_Experiment_2_heart_big_train voltooid. Totale duur: 0:01:54.527653
2025-06-22 15:02:01.694 | INFO     | __main__:run_experiment:262 - GRU model training voltooid voor heart_big_train.parq.
2025-06-22 15:02:01.694 | INFO     | __main__:run_experiment:84 - 
--- Start experimenten voor trainingsbestand: heart_big_train_synthetic.parquet (2/2) ---
2025-06-22 15:02:01.695 | INFO     | __main__:run_experiment:91 - Vastgestelde feature count: 187, class count: 5
2025-06-22 15:02:01.695 | INFO     | __main__:run_experiment:98 - Laden van data van /home/azureuser/mads-exam-fharren/src/fh/../../data/heart_big_train_synthetic.parquet en /home/azureuser/mads-exam-fharren/src/fh/../../data/heart_big_test.parq...
2025-06-22 15:02:01.695 | INFO     | src.fh.data_loader:get_data_loaders:93 - Start aanmaken data loaders. Training bestand: /home/azureuser/mads-exam-fharren/src/fh/../../data/heart_big_train_synthetic.parquet, Test bestand: /home/azureuser/mads-exam-fharren/src/fh/../../data/heart_big_test.parq
2025-06-22 15:02:02.234 | INFO     | src.fh.data_loader:get_data_loaders:98 - Succesvol trainingsbestand '/home/azureuser/mads-exam-fharren/src/fh/../../data/heart_big_train_synthetic.parquet' geladen (217411 rijen).
2025-06-22 15:02:02.300 | INFO     | src.fh.data_loader:get_data_loaders:109 - Succesvol testbestand '/home/azureuser/mads-exam-fharren/src/fh/../../data/heart_big_test.parq' geladen (21892 rijen).
2025-06-22 15:02:02.841 | INFO     | src.fh.data_loader:get_data_loaders:132 - StandardScaler getraind op trainingsdata.
2025-06-22 15:02:03.351 | INFO     | src.fh.data_loader:get_data_loaders:141 - Datasets succesvol aangemaakt.
2025-06-22 15:02:03.352 | INFO     | src.fh.data_loader:get_data_loaders:149 - DataLoaders succesvol aangemaakt.
2025-06-22 15:02:03.353 | SUCCESS  | __main__:run_experiment:108 - Data loaders succesvol aangemaakt.
2025-06-22 15:02:03.388 | INFO     | __main__:run_experiment:118 - Berekende klasse-gewichten voor heart_big_train_synthetic.parquet: [0.5999944806098938, 1.2000055313110352, 1.2000055313110352, 1.2000055313110352, 1.2000055313110352]
2025-06-22 15:02:03.388 | INFO     | __main__:run_experiment:132 - Initialiseren van de Trainer...
2025-06-22 15:02:03.397 | INFO     | src.fh.training_framework:__init__:99 - Initializing Trainer. Using device: cpu
2025-06-22 15:02:03.397 | INFO     | src.fh.training_framework:__init__:100 - Logging and outputs for this run will be stored in: /home/azureuser/mads-exam-fharren/src/fh/../../logs/20250622-142654_run_logs
2025-06-22 15:02:03.398 | INFO     | __main__:run_experiment:139 - Trainer succesvol geïnitialiseerd.
2025-06-22 15:02:03.398 | INFO     | __main__:run_experiment:142 - 
--- Start Training Baseline Model ---
2025-06-22 15:02:03.398 | INFO     | src.fh.training_framework:run_training:331 - Starting training run for model: baseline_model, experiment: Baseline_heart_big_train_synthetic
2025-06-22 15:02:03.399 | INFO     | src.fh.model_selector:get_model:26 - Model selector: aanmaken van model 'baseline_model' met config: {'input_size': 187, 'output_size': 5}
2025-06-22 15:02:03.399 | INFO     | src.fh.models.baseline_model:__init__:19 - Initializing BaselineModel...
2025-06-22 15:02:03.403 | INFO     | src.fh.models.baseline_model:__init__:38 - BaselineModel initialized with input_size=187, hidden_size=64, output_size=5.
2025-06-22 15:02:03.404 | INFO     | src.fh.training_framework:run_training:418 - Model 'baseline_model' van experiment 'Baseline_heart_big_train_synthetic' geïnitialiseerd en verplaatst naar cpu.
2025-06-22 15:02:03.405 | INFO     | src.fh.training_framework:run_training:475 - Scheduler is uitgeschakeld in configuratie.
2025-06-22 15:02:03.405 | INFO     | src.fh.training_framework:run_training:506 - Trainingsdataset: heart_big_train_synthetic.parquet, Samples: 217411, Batch grootte: 32, Aantal batches: 6795.
2025-06-22 15:02:03.406 | INFO     | src.fh.training_framework:run_training:507 - Testdataset: heart_big_test.parq, Samples: 21892, Batch grootte: 32, Aantal batches: 685.
2025-06-22 15:02:23.571 | INFO     | src.fh.training_framework:run_training:532 - Experiment: Baseline_heart_big_train_synthetic, Epoch:  1/10, Train Loss: 0.2490, Test Loss: 0.3102, Abs Loss Diff: 0.0611, Rel Loss Diff (%): 19.71, Accuracy: 0.9017, Recall: 0.9017, Precision: 0.9392, F1: 0.9163, Duration: 20.16s, Current LR: 0.001000
2025-06-22 15:02:23.578 | SUCCESS  | src.fh.training_framework:run_training:635 - Saved best model for Baseline_heart_big_train_synthetic to /home/azureuser/mads-exam-fharren/src/fh/../../logs/20250622-142654_run_logs/20250622-142654_Baseline_heart_big_train_synthetic_best_model.pth (Rel Loss Diff (%): 19.71, Recall: 0.9017, Accuracy: 0.9017).
2025-06-22 15:02:43.664 | INFO     | src.fh.training_framework:run_training:532 - Experiment: Baseline_heart_big_train_synthetic, Epoch:  2/10, Train Loss: 0.1448, Test Loss: 0.2283, Abs Loss Diff: 0.0835, Rel Loss Diff (%): 36.59, Accuracy: 0.9313, Recall: 0.9313, Precision: 0.9485, F1: 0.9380, Duration: 20.09s, Current LR: 0.001000
2025-06-22 15:03:03.752 | INFO     | src.fh.training_framework:run_training:532 - Experiment: Baseline_heart_big_train_synthetic, Epoch:  3/10, Train Loss: 0.1231, Test Loss: 0.2615, Abs Loss Diff: 0.1385, Rel Loss Diff (%): 52.94, Accuracy: 0.9213, Recall: 0.9213, Precision: 0.9456, F1: 0.9306, Duration: 20.07s, Current LR: 0.001000
2025-06-22 15:03:23.526 | INFO     | src.fh.training_framework:run_training:532 - Experiment: Baseline_heart_big_train_synthetic, Epoch:  4/10, Train Loss: 0.1128, Test Loss: 0.2187, Abs Loss Diff: 0.1060, Rel Loss Diff (%): 48.45, Accuracy: 0.9366, Recall: 0.9366, Precision: 0.9489, F1: 0.9412, Duration: 19.76s, Current LR: 0.001000
2025-06-22 15:03:43.318 | INFO     | src.fh.training_framework:run_training:532 - Experiment: Baseline_heart_big_train_synthetic, Epoch:  5/10, Train Loss: 0.1038, Test Loss: 0.1951, Abs Loss Diff: 0.0913, Rel Loss Diff (%): 46.80, Accuracy: 0.9440, Recall: 0.9440, Precision: 0.9526, F1: 0.9473, Duration: 19.78s, Current LR: 0.001000
2025-06-22 15:04:03.429 | INFO     | src.fh.training_framework:run_training:532 - Experiment: Baseline_heart_big_train_synthetic, Epoch:  6/10, Train Loss: 0.0987, Test Loss: 0.2473, Abs Loss Diff: 0.1487, Rel Loss Diff (%): 60.10, Accuracy: 0.9249, Recall: 0.9249, Precision: 0.9444, F1: 0.9321, Duration: 20.10s, Current LR: 0.001000
2025-06-22 15:04:23.777 | INFO     | src.fh.training_framework:run_training:532 - Experiment: Baseline_heart_big_train_synthetic, Epoch:  7/10, Train Loss: 0.0943, Test Loss: 0.1909, Abs Loss Diff: 0.0966, Rel Loss Diff (%): 50.59, Accuracy: 0.9479, Recall: 0.9479, Precision: 0.9550, F1: 0.9505, Duration: 20.34s, Current LR: 0.001000
2025-06-22 15:04:43.550 | INFO     | src.fh.training_framework:run_training:532 - Experiment: Baseline_heart_big_train_synthetic, Epoch:  8/10, Train Loss: 0.0897, Test Loss: 0.2620, Abs Loss Diff: 0.1723, Rel Loss Diff (%): 65.77, Accuracy: 0.9208, Recall: 0.9208, Precision: 0.9501, F1: 0.9317, Duration: 19.76s, Current LR: 0.001000
2025-06-22 15:05:03.708 | INFO     | src.fh.training_framework:run_training:532 - Experiment: Baseline_heart_big_train_synthetic, Epoch:  9/10, Train Loss: 0.0874, Test Loss: 0.2002, Abs Loss Diff: 0.1128, Rel Loss Diff (%): 56.36, Accuracy: 0.9430, Recall: 0.9430, Precision: 0.9554, F1: 0.9477, Duration: 20.15s, Current LR: 0.001000
2025-06-22 15:05:23.460 | INFO     | src.fh.training_framework:run_training:532 - Experiment: Baseline_heart_big_train_synthetic, Epoch: 10/10, Train Loss: 0.0853, Test Loss: 0.1918, Abs Loss Diff: 0.1065, Rel Loss Diff (%): 55.55, Accuracy: 0.9456, Recall: 0.9456, Precision: 0.9562, F1: 0.9497, Duration: 19.74s, Current LR: 0.001000
2025-06-22 15:05:23.472 | INFO     | src.fh.training_framework:run_training:658 - Training voor model Baseline_heart_big_train_synthetic voltooid. Totale duur: 0:03:20.073492
2025-06-22 15:05:23.474 | INFO     | __main__:run_experiment:156 - Baseline model training voltooid voor heart_big_train_synthetic.parquet.
2025-06-22 15:05:23.475 | INFO     | __main__:run_experiment:159 - 
--- Start Training CNN Model (Hyperparameter Tuning) ---
2025-06-22 15:05:23.475 | INFO     | __main__:run_experiment:171 - 
--- Uitvoeren CNN Experiment 1/2 voor heart_big_train_synthetic.parquet ---
2025-06-22 15:05:23.475 | INFO     | __main__:run_experiment:184 - Berekende CNN input_size_after_flattening voor lineaire laag: 1472
2025-06-22 15:05:23.475 | INFO     | src.fh.training_framework:run_training:331 - Starting training run for model: cnn_model, experiment: CNN_Experiment_1_heart_big_train_synthetic
2025-06-22 15:05:23.476 | INFO     | src.fh.model_selector:get_model:26 - Model selector: aanmaken van model 'cnn_model' met config: {'input_channels': 1, 'hidden_size': 32, 'num_layers': 2, 'output_size': 5, 'conv_filters': [16, 32], 'kernel_size': 3, 'use_dropout': False, 'dropout_rate': 0.5, 'num_features': 187, 'input_size_after_flattening': 1472}
2025-06-22 15:05:23.476 | INFO     | src.fh.models.cnn_model:__init__:21 - Initializing CNNModel...
2025-06-22 15:05:23.479 | INFO     | src.fh.models.cnn_model:__init__:77 - CNNModel initialized. Total parameters: 48933
2025-06-22 15:05:23.480 | INFO     | src.fh.training_framework:run_training:418 - Model 'cnn_model' van experiment 'CNN_Experiment_1_heart_big_train_synthetic' geïnitialiseerd en verplaatst naar cpu.
2025-06-22 15:05:23.481 | INFO     | src.fh.training_framework:run_training:475 - Scheduler is uitgeschakeld in configuratie.
2025-06-22 15:05:23.481 | INFO     | src.fh.training_framework:run_training:506 - Trainingsdataset: heart_big_train_synthetic.parquet, Samples: 217411, Batch grootte: 32, Aantal batches: 6795.
2025-06-22 15:05:23.481 | INFO     | src.fh.training_framework:run_training:507 - Testdataset: heart_big_test.parq, Samples: 21892, Batch grootte: 32, Aantal batches: 685.
2025-06-22 15:05:56.097 | INFO     | src.fh.training_framework:run_training:532 - Experiment: CNN_Experiment_1_heart_big_train_synthetic, Epoch:  1/10, Train Loss: 0.1694, Test Loss: 0.1806, Abs Loss Diff: 0.0112, Rel Loss Diff (%): 6.18, Accuracy: 0.9450, Recall: 0.9450, Precision: 0.9584, F1: 0.9502, Duration: 32.62s, Current LR: 0.001000
2025-06-22 15:05:56.106 | SUCCESS  | src.fh.training_framework:run_training:635 - Saved best model for CNN_Experiment_1_heart_big_train_synthetic to /home/azureuser/mads-exam-fharren/src/fh/../../logs/20250622-142654_run_logs/20250622-142654_CNN_Experiment_1_heart_big_train_synthetic_best_model.pth (Rel Loss Diff (%): 6.18, Recall: 0.9450, Accuracy: 0.9450).
2025-06-22 15:06:29.642 | INFO     | src.fh.training_framework:run_training:532 - Experiment: CNN_Experiment_1_heart_big_train_synthetic, Epoch:  2/10, Train Loss: 0.0675, Test Loss: 0.1395, Abs Loss Diff: 0.0720, Rel Loss Diff (%): 51.59, Accuracy: 0.9583, Recall: 0.9583, Precision: 0.9637, F1: 0.9603, Duration: 33.54s, Current LR: 0.001000
2025-06-22 15:07:02.636 | INFO     | src.fh.training_framework:run_training:532 - Experiment: CNN_Experiment_1_heart_big_train_synthetic, Epoch:  3/10, Train Loss: 0.0497, Test Loss: 0.1201, Abs Loss Diff: 0.0703, Rel Loss Diff (%): 58.59, Accuracy: 0.9667, Recall: 0.9667, Precision: 0.9697, F1: 0.9679, Duration: 32.98s, Current LR: 0.001000
2025-06-22 15:07:36.067 | INFO     | src.fh.training_framework:run_training:532 - Experiment: CNN_Experiment_1_heart_big_train_synthetic, Epoch:  4/10, Train Loss: 0.0403, Test Loss: 0.1009, Abs Loss Diff: 0.0606, Rel Loss Diff (%): 60.09, Accuracy: 0.9748, Recall: 0.9748, Precision: 0.9751, F1: 0.9749, Duration: 33.42s, Current LR: 0.001000
2025-06-22 15:08:09.751 | INFO     | src.fh.training_framework:run_training:532 - Experiment: CNN_Experiment_1_heart_big_train_synthetic, Epoch:  5/10, Train Loss: 0.0340, Test Loss: 0.1122, Abs Loss Diff: 0.0782, Rel Loss Diff (%): 69.68, Accuracy: 0.9689, Recall: 0.9689, Precision: 0.9725, F1: 0.9703, Duration: 33.67s, Current LR: 0.001000
2025-06-22 15:08:42.308 | INFO     | src.fh.training_framework:run_training:532 - Experiment: CNN_Experiment_1_heart_big_train_synthetic, Epoch:  6/10, Train Loss: 0.0297, Test Loss: 0.1235, Abs Loss Diff: 0.0937, Rel Loss Diff (%): 75.91, Accuracy: 0.9659, Recall: 0.9659, Precision: 0.9702, F1: 0.9675, Duration: 32.54s, Current LR: 0.001000
2025-06-22 15:09:15.364 | INFO     | src.fh.training_framework:run_training:532 - Experiment: CNN_Experiment_1_heart_big_train_synthetic, Epoch:  7/10, Train Loss: 0.0265, Test Loss: 0.1046, Abs Loss Diff: 0.0781, Rel Loss Diff (%): 74.65, Accuracy: 0.9730, Recall: 0.9730, Precision: 0.9745, F1: 0.9735, Duration: 33.04s, Current LR: 0.001000
2025-06-22 15:09:48.506 | INFO     | src.fh.training_framework:run_training:532 - Experiment: CNN_Experiment_1_heart_big_train_synthetic, Epoch:  8/10, Train Loss: 0.0233, Test Loss: 0.1192, Abs Loss Diff: 0.0959, Rel Loss Diff (%): 80.46, Accuracy: 0.9683, Recall: 0.9683, Precision: 0.9719, F1: 0.9696, Duration: 33.13s, Current LR: 0.001000
2025-06-22 15:10:21.875 | INFO     | src.fh.training_framework:run_training:532 - Experiment: CNN_Experiment_1_heart_big_train_synthetic, Epoch:  9/10, Train Loss: 0.0216, Test Loss: 0.0983, Abs Loss Diff: 0.0767, Rel Loss Diff (%): 78.07, Accuracy: 0.9779, Recall: 0.9779, Precision: 0.9776, F1: 0.9777, Duration: 33.35s, Current LR: 0.001000
2025-06-22 15:10:55.787 | INFO     | src.fh.training_framework:run_training:532 - Experiment: CNN_Experiment_1_heart_big_train_synthetic, Epoch: 10/10, Train Loss: 0.0196, Test Loss: 0.1145, Abs Loss Diff: 0.0949, Rel Loss Diff (%): 82.90, Accuracy: 0.9740, Recall: 0.9740, Precision: 0.9749, F1: 0.9743, Duration: 33.90s, Current LR: 0.001000
2025-06-22 15:10:55.802 | INFO     | src.fh.training_framework:run_training:658 - Training voor model CNN_Experiment_1_heart_big_train_synthetic voltooid. Totale duur: 0:05:32.325953
2025-06-22 15:10:55.803 | INFO     | __main__:run_experiment:171 - 
--- Uitvoeren CNN Experiment 2/2 voor heart_big_train_synthetic.parquet ---
2025-06-22 15:10:55.803 | INFO     | __main__:run_experiment:184 - Berekende CNN input_size_after_flattening voor lineaire laag: 2944
2025-06-22 15:10:55.803 | INFO     | src.fh.training_framework:run_training:331 - Starting training run for model: cnn_model, experiment: CNN_Experiment_2_heart_big_train_synthetic
2025-06-22 15:10:55.803 | INFO     | src.fh.model_selector:get_model:26 - Model selector: aanmaken van model 'cnn_model' met config: {'input_channels': 1, 'hidden_size': 64, 'num_layers': 2, 'output_size': 5, 'conv_filters': [32, 64], 'kernel_size': 5, 'use_dropout': True, 'dropout_rate': 0.3, 'num_features': 187, 'input_size_after_flattening': 2944}
2025-06-22 15:10:55.804 | INFO     | src.fh.models.cnn_model:__init__:21 - Initializing CNNModel...
2025-06-22 15:10:55.808 | INFO     | src.fh.models.cnn_model:__init__:77 - CNNModel initialized. Total parameters: 199301
2025-06-22 15:10:55.809 | INFO     | src.fh.training_framework:run_training:418 - Model 'cnn_model' van experiment 'CNN_Experiment_2_heart_big_train_synthetic' geïnitialiseerd en verplaatst naar cpu.
2025-06-22 15:10:55.809 | INFO     | src.fh.training_framework:run_training:475 - Scheduler is uitgeschakeld in configuratie.
2025-06-22 15:10:55.810 | INFO     | src.fh.training_framework:run_training:506 - Trainingsdataset: heart_big_train_synthetic.parquet, Samples: 217411, Batch grootte: 32, Aantal batches: 6795.
2025-06-22 15:10:55.810 | INFO     | src.fh.training_framework:run_training:507 - Testdataset: heart_big_test.parq, Samples: 21892, Batch grootte: 32, Aantal batches: 685.
2025-06-22 15:11:52.486 | INFO     | src.fh.training_framework:run_training:532 - Experiment: CNN_Experiment_2_heart_big_train_synthetic, Epoch:  1/10, Train Loss: 0.1505, Test Loss: 0.1329, Abs Loss Diff: 0.0175, Rel Loss Diff (%): 13.20, Accuracy: 0.9628, Recall: 0.9628, Precision: 0.9656, F1: 0.9638, Duration: 56.68s, Current LR: 0.001000
2025-06-22 15:11:52.496 | SUCCESS  | src.fh.training_framework:run_training:635 - Saved best model for CNN_Experiment_2_heart_big_train_synthetic to /home/azureuser/mads-exam-fharren/src/fh/../../logs/20250622-142654_run_logs/20250622-142654_CNN_Experiment_2_heart_big_train_synthetic_best_model.pth (Rel Loss Diff (%): 13.20, Recall: 0.9628, Accuracy: 0.9628).
2025-06-22 15:12:49.525 | INFO     | src.fh.training_framework:run_training:532 - Experiment: CNN_Experiment_2_heart_big_train_synthetic, Epoch:  2/10, Train Loss: 0.0620, Test Loss: 0.1266, Abs Loss Diff: 0.0646, Rel Loss Diff (%): 51.02, Accuracy: 0.9614, Recall: 0.9614, Precision: 0.9692, F1: 0.9643, Duration: 57.03s, Current LR: 0.001000
2025-06-22 15:13:46.525 | INFO     | src.fh.training_framework:run_training:532 - Experiment: CNN_Experiment_2_heart_big_train_synthetic, Epoch:  3/10, Train Loss: 0.0461, Test Loss: 0.0979, Abs Loss Diff: 0.0518, Rel Loss Diff (%): 52.86, Accuracy: 0.9734, Recall: 0.9734, Precision: 0.9746, F1: 0.9739, Duration: 56.99s, Current LR: 0.001000
2025-06-22 15:14:43.746 | INFO     | src.fh.training_framework:run_training:532 - Experiment: CNN_Experiment_2_heart_big_train_synthetic, Epoch:  4/10, Train Loss: 0.0381, Test Loss: 0.0827, Abs Loss Diff: 0.0446, Rel Loss Diff (%): 53.89, Accuracy: 0.9774, Recall: 0.9774, Precision: 0.9771, F1: 0.9772, Duration: 57.21s, Current LR: 0.001000
2025-06-22 15:15:41.841 | INFO     | src.fh.training_framework:run_training:532 - Experiment: CNN_Experiment_2_heart_big_train_synthetic, Epoch:  5/10, Train Loss: 0.0325, Test Loss: 0.0870, Abs Loss Diff: 0.0545, Rel Loss Diff (%): 62.64, Accuracy: 0.9772, Recall: 0.9772, Precision: 0.9776, F1: 0.9773, Duration: 58.08s, Current LR: 0.001000
2025-06-22 15:16:39.155 | INFO     | src.fh.training_framework:run_training:532 - Experiment: CNN_Experiment_2_heart_big_train_synthetic, Epoch:  6/10, Train Loss: 0.0296, Test Loss: 0.0917, Abs Loss Diff: 0.0621, Rel Loss Diff (%): 67.73, Accuracy: 0.9793, Recall: 0.9793, Precision: 0.9792, F1: 0.9792, Duration: 57.30s, Current LR: 0.001000
2025-06-22 15:17:36.740 | INFO     | src.fh.training_framework:run_training:532 - Experiment: CNN_Experiment_2_heart_big_train_synthetic, Epoch:  7/10, Train Loss: 0.0273, Test Loss: 0.0834, Abs Loss Diff: 0.0561, Rel Loss Diff (%): 67.23, Accuracy: 0.9780, Recall: 0.9780, Precision: 0.9788, F1: 0.9783, Duration: 57.57s, Current LR: 0.001000
2025-06-22 15:18:34.808 | INFO     | src.fh.training_framework:run_training:532 - Experiment: CNN_Experiment_2_heart_big_train_synthetic, Epoch:  8/10, Train Loss: 0.0242, Test Loss: 0.1112, Abs Loss Diff: 0.0870, Rel Loss Diff (%): 78.20, Accuracy: 0.9714, Recall: 0.9714, Precision: 0.9744, F1: 0.9725, Duration: 58.05s, Current LR: 0.001000
2025-06-22 15:19:33.303 | INFO     | src.fh.training_framework:run_training:532 - Experiment: CNN_Experiment_2_heart_big_train_synthetic, Epoch:  9/10, Train Loss: 0.0245, Test Loss: 0.0963, Abs Loss Diff: 0.0718, Rel Loss Diff (%): 74.52, Accuracy: 0.9745, Recall: 0.9745, Precision: 0.9768, F1: 0.9753, Duration: 58.48s, Current LR: 0.001000
2025-06-22 15:20:33.766 | INFO     | src.fh.training_framework:run_training:532 - Experiment: CNN_Experiment_2_heart_big_train_synthetic, Epoch: 10/10, Train Loss: 0.0227, Test Loss: 0.0902, Abs Loss Diff: 0.0675, Rel Loss Diff (%): 74.80, Accuracy: 0.9783, Recall: 0.9783, Precision: 0.9790, F1: 0.9786, Duration: 60.45s, Current LR: 0.001000
2025-06-22 15:20:33.778 | INFO     | src.fh.training_framework:run_training:658 - Training voor model CNN_Experiment_2_heart_big_train_synthetic voltooid. Totale duur: 0:09:37.974636
2025-06-22 15:20:33.779 | INFO     | __main__:run_experiment:194 - CNN model training voltooid voor heart_big_train_synthetic.parquet.
2025-06-22 15:20:33.780 | INFO     | __main__:run_experiment:198 - 
--- Start Training CNN_SE_Skip Model (Hyperparameter Tuning) ---
2025-06-22 15:20:33.780 | INFO     | __main__:run_experiment:210 - 
--- Uitvoeren CNN_SE_Skip Experiment 1/2 voor heart_big_train_synthetic.parquet ---
2025-06-22 15:20:33.780 | INFO     | __main__:run_experiment:225 - Berekende CNN_SE_Skip input_size_after_flattening voor lineaire laag: 1472
2025-06-22 15:20:33.780 | INFO     | src.fh.training_framework:run_training:331 - Starting training run for model: cnn_se_skip_model, experiment: CNN_SE_Skip_Experiment_1_heart_big_train_synthetic
2025-06-22 15:20:33.780 | INFO     | src.fh.model_selector:get_model:26 - Model selector: aanmaken van model 'cnn_se_skip_model' met config: {'input_channels': 1, 'hidden_size': 64, 'num_layers': 2, 'output_size': 5, 'conv_filters_per_block': 32, 'kernel_size_per_block': 3, 'use_dropout': False, 'dropout_rate': 0.3, 'reduction_ratio': 8, 'num_features': 187, 'input_size_after_flattening': 1472}
2025-06-22 15:20:33.785 | INFO     | src.fh.training_framework:run_training:418 - Model 'cnn_se_skip_model' van experiment 'CNN_SE_Skip_Experiment_1_heart_big_train_synthetic' geïnitialiseerd en verplaatst naar cpu.
2025-06-22 15:20:33.786 | INFO     | src.fh.training_framework:run_training:475 - Scheduler is uitgeschakeld in configuratie.
2025-06-22 15:20:33.786 | INFO     | src.fh.training_framework:run_training:506 - Trainingsdataset: heart_big_train_synthetic.parquet, Samples: 217411, Batch grootte: 32, Aantal batches: 6795.
2025-06-22 15:20:33.786 | INFO     | src.fh.training_framework:run_training:507 - Testdataset: heart_big_test.parq, Samples: 21892, Batch grootte: 32, Aantal batches: 685.
2025-06-22 15:21:45.320 | INFO     | src.fh.training_framework:run_training:532 - Experiment: CNN_SE_Skip_Experiment_1_heart_big_train_synthetic, Epoch:  1/10, Train Loss: 0.9838, Test Loss: 0.9865, Abs Loss Diff: 0.0027, Rel Loss Diff (%): 0.27, Accuracy: 0.9181, Recall: 0.9181, Precision: 0.9406, F1: 0.9266, Duration: 71.53s, Current LR: 0.001000
2025-06-22 15:23:08.891 | INFO     | src.fh.training_framework:run_training:532 - Experiment: CNN_SE_Skip_Experiment_1_heart_big_train_synthetic, Epoch:  2/10, Train Loss: 0.9441, Test Loss: 0.9740, Abs Loss Diff: 0.0299, Rel Loss Diff (%): 3.07, Accuracy: 0.9306, Recall: 0.9306, Precision: 0.9532, F1: 0.9395, Duration: 83.56s, Current LR: 0.001000
2025-06-22 15:24:43.678 | INFO     | src.fh.training_framework:run_training:532 - Experiment: CNN_SE_Skip_Experiment_1_heart_big_train_synthetic, Epoch:  3/10, Train Loss: 0.9374, Test Loss: 0.9608, Abs Loss Diff: 0.0234, Rel Loss Diff (%): 2.44, Accuracy: 0.9439, Recall: 0.9439, Precision: 0.9559, F1: 0.9484, Duration: 94.77s, Current LR: 0.001000
2025-06-22 15:26:19.693 | INFO     | src.fh.training_framework:run_training:532 - Experiment: CNN_SE_Skip_Experiment_1_heart_big_train_synthetic, Epoch:  4/10, Train Loss: 0.9324, Test Loss: 0.9761, Abs Loss Diff: 0.0436, Rel Loss Diff (%): 4.47, Accuracy: 0.9285, Recall: 0.9285, Precision: 0.9525, F1: 0.9372, Duration: 96.00s, Current LR: 0.001000
2025-06-22 15:27:55.985 | INFO     | src.fh.training_framework:run_training:532 - Experiment: CNN_SE_Skip_Experiment_1_heart_big_train_synthetic, Epoch:  5/10, Train Loss: 0.9299, Test Loss: 0.9478, Abs Loss Diff: 0.0179, Rel Loss Diff (%): 1.89, Accuracy: 0.9568, Recall: 0.9568, Precision: 0.9615, F1: 0.9587, Duration: 96.28s, Current LR: 0.001000
2025-06-22 15:29:34.748 | INFO     | src.fh.training_framework:run_training:532 - Experiment: CNN_SE_Skip_Experiment_1_heart_big_train_synthetic, Epoch:  6/10, Train Loss: 0.9273, Test Loss: 0.9549, Abs Loss Diff: 0.0276, Rel Loss Diff (%): 2.89, Accuracy: 0.9494, Recall: 0.9494, Precision: 0.9583, F1: 0.9528, Duration: 98.75s, Current LR: 0.001000
2025-06-22 15:31:16.994 | INFO     | src.fh.training_framework:run_training:532 - Experiment: CNN_SE_Skip_Experiment_1_heart_big_train_synthetic, Epoch:  7/10, Train Loss: 0.9256, Test Loss: 0.9467, Abs Loss Diff: 0.0211, Rel Loss Diff (%): 2.23, Accuracy: 0.9577, Recall: 0.9577, Precision: 0.9617, F1: 0.9592, Duration: 102.23s, Current LR: 0.001000
2025-06-22 15:33:02.223 | INFO     | src.fh.training_framework:run_training:532 - Experiment: CNN_SE_Skip_Experiment_1_heart_big_train_synthetic, Epoch:  8/10, Train Loss: 0.9244, Test Loss: 0.9491, Abs Loss Diff: 0.0247, Rel Loss Diff (%): 2.60, Accuracy: 0.9552, Recall: 0.9552, Precision: 0.9592, F1: 0.9567, Duration: 105.21s, Current LR: 0.001000
2025-06-22 15:34:53.575 | INFO     | src.fh.training_framework:run_training:532 - Experiment: CNN_SE_Skip_Experiment_1_heart_big_train_synthetic, Epoch:  9/10, Train Loss: 0.9239, Test Loss: 0.9515, Abs Loss Diff: 0.0277, Rel Loss Diff (%): 2.91, Accuracy: 0.9528, Recall: 0.9528, Precision: 0.9617, F1: 0.9561, Duration: 111.34s, Current LR: 0.001000
2025-06-22 15:36:46.679 | INFO     | src.fh.training_framework:run_training:532 - Experiment: CNN_SE_Skip_Experiment_1_heart_big_train_synthetic, Epoch: 10/10, Train Loss: 0.9227, Test Loss: 0.9410, Abs Loss Diff: 0.0183, Rel Loss Diff (%): 1.94, Accuracy: 0.9639, Recall: 0.9639, Precision: 0.9651, F1: 0.9644, Duration: 113.09s, Current LR: 0.001000
2025-06-22 15:36:46.693 | INFO     | src.fh.training_framework:run_training:658 - Training voor model CNN_SE_Skip_Experiment_1_heart_big_train_synthetic voltooid. Totale duur: 0:16:12.912243
2025-06-22 15:36:46.694 | INFO     | __main__:run_experiment:210 - 
--- Uitvoeren CNN_SE_Skip Experiment 2/2 voor heart_big_train_synthetic.parquet ---
2025-06-22 15:36:46.694 | INFO     | __main__:run_experiment:225 - Berekende CNN_SE_Skip input_size_after_flattening voor lineaire laag: 1472
2025-06-22 15:36:46.695 | INFO     | src.fh.training_framework:run_training:331 - Starting training run for model: cnn_se_skip_model, experiment: CNN_SE_Skip_Experiment_2_heart_big_train_synthetic
2025-06-22 15:36:46.695 | INFO     | src.fh.model_selector:get_model:26 - Model selector: aanmaken van model 'cnn_se_skip_model' met config: {'input_channels': 1, 'hidden_size': 128, 'num_layers': 3, 'output_size': 5, 'conv_filters_per_block': 64, 'kernel_size_per_block': 5, 'use_dropout': True, 'dropout_rate': 0.4, 'reduction_ratio': 16, 'num_features': 187, 'input_size_after_flattening': 1472}
2025-06-22 15:36:46.701 | INFO     | src.fh.training_framework:run_training:418 - Model 'cnn_se_skip_model' van experiment 'CNN_SE_Skip_Experiment_2_heart_big_train_synthetic' geïnitialiseerd en verplaatst naar cpu.
2025-06-22 15:36:46.701 | INFO     | src.fh.training_framework:run_training:475 - Scheduler is uitgeschakeld in configuratie.
2025-06-22 15:36:46.702 | INFO     | src.fh.training_framework:run_training:506 - Trainingsdataset: heart_big_train_synthetic.parquet, Samples: 217411, Batch grootte: 32, Aantal batches: 6795.
2025-06-22 15:36:46.702 | INFO     | src.fh.training_framework:run_training:507 - Testdataset: heart_big_test.parq, Samples: 21892, Batch grootte: 32, Aantal batches: 685.
2025-06-22 15:41:18.120 | INFO     | src.fh.training_framework:run_training:532 - Experiment: CNN_SE_Skip_Experiment_2_heart_big_train_synthetic, Epoch:  1/10, Train Loss: 1.0858, Test Loss: 1.0543, Abs Loss Diff: 0.0314, Rel Loss Diff (%): 2.98, Accuracy: 0.8502, Recall: 0.8502, Precision: 0.9093, F1: 0.8711, Duration: 271.42s, Current LR: 0.001000
2025-06-22 15:41:18.131 | SUCCESS  | src.fh.training_framework:run_training:635 - Saved best model for CNN_SE_Skip_Experiment_2_heart_big_train_synthetic to /home/azureuser/mads-exam-fharren/src/fh/../../logs/20250622-142654_run_logs/20250622-142654_CNN_SE_Skip_Experiment_2_heart_big_train_synthetic_best_model.pth (Rel Loss Diff (%): 2.98, Recall: 0.8502, Accuracy: 0.8502).
2025-06-22 15:46:10.344 | INFO     | src.fh.training_framework:run_training:532 - Experiment: CNN_SE_Skip_Experiment_2_heart_big_train_synthetic, Epoch:  2/10, Train Loss: 1.0360, Test Loss: 1.0361, Abs Loss Diff: 0.0001, Rel Loss Diff (%): 0.01, Accuracy: 0.8684, Recall: 0.8684, Precision: 0.9162, F1: 0.8858, Duration: 292.21s, Current LR: 0.001000
2025-06-22 15:50:23.414 | INFO     | src.fh.training_framework:run_training:532 - Experiment: CNN_SE_Skip_Experiment_2_heart_big_train_synthetic, Epoch:  3/10, Train Loss: 1.0340, Test Loss: 1.0727, Abs Loss Diff: 0.0387, Rel Loss Diff (%): 3.60, Accuracy: 0.8319, Recall: 0.8319, Precision: 0.9042, F1: 0.8548, Duration: 253.06s, Current LR: 0.001000
2025-06-22 15:54:19.380 | INFO     | src.fh.training_framework:run_training:532 - Experiment: CNN_SE_Skip_Experiment_2_heart_big_train_synthetic, Epoch:  4/10, Train Loss: 1.0402, Test Loss: 1.0523, Abs Loss Diff: 0.0121, Rel Loss Diff (%): 1.15, Accuracy: 0.8525, Recall: 0.8525, Precision: 0.9172, F1: 0.8768, Duration: 235.95s, Current LR: 0.001000
2025-06-22 15:58:09.902 | INFO     | src.fh.training_framework:run_training:532 - Experiment: CNN_SE_Skip_Experiment_2_heart_big_train_synthetic, Epoch:  5/10, Train Loss: 1.0328, Test Loss: 1.0761, Abs Loss Diff: 0.0433, Rel Loss Diff (%): 4.02, Accuracy: 0.8285, Recall: 0.8285, Precision: 0.9140, F1: 0.8577, Duration: 230.51s, Current LR: 0.001000
2025-06-22 16:01:56.990 | INFO     | src.fh.training_framework:run_training:532 - Experiment: CNN_SE_Skip_Experiment_2_heart_big_train_synthetic, Epoch:  6/10, Train Loss: 1.0355, Test Loss: 1.0485, Abs Loss Diff: 0.0130, Rel Loss Diff (%): 1.24, Accuracy: 0.8563, Recall: 0.8563, Precision: 0.9244, F1: 0.8824, Duration: 227.07s, Current LR: 0.001000
2025-06-22 16:05:37.467 | INFO     | src.fh.training_framework:run_training:532 - Experiment: CNN_SE_Skip_Experiment_2_heart_big_train_synthetic, Epoch:  7/10, Train Loss: 1.0337, Test Loss: 1.0629, Abs Loss Diff: 0.0292, Rel Loss Diff (%): 2.75, Accuracy: 0.8418, Recall: 0.8418, Precision: 0.9183, F1: 0.8711, Duration: 220.46s, Current LR: 0.001000
2025-06-22 16:09:18.560 | INFO     | src.fh.training_framework:run_training:532 - Experiment: CNN_SE_Skip_Experiment_2_heart_big_train_synthetic, Epoch:  8/10, Train Loss: 1.0343, Test Loss: 1.0625, Abs Loss Diff: 0.0282, Rel Loss Diff (%): 2.66, Accuracy: 0.8422, Recall: 0.8422, Precision: 0.9151, F1: 0.8678, Duration: 221.08s, Current LR: 0.001000
2025-06-22 16:12:59.026 | INFO     | src.fh.training_framework:run_training:532 - Experiment: CNN_SE_Skip_Experiment_2_heart_big_train_synthetic, Epoch:  9/10, Train Loss: 1.0358, Test Loss: 1.0293, Abs Loss Diff: 0.0065, Rel Loss Diff (%): 0.64, Accuracy: 0.8755, Recall: 0.8755, Precision: 0.9285, F1: 0.8962, Duration: 220.45s, Current LR: 0.001000
2025-06-22 16:12:59.042 | SUCCESS  | src.fh.training_framework:run_training:635 - Saved best model for CNN_SE_Skip_Experiment_2_heart_big_train_synthetic to /home/azureuser/mads-exam-fharren/src/fh/../../logs/20250622-142654_run_logs/20250622-142654_CNN_SE_Skip_Experiment_2_heart_big_train_synthetic_best_model.pth (Rel Loss Diff (%): 0.64, Recall: 0.8755, Accuracy: 0.8755).
2025-06-22 16:16:38.338 | INFO     | src.fh.training_framework:run_training:532 - Experiment: CNN_SE_Skip_Experiment_2_heart_big_train_synthetic, Epoch: 10/10, Train Loss: 1.0341, Test Loss: 1.0296, Abs Loss Diff: 0.0046, Rel Loss Diff (%): 0.44, Accuracy: 0.8753, Recall: 0.8753, Precision: 0.9246, F1: 0.8941, Duration: 219.30s, Current LR: 0.001000
2025-06-22 16:16:38.355 | SUCCESS  | src.fh.training_framework:run_training:635 - Saved best model for CNN_SE_Skip_Experiment_2_heart_big_train_synthetic to /home/azureuser/mads-exam-fharren/src/fh/../../logs/20250622-142654_run_logs/20250622-142654_CNN_SE_Skip_Experiment_2_heart_big_train_synthetic_best_model.pth (Rel Loss Diff (%): 0.44, Recall: 0.8753, Accuracy: 0.8753).
2025-06-22 16:16:38.356 | INFO     | src.fh.training_framework:run_training:658 - Training voor model CNN_SE_Skip_Experiment_2_heart_big_train_synthetic voltooid. Totale duur: 0:39:51.660881
2025-06-22 16:16:38.357 | INFO     | __main__:run_experiment:235 - CNN_SE_Skip model training voltooid voor heart_big_train_synthetic.parquet.
2025-06-22 16:16:38.357 | INFO     | __main__:run_experiment:241 - 
--- Start Training GRU Model (Hyperparameter Tuning) ---
2025-06-22 16:16:38.358 | INFO     | __main__:run_experiment:252 - 
--- Uitvoeren GRU Experiment 1/2 voor heart_big_train_synthetic.parquet ---
2025-06-22 16:16:38.358 | INFO     | src.fh.training_framework:run_training:331 - Starting training run for model: gru_model, experiment: GRU_Experiment_1_heart_big_train_synthetic
2025-06-22 16:16:38.358 | INFO     | src.fh.model_selector:get_model:26 - Model selector: aanmaken van model 'gru_model' met config: {'input_size': 187, 'hidden_size': 64, 'num_layers': 1, 'output_size': 5, 'dropout': 0.0}
2025-06-22 16:16:38.358 | INFO     | src.fh.models.gru_model:__init__:20 - Initializing GRUModel...
2025-06-22 16:16:38.361 | INFO     | src.fh.models.gru_model:__init__:64 - GRUModel initialized. Total parameters: 48901
2025-06-22 16:16:38.362 | INFO     | src.fh.training_framework:run_training:418 - Model 'gru_model' van experiment 'GRU_Experiment_1_heart_big_train_synthetic' geïnitialiseerd en verplaatst naar cpu.
2025-06-22 16:16:38.362 | INFO     | src.fh.training_framework:run_training:475 - Scheduler is uitgeschakeld in configuratie.
2025-06-22 16:16:38.362 | INFO     | src.fh.training_framework:run_training:506 - Trainingsdataset: heart_big_train_synthetic.parquet, Samples: 217411, Batch grootte: 32, Aantal batches: 6795.
2025-06-22 16:16:38.363 | INFO     | src.fh.training_framework:run_training:507 - Testdataset: heart_big_test.parq, Samples: 21892, Batch grootte: 32, Aantal batches: 685.
2025-06-22 16:16:54.076 | INFO     | src.fh.training_framework:run_training:532 - Experiment: GRU_Experiment_1_heart_big_train_synthetic, Epoch:  1/10, Train Loss: 0.2108, Test Loss: 0.2085, Abs Loss Diff: 0.0024, Rel Loss Diff (%): 1.14, Accuracy: 0.9329, Recall: 0.9329, Precision: 0.9496, F1: 0.9393, Duration: 15.71s, Current LR: 0.001000
2025-06-22 16:16:54.084 | SUCCESS  | src.fh.training_framework:run_training:635 - Saved best model for GRU_Experiment_1_heart_big_train_synthetic to /home/azureuser/mads-exam-fharren/src/fh/../../logs/20250622-142654_run_logs/20250622-142654_GRU_Experiment_1_heart_big_train_synthetic_best_model.pth (Rel Loss Diff (%): 1.14, Recall: 0.9329, Accuracy: 0.9329).
2025-06-22 16:17:09.636 | INFO     | src.fh.training_framework:run_training:532 - Experiment: GRU_Experiment_1_heart_big_train_synthetic, Epoch:  2/10, Train Loss: 0.1056, Test Loss: 0.1533, Abs Loss Diff: 0.0477, Rel Loss Diff (%): 31.11, Accuracy: 0.9537, Recall: 0.9537, Precision: 0.9583, F1: 0.9555, Duration: 15.55s, Current LR: 0.001000
2025-06-22 16:17:25.258 | INFO     | src.fh.training_framework:run_training:532 - Experiment: GRU_Experiment_1_heart_big_train_synthetic, Epoch:  3/10, Train Loss: 0.0864, Test Loss: 0.1747, Abs Loss Diff: 0.0883, Rel Loss Diff (%): 50.54, Accuracy: 0.9460, Recall: 0.9460, Precision: 0.9569, F1: 0.9500, Duration: 15.61s, Current LR: 0.001000
2025-06-22 16:17:40.763 | INFO     | src.fh.training_framework:run_training:532 - Experiment: GRU_Experiment_1_heart_big_train_synthetic, Epoch:  4/10, Train Loss: 0.0773, Test Loss: 0.1418, Abs Loss Diff: 0.0646, Rel Loss Diff (%): 45.52, Accuracy: 0.9573, Recall: 0.9573, Precision: 0.9608, F1: 0.9587, Duration: 15.49s, Current LR: 0.001000
2025-06-22 16:17:56.249 | INFO     | src.fh.training_framework:run_training:532 - Experiment: GRU_Experiment_1_heart_big_train_synthetic, Epoch:  5/10, Train Loss: 0.0703, Test Loss: 0.1663, Abs Loss Diff: 0.0960, Rel Loss Diff (%): 57.75, Accuracy: 0.9491, Recall: 0.9491, Precision: 0.9579, F1: 0.9523, Duration: 15.47s, Current LR: 0.001000
2025-06-22 16:18:11.845 | INFO     | src.fh.training_framework:run_training:532 - Experiment: GRU_Experiment_1_heart_big_train_synthetic, Epoch:  6/10, Train Loss: 0.0650, Test Loss: 0.1681, Abs Loss Diff: 0.1031, Rel Loss Diff (%): 61.33, Accuracy: 0.9478, Recall: 0.9478, Precision: 0.9591, F1: 0.9520, Duration: 15.58s, Current LR: 0.001000
2025-06-22 16:18:27.334 | INFO     | src.fh.training_framework:run_training:532 - Experiment: GRU_Experiment_1_heart_big_train_synthetic, Epoch:  7/10, Train Loss: 0.0616, Test Loss: 0.1719, Abs Loss Diff: 0.1102, Rel Loss Diff (%): 64.14, Accuracy: 0.9483, Recall: 0.9483, Precision: 0.9582, F1: 0.9520, Duration: 15.48s, Current LR: 0.001000
2025-06-22 16:18:42.838 | INFO     | src.fh.training_framework:run_training:532 - Experiment: GRU_Experiment_1_heart_big_train_synthetic, Epoch:  8/10, Train Loss: 0.0587, Test Loss: 0.1504, Abs Loss Diff: 0.0917, Rel Loss Diff (%): 60.98, Accuracy: 0.9567, Recall: 0.9567, Precision: 0.9619, F1: 0.9586, Duration: 15.49s, Current LR: 0.001000
2025-06-22 16:18:58.492 | INFO     | src.fh.training_framework:run_training:532 - Experiment: GRU_Experiment_1_heart_big_train_synthetic, Epoch:  9/10, Train Loss: 0.0555, Test Loss: 0.1670, Abs Loss Diff: 0.1114, Rel Loss Diff (%): 66.74, Accuracy: 0.9488, Recall: 0.9488, Precision: 0.9587, F1: 0.9525, Duration: 15.64s, Current LR: 0.001000
2025-06-22 16:19:14.036 | INFO     | src.fh.training_framework:run_training:532 - Experiment: GRU_Experiment_1_heart_big_train_synthetic, Epoch: 10/10, Train Loss: 0.0537, Test Loss: 0.1424, Abs Loss Diff: 0.0887, Rel Loss Diff (%): 62.27, Accuracy: 0.9587, Recall: 0.9587, Precision: 0.9624, F1: 0.9601, Duration: 15.53s, Current LR: 0.001000
2025-06-22 16:19:14.049 | INFO     | src.fh.training_framework:run_training:658 - Training voor model GRU_Experiment_1_heart_big_train_synthetic voltooid. Totale duur: 0:02:35.691059
2025-06-22 16:19:14.050 | INFO     | __main__:run_experiment:252 - 
--- Uitvoeren GRU Experiment 2/2 voor heart_big_train_synthetic.parquet ---
2025-06-22 16:19:14.051 | INFO     | src.fh.training_framework:run_training:331 - Starting training run for model: gru_model, experiment: GRU_Experiment_2_heart_big_train_synthetic
2025-06-22 16:19:14.051 | INFO     | src.fh.model_selector:get_model:26 - Model selector: aanmaken van model 'gru_model' met config: {'input_size': 187, 'hidden_size': 128, 'num_layers': 2, 'output_size': 5, 'dropout': 0.2}
2025-06-22 16:19:14.051 | INFO     | src.fh.models.gru_model:__init__:20 - Initializing GRUModel...
2025-06-22 16:19:14.055 | INFO     | src.fh.models.gru_model:__init__:64 - GRUModel initialized. Total parameters: 221445
2025-06-22 16:19:14.056 | INFO     | src.fh.training_framework:run_training:418 - Model 'gru_model' van experiment 'GRU_Experiment_2_heart_big_train_synthetic' geïnitialiseerd en verplaatst naar cpu.
2025-06-22 16:19:14.057 | INFO     | src.fh.training_framework:run_training:475 - Scheduler is uitgeschakeld in configuratie.
2025-06-22 16:19:14.057 | INFO     | src.fh.training_framework:run_training:506 - Trainingsdataset: heart_big_train_synthetic.parquet, Samples: 217411, Batch grootte: 32, Aantal batches: 6795.
2025-06-22 16:19:14.057 | INFO     | src.fh.training_framework:run_training:507 - Testdataset: heart_big_test.parq, Samples: 21892, Batch grootte: 32, Aantal batches: 685.
2025-06-22 16:19:41.136 | INFO     | src.fh.training_framework:run_training:532 - Experiment: GRU_Experiment_2_heart_big_train_synthetic, Epoch:  1/10, Train Loss: 0.2053, Test Loss: 0.1862, Abs Loss Diff: 0.0191, Rel Loss Diff (%): 10.24, Accuracy: 0.9402, Recall: 0.9402, Precision: 0.9531, F1: 0.9452, Duration: 27.08s, Current LR: 0.001000
2025-06-22 16:19:41.148 | SUCCESS  | src.fh.training_framework:run_training:635 - Saved best model for GRU_Experiment_2_heart_big_train_synthetic to /home/azureuser/mads-exam-fharren/src/fh/../../logs/20250622-142654_run_logs/20250622-142654_GRU_Experiment_2_heart_big_train_synthetic_best_model.pth (Rel Loss Diff (%): 10.24, Recall: 0.9402, Accuracy: 0.9402).
2025-06-22 16:20:08.422 | INFO     | src.fh.training_framework:run_training:532 - Experiment: GRU_Experiment_2_heart_big_train_synthetic, Epoch:  2/10, Train Loss: 0.1107, Test Loss: 0.1666, Abs Loss Diff: 0.0559, Rel Loss Diff (%): 33.53, Accuracy: 0.9445, Recall: 0.9445, Precision: 0.9567, F1: 0.9490, Duration: 27.27s, Current LR: 0.001000
2025-06-22 16:20:35.552 | INFO     | src.fh.training_framework:run_training:532 - Experiment: GRU_Experiment_2_heart_big_train_synthetic, Epoch:  3/10, Train Loss: 0.0904, Test Loss: 0.1519, Abs Loss Diff: 0.0615, Rel Loss Diff (%): 40.48, Accuracy: 0.9530, Recall: 0.9530, Precision: 0.9601, F1: 0.9556, Duration: 27.12s, Current LR: 0.001000
2025-06-22 16:21:02.438 | INFO     | src.fh.training_framework:run_training:532 - Experiment: GRU_Experiment_2_heart_big_train_synthetic, Epoch:  4/10, Train Loss: 0.0782, Test Loss: 0.1407, Abs Loss Diff: 0.0625, Rel Loss Diff (%): 44.42, Accuracy: 0.9561, Recall: 0.9561, Precision: 0.9643, F1: 0.9592, Duration: 26.87s, Current LR: 0.001000
2025-06-22 16:21:29.916 | INFO     | src.fh.training_framework:run_training:532 - Experiment: GRU_Experiment_2_heart_big_train_synthetic, Epoch:  5/10, Train Loss: 0.0715, Test Loss: 0.1179, Abs Loss Diff: 0.0464, Rel Loss Diff (%): 39.38, Accuracy: 0.9639, Recall: 0.9639, Precision: 0.9676, F1: 0.9653, Duration: 27.46s, Current LR: 0.001000
2025-06-22 16:21:57.337 | INFO     | src.fh.training_framework:run_training:532 - Experiment: GRU_Experiment_2_heart_big_train_synthetic, Epoch:  6/10, Train Loss: 0.0666, Test Loss: 0.1076, Abs Loss Diff: 0.0409, Rel Loss Diff (%): 38.06, Accuracy: 0.9669, Recall: 0.9669, Precision: 0.9697, F1: 0.9680, Duration: 27.41s, Current LR: 0.001000
2025-06-22 16:22:24.332 | INFO     | src.fh.training_framework:run_training:532 - Experiment: GRU_Experiment_2_heart_big_train_synthetic, Epoch:  7/10, Train Loss: 0.0621, Test Loss: 0.1156, Abs Loss Diff: 0.0535, Rel Loss Diff (%): 46.30, Accuracy: 0.9645, Recall: 0.9645, Precision: 0.9675, F1: 0.9657, Duration: 26.98s, Current LR: 0.001000
2025-06-22 16:22:51.600 | INFO     | src.fh.training_framework:run_training:532 - Experiment: GRU_Experiment_2_heart_big_train_synthetic, Epoch:  8/10, Train Loss: 0.0593, Test Loss: 0.1191, Abs Loss Diff: 0.0598, Rel Loss Diff (%): 50.25, Accuracy: 0.9638, Recall: 0.9638, Precision: 0.9680, F1: 0.9654, Duration: 27.26s, Current LR: 0.001000
2025-06-22 16:23:18.756 | INFO     | src.fh.training_framework:run_training:532 - Experiment: GRU_Experiment_2_heart_big_train_synthetic, Epoch:  9/10, Train Loss: 0.0548, Test Loss: 0.1238, Abs Loss Diff: 0.0691, Rel Loss Diff (%): 55.76, Accuracy: 0.9620, Recall: 0.9620, Precision: 0.9675, F1: 0.9640, Duration: 27.14s, Current LR: 0.001000
2025-06-22 16:23:45.862 | INFO     | src.fh.training_framework:run_training:532 - Experiment: GRU_Experiment_2_heart_big_train_synthetic, Epoch: 10/10, Train Loss: 0.0529, Test Loss: 0.1053, Abs Loss Diff: 0.0524, Rel Loss Diff (%): 49.77, Accuracy: 0.9681, Recall: 0.9681, Precision: 0.9703, F1: 0.9689, Duration: 27.09s, Current LR: 0.001000
2025-06-22 16:23:45.875 | INFO     | src.fh.training_framework:run_training:658 - Training voor model GRU_Experiment_2_heart_big_train_synthetic voltooid. Totale duur: 0:04:31.823518
2025-06-22 16:23:45.876 | INFO     | __main__:run_experiment:262 - GRU model training voltooid voor heart_big_train_synthetic.parquet.
2025-06-22 16:23:45.886 | SUCCESS  | __main__:run_experiment:271 - Alle experiment samenvattingen opgeslagen naar /home/azureuser/mads-exam-fharren/src/fh/../../runs/20250622-142654_all_model_summary.parquet
2025-06-22 16:23:45.887 | INFO     | __main__:run_experiment:275 - 
--- Einde Experiment ---
2025-06-22 16:23:45.889 | INFO     | __main__:<module>:375 - Hoofdscript succesvol voltooid.
