2025-06-22 09:27:01.006 | INFO     | __main__:<module>:48 - Start van het hoofdscript. Algemene logs worden opgeslagen in '/home/azureuser/mads-exam-fharren/src/fh/../../logs/20250622-092700_main_application.log'.
2025-06-22 09:27:01.046 | INFO     | src.fh.utils:load_config:15 - Attempting to load configuration from: /home/azureuser/mads-exam-fharren/src/fh/../../config.toml
2025-06-22 09:27:01.049 | SUCCESS  | src.fh.utils:load_config:18 - Configuration successfully loaded from: /home/azureuser/mads-exam-fharren/src/fh/../../config.toml
2025-06-22 09:27:01.049 | INFO     | __main__:<module>:265 - Configuratie geladen vanuit /home/azureuser/mads-exam-fharren/src/fh/../../config.toml.
2025-06-22 09:27:01.049 | INFO     | __main__:<module>:275 - Zorgen dat de data directory bestaat: /home/azureuser/mads-exam-fharren/src/fh/../../data
2025-06-22 09:27:01.049 | INFO     | __main__:<module>:334 - --- STANDAARD MODUS: GEBRUIK ECHTE DATA ---
2025-06-22 09:27:01.050 | INFO     | __main__:<module>:343 - Gebruik van training data uit configuratiebestand: ['/home/azureuser/mads-exam-fharren/src/fh/../../data/heart_big_train.parq', '/home/azureuser/mads-exam-fharren/src/fh/../../data/heart_big_train_synthetic.parquet']
2025-06-22 09:27:01.050 | INFO     | __main__:<module>:344 - Gebruik van test data uit configuratiebestand: '/home/azureuser/mads-exam-fharren/src/fh/../../data/heart_big_test.parq'.
2025-06-22 09:27:01.050 | INFO     | __main__:run_experiment:70 - Start van het experiment met configuratiebestand: /home/azureuser/mads-exam-fharren/src/fh/../../config.toml
2025-06-22 09:27:01.050 | INFO     | src.fh.utils:load_config:15 - Attempting to load configuration from: /home/azureuser/mads-exam-fharren/src/fh/../../config.toml
2025-06-22 09:27:01.058 | SUCCESS  | src.fh.utils:load_config:18 - Configuration successfully loaded from: /home/azureuser/mads-exam-fharren/src/fh/../../config.toml
2025-06-22 09:27:01.059 | INFO     | __main__:run_experiment:74 - Configuratiebestand succesvol geladen.
2025-06-22 09:27:01.059 | INFO     | __main__:run_experiment:84 - 
--- Start experimenten voor trainingsbestand: heart_big_train.parq (1/2) ---
2025-06-22 09:27:01.059 | INFO     | __main__:run_experiment:91 - Vastgestelde feature count: 187, class count: 5
2025-06-22 09:27:01.059 | INFO     | __main__:run_experiment:120 - Laden van data van /home/azureuser/mads-exam-fharren/src/fh/../../data/heart_big_train.parq en /home/azureuser/mads-exam-fharren/src/fh/../../data/heart_big_test.parq...
2025-06-22 09:27:01.060 | INFO     | src.fh.data_loader:get_data_loaders:93 - Start aanmaken data loaders. Training bestand: /home/azureuser/mads-exam-fharren/src/fh/../../data/heart_big_train.parq, Test bestand: /home/azureuser/mads-exam-fharren/src/fh/../../data/heart_big_test.parq
2025-06-22 09:27:01.325 | INFO     | src.fh.data_loader:get_data_loaders:98 - Succesvol trainingsbestand '/home/azureuser/mads-exam-fharren/src/fh/../../data/heart_big_train.parq' geladen (87554 rijen).
2025-06-22 09:27:01.387 | INFO     | src.fh.data_loader:get_data_loaders:109 - Succesvol testbestand '/home/azureuser/mads-exam-fharren/src/fh/../../data/heart_big_test.parq' geladen (21892 rijen).
2025-06-22 09:27:01.605 | INFO     | src.fh.data_loader:get_data_loaders:132 - StandardScaler getraind op trainingsdata.
2025-06-22 09:27:01.834 | INFO     | src.fh.data_loader:get_data_loaders:141 - Datasets succesvol aangemaakt.
2025-06-22 09:27:01.835 | INFO     | src.fh.data_loader:get_data_loaders:149 - DataLoaders succesvol aangemaakt.
2025-06-22 09:27:01.835 | SUCCESS  | __main__:run_experiment:130 - Data loaders succesvol aangemaakt.
2025-06-22 09:27:01.855 | INFO     | __main__:run_experiment:140 - Berekende klasse-gewichten voor heart_big_train.parq: [0.24162492156028748, 7.877102851867676, 3.025362730026245, 27.317941665649414, 2.7228736877441406]
2025-06-22 09:27:01.856 | INFO     | __main__:run_experiment:154 - Initialiseren van de Trainer...
2025-06-22 09:27:01.864 | INFO     | src.fh.training_framework:__init__:99 - Initializing Trainer. Using device: cpu
2025-06-22 09:27:01.865 | INFO     | src.fh.training_framework:__init__:100 - Logging and outputs for this run will be stored in: /home/azureuser/mads-exam-fharren/src/fh/../../logs/20250622-092700_run_logs
2025-06-22 09:27:01.865 | INFO     | __main__:run_experiment:161 - Trainer succesvol geïnitialiseerd.
2025-06-22 09:27:01.866 | INFO     | __main__:run_experiment:164 - 
--- Start Training Baseline Model ---
2025-06-22 09:27:01.866 | INFO     | src.fh.training_framework:run_training:336 - Starting training run for model: baseline_model, experiment: Baseline_heart_big_train
2025-06-22 09:27:01.866 | INFO     | src.fh.model_selector:get_model:27 - Model selector: aanmaken van model 'baseline_model' met config: {'input_size': 187, 'output_size': 5}
2025-06-22 09:27:01.867 | INFO     | src.fh.models.baseline_model:__init__:19 - Initializing BaselineModel...
2025-06-22 09:27:01.875 | INFO     | src.fh.models.baseline_model:__init__:38 - BaselineModel initialized with input_size=187, hidden_size=64, output_size=5.
2025-06-22 09:27:01.877 | INFO     | src.fh.training_framework:run_training:414 - Model 'baseline_model' van experiment 'Baseline_heart_big_train' geïnitialiseerd en verplaatst naar cpu.
2025-06-22 09:27:03.391 | INFO     | src.fh.training_framework:run_training:476 - Scheduler is uitgeschakeld in configuratie.
2025-06-22 09:27:03.392 | INFO     | src.fh.training_framework:run_training:495 - Trainingsdataset: heart_big_train.parq, Samples: 87554, Batch grootte: 32, Aantal batches: 2737.
2025-06-22 09:27:03.392 | INFO     | src.fh.training_framework:run_training:496 - Testdataset: heart_big_test.parq, Samples: 21892, Batch grootte: 32, Aantal batches: 685.
2025-06-22 09:27:12.625 | INFO     | src.fh.training_framework:run_training:516 - Experiment: Baseline_heart_big_train, Epoch:  1/10, Train Loss: 0.5402, Test Loss: 0.5917, Accuracy: 0.7913, Recall: 0.7913, Precision: 0.9196, F1: 0.8355, Duration: 9.23s, Current LR: 0.001000
2025-06-22 09:27:12.636 | SUCCESS  | src.fh.training_framework:run_training:572 - Saved best model for Baseline_heart_big_train to /home/azureuser/mads-exam-fharren/src/fh/../../logs/20250622-092700_run_logs/20250622-092700_Baseline_heart_big_train_best_model.pth (Recall: 0.7913, Accuracy: 0.7913).
2025-06-22 09:27:22.013 | INFO     | src.fh.training_framework:run_training:516 - Experiment: Baseline_heart_big_train, Epoch:  2/10, Train Loss: 0.3870, Test Loss: 0.4621, Accuracy: 0.8277, Recall: 0.8277, Precision: 0.9253, F1: 0.8622, Duration: 9.38s, Current LR: 0.001000
2025-06-22 09:27:22.026 | SUCCESS  | src.fh.training_framework:run_training:572 - Saved best model for Baseline_heart_big_train to /home/azureuser/mads-exam-fharren/src/fh/../../logs/20250622-092700_run_logs/20250622-092700_Baseline_heart_big_train_best_model.pth (Recall: 0.8277, Accuracy: 0.8277).
2025-06-22 09:27:30.975 | INFO     | src.fh.training_framework:run_training:516 - Experiment: Baseline_heart_big_train, Epoch:  3/10, Train Loss: 0.3471, Test Loss: 0.3856, Accuracy: 0.8703, Recall: 0.8703, Precision: 0.9322, F1: 0.8923, Duration: 8.95s, Current LR: 0.001000
2025-06-22 09:27:30.988 | SUCCESS  | src.fh.training_framework:run_training:572 - Saved best model for Baseline_heart_big_train to /home/azureuser/mads-exam-fharren/src/fh/../../logs/20250622-092700_run_logs/20250622-092700_Baseline_heart_big_train_best_model.pth (Recall: 0.8703, Accuracy: 0.8703).
2025-06-22 09:27:40.352 | INFO     | src.fh.training_framework:run_training:516 - Experiment: Baseline_heart_big_train, Epoch:  4/10, Train Loss: 0.3216, Test Loss: 0.3645, Accuracy: 0.8832, Recall: 0.8832, Precision: 0.9440, F1: 0.9053, Duration: 9.36s, Current LR: 0.001000
2025-06-22 09:27:40.366 | SUCCESS  | src.fh.training_framework:run_training:572 - Saved best model for Baseline_heart_big_train to /home/azureuser/mads-exam-fharren/src/fh/../../logs/20250622-092700_run_logs/20250622-092700_Baseline_heart_big_train_best_model.pth (Recall: 0.8832, Accuracy: 0.8832).
2025-06-22 09:27:49.591 | INFO     | src.fh.training_framework:run_training:516 - Experiment: Baseline_heart_big_train, Epoch:  5/10, Train Loss: 0.2932, Test Loss: 0.3918, Accuracy: 0.8553, Recall: 0.8553, Precision: 0.9446, F1: 0.8887, Duration: 9.22s, Current LR: 0.001000
2025-06-22 09:27:59.123 | INFO     | src.fh.training_framework:run_training:516 - Experiment: Baseline_heart_big_train, Epoch:  6/10, Train Loss: 0.2834, Test Loss: 0.2631, Accuracy: 0.9169, Recall: 0.9169, Precision: 0.9500, F1: 0.9293, Duration: 9.51s, Current LR: 0.001000
2025-06-22 09:27:59.136 | SUCCESS  | src.fh.training_framework:run_training:572 - Saved best model for Baseline_heart_big_train to /home/azureuser/mads-exam-fharren/src/fh/../../logs/20250622-092700_run_logs/20250622-092700_Baseline_heart_big_train_best_model.pth (Recall: 0.9169, Accuracy: 0.9169).
2025-06-22 09:28:08.583 | INFO     | src.fh.training_framework:run_training:516 - Experiment: Baseline_heart_big_train, Epoch:  7/10, Train Loss: 0.2732, Test Loss: 0.3256, Accuracy: 0.8855, Recall: 0.8855, Precision: 0.9427, F1: 0.9061, Duration: 9.45s, Current LR: 0.001000
2025-06-22 09:28:18.021 | INFO     | src.fh.training_framework:run_training:516 - Experiment: Baseline_heart_big_train, Epoch:  8/10, Train Loss: 0.2584, Test Loss: 0.3002, Accuracy: 0.8950, Recall: 0.8950, Precision: 0.9511, F1: 0.9159, Duration: 9.43s, Current LR: 0.001000
2025-06-22 09:28:27.496 | INFO     | src.fh.training_framework:run_training:516 - Experiment: Baseline_heart_big_train, Epoch:  9/10, Train Loss: 0.2511, Test Loss: 0.3420, Accuracy: 0.8731, Recall: 0.8731, Precision: 0.9492, F1: 0.9014, Duration: 9.46s, Current LR: 0.001000
2025-06-22 09:28:36.941 | INFO     | src.fh.training_framework:run_training:516 - Experiment: Baseline_heart_big_train, Epoch: 10/10, Train Loss: 0.2389, Test Loss: 0.3050, Accuracy: 0.9001, Recall: 0.9001, Precision: 0.9519, F1: 0.9196, Duration: 9.43s, Current LR: 0.001000
2025-06-22 09:28:36.953 | INFO     | src.fh.training_framework:run_training:613 - Training voor model Baseline_heart_big_train voltooid. Totale duur: 0:01:35.086564
2025-06-22 09:28:36.955 | INFO     | __main__:run_experiment:175 - Baseline model training voltooid voor heart_big_train.parq.
2025-06-22 09:28:36.955 | INFO     | __main__:run_experiment:178 - 
--- Start Training CNN Model (Hyperparameter Tuning) ---
2025-06-22 09:28:36.955 | INFO     | __main__:run_experiment:190 - 
--- Uitvoeren CNN Experiment 1/2 voor heart_big_train.parq ---
2025-06-22 09:28:36.956 | INFO     | __main__:run_experiment:202 - Berekende CNN input_size_after_flattening voor lineaire laag: 1472
2025-06-22 09:28:36.956 | INFO     | src.fh.training_framework:run_training:336 - Starting training run for model: cnn_model, experiment: CNN_Experiment_1_heart_big_train
2025-06-22 09:28:36.956 | INFO     | src.fh.model_selector:get_model:27 - Model selector: aanmaken van model 'cnn_model' met config: {'input_channels': 1, 'hidden_size': 32, 'num_layers': 2, 'output_size': 5, 'conv_filters': [16, 32], 'kernel_size': 3, 'use_dropout': False, 'dropout_rate': 0.5, 'num_features': 187, 'input_size_after_flattening': 1472}
2025-06-22 09:28:36.956 | INFO     | src.fh.models.cnn_model:__init__:21 - Initializing CNNModel...
2025-06-22 09:28:36.960 | INFO     | src.fh.models.cnn_model:__init__:77 - CNNModel initialized. Total parameters: 48933
2025-06-22 09:28:36.961 | INFO     | src.fh.training_framework:run_training:414 - Model 'cnn_model' van experiment 'CNN_Experiment_1_heart_big_train' geïnitialiseerd en verplaatst naar cpu.
2025-06-22 09:28:36.962 | INFO     | src.fh.training_framework:run_training:476 - Scheduler is uitgeschakeld in configuratie.
2025-06-22 09:28:36.962 | INFO     | src.fh.training_framework:run_training:495 - Trainingsdataset: heart_big_train.parq, Samples: 87554, Batch grootte: 32, Aantal batches: 2737.
2025-06-22 09:28:36.963 | INFO     | src.fh.training_framework:run_training:496 - Testdataset: heart_big_test.parq, Samples: 21892, Batch grootte: 32, Aantal batches: 685.
2025-06-22 09:28:51.189 | INFO     | src.fh.training_framework:run_training:516 - Experiment: CNN_Experiment_1_heart_big_train, Epoch:  1/10, Train Loss: 0.5127, Test Loss: 0.4912, Accuracy: 0.8319, Recall: 0.8319, Precision: 0.9344, F1: 0.8704, Duration: 14.23s, Current LR: 0.001000
2025-06-22 09:28:51.198 | SUCCESS  | src.fh.training_framework:run_training:572 - Saved best model for CNN_Experiment_1_heart_big_train to /home/azureuser/mads-exam-fharren/src/fh/../../logs/20250622-092700_run_logs/20250622-092700_CNN_Experiment_1_heart_big_train_best_model.pth (Recall: 0.8319, Accuracy: 0.8319).
2025-06-22 09:29:05.664 | INFO     | src.fh.training_framework:run_training:516 - Experiment: CNN_Experiment_1_heart_big_train, Epoch:  2/10, Train Loss: 0.3106, Test Loss: 0.3083, Accuracy: 0.8967, Recall: 0.8967, Precision: 0.9405, F1: 0.9119, Duration: 14.47s, Current LR: 0.001000
2025-06-22 09:29:05.678 | SUCCESS  | src.fh.training_framework:run_training:572 - Saved best model for CNN_Experiment_1_heart_big_train to /home/azureuser/mads-exam-fharren/src/fh/../../logs/20250622-092700_run_logs/20250622-092700_CNN_Experiment_1_heart_big_train_best_model.pth (Recall: 0.8967, Accuracy: 0.8967).
2025-06-22 09:29:20.011 | INFO     | src.fh.training_framework:run_training:516 - Experiment: CNN_Experiment_1_heart_big_train, Epoch:  3/10, Train Loss: 0.2498, Test Loss: 0.3245, Accuracy: 0.8870, Recall: 0.8870, Precision: 0.9388, F1: 0.9040, Duration: 14.33s, Current LR: 0.001000
2025-06-22 09:29:34.355 | INFO     | src.fh.training_framework:run_training:516 - Experiment: CNN_Experiment_1_heart_big_train, Epoch:  4/10, Train Loss: 0.2129, Test Loss: 0.2496, Accuracy: 0.9158, Recall: 0.9158, Precision: 0.9601, F1: 0.9323, Duration: 14.33s, Current LR: 0.001000
2025-06-22 09:29:34.369 | SUCCESS  | src.fh.training_framework:run_training:572 - Saved best model for CNN_Experiment_1_heart_big_train to /home/azureuser/mads-exam-fharren/src/fh/../../logs/20250622-092700_run_logs/20250622-092700_CNN_Experiment_1_heart_big_train_best_model.pth (Recall: 0.9158, Accuracy: 0.9158).
2025-06-22 09:29:48.641 | INFO     | src.fh.training_framework:run_training:516 - Experiment: CNN_Experiment_1_heart_big_train, Epoch:  5/10, Train Loss: 0.1820, Test Loss: 0.1509, Accuracy: 0.9518, Recall: 0.9518, Precision: 0.9639, F1: 0.9561, Duration: 14.27s, Current LR: 0.001000
2025-06-22 09:29:48.655 | SUCCESS  | src.fh.training_framework:run_training:572 - Saved best model for CNN_Experiment_1_heart_big_train to /home/azureuser/mads-exam-fharren/src/fh/../../logs/20250622-092700_run_logs/20250622-092700_CNN_Experiment_1_heart_big_train_best_model.pth (Recall: 0.9518, Accuracy: 0.9518).
2025-06-22 09:30:03.173 | INFO     | src.fh.training_framework:run_training:516 - Experiment: CNN_Experiment_1_heart_big_train, Epoch:  6/10, Train Loss: 0.1600, Test Loss: 0.1708, Accuracy: 0.9460, Recall: 0.9460, Precision: 0.9641, F1: 0.9525, Duration: 14.52s, Current LR: 0.001000
2025-06-22 09:30:17.856 | INFO     | src.fh.training_framework:run_training:516 - Experiment: CNN_Experiment_1_heart_big_train, Epoch:  7/10, Train Loss: 0.1431, Test Loss: 0.2147, Accuracy: 0.9267, Recall: 0.9267, Precision: 0.9607, F1: 0.9387, Duration: 14.67s, Current LR: 0.001000
2025-06-22 09:30:32.617 | INFO     | src.fh.training_framework:run_training:516 - Experiment: CNN_Experiment_1_heart_big_train, Epoch:  8/10, Train Loss: 0.1280, Test Loss: 0.2064, Accuracy: 0.9293, Recall: 0.9293, Precision: 0.9637, F1: 0.9416, Duration: 14.75s, Current LR: 0.001000
2025-06-22 09:30:46.939 | INFO     | src.fh.training_framework:run_training:516 - Experiment: CNN_Experiment_1_heart_big_train, Epoch:  9/10, Train Loss: 0.1165, Test Loss: 0.2213, Accuracy: 0.9269, Recall: 0.9269, Precision: 0.9608, F1: 0.9388, Duration: 14.31s, Current LR: 0.001000
2025-06-22 09:31:01.546 | INFO     | src.fh.training_framework:run_training:516 - Experiment: CNN_Experiment_1_heart_big_train, Epoch: 10/10, Train Loss: 0.1063, Test Loss: 0.1814, Accuracy: 0.9395, Recall: 0.9395, Precision: 0.9624, F1: 0.9475, Duration: 14.59s, Current LR: 0.001000
2025-06-22 09:31:01.559 | INFO     | src.fh.training_framework:run_training:613 - Training voor model CNN_Experiment_1_heart_big_train voltooid. Totale duur: 0:02:24.602591
2025-06-22 09:31:01.560 | INFO     | __main__:run_experiment:190 - 
--- Uitvoeren CNN Experiment 2/2 voor heart_big_train.parq ---
2025-06-22 09:31:01.560 | INFO     | __main__:run_experiment:202 - Berekende CNN input_size_after_flattening voor lineaire laag: 2944
2025-06-22 09:31:01.560 | INFO     | src.fh.training_framework:run_training:336 - Starting training run for model: cnn_model, experiment: CNN_Experiment_2_heart_big_train
2025-06-22 09:31:01.561 | INFO     | src.fh.model_selector:get_model:27 - Model selector: aanmaken van model 'cnn_model' met config: {'input_channels': 1, 'hidden_size': 64, 'num_layers': 2, 'output_size': 5, 'conv_filters': [32, 64], 'kernel_size': 5, 'use_dropout': True, 'dropout_rate': 0.3, 'num_features': 187, 'input_size_after_flattening': 2944}
2025-06-22 09:31:01.561 | INFO     | src.fh.models.cnn_model:__init__:21 - Initializing CNNModel...
2025-06-22 09:31:01.565 | INFO     | src.fh.models.cnn_model:__init__:77 - CNNModel initialized. Total parameters: 199301
2025-06-22 09:31:01.566 | INFO     | src.fh.training_framework:run_training:414 - Model 'cnn_model' van experiment 'CNN_Experiment_2_heart_big_train' geïnitialiseerd en verplaatst naar cpu.
2025-06-22 09:31:01.567 | INFO     | src.fh.training_framework:run_training:476 - Scheduler is uitgeschakeld in configuratie.
2025-06-22 09:31:01.567 | INFO     | src.fh.training_framework:run_training:495 - Trainingsdataset: heart_big_train.parq, Samples: 87554, Batch grootte: 32, Aantal batches: 2737.
2025-06-22 09:31:01.568 | INFO     | src.fh.training_framework:run_training:496 - Testdataset: heart_big_test.parq, Samples: 21892, Batch grootte: 32, Aantal batches: 685.
2025-06-22 09:31:25.870 | INFO     | src.fh.training_framework:run_training:516 - Experiment: CNN_Experiment_2_heart_big_train, Epoch:  1/10, Train Loss: 0.4740, Test Loss: 0.3259, Accuracy: 0.8936, Recall: 0.8936, Precision: 0.9447, F1: 0.9119, Duration: 24.30s, Current LR: 0.001000
2025-06-22 09:31:25.882 | SUCCESS  | src.fh.training_framework:run_training:572 - Saved best model for CNN_Experiment_2_heart_big_train to /home/azureuser/mads-exam-fharren/src/fh/../../logs/20250622-092700_run_logs/20250622-092700_CNN_Experiment_2_heart_big_train_best_model.pth (Recall: 0.8936, Accuracy: 0.8936).
2025-06-22 09:31:50.460 | INFO     | src.fh.training_framework:run_training:516 - Experiment: CNN_Experiment_2_heart_big_train, Epoch:  2/10, Train Loss: 0.2919, Test Loss: 0.2680, Accuracy: 0.9120, Recall: 0.9120, Precision: 0.9532, F1: 0.9269, Duration: 24.58s, Current LR: 0.001000
2025-06-22 09:31:50.477 | SUCCESS  | src.fh.training_framework:run_training:572 - Saved best model for CNN_Experiment_2_heart_big_train to /home/azureuser/mads-exam-fharren/src/fh/../../logs/20250622-092700_run_logs/20250622-092700_CNN_Experiment_2_heart_big_train_best_model.pth (Recall: 0.9120, Accuracy: 0.9120).
2025-06-22 09:32:14.677 | INFO     | src.fh.training_framework:run_training:516 - Experiment: CNN_Experiment_2_heart_big_train, Epoch:  3/10, Train Loss: 0.2307, Test Loss: 0.1644, Accuracy: 0.9472, Recall: 0.9472, Precision: 0.9633, F1: 0.9529, Duration: 24.20s, Current LR: 0.001000
2025-06-22 09:32:14.692 | SUCCESS  | src.fh.training_framework:run_training:572 - Saved best model for CNN_Experiment_2_heart_big_train to /home/azureuser/mads-exam-fharren/src/fh/../../logs/20250622-092700_run_logs/20250622-092700_CNN_Experiment_2_heart_big_train_best_model.pth (Recall: 0.9472, Accuracy: 0.9472).
2025-06-22 09:32:39.020 | INFO     | src.fh.training_framework:run_training:516 - Experiment: CNN_Experiment_2_heart_big_train, Epoch:  4/10, Train Loss: 0.2032, Test Loss: 0.2329, Accuracy: 0.9286, Recall: 0.9286, Precision: 0.9596, F1: 0.9395, Duration: 24.33s, Current LR: 0.001000
2025-06-22 09:33:03.348 | INFO     | src.fh.training_framework:run_training:516 - Experiment: CNN_Experiment_2_heart_big_train, Epoch:  5/10, Train Loss: 0.1784, Test Loss: 0.1572, Accuracy: 0.9476, Recall: 0.9476, Precision: 0.9656, F1: 0.9541, Duration: 24.31s, Current LR: 0.001000
2025-06-22 09:33:03.365 | SUCCESS  | src.fh.training_framework:run_training:572 - Saved best model for CNN_Experiment_2_heart_big_train to /home/azureuser/mads-exam-fharren/src/fh/../../logs/20250622-092700_run_logs/20250622-092700_CNN_Experiment_2_heart_big_train_best_model.pth (Recall: 0.9476, Accuracy: 0.9476).
2025-06-22 09:33:27.771 | INFO     | src.fh.training_framework:run_training:516 - Experiment: CNN_Experiment_2_heart_big_train, Epoch:  6/10, Train Loss: 0.1573, Test Loss: 0.1922, Accuracy: 0.9308, Recall: 0.9308, Precision: 0.9627, F1: 0.9427, Duration: 24.41s, Current LR: 0.001000
2025-06-22 09:33:51.968 | INFO     | src.fh.training_framework:run_training:516 - Experiment: CNN_Experiment_2_heart_big_train, Epoch:  7/10, Train Loss: 0.1458, Test Loss: 0.1660, Accuracy: 0.9454, Recall: 0.9454, Precision: 0.9646, F1: 0.9521, Duration: 24.18s, Current LR: 0.001000
2025-06-22 09:34:16.946 | INFO     | src.fh.training_framework:run_training:516 - Experiment: CNN_Experiment_2_heart_big_train, Epoch:  8/10, Train Loss: 0.1291, Test Loss: 0.1337, Accuracy: 0.9594, Recall: 0.9594, Precision: 0.9698, F1: 0.9630, Duration: 24.97s, Current LR: 0.001000
2025-06-22 09:34:16.963 | SUCCESS  | src.fh.training_framework:run_training:572 - Saved best model for CNN_Experiment_2_heart_big_train to /home/azureuser/mads-exam-fharren/src/fh/../../logs/20250622-092700_run_logs/20250622-092700_CNN_Experiment_2_heart_big_train_best_model.pth (Recall: 0.9594, Accuracy: 0.9594).
2025-06-22 09:34:41.295 | INFO     | src.fh.training_framework:run_training:516 - Experiment: CNN_Experiment_2_heart_big_train, Epoch:  9/10, Train Loss: 0.1262, Test Loss: 0.1886, Accuracy: 0.9370, Recall: 0.9370, Precision: 0.9637, F1: 0.9461, Duration: 24.33s, Current LR: 0.001000
2025-06-22 09:35:05.287 | INFO     | src.fh.training_framework:run_training:516 - Experiment: CNN_Experiment_2_heart_big_train, Epoch: 10/10, Train Loss: 0.1185, Test Loss: 0.1282, Accuracy: 0.9603, Recall: 0.9603, Precision: 0.9715, F1: 0.9642, Duration: 23.98s, Current LR: 0.001000
2025-06-22 09:35:05.304 | SUCCESS  | src.fh.training_framework:run_training:572 - Saved best model for CNN_Experiment_2_heart_big_train to /home/azureuser/mads-exam-fharren/src/fh/../../logs/20250622-092700_run_logs/20250622-092700_CNN_Experiment_2_heart_big_train_best_model.pth (Recall: 0.9603, Accuracy: 0.9603).
2025-06-22 09:35:05.304 | INFO     | src.fh.training_framework:run_training:613 - Training voor model CNN_Experiment_2_heart_big_train voltooid. Totale duur: 0:04:03.743452
2025-06-22 09:35:05.305 | INFO     | __main__:run_experiment:212 - CNN model training voltooid voor heart_big_train.parq.
2025-06-22 09:35:05.306 | INFO     | __main__:run_experiment:215 - 
--- Start Training GRU Model (Hyperparameter Tuning) ---
2025-06-22 09:35:05.306 | INFO     | __main__:run_experiment:226 - 
--- Uitvoeren GRU Experiment 1/2 voor heart_big_train.parq ---
2025-06-22 09:35:05.306 | INFO     | src.fh.training_framework:run_training:336 - Starting training run for model: gru_model, experiment: GRU_Experiment_1_heart_big_train
2025-06-22 09:35:05.306 | INFO     | src.fh.model_selector:get_model:27 - Model selector: aanmaken van model 'gru_model' met config: {'input_size': 187, 'hidden_size': 64, 'num_layers': 1, 'output_size': 5, 'dropout': 0.0}
2025-06-22 09:35:05.307 | INFO     | src.fh.models.gru_model:__init__:20 - Initializing GRUModel...
2025-06-22 09:35:05.309 | INFO     | src.fh.models.gru_model:__init__:64 - GRUModel initialized. Total parameters: 48901
2025-06-22 09:35:05.310 | INFO     | src.fh.training_framework:run_training:414 - Model 'gru_model' van experiment 'GRU_Experiment_1_heart_big_train' geïnitialiseerd en verplaatst naar cpu.
2025-06-22 09:35:05.311 | INFO     | src.fh.training_framework:run_training:476 - Scheduler is uitgeschakeld in configuratie.
2025-06-22 09:35:05.311 | INFO     | src.fh.training_framework:run_training:495 - Trainingsdataset: heart_big_train.parq, Samples: 87554, Batch grootte: 32, Aantal batches: 2737.
2025-06-22 09:35:05.311 | INFO     | src.fh.training_framework:run_training:496 - Testdataset: heart_big_test.parq, Samples: 21892, Batch grootte: 32, Aantal batches: 685.
2025-06-22 09:35:12.584 | INFO     | src.fh.training_framework:run_training:516 - Experiment: GRU_Experiment_1_heart_big_train, Epoch:  1/10, Train Loss: 0.5080, Test Loss: 0.4007, Accuracy: 0.8684, Recall: 0.8684, Precision: 0.9317, F1: 0.8911, Duration: 7.27s, Current LR: 0.001000
2025-06-22 09:35:12.593 | SUCCESS  | src.fh.training_framework:run_training:572 - Saved best model for GRU_Experiment_1_heart_big_train to /home/azureuser/mads-exam-fharren/src/fh/../../logs/20250622-092700_run_logs/20250622-092700_GRU_Experiment_1_heart_big_train_best_model.pth (Recall: 0.8684, Accuracy: 0.8684).
2025-06-22 09:35:19.605 | INFO     | src.fh.training_framework:run_training:516 - Experiment: GRU_Experiment_1_heart_big_train, Epoch:  2/10, Train Loss: 0.3198, Test Loss: 0.3498, Accuracy: 0.8877, Recall: 0.8877, Precision: 0.9425, F1: 0.9077, Duration: 7.01s, Current LR: 0.001000
2025-06-22 09:35:19.617 | SUCCESS  | src.fh.training_framework:run_training:572 - Saved best model for GRU_Experiment_1_heart_big_train to /home/azureuser/mads-exam-fharren/src/fh/../../logs/20250622-092700_run_logs/20250622-092700_GRU_Experiment_1_heart_big_train_best_model.pth (Recall: 0.8877, Accuracy: 0.8877).
2025-06-22 09:35:26.965 | INFO     | src.fh.training_framework:run_training:516 - Experiment: GRU_Experiment_1_heart_big_train, Epoch:  3/10, Train Loss: 0.2707, Test Loss: 0.2772, Accuracy: 0.9017, Recall: 0.9017, Precision: 0.9487, F1: 0.9187, Duration: 7.35s, Current LR: 0.001000
2025-06-22 09:35:26.978 | SUCCESS  | src.fh.training_framework:run_training:572 - Saved best model for GRU_Experiment_1_heart_big_train to /home/azureuser/mads-exam-fharren/src/fh/../../logs/20250622-092700_run_logs/20250622-092700_GRU_Experiment_1_heart_big_train_best_model.pth (Recall: 0.9017, Accuracy: 0.9017).
2025-06-22 09:35:33.883 | INFO     | src.fh.training_framework:run_training:516 - Experiment: GRU_Experiment_1_heart_big_train, Epoch:  4/10, Train Loss: 0.2338, Test Loss: 0.2693, Accuracy: 0.9107, Recall: 0.9107, Precision: 0.9512, F1: 0.9253, Duration: 6.91s, Current LR: 0.001000
2025-06-22 09:35:33.896 | SUCCESS  | src.fh.training_framework:run_training:572 - Saved best model for GRU_Experiment_1_heart_big_train to /home/azureuser/mads-exam-fharren/src/fh/../../logs/20250622-092700_run_logs/20250622-092700_GRU_Experiment_1_heart_big_train_best_model.pth (Recall: 0.9107, Accuracy: 0.9107).
2025-06-22 09:35:40.770 | INFO     | src.fh.training_framework:run_training:516 - Experiment: GRU_Experiment_1_heart_big_train, Epoch:  5/10, Train Loss: 0.2148, Test Loss: 0.2844, Accuracy: 0.9049, Recall: 0.9049, Precision: 0.9522, F1: 0.9219, Duration: 6.87s, Current LR: 0.001000
2025-06-22 09:35:47.838 | INFO     | src.fh.training_framework:run_training:516 - Experiment: GRU_Experiment_1_heart_big_train, Epoch:  6/10, Train Loss: 0.1963, Test Loss: 0.2322, Accuracy: 0.9229, Recall: 0.9229, Precision: 0.9546, F1: 0.9342, Duration: 7.05s, Current LR: 0.001000
2025-06-22 09:35:47.850 | SUCCESS  | src.fh.training_framework:run_training:572 - Saved best model for GRU_Experiment_1_heart_big_train to /home/azureuser/mads-exam-fharren/src/fh/../../logs/20250622-092700_run_logs/20250622-092700_GRU_Experiment_1_heart_big_train_best_model.pth (Recall: 0.9229, Accuracy: 0.9229).
2025-06-22 09:35:54.808 | INFO     | src.fh.training_framework:run_training:516 - Experiment: GRU_Experiment_1_heart_big_train, Epoch:  7/10, Train Loss: 0.1798, Test Loss: 0.2371, Accuracy: 0.9214, Recall: 0.9214, Precision: 0.9541, F1: 0.9328, Duration: 6.96s, Current LR: 0.001000
2025-06-22 09:36:01.736 | INFO     | src.fh.training_framework:run_training:516 - Experiment: GRU_Experiment_1_heart_big_train, Epoch:  8/10, Train Loss: 0.1719, Test Loss: 0.2125, Accuracy: 0.9323, Recall: 0.9323, Precision: 0.9592, F1: 0.9420, Duration: 6.92s, Current LR: 0.001000
2025-06-22 09:36:01.752 | SUCCESS  | src.fh.training_framework:run_training:572 - Saved best model for GRU_Experiment_1_heart_big_train to /home/azureuser/mads-exam-fharren/src/fh/../../logs/20250622-092700_run_logs/20250622-092700_GRU_Experiment_1_heart_big_train_best_model.pth (Recall: 0.9323, Accuracy: 0.9323).
2025-06-22 09:36:08.652 | INFO     | src.fh.training_framework:run_training:516 - Experiment: GRU_Experiment_1_heart_big_train, Epoch:  9/10, Train Loss: 0.1636, Test Loss: 0.2456, Accuracy: 0.9149, Recall: 0.9149, Precision: 0.9541, F1: 0.9290, Duration: 6.90s, Current LR: 0.001000
2025-06-22 09:36:15.545 | INFO     | src.fh.training_framework:run_training:516 - Experiment: GRU_Experiment_1_heart_big_train, Epoch: 10/10, Train Loss: 0.1503, Test Loss: 0.1984, Accuracy: 0.9342, Recall: 0.9342, Precision: 0.9599, F1: 0.9435, Duration: 6.88s, Current LR: 0.001000
2025-06-22 09:36:15.558 | SUCCESS  | src.fh.training_framework:run_training:572 - Saved best model for GRU_Experiment_1_heart_big_train to /home/azureuser/mads-exam-fharren/src/fh/../../logs/20250622-092700_run_logs/20250622-092700_GRU_Experiment_1_heart_big_train_best_model.pth (Recall: 0.9342, Accuracy: 0.9342).
2025-06-22 09:36:15.558 | INFO     | src.fh.training_framework:run_training:613 - Training voor model GRU_Experiment_1_heart_big_train voltooid. Totale duur: 0:01:10.251504
2025-06-22 09:36:15.559 | INFO     | __main__:run_experiment:226 - 
--- Uitvoeren GRU Experiment 2/2 voor heart_big_train.parq ---
2025-06-22 09:36:15.560 | INFO     | src.fh.training_framework:run_training:336 - Starting training run for model: gru_model, experiment: GRU_Experiment_2_heart_big_train
2025-06-22 09:36:15.560 | INFO     | src.fh.model_selector:get_model:27 - Model selector: aanmaken van model 'gru_model' met config: {'input_size': 187, 'hidden_size': 128, 'num_layers': 2, 'output_size': 5, 'dropout': 0.2}
2025-06-22 09:36:15.560 | INFO     | src.fh.models.gru_model:__init__:20 - Initializing GRUModel...
2025-06-22 09:36:15.563 | INFO     | src.fh.models.gru_model:__init__:64 - GRUModel initialized. Total parameters: 221445
2025-06-22 09:36:15.564 | INFO     | src.fh.training_framework:run_training:414 - Model 'gru_model' van experiment 'GRU_Experiment_2_heart_big_train' geïnitialiseerd en verplaatst naar cpu.
2025-06-22 09:36:15.565 | INFO     | src.fh.training_framework:run_training:476 - Scheduler is uitgeschakeld in configuratie.
2025-06-22 09:36:15.565 | INFO     | src.fh.training_framework:run_training:495 - Trainingsdataset: heart_big_train.parq, Samples: 87554, Batch grootte: 32, Aantal batches: 2737.
2025-06-22 09:36:15.566 | INFO     | src.fh.training_framework:run_training:496 - Testdataset: heart_big_test.parq, Samples: 21892, Batch grootte: 32, Aantal batches: 685.
2025-06-22 09:36:27.323 | INFO     | src.fh.training_framework:run_training:516 - Experiment: GRU_Experiment_2_heart_big_train, Epoch:  1/10, Train Loss: 0.4938, Test Loss: 0.3093, Accuracy: 0.9033, Recall: 0.9033, Precision: 0.9374, F1: 0.9159, Duration: 11.76s, Current LR: 0.001000
2025-06-22 09:36:27.335 | SUCCESS  | src.fh.training_framework:run_training:572 - Saved best model for GRU_Experiment_2_heart_big_train to /home/azureuser/mads-exam-fharren/src/fh/../../logs/20250622-092700_run_logs/20250622-092700_GRU_Experiment_2_heart_big_train_best_model.pth (Recall: 0.9033, Accuracy: 0.9033).
2025-06-22 09:36:39.251 | INFO     | src.fh.training_framework:run_training:516 - Experiment: GRU_Experiment_2_heart_big_train, Epoch:  2/10, Train Loss: 0.3343, Test Loss: 0.2413, Accuracy: 0.9152, Recall: 0.9152, Precision: 0.9501, F1: 0.9285, Duration: 11.92s, Current LR: 0.001000
2025-06-22 09:36:39.265 | SUCCESS  | src.fh.training_framework:run_training:572 - Saved best model for GRU_Experiment_2_heart_big_train to /home/azureuser/mads-exam-fharren/src/fh/../../logs/20250622-092700_run_logs/20250622-092700_GRU_Experiment_2_heart_big_train_best_model.pth (Recall: 0.9152, Accuracy: 0.9152).
2025-06-22 09:36:51.331 | INFO     | src.fh.training_framework:run_training:516 - Experiment: GRU_Experiment_2_heart_big_train, Epoch:  3/10, Train Loss: 0.2892, Test Loss: 0.2597, Accuracy: 0.9143, Recall: 0.9143, Precision: 0.9487, F1: 0.9263, Duration: 12.07s, Current LR: 0.001000
2025-06-22 09:37:03.205 | INFO     | src.fh.training_framework:run_training:516 - Experiment: GRU_Experiment_2_heart_big_train, Epoch:  4/10, Train Loss: 0.2534, Test Loss: 0.2747, Accuracy: 0.9047, Recall: 0.9047, Precision: 0.9491, F1: 0.9208, Duration: 11.86s, Current LR: 0.001000
2025-06-22 09:37:15.271 | INFO     | src.fh.training_framework:run_training:516 - Experiment: GRU_Experiment_2_heart_big_train, Epoch:  5/10, Train Loss: 0.2309, Test Loss: 0.2344, Accuracy: 0.9206, Recall: 0.9206, Precision: 0.9508, F1: 0.9314, Duration: 12.05s, Current LR: 0.001000
2025-06-22 09:37:15.284 | SUCCESS  | src.fh.training_framework:run_training:572 - Saved best model for GRU_Experiment_2_heart_big_train to /home/azureuser/mads-exam-fharren/src/fh/../../logs/20250622-092700_run_logs/20250622-092700_GRU_Experiment_2_heart_big_train_best_model.pth (Recall: 0.9206, Accuracy: 0.9206).
2025-06-22 09:37:27.211 | INFO     | src.fh.training_framework:run_training:516 - Experiment: GRU_Experiment_2_heart_big_train, Epoch:  6/10, Train Loss: 0.2060, Test Loss: 0.1975, Accuracy: 0.9364, Recall: 0.9364, Precision: 0.9581, F1: 0.9440, Duration: 11.93s, Current LR: 0.001000
2025-06-22 09:37:27.225 | SUCCESS  | src.fh.training_framework:run_training:572 - Saved best model for GRU_Experiment_2_heart_big_train to /home/azureuser/mads-exam-fharren/src/fh/../../logs/20250622-092700_run_logs/20250622-092700_GRU_Experiment_2_heart_big_train_best_model.pth (Recall: 0.9364, Accuracy: 0.9364).
2025-06-22 09:37:39.051 | INFO     | src.fh.training_framework:run_training:516 - Experiment: GRU_Experiment_2_heart_big_train, Epoch:  7/10, Train Loss: 0.1915, Test Loss: 0.2288, Accuracy: 0.9170, Recall: 0.9170, Precision: 0.9554, F1: 0.9310, Duration: 11.83s, Current LR: 0.001000
2025-06-22 09:37:51.164 | INFO     | src.fh.training_framework:run_training:516 - Experiment: GRU_Experiment_2_heart_big_train, Epoch:  8/10, Train Loss: 0.1751, Test Loss: 0.2306, Accuracy: 0.9176, Recall: 0.9176, Precision: 0.9563, F1: 0.9314, Duration: 12.10s, Current LR: 0.001000
2025-06-22 09:38:03.149 | INFO     | src.fh.training_framework:run_training:516 - Experiment: GRU_Experiment_2_heart_big_train, Epoch:  9/10, Train Loss: 0.1707, Test Loss: 0.1726, Accuracy: 0.9401, Recall: 0.9401, Precision: 0.9630, F1: 0.9485, Duration: 11.97s, Current LR: 0.001000
2025-06-22 09:38:03.163 | SUCCESS  | src.fh.training_framework:run_training:572 - Saved best model for GRU_Experiment_2_heart_big_train to /home/azureuser/mads-exam-fharren/src/fh/../../logs/20250622-092700_run_logs/20250622-092700_GRU_Experiment_2_heart_big_train_best_model.pth (Recall: 0.9401, Accuracy: 0.9401).
2025-06-22 09:38:14.973 | INFO     | src.fh.training_framework:run_training:516 - Experiment: GRU_Experiment_2_heart_big_train, Epoch: 10/10, Train Loss: 0.1628, Test Loss: 0.2442, Accuracy: 0.9108, Recall: 0.9108, Precision: 0.9575, F1: 0.9275, Duration: 11.81s, Current LR: 0.001000
2025-06-22 09:38:14.985 | INFO     | src.fh.training_framework:run_training:613 - Training voor model GRU_Experiment_2_heart_big_train voltooid. Totale duur: 0:01:59.425027
2025-06-22 09:38:14.986 | INFO     | __main__:run_experiment:236 - GRU model training voltooid voor heart_big_train.parq.
2025-06-22 09:38:14.987 | INFO     | __main__:run_experiment:84 - 
--- Start experimenten voor trainingsbestand: heart_big_train_synthetic.parquet (2/2) ---
2025-06-22 09:38:14.987 | INFO     | __main__:run_experiment:91 - Vastgestelde feature count: 187, class count: 5
2025-06-22 09:38:14.987 | INFO     | __main__:run_experiment:120 - Laden van data van /home/azureuser/mads-exam-fharren/src/fh/../../data/heart_big_train_synthetic.parquet en /home/azureuser/mads-exam-fharren/src/fh/../../data/heart_big_test.parq...
2025-06-22 09:38:14.988 | INFO     | src.fh.data_loader:get_data_loaders:93 - Start aanmaken data loaders. Training bestand: /home/azureuser/mads-exam-fharren/src/fh/../../data/heart_big_train_synthetic.parquet, Test bestand: /home/azureuser/mads-exam-fharren/src/fh/../../data/heart_big_test.parq
2025-06-22 09:38:16.326 | INFO     | src.fh.data_loader:get_data_loaders:98 - Succesvol trainingsbestand '/home/azureuser/mads-exam-fharren/src/fh/../../data/heart_big_train_synthetic.parquet' geladen (217411 rijen).
2025-06-22 09:38:16.385 | INFO     | src.fh.data_loader:get_data_loaders:109 - Succesvol testbestand '/home/azureuser/mads-exam-fharren/src/fh/../../data/heart_big_test.parq' geladen (21892 rijen).
2025-06-22 09:38:16.890 | INFO     | src.fh.data_loader:get_data_loaders:132 - StandardScaler getraind op trainingsdata.
2025-06-22 09:38:17.369 | INFO     | src.fh.data_loader:get_data_loaders:141 - Datasets succesvol aangemaakt.
2025-06-22 09:38:17.370 | INFO     | src.fh.data_loader:get_data_loaders:149 - DataLoaders succesvol aangemaakt.
2025-06-22 09:38:17.371 | SUCCESS  | __main__:run_experiment:130 - Data loaders succesvol aangemaakt.
2025-06-22 09:38:17.404 | INFO     | __main__:run_experiment:140 - Berekende klasse-gewichten voor heart_big_train_synthetic.parquet: [0.5999944806098938, 1.2000055313110352, 1.2000055313110352, 1.2000055313110352, 1.2000055313110352]
2025-06-22 09:38:17.404 | INFO     | __main__:run_experiment:154 - Initialiseren van de Trainer...
2025-06-22 09:38:17.413 | INFO     | src.fh.training_framework:__init__:99 - Initializing Trainer. Using device: cpu
2025-06-22 09:38:17.414 | INFO     | src.fh.training_framework:__init__:100 - Logging and outputs for this run will be stored in: /home/azureuser/mads-exam-fharren/src/fh/../../logs/20250622-092700_run_logs
2025-06-22 09:38:17.415 | INFO     | __main__:run_experiment:161 - Trainer succesvol geïnitialiseerd.
2025-06-22 09:38:17.415 | INFO     | __main__:run_experiment:164 - 
--- Start Training Baseline Model ---
2025-06-22 09:38:17.415 | INFO     | src.fh.training_framework:run_training:336 - Starting training run for model: baseline_model, experiment: Baseline_heart_big_train_synthetic
2025-06-22 09:38:17.416 | INFO     | src.fh.model_selector:get_model:27 - Model selector: aanmaken van model 'baseline_model' met config: {'input_size': 187, 'output_size': 5}
2025-06-22 09:38:17.416 | INFO     | src.fh.models.baseline_model:__init__:19 - Initializing BaselineModel...
2025-06-22 09:38:17.419 | INFO     | src.fh.models.baseline_model:__init__:38 - BaselineModel initialized with input_size=187, hidden_size=64, output_size=5.
2025-06-22 09:38:17.421 | INFO     | src.fh.training_framework:run_training:414 - Model 'baseline_model' van experiment 'Baseline_heart_big_train_synthetic' geïnitialiseerd en verplaatst naar cpu.
2025-06-22 09:38:17.422 | INFO     | src.fh.training_framework:run_training:476 - Scheduler is uitgeschakeld in configuratie.
2025-06-22 09:38:17.423 | INFO     | src.fh.training_framework:run_training:495 - Trainingsdataset: heart_big_train_synthetic.parquet, Samples: 217411, Batch grootte: 32, Aantal batches: 6795.
2025-06-22 09:38:17.423 | INFO     | src.fh.training_framework:run_training:496 - Testdataset: heart_big_test.parq, Samples: 21892, Batch grootte: 32, Aantal batches: 685.
2025-06-22 09:38:38.488 | INFO     | src.fh.training_framework:run_training:516 - Experiment: Baseline_heart_big_train_synthetic, Epoch:  1/10, Train Loss: 0.2520, Test Loss: 0.2271, Accuracy: 0.9318, Recall: 0.9318, Precision: 0.9447, F1: 0.9370, Duration: 21.06s, Current LR: 0.001000
2025-06-22 09:38:38.496 | SUCCESS  | src.fh.training_framework:run_training:572 - Saved best model for Baseline_heart_big_train_synthetic to /home/azureuser/mads-exam-fharren/src/fh/../../logs/20250622-092700_run_logs/20250622-092700_Baseline_heart_big_train_synthetic_best_model.pth (Recall: 0.9318, Accuracy: 0.9318).
2025-06-22 09:38:59.402 | INFO     | src.fh.training_framework:run_training:516 - Experiment: Baseline_heart_big_train_synthetic, Epoch:  2/10, Train Loss: 0.1448, Test Loss: 0.2773, Accuracy: 0.9150, Recall: 0.9150, Precision: 0.9455, F1: 0.9267, Duration: 20.91s, Current LR: 0.001000
2025-06-22 09:39:20.312 | INFO     | src.fh.training_framework:run_training:516 - Experiment: Baseline_heart_big_train_synthetic, Epoch:  3/10, Train Loss: 0.1226, Test Loss: 0.2291, Accuracy: 0.9347, Recall: 0.9347, Precision: 0.9508, F1: 0.9407, Duration: 20.90s, Current LR: 0.001000
2025-06-22 09:39:20.326 | SUCCESS  | src.fh.training_framework:run_training:572 - Saved best model for Baseline_heart_big_train_synthetic to /home/azureuser/mads-exam-fharren/src/fh/../../logs/20250622-092700_run_logs/20250622-092700_Baseline_heart_big_train_synthetic_best_model.pth (Recall: 0.9347, Accuracy: 0.9347).
2025-06-22 09:39:41.484 | INFO     | src.fh.training_framework:run_training:516 - Experiment: Baseline_heart_big_train_synthetic, Epoch:  4/10, Train Loss: 0.1118, Test Loss: 0.2083, Accuracy: 0.9382, Recall: 0.9382, Precision: 0.9506, F1: 0.9430, Duration: 21.16s, Current LR: 0.001000
2025-06-22 09:39:41.500 | SUCCESS  | src.fh.training_framework:run_training:572 - Saved best model for Baseline_heart_big_train_synthetic to /home/azureuser/mads-exam-fharren/src/fh/../../logs/20250622-092700_run_logs/20250622-092700_Baseline_heart_big_train_synthetic_best_model.pth (Recall: 0.9382, Accuracy: 0.9382).
2025-06-22 09:40:02.532 | INFO     | src.fh.training_framework:run_training:516 - Experiment: Baseline_heart_big_train_synthetic, Epoch:  5/10, Train Loss: 0.1031, Test Loss: 0.2687, Accuracy: 0.9201, Recall: 0.9201, Precision: 0.9473, F1: 0.9299, Duration: 21.03s, Current LR: 0.001000
2025-06-22 09:40:23.300 | INFO     | src.fh.training_framework:run_training:516 - Experiment: Baseline_heart_big_train_synthetic, Epoch:  6/10, Train Loss: 0.0979, Test Loss: 0.2216, Accuracy: 0.9366, Recall: 0.9366, Precision: 0.9509, F1: 0.9419, Duration: 20.75s, Current LR: 0.001000
2025-06-22 09:40:44.268 | INFO     | src.fh.training_framework:run_training:516 - Experiment: Baseline_heart_big_train_synthetic, Epoch:  7/10, Train Loss: 0.0937, Test Loss: 0.2135, Accuracy: 0.9398, Recall: 0.9398, Precision: 0.9504, F1: 0.9438, Duration: 20.96s, Current LR: 0.001000
2025-06-22 09:40:44.284 | SUCCESS  | src.fh.training_framework:run_training:572 - Saved best model for Baseline_heart_big_train_synthetic to /home/azureuser/mads-exam-fharren/src/fh/../../logs/20250622-092700_run_logs/20250622-092700_Baseline_heart_big_train_synthetic_best_model.pth (Recall: 0.9398, Accuracy: 0.9398).
2025-06-22 09:41:05.022 | INFO     | src.fh.training_framework:run_training:516 - Experiment: Baseline_heart_big_train_synthetic, Epoch:  8/10, Train Loss: 0.0902, Test Loss: 0.2687, Accuracy: 0.9167, Recall: 0.9167, Precision: 0.9466, F1: 0.9273, Duration: 20.74s, Current LR: 0.001000
2025-06-22 09:41:26.147 | INFO     | src.fh.training_framework:run_training:516 - Experiment: Baseline_heart_big_train_synthetic, Epoch:  9/10, Train Loss: 0.0864, Test Loss: 0.2058, Accuracy: 0.9435, Recall: 0.9435, Precision: 0.9532, F1: 0.9470, Duration: 21.11s, Current LR: 0.001000
2025-06-22 09:41:26.161 | SUCCESS  | src.fh.training_framework:run_training:572 - Saved best model for Baseline_heart_big_train_synthetic to /home/azureuser/mads-exam-fharren/src/fh/../../logs/20250622-092700_run_logs/20250622-092700_Baseline_heart_big_train_synthetic_best_model.pth (Recall: 0.9435, Accuracy: 0.9435).
2025-06-22 09:41:46.690 | INFO     | src.fh.training_framework:run_training:516 - Experiment: Baseline_heart_big_train_synthetic, Epoch: 10/10, Train Loss: 0.0838, Test Loss: 0.1915, Accuracy: 0.9478, Recall: 0.9478, Precision: 0.9567, F1: 0.9512, Duration: 20.53s, Current LR: 0.001000
2025-06-22 09:41:46.708 | SUCCESS  | src.fh.training_framework:run_training:572 - Saved best model for Baseline_heart_big_train_synthetic to /home/azureuser/mads-exam-fharren/src/fh/../../logs/20250622-092700_run_logs/20250622-092700_Baseline_heart_big_train_synthetic_best_model.pth (Recall: 0.9478, Accuracy: 0.9478).
2025-06-22 09:41:46.709 | INFO     | src.fh.training_framework:run_training:613 - Training voor model Baseline_heart_big_train_synthetic voltooid. Totale duur: 0:03:29.293421
2025-06-22 09:41:46.712 | INFO     | __main__:run_experiment:175 - Baseline model training voltooid voor heart_big_train_synthetic.parquet.
2025-06-22 09:41:46.712 | INFO     | __main__:run_experiment:178 - 
--- Start Training CNN Model (Hyperparameter Tuning) ---
2025-06-22 09:41:46.713 | INFO     | __main__:run_experiment:190 - 
--- Uitvoeren CNN Experiment 1/2 voor heart_big_train_synthetic.parquet ---
2025-06-22 09:41:46.713 | INFO     | __main__:run_experiment:202 - Berekende CNN input_size_after_flattening voor lineaire laag: 1472
2025-06-22 09:41:46.713 | INFO     | src.fh.training_framework:run_training:336 - Starting training run for model: cnn_model, experiment: CNN_Experiment_1_heart_big_train_synthetic
2025-06-22 09:41:46.713 | INFO     | src.fh.model_selector:get_model:27 - Model selector: aanmaken van model 'cnn_model' met config: {'input_channels': 1, 'hidden_size': 32, 'num_layers': 2, 'output_size': 5, 'conv_filters': [16, 32], 'kernel_size': 3, 'use_dropout': False, 'dropout_rate': 0.5, 'num_features': 187, 'input_size_after_flattening': 1472}
2025-06-22 09:41:46.713 | INFO     | src.fh.models.cnn_model:__init__:21 - Initializing CNNModel...
2025-06-22 09:41:46.717 | INFO     | src.fh.models.cnn_model:__init__:77 - CNNModel initialized. Total parameters: 48933
2025-06-22 09:41:46.718 | INFO     | src.fh.training_framework:run_training:414 - Model 'cnn_model' van experiment 'CNN_Experiment_1_heart_big_train_synthetic' geïnitialiseerd en verplaatst naar cpu.
2025-06-22 09:41:46.718 | INFO     | src.fh.training_framework:run_training:476 - Scheduler is uitgeschakeld in configuratie.
2025-06-22 09:41:46.718 | INFO     | src.fh.training_framework:run_training:495 - Trainingsdataset: heart_big_train_synthetic.parquet, Samples: 217411, Batch grootte: 32, Aantal batches: 6795.
2025-06-22 09:41:46.719 | INFO     | src.fh.training_framework:run_training:496 - Testdataset: heart_big_test.parq, Samples: 21892, Batch grootte: 32, Aantal batches: 685.
2025-06-22 09:42:21.800 | INFO     | src.fh.training_framework:run_training:516 - Experiment: CNN_Experiment_1_heart_big_train_synthetic, Epoch:  1/10, Train Loss: 0.1684, Test Loss: 0.2502, Accuracy: 0.9195, Recall: 0.9195, Precision: 0.9525, F1: 0.9324, Duration: 35.08s, Current LR: 0.001000
2025-06-22 09:42:21.809 | SUCCESS  | src.fh.training_framework:run_training:572 - Saved best model for CNN_Experiment_1_heart_big_train_synthetic to /home/azureuser/mads-exam-fharren/src/fh/../../logs/20250622-092700_run_logs/20250622-092700_CNN_Experiment_1_heart_big_train_synthetic_best_model.pth (Recall: 0.9195, Accuracy: 0.9195).
2025-06-22 09:42:56.886 | INFO     | src.fh.training_framework:run_training:516 - Experiment: CNN_Experiment_1_heart_big_train_synthetic, Epoch:  2/10, Train Loss: 0.0669, Test Loss: 0.1663, Accuracy: 0.9512, Recall: 0.9512, Precision: 0.9639, F1: 0.9560, Duration: 35.08s, Current LR: 0.001000
2025-06-22 09:42:56.901 | SUCCESS  | src.fh.training_framework:run_training:572 - Saved best model for CNN_Experiment_1_heart_big_train_synthetic to /home/azureuser/mads-exam-fharren/src/fh/../../logs/20250622-092700_run_logs/20250622-092700_CNN_Experiment_1_heart_big_train_synthetic_best_model.pth (Recall: 0.9512, Accuracy: 0.9512).
2025-06-22 09:43:31.260 | INFO     | src.fh.training_framework:run_training:516 - Experiment: CNN_Experiment_1_heart_big_train_synthetic, Epoch:  3/10, Train Loss: 0.0501, Test Loss: 0.1339, Accuracy: 0.9611, Recall: 0.9611, Precision: 0.9676, F1: 0.9636, Duration: 34.36s, Current LR: 0.001000
2025-06-22 09:43:31.275 | SUCCESS  | src.fh.training_framework:run_training:572 - Saved best model for CNN_Experiment_1_heart_big_train_synthetic to /home/azureuser/mads-exam-fharren/src/fh/../../logs/20250622-092700_run_logs/20250622-092700_CNN_Experiment_1_heart_big_train_synthetic_best_model.pth (Recall: 0.9611, Accuracy: 0.9611).
2025-06-22 09:44:06.006 | INFO     | src.fh.training_framework:run_training:516 - Experiment: CNN_Experiment_1_heart_big_train_synthetic, Epoch:  4/10, Train Loss: 0.0407, Test Loss: 0.1289, Accuracy: 0.9656, Recall: 0.9656, Precision: 0.9675, F1: 0.9660, Duration: 34.73s, Current LR: 0.001000
2025-06-22 09:44:06.020 | SUCCESS  | src.fh.training_framework:run_training:572 - Saved best model for CNN_Experiment_1_heart_big_train_synthetic to /home/azureuser/mads-exam-fharren/src/fh/../../logs/20250622-092700_run_logs/20250622-092700_CNN_Experiment_1_heart_big_train_synthetic_best_model.pth (Recall: 0.9656, Accuracy: 0.9656).
2025-06-22 09:44:40.802 | INFO     | src.fh.training_framework:run_training:516 - Experiment: CNN_Experiment_1_heart_big_train_synthetic, Epoch:  5/10, Train Loss: 0.0352, Test Loss: 0.1156, Accuracy: 0.9674, Recall: 0.9674, Precision: 0.9702, F1: 0.9685, Duration: 34.78s, Current LR: 0.001000
2025-06-22 09:44:40.817 | SUCCESS  | src.fh.training_framework:run_training:572 - Saved best model for CNN_Experiment_1_heart_big_train_synthetic to /home/azureuser/mads-exam-fharren/src/fh/../../logs/20250622-092700_run_logs/20250622-092700_CNN_Experiment_1_heart_big_train_synthetic_best_model.pth (Recall: 0.9674, Accuracy: 0.9674).
2025-06-22 09:45:15.631 | INFO     | src.fh.training_framework:run_training:516 - Experiment: CNN_Experiment_1_heart_big_train_synthetic, Epoch:  6/10, Train Loss: 0.0306, Test Loss: 0.1174, Accuracy: 0.9696, Recall: 0.9696, Precision: 0.9720, F1: 0.9705, Duration: 34.81s, Current LR: 0.001000
2025-06-22 09:45:15.645 | SUCCESS  | src.fh.training_framework:run_training:572 - Saved best model for CNN_Experiment_1_heart_big_train_synthetic to /home/azureuser/mads-exam-fharren/src/fh/../../logs/20250622-092700_run_logs/20250622-092700_CNN_Experiment_1_heart_big_train_synthetic_best_model.pth (Recall: 0.9696, Accuracy: 0.9696).
2025-06-22 09:45:50.209 | INFO     | src.fh.training_framework:run_training:516 - Experiment: CNN_Experiment_1_heart_big_train_synthetic, Epoch:  7/10, Train Loss: 0.0274, Test Loss: 0.1202, Accuracy: 0.9693, Recall: 0.9693, Precision: 0.9724, F1: 0.9704, Duration: 34.56s, Current LR: 0.001000
2025-06-22 09:46:24.983 | INFO     | src.fh.training_framework:run_training:516 - Experiment: CNN_Experiment_1_heart_big_train_synthetic, Epoch:  8/10, Train Loss: 0.0244, Test Loss: 0.1143, Accuracy: 0.9728, Recall: 0.9728, Precision: 0.9737, F1: 0.9731, Duration: 34.76s, Current LR: 0.001000
2025-06-22 09:46:24.999 | SUCCESS  | src.fh.training_framework:run_training:572 - Saved best model for CNN_Experiment_1_heart_big_train_synthetic to /home/azureuser/mads-exam-fharren/src/fh/../../logs/20250622-092700_run_logs/20250622-092700_CNN_Experiment_1_heart_big_train_synthetic_best_model.pth (Recall: 0.9728, Accuracy: 0.9728).
2025-06-22 09:46:59.056 | INFO     | src.fh.training_framework:run_training:516 - Experiment: CNN_Experiment_1_heart_big_train_synthetic, Epoch:  9/10, Train Loss: 0.0222, Test Loss: 0.1174, Accuracy: 0.9706, Recall: 0.9706, Precision: 0.9726, F1: 0.9713, Duration: 34.06s, Current LR: 0.001000
2025-06-22 09:47:34.123 | INFO     | src.fh.training_framework:run_training:516 - Experiment: CNN_Experiment_1_heart_big_train_synthetic, Epoch: 10/10, Train Loss: 0.0204, Test Loss: 0.1116, Accuracy: 0.9736, Recall: 0.9736, Precision: 0.9744, F1: 0.9739, Duration: 35.05s, Current LR: 0.001000
2025-06-22 09:47:34.139 | SUCCESS  | src.fh.training_framework:run_training:572 - Saved best model for CNN_Experiment_1_heart_big_train_synthetic to /home/azureuser/mads-exam-fharren/src/fh/../../logs/20250622-092700_run_logs/20250622-092700_CNN_Experiment_1_heart_big_train_synthetic_best_model.pth (Recall: 0.9736, Accuracy: 0.9736).
2025-06-22 09:47:34.140 | INFO     | src.fh.training_framework:run_training:613 - Training voor model CNN_Experiment_1_heart_big_train_synthetic voltooid. Totale duur: 0:05:47.426670
2025-06-22 09:47:34.141 | INFO     | __main__:run_experiment:190 - 
--- Uitvoeren CNN Experiment 2/2 voor heart_big_train_synthetic.parquet ---
2025-06-22 09:47:34.141 | INFO     | __main__:run_experiment:202 - Berekende CNN input_size_after_flattening voor lineaire laag: 2944
2025-06-22 09:47:34.141 | INFO     | src.fh.training_framework:run_training:336 - Starting training run for model: cnn_model, experiment: CNN_Experiment_2_heart_big_train_synthetic
2025-06-22 09:47:34.142 | INFO     | src.fh.model_selector:get_model:27 - Model selector: aanmaken van model 'cnn_model' met config: {'input_channels': 1, 'hidden_size': 64, 'num_layers': 2, 'output_size': 5, 'conv_filters': [32, 64], 'kernel_size': 5, 'use_dropout': True, 'dropout_rate': 0.3, 'num_features': 187, 'input_size_after_flattening': 2944}
2025-06-22 09:47:34.142 | INFO     | src.fh.models.cnn_model:__init__:21 - Initializing CNNModel...
2025-06-22 09:47:34.149 | INFO     | src.fh.models.cnn_model:__init__:77 - CNNModel initialized. Total parameters: 199301
2025-06-22 09:47:34.153 | INFO     | src.fh.training_framework:run_training:414 - Model 'cnn_model' van experiment 'CNN_Experiment_2_heart_big_train_synthetic' geïnitialiseerd en verplaatst naar cpu.
2025-06-22 09:47:34.154 | INFO     | src.fh.training_framework:run_training:476 - Scheduler is uitgeschakeld in configuratie.
2025-06-22 09:47:34.155 | INFO     | src.fh.training_framework:run_training:495 - Trainingsdataset: heart_big_train_synthetic.parquet, Samples: 217411, Batch grootte: 32, Aantal batches: 6795.
2025-06-22 09:47:34.155 | INFO     | src.fh.training_framework:run_training:496 - Testdataset: heart_big_test.parq, Samples: 21892, Batch grootte: 32, Aantal batches: 685.
2025-06-22 09:48:32.424 | INFO     | src.fh.training_framework:run_training:516 - Experiment: CNN_Experiment_2_heart_big_train_synthetic, Epoch:  1/10, Train Loss: 0.1601, Test Loss: 0.1353, Accuracy: 0.9595, Recall: 0.9595, Precision: 0.9653, F1: 0.9618, Duration: 58.27s, Current LR: 0.001000
2025-06-22 09:48:32.434 | SUCCESS  | src.fh.training_framework:run_training:572 - Saved best model for CNN_Experiment_2_heart_big_train_synthetic to /home/azureuser/mads-exam-fharren/src/fh/../../logs/20250622-092700_run_logs/20250622-092700_CNN_Experiment_2_heart_big_train_synthetic_best_model.pth (Recall: 0.9595, Accuracy: 0.9595).
2025-06-22 09:49:30.230 | INFO     | src.fh.training_framework:run_training:516 - Experiment: CNN_Experiment_2_heart_big_train_synthetic, Epoch:  2/10, Train Loss: 0.0658, Test Loss: 0.1067, Accuracy: 0.9699, Recall: 0.9699, Precision: 0.9722, F1: 0.9708, Duration: 57.79s, Current LR: 0.001000
2025-06-22 09:49:30.246 | SUCCESS  | src.fh.training_framework:run_training:572 - Saved best model for CNN_Experiment_2_heart_big_train_synthetic to /home/azureuser/mads-exam-fharren/src/fh/../../logs/20250622-092700_run_logs/20250622-092700_CNN_Experiment_2_heart_big_train_synthetic_best_model.pth (Recall: 0.9699, Accuracy: 0.9699).
2025-06-22 09:50:27.746 | INFO     | src.fh.training_framework:run_training:516 - Experiment: CNN_Experiment_2_heart_big_train_synthetic, Epoch:  3/10, Train Loss: 0.0509, Test Loss: 0.1091, Accuracy: 0.9693, Recall: 0.9693, Precision: 0.9714, F1: 0.9700, Duration: 57.50s, Current LR: 0.001000
2025-06-22 09:51:26.374 | INFO     | src.fh.training_framework:run_training:516 - Experiment: CNN_Experiment_2_heart_big_train_synthetic, Epoch:  4/10, Train Loss: 0.0410, Test Loss: 0.0848, Accuracy: 0.9765, Recall: 0.9765, Precision: 0.9768, F1: 0.9767, Duration: 58.61s, Current LR: 0.001000
2025-06-22 09:51:26.390 | SUCCESS  | src.fh.training_framework:run_training:572 - Saved best model for CNN_Experiment_2_heart_big_train_synthetic to /home/azureuser/mads-exam-fharren/src/fh/../../logs/20250622-092700_run_logs/20250622-092700_CNN_Experiment_2_heart_big_train_synthetic_best_model.pth (Recall: 0.9765, Accuracy: 0.9765).
2025-06-22 09:52:24.343 | INFO     | src.fh.training_framework:run_training:516 - Experiment: CNN_Experiment_2_heart_big_train_synthetic, Epoch:  5/10, Train Loss: 0.0360, Test Loss: 0.1034, Accuracy: 0.9754, Recall: 0.9754, Precision: 0.9755, F1: 0.9754, Duration: 57.95s, Current LR: 0.001000
2025-06-22 09:53:22.688 | INFO     | src.fh.training_framework:run_training:516 - Experiment: CNN_Experiment_2_heart_big_train_synthetic, Epoch:  6/10, Train Loss: 0.0335, Test Loss: 0.0814, Accuracy: 0.9802, Recall: 0.9802, Precision: 0.9798, F1: 0.9799, Duration: 58.33s, Current LR: 0.001000
2025-06-22 09:53:22.702 | SUCCESS  | src.fh.training_framework:run_training:572 - Saved best model for CNN_Experiment_2_heart_big_train_synthetic to /home/azureuser/mads-exam-fharren/src/fh/../../logs/20250622-092700_run_logs/20250622-092700_CNN_Experiment_2_heart_big_train_synthetic_best_model.pth (Recall: 0.9802, Accuracy: 0.9802).
2025-06-22 09:54:19.995 | INFO     | src.fh.training_framework:run_training:516 - Experiment: CNN_Experiment_2_heart_big_train_synthetic, Epoch:  7/10, Train Loss: 0.0300, Test Loss: 0.0914, Accuracy: 0.9778, Recall: 0.9778, Precision: 0.9781, F1: 0.9780, Duration: 57.29s, Current LR: 0.001000
2025-06-22 09:55:18.440 | INFO     | src.fh.training_framework:run_training:516 - Experiment: CNN_Experiment_2_heart_big_train_synthetic, Epoch:  8/10, Train Loss: 0.0282, Test Loss: 0.1012, Accuracy: 0.9759, Recall: 0.9759, Precision: 0.9773, F1: 0.9765, Duration: 58.43s, Current LR: 0.001000
2025-06-22 09:56:19.188 | INFO     | src.fh.training_framework:run_training:516 - Experiment: CNN_Experiment_2_heart_big_train_synthetic, Epoch:  9/10, Train Loss: 0.0261, Test Loss: 0.0900, Accuracy: 0.9768, Recall: 0.9768, Precision: 0.9785, F1: 0.9774, Duration: 60.73s, Current LR: 0.001000
2025-06-22 09:57:20.677 | INFO     | src.fh.training_framework:run_training:516 - Experiment: CNN_Experiment_2_heart_big_train_synthetic, Epoch: 10/10, Train Loss: 0.0248, Test Loss: 0.0931, Accuracy: 0.9768, Recall: 0.9768, Precision: 0.9772, F1: 0.9769, Duration: 61.47s, Current LR: 0.001000
2025-06-22 09:57:20.691 | INFO     | src.fh.training_framework:run_training:613 - Training voor model CNN_Experiment_2_heart_big_train_synthetic voltooid. Totale duur: 0:09:46.549408
2025-06-22 09:57:20.693 | INFO     | __main__:run_experiment:212 - CNN model training voltooid voor heart_big_train_synthetic.parquet.
2025-06-22 09:57:20.693 | INFO     | __main__:run_experiment:215 - 
--- Start Training GRU Model (Hyperparameter Tuning) ---
2025-06-22 09:57:20.693 | INFO     | __main__:run_experiment:226 - 
--- Uitvoeren GRU Experiment 1/2 voor heart_big_train_synthetic.parquet ---
2025-06-22 09:57:20.693 | INFO     | src.fh.training_framework:run_training:336 - Starting training run for model: gru_model, experiment: GRU_Experiment_1_heart_big_train_synthetic
2025-06-22 09:57:20.693 | INFO     | src.fh.model_selector:get_model:27 - Model selector: aanmaken van model 'gru_model' met config: {'input_size': 187, 'hidden_size': 64, 'num_layers': 1, 'output_size': 5, 'dropout': 0.0}
2025-06-22 09:57:20.694 | INFO     | src.fh.models.gru_model:__init__:20 - Initializing GRUModel...
2025-06-22 09:57:20.696 | INFO     | src.fh.models.gru_model:__init__:64 - GRUModel initialized. Total parameters: 48901
2025-06-22 09:57:20.697 | INFO     | src.fh.training_framework:run_training:414 - Model 'gru_model' van experiment 'GRU_Experiment_1_heart_big_train_synthetic' geïnitialiseerd en verplaatst naar cpu.
2025-06-22 09:57:20.697 | INFO     | src.fh.training_framework:run_training:476 - Scheduler is uitgeschakeld in configuratie.
2025-06-22 09:57:20.698 | INFO     | src.fh.training_framework:run_training:495 - Trainingsdataset: heart_big_train_synthetic.parquet, Samples: 217411, Batch grootte: 32, Aantal batches: 6795.
2025-06-22 09:57:20.698 | INFO     | src.fh.training_framework:run_training:496 - Testdataset: heart_big_test.parq, Samples: 21892, Batch grootte: 32, Aantal batches: 685.
2025-06-22 09:57:36.908 | INFO     | src.fh.training_framework:run_training:516 - Experiment: GRU_Experiment_1_heart_big_train_synthetic, Epoch:  1/10, Train Loss: 0.2077, Test Loss: 0.2685, Accuracy: 0.9116, Recall: 0.9116, Precision: 0.9450, F1: 0.9238, Duration: 16.21s, Current LR: 0.001000
2025-06-22 09:57:36.917 | SUCCESS  | src.fh.training_framework:run_training:572 - Saved best model for GRU_Experiment_1_heart_big_train_synthetic to /home/azureuser/mads-exam-fharren/src/fh/../../logs/20250622-092700_run_logs/20250622-092700_GRU_Experiment_1_heart_big_train_synthetic_best_model.pth (Recall: 0.9116, Accuracy: 0.9116).
2025-06-22 09:57:53.286 | INFO     | src.fh.training_framework:run_training:516 - Experiment: GRU_Experiment_1_heart_big_train_synthetic, Epoch:  2/10, Train Loss: 0.1057, Test Loss: 0.1963, Accuracy: 0.9380, Recall: 0.9380, Precision: 0.9521, F1: 0.9432, Duration: 16.37s, Current LR: 0.001000
2025-06-22 09:57:53.301 | SUCCESS  | src.fh.training_framework:run_training:572 - Saved best model for GRU_Experiment_1_heart_big_train_synthetic to /home/azureuser/mads-exam-fharren/src/fh/../../logs/20250622-092700_run_logs/20250622-092700_GRU_Experiment_1_heart_big_train_synthetic_best_model.pth (Recall: 0.9380, Accuracy: 0.9380).
2025-06-22 09:58:09.719 | INFO     | src.fh.training_framework:run_training:516 - Experiment: GRU_Experiment_1_heart_big_train_synthetic, Epoch:  3/10, Train Loss: 0.0870, Test Loss: 0.1648, Accuracy: 0.9496, Recall: 0.9496, Precision: 0.9580, F1: 0.9528, Duration: 16.42s, Current LR: 0.001000
2025-06-22 09:58:09.733 | SUCCESS  | src.fh.training_framework:run_training:572 - Saved best model for GRU_Experiment_1_heart_big_train_synthetic to /home/azureuser/mads-exam-fharren/src/fh/../../logs/20250622-092700_run_logs/20250622-092700_GRU_Experiment_1_heart_big_train_synthetic_best_model.pth (Recall: 0.9496, Accuracy: 0.9496).
2025-06-22 09:58:25.981 | INFO     | src.fh.training_framework:run_training:516 - Experiment: GRU_Experiment_1_heart_big_train_synthetic, Epoch:  4/10, Train Loss: 0.0771, Test Loss: 0.1469, Accuracy: 0.9580, Recall: 0.9580, Precision: 0.9630, F1: 0.9599, Duration: 16.25s, Current LR: 0.001000
2025-06-22 09:58:25.995 | SUCCESS  | src.fh.training_framework:run_training:572 - Saved best model for GRU_Experiment_1_heart_big_train_synthetic to /home/azureuser/mads-exam-fharren/src/fh/../../logs/20250622-092700_run_logs/20250622-092700_GRU_Experiment_1_heart_big_train_synthetic_best_model.pth (Recall: 0.9580, Accuracy: 0.9580).
2025-06-22 09:58:42.081 | INFO     | src.fh.training_framework:run_training:516 - Experiment: GRU_Experiment_1_heart_big_train_synthetic, Epoch:  5/10, Train Loss: 0.0696, Test Loss: 0.1590, Accuracy: 0.9527, Recall: 0.9527, Precision: 0.9607, F1: 0.9558, Duration: 16.09s, Current LR: 0.001000
2025-06-22 09:58:58.191 | INFO     | src.fh.training_framework:run_training:516 - Experiment: GRU_Experiment_1_heart_big_train_synthetic, Epoch:  6/10, Train Loss: 0.0651, Test Loss: 0.1651, Accuracy: 0.9508, Recall: 0.9508, Precision: 0.9590, F1: 0.9539, Duration: 16.10s, Current LR: 0.001000
2025-06-22 09:59:14.412 | INFO     | src.fh.training_framework:run_training:516 - Experiment: GRU_Experiment_1_heart_big_train_synthetic, Epoch:  7/10, Train Loss: 0.0615, Test Loss: 0.1512, Accuracy: 0.9556, Recall: 0.9556, Precision: 0.9630, F1: 0.9584, Duration: 16.21s, Current LR: 0.001000
2025-06-22 09:59:30.596 | INFO     | src.fh.training_framework:run_training:516 - Experiment: GRU_Experiment_1_heart_big_train_synthetic, Epoch:  8/10, Train Loss: 0.0578, Test Loss: 0.1445, Accuracy: 0.9581, Recall: 0.9581, Precision: 0.9630, F1: 0.9600, Duration: 16.17s, Current LR: 0.001000
2025-06-22 09:59:30.609 | SUCCESS  | src.fh.training_framework:run_training:572 - Saved best model for GRU_Experiment_1_heart_big_train_synthetic to /home/azureuser/mads-exam-fharren/src/fh/../../logs/20250622-092700_run_logs/20250622-092700_GRU_Experiment_1_heart_big_train_synthetic_best_model.pth (Recall: 0.9581, Accuracy: 0.9581).
2025-06-22 09:59:46.688 | INFO     | src.fh.training_framework:run_training:516 - Experiment: GRU_Experiment_1_heart_big_train_synthetic, Epoch:  9/10, Train Loss: 0.0553, Test Loss: 0.1452, Accuracy: 0.9585, Recall: 0.9585, Precision: 0.9638, F1: 0.9605, Duration: 16.08s, Current LR: 0.001000
2025-06-22 09:59:46.701 | SUCCESS  | src.fh.training_framework:run_training:572 - Saved best model for GRU_Experiment_1_heart_big_train_synthetic to /home/azureuser/mads-exam-fharren/src/fh/../../logs/20250622-092700_run_logs/20250622-092700_GRU_Experiment_1_heart_big_train_synthetic_best_model.pth (Recall: 0.9585, Accuracy: 0.9585).
2025-06-22 10:00:03.163 | INFO     | src.fh.training_framework:run_training:516 - Experiment: GRU_Experiment_1_heart_big_train_synthetic, Epoch: 10/10, Train Loss: 0.0524, Test Loss: 0.1554, Accuracy: 0.9559, Recall: 0.9559, Precision: 0.9623, F1: 0.9583, Duration: 16.46s, Current LR: 0.001000
2025-06-22 10:00:03.176 | INFO     | src.fh.training_framework:run_training:613 - Training voor model GRU_Experiment_1_heart_big_train_synthetic voltooid. Totale duur: 0:02:42.482528
2025-06-22 10:00:03.177 | INFO     | __main__:run_experiment:226 - 
--- Uitvoeren GRU Experiment 2/2 voor heart_big_train_synthetic.parquet ---
2025-06-22 10:00:03.178 | INFO     | src.fh.training_framework:run_training:336 - Starting training run for model: gru_model, experiment: GRU_Experiment_2_heart_big_train_synthetic
2025-06-22 10:00:03.178 | INFO     | src.fh.model_selector:get_model:27 - Model selector: aanmaken van model 'gru_model' met config: {'input_size': 187, 'hidden_size': 128, 'num_layers': 2, 'output_size': 5, 'dropout': 0.2}
2025-06-22 10:00:03.178 | INFO     | src.fh.models.gru_model:__init__:20 - Initializing GRUModel...
2025-06-22 10:00:03.182 | INFO     | src.fh.models.gru_model:__init__:64 - GRUModel initialized. Total parameters: 221445
2025-06-22 10:00:03.183 | INFO     | src.fh.training_framework:run_training:414 - Model 'gru_model' van experiment 'GRU_Experiment_2_heart_big_train_synthetic' geïnitialiseerd en verplaatst naar cpu.
2025-06-22 10:00:03.184 | INFO     | src.fh.training_framework:run_training:476 - Scheduler is uitgeschakeld in configuratie.
2025-06-22 10:00:03.184 | INFO     | src.fh.training_framework:run_training:495 - Trainingsdataset: heart_big_train_synthetic.parquet, Samples: 217411, Batch grootte: 32, Aantal batches: 6795.
2025-06-22 10:00:03.185 | INFO     | src.fh.training_framework:run_training:496 - Testdataset: heart_big_test.parq, Samples: 21892, Batch grootte: 32, Aantal batches: 685.
2025-06-22 10:00:31.542 | INFO     | src.fh.training_framework:run_training:516 - Experiment: GRU_Experiment_2_heart_big_train_synthetic, Epoch:  1/10, Train Loss: 0.2052, Test Loss: 0.2279, Accuracy: 0.9257, Recall: 0.9257, Precision: 0.9472, F1: 0.9337, Duration: 28.36s, Current LR: 0.001000
2025-06-22 10:00:31.552 | SUCCESS  | src.fh.training_framework:run_training:572 - Saved best model for GRU_Experiment_2_heart_big_train_synthetic to /home/azureuser/mads-exam-fharren/src/fh/../../logs/20250622-092700_run_logs/20250622-092700_GRU_Experiment_2_heart_big_train_synthetic_best_model.pth (Recall: 0.9257, Accuracy: 0.9257).
2025-06-22 10:00:58.876 | INFO     | src.fh.training_framework:run_training:516 - Experiment: GRU_Experiment_2_heart_big_train_synthetic, Epoch:  2/10, Train Loss: 0.1114, Test Loss: 0.1675, Accuracy: 0.9478, Recall: 0.9478, Precision: 0.9567, F1: 0.9510, Duration: 27.32s, Current LR: 0.001000
2025-06-22 10:00:58.889 | SUCCESS  | src.fh.training_framework:run_training:572 - Saved best model for GRU_Experiment_2_heart_big_train_synthetic to /home/azureuser/mads-exam-fharren/src/fh/../../logs/20250622-092700_run_logs/20250622-092700_GRU_Experiment_2_heart_big_train_synthetic_best_model.pth (Recall: 0.9478, Accuracy: 0.9478).
2025-06-22 10:01:26.117 | INFO     | src.fh.training_framework:run_training:516 - Experiment: GRU_Experiment_2_heart_big_train_synthetic, Epoch:  3/10, Train Loss: 0.0903, Test Loss: 0.1499, Accuracy: 0.9530, Recall: 0.9530, Precision: 0.9604, F1: 0.9557, Duration: 27.23s, Current LR: 0.001000
2025-06-22 10:01:26.130 | SUCCESS  | src.fh.training_framework:run_training:572 - Saved best model for GRU_Experiment_2_heart_big_train_synthetic to /home/azureuser/mads-exam-fharren/src/fh/../../logs/20250622-092700_run_logs/20250622-092700_GRU_Experiment_2_heart_big_train_synthetic_best_model.pth (Recall: 0.9530, Accuracy: 0.9530).
2025-06-22 10:01:53.644 | INFO     | src.fh.training_framework:run_training:516 - Experiment: GRU_Experiment_2_heart_big_train_synthetic, Epoch:  4/10, Train Loss: 0.0797, Test Loss: 0.1424, Accuracy: 0.9557, Recall: 0.9557, Precision: 0.9629, F1: 0.9584, Duration: 27.51s, Current LR: 0.001000
2025-06-22 10:01:53.658 | SUCCESS  | src.fh.training_framework:run_training:572 - Saved best model for GRU_Experiment_2_heart_big_train_synthetic to /home/azureuser/mads-exam-fharren/src/fh/../../logs/20250622-092700_run_logs/20250622-092700_GRU_Experiment_2_heart_big_train_synthetic_best_model.pth (Recall: 0.9557, Accuracy: 0.9557).
2025-06-22 10:02:21.545 | INFO     | src.fh.training_framework:run_training:516 - Experiment: GRU_Experiment_2_heart_big_train_synthetic, Epoch:  5/10, Train Loss: 0.0718, Test Loss: 0.1323, Accuracy: 0.9574, Recall: 0.9574, Precision: 0.9634, F1: 0.9597, Duration: 27.89s, Current LR: 0.001000
2025-06-22 10:02:21.562 | SUCCESS  | src.fh.training_framework:run_training:572 - Saved best model for GRU_Experiment_2_heart_big_train_synthetic to /home/azureuser/mads-exam-fharren/src/fh/../../logs/20250622-092700_run_logs/20250622-092700_GRU_Experiment_2_heart_big_train_synthetic_best_model.pth (Recall: 0.9574, Accuracy: 0.9574).
2025-06-22 10:02:49.364 | INFO     | src.fh.training_framework:run_training:516 - Experiment: GRU_Experiment_2_heart_big_train_synthetic, Epoch:  6/10, Train Loss: 0.0675, Test Loss: 0.1299, Accuracy: 0.9594, Recall: 0.9594, Precision: 0.9647, F1: 0.9613, Duration: 27.80s, Current LR: 0.001000
2025-06-22 10:02:49.378 | SUCCESS  | src.fh.training_framework:run_training:572 - Saved best model for GRU_Experiment_2_heart_big_train_synthetic to /home/azureuser/mads-exam-fharren/src/fh/../../logs/20250622-092700_run_logs/20250622-092700_GRU_Experiment_2_heart_big_train_synthetic_best_model.pth (Recall: 0.9594, Accuracy: 0.9594).
2025-06-22 10:03:17.507 | INFO     | src.fh.training_framework:run_training:516 - Experiment: GRU_Experiment_2_heart_big_train_synthetic, Epoch:  7/10, Train Loss: 0.0622, Test Loss: 0.1209, Accuracy: 0.9635, Recall: 0.9635, Precision: 0.9685, F1: 0.9654, Duration: 28.13s, Current LR: 0.001000
2025-06-22 10:03:17.521 | SUCCESS  | src.fh.training_framework:run_training:572 - Saved best model for GRU_Experiment_2_heart_big_train_synthetic to /home/azureuser/mads-exam-fharren/src/fh/../../logs/20250622-092700_run_logs/20250622-092700_GRU_Experiment_2_heart_big_train_synthetic_best_model.pth (Recall: 0.9635, Accuracy: 0.9635).
2025-06-22 10:03:45.210 | INFO     | src.fh.training_framework:run_training:516 - Experiment: GRU_Experiment_2_heart_big_train_synthetic, Epoch:  8/10, Train Loss: 0.0592, Test Loss: 0.1222, Accuracy: 0.9626, Recall: 0.9626, Precision: 0.9681, F1: 0.9647, Duration: 27.69s, Current LR: 0.001000
2025-06-22 10:04:13.461 | INFO     | src.fh.training_framework:run_training:516 - Experiment: GRU_Experiment_2_heart_big_train_synthetic, Epoch:  9/10, Train Loss: 0.0554, Test Loss: 0.1180, Accuracy: 0.9654, Recall: 0.9654, Precision: 0.9695, F1: 0.9670, Duration: 28.24s, Current LR: 0.001000
2025-06-22 10:04:13.475 | SUCCESS  | src.fh.training_framework:run_training:572 - Saved best model for GRU_Experiment_2_heart_big_train_synthetic to /home/azureuser/mads-exam-fharren/src/fh/../../logs/20250622-092700_run_logs/20250622-092700_GRU_Experiment_2_heart_big_train_synthetic_best_model.pth (Recall: 0.9654, Accuracy: 0.9654).
2025-06-22 10:04:41.854 | INFO     | src.fh.training_framework:run_training:516 - Experiment: GRU_Experiment_2_heart_big_train_synthetic, Epoch: 10/10, Train Loss: 0.0531, Test Loss: 0.1239, Accuracy: 0.9653, Recall: 0.9653, Precision: 0.9706, F1: 0.9673, Duration: 28.38s, Current LR: 0.001000
2025-06-22 10:04:41.866 | INFO     | src.fh.training_framework:run_training:613 - Training voor model GRU_Experiment_2_heart_big_train_synthetic voltooid. Totale duur: 0:04:38.687676
2025-06-22 10:04:41.867 | INFO     | __main__:run_experiment:236 - GRU model training voltooid voor heart_big_train_synthetic.parquet.
2025-06-22 10:04:41.879 | SUCCESS  | __main__:run_experiment:245 - Alle experiment samenvattingen opgeslagen naar /home/azureuser/mads-exam-fharren/src/fh/../../runs/20250622-092700_all_model_summary.parquet
2025-06-22 10:04:41.879 | INFO     | __main__:run_experiment:249 - 
--- Einde Experiment ---
2025-06-22 10:04:41.882 | INFO     | __main__:<module>:349 - Hoofdscript succesvol voltooid.
