2025-06-22 14:13:53.688 | INFO     | __main__:<module>:48 - Start van het hoofdscript. Algemene logs worden opgeslagen in '/home/azureuser/mads-exam-fharren/src/fh/../../logs/20250622-141353_main_application.log'.
2025-06-22 14:13:53.742 | INFO     | src.fh.utils:load_config:15 - Attempting to load configuration from: /home/azureuser/mads-exam-fharren/src/fh/../../config.toml
2025-06-22 14:13:53.745 | SUCCESS  | src.fh.utils:load_config:18 - Configuration successfully loaded from: /home/azureuser/mads-exam-fharren/src/fh/../../config.toml
2025-06-22 14:13:53.745 | INFO     | __main__:<module>:291 - Configuratie geladen vanuit /home/azureuser/mads-exam-fharren/src/fh/../../config.toml.
2025-06-22 14:13:53.746 | INFO     | __main__:<module>:301 - Zorgen dat de data directory bestaat: /home/azureuser/mads-exam-fharren/src/fh/../../data
2025-06-22 14:13:53.746 | INFO     | __main__:<module>:307 - --- DUMMY DATA MODUS GEACTIVEERD ---
2025-06-22 14:13:53.747 | INFO     | __main__:<module>:308 - Dummy data parameters: features=187, classes=5
2025-06-22 14:13:53.747 | INFO     | __main__:<module>:309 - Dummy data wordt aangemaakt voor demonstratie. Dit zal de configuratie overschrijven met dummy paden.
2025-06-22 14:13:53.859 | SUCCESS  | __main__:<module>:350 - Dummy data aangemaakt als Parquet in '/home/azureuser/mads-exam-fharren/src/fh/../../data/heart_big_train.parq', '/home/azureuser/mads-exam-fharren/src/fh/../../data/heart_big_train_synthetic.parquet' en '/home/azureuser/mads-exam-fharren/src/fh/../../data/heart_big_test.parq'
2025-06-22 14:13:53.860 | INFO     | __main__:run_experiment:70 - Start van het experiment met configuratiebestand: /home/azureuser/mads-exam-fharren/src/fh/../../config.toml
2025-06-22 14:13:53.860 | INFO     | src.fh.utils:load_config:15 - Attempting to load configuration from: /home/azureuser/mads-exam-fharren/src/fh/../../config.toml
2025-06-22 14:13:53.862 | SUCCESS  | src.fh.utils:load_config:18 - Configuration successfully loaded from: /home/azureuser/mads-exam-fharren/src/fh/../../config.toml
2025-06-22 14:13:53.863 | INFO     | __main__:run_experiment:74 - Configuratiebestand succesvol geladen.
2025-06-22 14:13:53.863 | INFO     | __main__:run_experiment:84 - 
--- Start experimenten voor trainingsbestand: heart_big_train.parq (1/2) ---
2025-06-22 14:13:53.863 | INFO     | __main__:run_experiment:91 - Vastgestelde feature count: 187, class count: 5
2025-06-22 14:13:53.863 | INFO     | __main__:run_experiment:98 - Laden van data van /home/azureuser/mads-exam-fharren/src/fh/../../data/heart_big_train.parq en /home/azureuser/mads-exam-fharren/src/fh/../../data/heart_big_test.parq...
2025-06-22 14:13:53.863 | INFO     | src.fh.data_loader:get_data_loaders:93 - Start aanmaken data loaders. Training bestand: /home/azureuser/mads-exam-fharren/src/fh/../../data/heart_big_train.parq, Test bestand: /home/azureuser/mads-exam-fharren/src/fh/../../data/heart_big_test.parq
2025-06-22 14:13:53.892 | INFO     | src.fh.data_loader:get_data_loaders:98 - Succesvol trainingsbestand '/home/azureuser/mads-exam-fharren/src/fh/../../data/heart_big_train.parq' geladen (100 rijen).
2025-06-22 14:13:53.906 | INFO     | src.fh.data_loader:get_data_loaders:109 - Succesvol testbestand '/home/azureuser/mads-exam-fharren/src/fh/../../data/heart_big_test.parq' geladen (50 rijen).
2025-06-22 14:13:53.909 | INFO     | src.fh.data_loader:get_data_loaders:132 - StandardScaler getraind op trainingsdata.
2025-06-22 14:13:53.912 | INFO     | src.fh.data_loader:get_data_loaders:141 - Datasets succesvol aangemaakt.
2025-06-22 14:13:53.913 | INFO     | src.fh.data_loader:get_data_loaders:149 - DataLoaders succesvol aangemaakt.
2025-06-22 14:13:53.913 | SUCCESS  | __main__:run_experiment:108 - Data loaders succesvol aangemaakt.
2025-06-22 14:13:53.916 | INFO     | __main__:run_experiment:118 - Berekende klasse-gewichten voor heart_big_train.parq: [0.25, 6.666666507720947, 4.0, 5.0, 2.5]
2025-06-22 14:13:53.916 | INFO     | __main__:run_experiment:132 - Initialiseren van de Trainer...
2025-06-22 14:13:53.925 | INFO     | src.fh.training_framework:__init__:99 - Initializing Trainer. Using device: cpu
2025-06-22 14:13:53.925 | INFO     | src.fh.training_framework:__init__:100 - Logging and outputs for this run will be stored in: /home/azureuser/mads-exam-fharren/src/fh/../../logs/20250622-141353_run_logs
2025-06-22 14:13:53.926 | INFO     | __main__:run_experiment:139 - Trainer succesvol geïnitialiseerd.
2025-06-22 14:13:53.926 | INFO     | __main__:run_experiment:142 - 
--- Start Training Baseline Model ---
2025-06-22 14:13:53.926 | INFO     | src.fh.training_framework:run_training:328 - Starting training run for model: baseline_model, experiment: Baseline_heart_big_train
2025-06-22 14:13:53.926 | INFO     | src.fh.model_selector:get_model:26 - Model selector: aanmaken van model 'baseline_model' met config: {'input_size': 187, 'output_size': 5}
2025-06-22 14:13:53.927 | INFO     | src.fh.models.baseline_model:__init__:19 - Initializing BaselineModel...
2025-06-22 14:13:53.931 | INFO     | src.fh.models.baseline_model:__init__:38 - BaselineModel initialized with input_size=187, hidden_size=64, output_size=5.
2025-06-22 14:13:53.933 | INFO     | src.fh.training_framework:run_training:415 - Model 'baseline_model' van experiment 'Baseline_heart_big_train' geïnitialiseerd en verplaatst naar cpu.
2025-06-22 14:13:55.422 | INFO     | src.fh.training_framework:run_training:472 - Scheduler is uitgeschakeld in configuratie.
2025-06-22 14:13:55.422 | INFO     | src.fh.training_framework:run_training:505 - Trainingsdataset: heart_big_train.parq, Samples: 100, Batch grootte: 32, Aantal batches: 4.
2025-06-22 14:13:55.423 | INFO     | src.fh.training_framework:run_training:506 - Testdataset: heart_big_test.parq, Samples: 50, Batch grootte: 32, Aantal batches: 2.
2025-06-22 14:13:55.457 | INFO     | src.fh.training_framework:run_training:532 - Experiment: Baseline_heart_big_train, Epoch:  1/10, Train Loss: 1.6178, Test Loss: 1.6362, Abs Loss Diff: 0.0185, Rel Loss Diff (%): 1.13, Accuracy: 0.2000, Recall: 0.2000, Precision: 0.2044, F1: 0.1964, Duration: 0.03s, Current LR: 0.001000
2025-06-22 14:13:55.471 | SUCCESS  | src.fh.training_framework:run_training:634 - Saved best model for Baseline_heart_big_train to /home/azureuser/mads-exam-fharren/src/fh/../../logs/20250622-141353_run_logs/20250622-141353_Baseline_heart_big_train_best_model.pth (Abs Loss Diff: 0.0185, Recall: 0.2000, Accuracy: 0.2000).
2025-06-22 14:13:55.500 | INFO     | src.fh.training_framework:run_training:532 - Experiment: Baseline_heart_big_train, Epoch:  2/10, Train Loss: 1.4369, Test Loss: 1.6453, Abs Loss Diff: 0.2084, Rel Loss Diff (%): 12.67, Accuracy: 0.2400, Recall: 0.2400, Precision: 0.2451, F1: 0.2359, Duration: 0.03s, Current LR: 0.001000
2025-06-22 14:13:55.549 | INFO     | src.fh.training_framework:run_training:532 - Experiment: Baseline_heart_big_train, Epoch:  3/10, Train Loss: 1.3017, Test Loss: 1.6527, Abs Loss Diff: 0.3510, Rel Loss Diff (%): 21.24, Accuracy: 0.2200, Recall: 0.2200, Precision: 0.2175, F1: 0.2112, Duration: 0.03s, Current LR: 0.001000
2025-06-22 14:13:55.589 | INFO     | src.fh.training_framework:run_training:532 - Experiment: Baseline_heart_big_train, Epoch:  4/10, Train Loss: 1.1794, Test Loss: 1.6647, Abs Loss Diff: 0.4853, Rel Loss Diff (%): 29.15, Accuracy: 0.2000, Recall: 0.2000, Precision: 0.1949, F1: 0.1904, Duration: 0.03s, Current LR: 0.001000
2025-06-22 14:13:55.629 | INFO     | src.fh.training_framework:run_training:532 - Experiment: Baseline_heart_big_train, Epoch:  5/10, Train Loss: 1.0876, Test Loss: 1.6778, Abs Loss Diff: 0.5902, Rel Loss Diff (%): 35.18, Accuracy: 0.2200, Recall: 0.2200, Precision: 0.2222, F1: 0.1920, Duration: 0.03s, Current LR: 0.001000
2025-06-22 14:13:55.668 | INFO     | src.fh.training_framework:run_training:532 - Experiment: Baseline_heart_big_train, Epoch:  6/10, Train Loss: 0.9987, Test Loss: 1.6908, Abs Loss Diff: 0.6921, Rel Loss Diff (%): 40.93, Accuracy: 0.2200, Recall: 0.2200, Precision: 0.2204, F1: 0.1902, Duration: 0.03s, Current LR: 0.001000
2025-06-22 14:13:55.717 | INFO     | src.fh.training_framework:run_training:532 - Experiment: Baseline_heart_big_train, Epoch:  7/10, Train Loss: 0.9193, Test Loss: 1.7013, Abs Loss Diff: 0.7820, Rel Loss Diff (%): 45.97, Accuracy: 0.2200, Recall: 0.2200, Precision: 0.2342, F1: 0.1905, Duration: 0.04s, Current LR: 0.001000
2025-06-22 14:13:55.756 | INFO     | src.fh.training_framework:run_training:532 - Experiment: Baseline_heart_big_train, Epoch:  8/10, Train Loss: 0.8343, Test Loss: 1.7115, Abs Loss Diff: 0.8773, Rel Loss Diff (%): 51.26, Accuracy: 0.2000, Recall: 0.2000, Precision: 0.2347, F1: 0.1665, Duration: 0.03s, Current LR: 0.001000
2025-06-22 14:13:55.796 | INFO     | src.fh.training_framework:run_training:532 - Experiment: Baseline_heart_big_train, Epoch:  9/10, Train Loss: 0.7848, Test Loss: 1.7213, Abs Loss Diff: 0.9364, Rel Loss Diff (%): 54.40, Accuracy: 0.2200, Recall: 0.2200, Precision: 0.2452, F1: 0.1769, Duration: 0.03s, Current LR: 0.001000
2025-06-22 14:13:55.835 | INFO     | src.fh.training_framework:run_training:532 - Experiment: Baseline_heart_big_train, Epoch: 10/10, Train Loss: 0.6937, Test Loss: 1.7345, Abs Loss Diff: 1.0408, Rel Loss Diff (%): 60.01, Accuracy: 0.2200, Recall: 0.2200, Precision: 0.2452, F1: 0.1769, Duration: 0.03s, Current LR: 0.001000
2025-06-22 14:13:55.849 | INFO     | src.fh.training_framework:run_training:657 - Training voor model Baseline_heart_big_train voltooid. Totale duur: 0:00:01.923175
2025-06-22 14:13:55.852 | INFO     | __main__:run_experiment:156 - Baseline model training voltooid voor heart_big_train.parq.
2025-06-22 14:13:55.852 | INFO     | __main__:run_experiment:159 - 
--- Start Training CNN Model (Hyperparameter Tuning) ---
2025-06-22 14:13:55.852 | INFO     | __main__:run_experiment:171 - 
--- Uitvoeren CNN Experiment 1/2 voor heart_big_train.parq ---
2025-06-22 14:13:55.853 | INFO     | __main__:run_experiment:184 - Berekende CNN input_size_after_flattening voor lineaire laag: 1472
2025-06-22 14:13:55.853 | INFO     | src.fh.training_framework:run_training:328 - Starting training run for model: cnn_model, experiment: CNN_Experiment_1_heart_big_train
2025-06-22 14:13:55.853 | INFO     | src.fh.model_selector:get_model:26 - Model selector: aanmaken van model 'cnn_model' met config: {'input_channels': 1, 'hidden_size': 32, 'num_layers': 2, 'output_size': 5, 'conv_filters': [16, 32], 'kernel_size': 3, 'use_dropout': False, 'dropout_rate': 0.5, 'num_features': 187, 'input_size_after_flattening': 1472}
2025-06-22 14:13:55.853 | INFO     | src.fh.models.cnn_model:__init__:21 - Initializing CNNModel...
2025-06-22 14:13:55.858 | INFO     | src.fh.models.cnn_model:__init__:77 - CNNModel initialized. Total parameters: 48933
2025-06-22 14:13:55.859 | INFO     | src.fh.training_framework:run_training:415 - Model 'cnn_model' van experiment 'CNN_Experiment_1_heart_big_train' geïnitialiseerd en verplaatst naar cpu.
2025-06-22 14:13:55.860 | INFO     | src.fh.training_framework:run_training:472 - Scheduler is uitgeschakeld in configuratie.
2025-06-22 14:13:55.860 | INFO     | src.fh.training_framework:run_training:505 - Trainingsdataset: heart_big_train.parq, Samples: 100, Batch grootte: 32, Aantal batches: 4.
2025-06-22 14:13:55.860 | INFO     | src.fh.training_framework:run_training:506 - Testdataset: heart_big_test.parq, Samples: 50, Batch grootte: 32, Aantal batches: 2.
2025-06-22 14:13:55.920 | INFO     | src.fh.training_framework:run_training:532 - Experiment: CNN_Experiment_1_heart_big_train, Epoch:  1/10, Train Loss: 1.7037, Test Loss: 1.6670, Abs Loss Diff: 0.0367, Rel Loss Diff (%): 2.20, Accuracy: 0.2200, Recall: 0.2200, Precision: 0.2408, F1: 0.1042, Duration: 0.06s, Current LR: 0.001000
2025-06-22 14:13:55.929 | SUCCESS  | src.fh.training_framework:run_training:634 - Saved best model for CNN_Experiment_1_heart_big_train to /home/azureuser/mads-exam-fharren/src/fh/../../logs/20250622-141353_run_logs/20250622-141353_CNN_Experiment_1_heart_big_train_best_model.pth (Abs Loss Diff: 0.0367, Recall: 0.2200, Accuracy: 0.2200).
2025-06-22 14:13:55.971 | INFO     | src.fh.training_framework:run_training:532 - Experiment: CNN_Experiment_1_heart_big_train, Epoch:  2/10, Train Loss: 1.5759, Test Loss: 1.6882, Abs Loss Diff: 0.1123, Rel Loss Diff (%): 6.65, Accuracy: 0.2000, Recall: 0.2000, Precision: 0.0400, F1: 0.0667, Duration: 0.04s, Current LR: 0.001000
2025-06-22 14:13:56.019 | INFO     | src.fh.training_framework:run_training:532 - Experiment: CNN_Experiment_1_heart_big_train, Epoch:  3/10, Train Loss: 1.5708, Test Loss: 1.7652, Abs Loss Diff: 0.1943, Rel Loss Diff (%): 11.01, Accuracy: 0.2000, Recall: 0.2000, Precision: 0.0400, F1: 0.0667, Duration: 0.03s, Current LR: 0.001000
2025-06-22 14:13:56.071 | INFO     | src.fh.training_framework:run_training:532 - Experiment: CNN_Experiment_1_heart_big_train, Epoch:  4/10, Train Loss: 1.5784, Test Loss: 1.8763, Abs Loss Diff: 0.2978, Rel Loss Diff (%): 15.87, Accuracy: 0.2000, Recall: 0.2000, Precision: 0.0400, F1: 0.0667, Duration: 0.04s, Current LR: 0.001000
2025-06-22 14:13:56.118 | INFO     | src.fh.training_framework:run_training:532 - Experiment: CNN_Experiment_1_heart_big_train, Epoch:  5/10, Train Loss: 1.5819, Test Loss: 1.9873, Abs Loss Diff: 0.4053, Rel Loss Diff (%): 20.40, Accuracy: 0.2000, Recall: 0.2000, Precision: 0.0400, F1: 0.0667, Duration: 0.03s, Current LR: 0.001000
2025-06-22 14:13:56.176 | INFO     | src.fh.training_framework:run_training:532 - Experiment: CNN_Experiment_1_heart_big_train, Epoch:  6/10, Train Loss: 1.6169, Test Loss: 1.9792, Abs Loss Diff: 0.3623, Rel Loss Diff (%): 18.30, Accuracy: 0.2000, Recall: 0.2000, Precision: 0.0400, F1: 0.0667, Duration: 0.04s, Current LR: 0.001000
2025-06-22 14:13:56.222 | INFO     | src.fh.training_framework:run_training:532 - Experiment: CNN_Experiment_1_heart_big_train, Epoch:  7/10, Train Loss: 1.5256, Test Loss: 1.8543, Abs Loss Diff: 0.3287, Rel Loss Diff (%): 17.73, Accuracy: 0.2000, Recall: 0.2000, Precision: 0.0400, F1: 0.0667, Duration: 0.03s, Current LR: 0.001000
2025-06-22 14:13:56.268 | INFO     | src.fh.training_framework:run_training:532 - Experiment: CNN_Experiment_1_heart_big_train, Epoch:  8/10, Train Loss: 1.4203, Test Loss: 1.8143, Abs Loss Diff: 0.3940, Rel Loss Diff (%): 21.72, Accuracy: 0.2000, Recall: 0.2000, Precision: 0.0400, F1: 0.0667, Duration: 0.03s, Current LR: 0.001000
2025-06-22 14:13:56.318 | INFO     | src.fh.training_framework:run_training:532 - Experiment: CNN_Experiment_1_heart_big_train, Epoch:  9/10, Train Loss: 1.4279, Test Loss: 1.7536, Abs Loss Diff: 0.3258, Rel Loss Diff (%): 18.58, Accuracy: 0.2000, Recall: 0.2000, Precision: 0.0400, F1: 0.0667, Duration: 0.04s, Current LR: 0.001000
2025-06-22 14:13:56.374 | INFO     | src.fh.training_framework:run_training:532 - Experiment: CNN_Experiment_1_heart_big_train, Epoch: 10/10, Train Loss: 1.3750, Test Loss: 1.7367, Abs Loss Diff: 0.3617, Rel Loss Diff (%): 20.83, Accuracy: 0.2000, Recall: 0.2000, Precision: 0.0400, F1: 0.0667, Duration: 0.04s, Current LR: 0.001000
2025-06-22 14:13:56.388 | INFO     | src.fh.training_framework:run_training:657 - Training voor model CNN_Experiment_1_heart_big_train voltooid. Totale duur: 0:00:00.535048
2025-06-22 14:13:56.389 | INFO     | __main__:run_experiment:171 - 
--- Uitvoeren CNN Experiment 2/2 voor heart_big_train.parq ---
2025-06-22 14:13:56.390 | INFO     | __main__:run_experiment:184 - Berekende CNN input_size_after_flattening voor lineaire laag: 2944
2025-06-22 14:13:56.390 | INFO     | src.fh.training_framework:run_training:328 - Starting training run for model: cnn_model, experiment: CNN_Experiment_2_heart_big_train
2025-06-22 14:13:56.390 | INFO     | src.fh.model_selector:get_model:26 - Model selector: aanmaken van model 'cnn_model' met config: {'input_channels': 1, 'hidden_size': 64, 'num_layers': 2, 'output_size': 5, 'conv_filters': [32, 64], 'kernel_size': 5, 'use_dropout': True, 'dropout_rate': 0.3, 'num_features': 187, 'input_size_after_flattening': 2944}
2025-06-22 14:13:56.391 | INFO     | src.fh.models.cnn_model:__init__:21 - Initializing CNNModel...
2025-06-22 14:13:56.395 | INFO     | src.fh.models.cnn_model:__init__:77 - CNNModel initialized. Total parameters: 199301
2025-06-22 14:13:56.396 | INFO     | src.fh.training_framework:run_training:415 - Model 'cnn_model' van experiment 'CNN_Experiment_2_heart_big_train' geïnitialiseerd en verplaatst naar cpu.
2025-06-22 14:13:56.396 | INFO     | src.fh.training_framework:run_training:472 - Scheduler is uitgeschakeld in configuratie.
2025-06-22 14:13:56.397 | INFO     | src.fh.training_framework:run_training:505 - Trainingsdataset: heart_big_train.parq, Samples: 100, Batch grootte: 32, Aantal batches: 4.
2025-06-22 14:13:56.397 | INFO     | src.fh.training_framework:run_training:506 - Testdataset: heart_big_test.parq, Samples: 50, Batch grootte: 32, Aantal batches: 2.
2025-06-22 14:13:56.467 | INFO     | src.fh.training_framework:run_training:532 - Experiment: CNN_Experiment_2_heart_big_train, Epoch:  1/10, Train Loss: 1.6831, Test Loss: 1.7116, Abs Loss Diff: 0.0285, Rel Loss Diff (%): 1.67, Accuracy: 0.2000, Recall: 0.2000, Precision: 0.0400, F1: 0.0667, Duration: 0.07s, Current LR: 0.001000
2025-06-22 14:13:56.477 | SUCCESS  | src.fh.training_framework:run_training:634 - Saved best model for CNN_Experiment_2_heart_big_train to /home/azureuser/mads-exam-fharren/src/fh/../../logs/20250622-141353_run_logs/20250622-141353_CNN_Experiment_2_heart_big_train_best_model.pth (Abs Loss Diff: 0.0285, Recall: 0.2000, Accuracy: 0.2000).
2025-06-22 14:13:56.533 | INFO     | src.fh.training_framework:run_training:532 - Experiment: CNN_Experiment_2_heart_big_train, Epoch:  2/10, Train Loss: 1.5566, Test Loss: 1.8558, Abs Loss Diff: 0.2992, Rel Loss Diff (%): 16.12, Accuracy: 0.2000, Recall: 0.2000, Precision: 0.0400, F1: 0.0667, Duration: 0.06s, Current LR: 0.001000
2025-06-22 14:13:56.616 | INFO     | src.fh.training_framework:run_training:532 - Experiment: CNN_Experiment_2_heart_big_train, Epoch:  3/10, Train Loss: 1.5889, Test Loss: 1.8330, Abs Loss Diff: 0.2441, Rel Loss Diff (%): 13.32, Accuracy: 0.2000, Recall: 0.2000, Precision: 0.0400, F1: 0.0667, Duration: 0.07s, Current LR: 0.001000
2025-06-22 14:13:56.688 | INFO     | src.fh.training_framework:run_training:532 - Experiment: CNN_Experiment_2_heart_big_train, Epoch:  4/10, Train Loss: 1.4619, Test Loss: 1.7956, Abs Loss Diff: 0.3337, Rel Loss Diff (%): 18.58, Accuracy: 0.2000, Recall: 0.2000, Precision: 0.0400, F1: 0.0667, Duration: 0.06s, Current LR: 0.001000
2025-06-22 14:13:56.754 | INFO     | src.fh.training_framework:run_training:532 - Experiment: CNN_Experiment_2_heart_big_train, Epoch:  5/10, Train Loss: 1.3409, Test Loss: 1.9498, Abs Loss Diff: 0.6089, Rel Loss Diff (%): 31.23, Accuracy: 0.2000, Recall: 0.2000, Precision: 0.0400, F1: 0.0667, Duration: 0.05s, Current LR: 0.001000
2025-06-22 14:13:56.821 | INFO     | src.fh.training_framework:run_training:532 - Experiment: CNN_Experiment_2_heart_big_train, Epoch:  6/10, Train Loss: 1.2047, Test Loss: 2.1420, Abs Loss Diff: 0.9373, Rel Loss Diff (%): 43.76, Accuracy: 0.2000, Recall: 0.2000, Precision: 0.0400, F1: 0.0667, Duration: 0.05s, Current LR: 0.001000
2025-06-22 14:13:56.905 | INFO     | src.fh.training_framework:run_training:532 - Experiment: CNN_Experiment_2_heart_big_train, Epoch:  7/10, Train Loss: 1.0175, Test Loss: 1.9991, Abs Loss Diff: 0.9816, Rel Loss Diff (%): 49.10, Accuracy: 0.2000, Recall: 0.2000, Precision: 0.0408, F1: 0.0678, Duration: 0.07s, Current LR: 0.001000
2025-06-22 14:13:56.970 | INFO     | src.fh.training_framework:run_training:532 - Experiment: CNN_Experiment_2_heart_big_train, Epoch:  8/10, Train Loss: 1.0051, Test Loss: 1.9497, Abs Loss Diff: 0.9446, Rel Loss Diff (%): 48.45, Accuracy: 0.1800, Recall: 0.1800, Precision: 0.0375, F1: 0.0621, Duration: 0.05s, Current LR: 0.001000
2025-06-22 14:13:57.034 | INFO     | src.fh.training_framework:run_training:532 - Experiment: CNN_Experiment_2_heart_big_train, Epoch:  9/10, Train Loss: 0.7220, Test Loss: 2.1383, Abs Loss Diff: 1.4163, Rel Loss Diff (%): 66.23, Accuracy: 0.2000, Recall: 0.2000, Precision: 0.0400, F1: 0.0667, Duration: 0.05s, Current LR: 0.001000
2025-06-22 14:13:57.101 | INFO     | src.fh.training_framework:run_training:532 - Experiment: CNN_Experiment_2_heart_big_train, Epoch: 10/10, Train Loss: 0.7447, Test Loss: 2.5294, Abs Loss Diff: 1.7848, Rel Loss Diff (%): 70.56, Accuracy: 0.2000, Recall: 0.2000, Precision: 0.0400, F1: 0.0667, Duration: 0.05s, Current LR: 0.001000
2025-06-22 14:13:57.115 | INFO     | src.fh.training_framework:run_training:657 - Training voor model CNN_Experiment_2_heart_big_train voltooid. Totale duur: 0:00:00.724943
2025-06-22 14:13:57.117 | INFO     | __main__:run_experiment:194 - CNN model training voltooid voor heart_big_train.parq.
2025-06-22 14:13:57.117 | INFO     | __main__:run_experiment:198 - 
--- Start Training CNN_SE_Skip Model (Hyperparameter Tuning) ---
2025-06-22 14:13:57.117 | INFO     | __main__:run_experiment:210 - 
--- Uitvoeren CNN_SE_Skip Experiment 1/2 voor heart_big_train.parq ---
2025-06-22 14:13:57.117 | INFO     | __main__:run_experiment:225 - Berekende CNN_SE_Skip input_size_after_flattening voor lineaire laag: 1472
2025-06-22 14:13:57.118 | INFO     | src.fh.training_framework:run_training:328 - Starting training run for model: cnn_se_skip_model, experiment: CNN_SE_Skip_Experiment_1_heart_big_train
2025-06-22 14:13:57.118 | INFO     | src.fh.model_selector:get_model:26 - Model selector: aanmaken van model 'cnn_se_skip_model' met config: {'input_channels': 1, 'hidden_size': 64, 'num_layers': 2, 'output_size': 5, 'conv_filters_per_block': 32, 'kernel_size_per_block': 3, 'use_dropout': False, 'dropout_rate': 0.3, 'reduction_ratio': 8, 'num_features': 187, 'input_size_after_flattening': 1472}
2025-06-22 14:13:57.122 | INFO     | src.fh.training_framework:run_training:415 - Model 'cnn_se_skip_model' van experiment 'CNN_SE_Skip_Experiment_1_heart_big_train' geïnitialiseerd en verplaatst naar cpu.
2025-06-22 14:13:57.123 | INFO     | src.fh.training_framework:run_training:472 - Scheduler is uitgeschakeld in configuratie.
2025-06-22 14:13:57.124 | INFO     | src.fh.training_framework:run_training:505 - Trainingsdataset: heart_big_train.parq, Samples: 100, Batch grootte: 32, Aantal batches: 4.
2025-06-22 14:13:57.124 | INFO     | src.fh.training_framework:run_training:506 - Testdataset: heart_big_test.parq, Samples: 50, Batch grootte: 32, Aantal batches: 2.
2025-06-22 14:13:57.197 | INFO     | src.fh.training_framework:run_training:532 - Experiment: CNN_SE_Skip_Experiment_1_heart_big_train, Epoch:  1/10, Train Loss: 1.6266, Test Loss: 1.7816, Abs Loss Diff: 0.1550, Rel Loss Diff (%): 8.70, Accuracy: 0.2000, Recall: 0.2000, Precision: 0.0400, F1: 0.0667, Duration: 0.07s, Current LR: 0.001000
2025-06-22 14:13:57.262 | INFO     | src.fh.training_framework:run_training:532 - Experiment: CNN_SE_Skip_Experiment_1_heart_big_train, Epoch:  2/10, Train Loss: 1.6539, Test Loss: 1.8784, Abs Loss Diff: 0.2244, Rel Loss Diff (%): 11.95, Accuracy: 0.2000, Recall: 0.2000, Precision: 0.0400, F1: 0.0667, Duration: 0.06s, Current LR: 0.001000
2025-06-22 14:13:57.335 | INFO     | src.fh.training_framework:run_training:532 - Experiment: CNN_SE_Skip_Experiment_1_heart_big_train, Epoch:  3/10, Train Loss: 1.6899, Test Loss: 1.8823, Abs Loss Diff: 0.1924, Rel Loss Diff (%): 10.22, Accuracy: 0.2000, Recall: 0.2000, Precision: 0.0400, F1: 0.0667, Duration: 0.06s, Current LR: 0.001000
2025-06-22 14:13:57.405 | INFO     | src.fh.training_framework:run_training:532 - Experiment: CNN_SE_Skip_Experiment_1_heart_big_train, Epoch:  4/10, Train Loss: 1.6645, Test Loss: 1.8789, Abs Loss Diff: 0.2144, Rel Loss Diff (%): 11.41, Accuracy: 0.2000, Recall: 0.2000, Precision: 0.0400, F1: 0.0667, Duration: 0.06s, Current LR: 0.001000
2025-06-22 14:13:57.475 | INFO     | src.fh.training_framework:run_training:532 - Experiment: CNN_SE_Skip_Experiment_1_heart_big_train, Epoch:  5/10, Train Loss: 1.6382, Test Loss: 1.8684, Abs Loss Diff: 0.2303, Rel Loss Diff (%): 12.32, Accuracy: 0.2000, Recall: 0.2000, Precision: 0.0400, F1: 0.0667, Duration: 0.06s, Current LR: 0.001000
2025-06-22 14:13:57.546 | INFO     | src.fh.training_framework:run_training:532 - Experiment: CNN_SE_Skip_Experiment_1_heart_big_train, Epoch:  6/10, Train Loss: 1.6434, Test Loss: 1.8477, Abs Loss Diff: 0.2043, Rel Loss Diff (%): 11.05, Accuracy: 0.2000, Recall: 0.2000, Precision: 0.0400, F1: 0.0667, Duration: 0.06s, Current LR: 0.001000
2025-06-22 14:13:57.622 | INFO     | src.fh.training_framework:run_training:532 - Experiment: CNN_SE_Skip_Experiment_1_heart_big_train, Epoch:  7/10, Train Loss: 1.6368, Test Loss: 1.8008, Abs Loss Diff: 0.1640, Rel Loss Diff (%): 9.11, Accuracy: 0.2000, Recall: 0.2000, Precision: 0.0400, F1: 0.0667, Duration: 0.06s, Current LR: 0.001000
2025-06-22 14:13:57.712 | INFO     | src.fh.training_framework:run_training:532 - Experiment: CNN_SE_Skip_Experiment_1_heart_big_train, Epoch:  8/10, Train Loss: 1.5734, Test Loss: 1.7163, Abs Loss Diff: 0.1429, Rel Loss Diff (%): 8.33, Accuracy: 0.2400, Recall: 0.2400, Precision: 0.0588, F1: 0.0944, Duration: 0.08s, Current LR: 0.001000
2025-06-22 14:13:57.799 | INFO     | src.fh.training_framework:run_training:532 - Experiment: CNN_SE_Skip_Experiment_1_heart_big_train, Epoch:  9/10, Train Loss: 1.6222, Test Loss: 1.7439, Abs Loss Diff: 0.1217, Rel Loss Diff (%): 6.98, Accuracy: 0.2400, Recall: 0.2400, Precision: 0.1054, F1: 0.1445, Duration: 0.07s, Current LR: 0.001000
2025-06-22 14:13:57.890 | INFO     | src.fh.training_framework:run_training:532 - Experiment: CNN_SE_Skip_Experiment_1_heart_big_train, Epoch: 10/10, Train Loss: 1.5746, Test Loss: 1.8129, Abs Loss Diff: 0.2382, Rel Loss Diff (%): 13.14, Accuracy: 0.2000, Recall: 0.2000, Precision: 0.0400, F1: 0.0667, Duration: 0.08s, Current LR: 0.001000
2025-06-22 14:13:57.904 | INFO     | src.fh.training_framework:run_training:657 - Training voor model CNN_SE_Skip_Experiment_1_heart_big_train voltooid. Totale duur: 0:00:00.786491
2025-06-22 14:13:57.906 | INFO     | __main__:run_experiment:210 - 
--- Uitvoeren CNN_SE_Skip Experiment 2/2 voor heart_big_train.parq ---
2025-06-22 14:13:57.906 | INFO     | __main__:run_experiment:225 - Berekende CNN_SE_Skip input_size_after_flattening voor lineaire laag: 1472
2025-06-22 14:13:57.906 | INFO     | src.fh.training_framework:run_training:328 - Starting training run for model: cnn_se_skip_model, experiment: CNN_SE_Skip_Experiment_2_heart_big_train
2025-06-22 14:13:57.907 | INFO     | src.fh.model_selector:get_model:26 - Model selector: aanmaken van model 'cnn_se_skip_model' met config: {'input_channels': 1, 'hidden_size': 128, 'num_layers': 3, 'output_size': 5, 'conv_filters_per_block': 64, 'kernel_size_per_block': 5, 'use_dropout': True, 'dropout_rate': 0.4, 'reduction_ratio': 16, 'num_features': 187, 'input_size_after_flattening': 1472}
2025-06-22 14:13:57.914 | INFO     | src.fh.training_framework:run_training:415 - Model 'cnn_se_skip_model' van experiment 'CNN_SE_Skip_Experiment_2_heart_big_train' geïnitialiseerd en verplaatst naar cpu.
2025-06-22 14:13:57.916 | INFO     | src.fh.training_framework:run_training:472 - Scheduler is uitgeschakeld in configuratie.
2025-06-22 14:13:57.916 | INFO     | src.fh.training_framework:run_training:505 - Trainingsdataset: heart_big_train.parq, Samples: 100, Batch grootte: 32, Aantal batches: 4.
2025-06-22 14:13:57.917 | INFO     | src.fh.training_framework:run_training:506 - Testdataset: heart_big_test.parq, Samples: 50, Batch grootte: 32, Aantal batches: 2.
2025-06-22 14:13:58.120 | INFO     | src.fh.training_framework:run_training:532 - Experiment: CNN_SE_Skip_Experiment_2_heart_big_train, Epoch:  1/10, Train Loss: 1.7233, Test Loss: 1.8884, Abs Loss Diff: 0.1651, Rel Loss Diff (%): 8.74, Accuracy: 0.2000, Recall: 0.2000, Precision: 0.0400, F1: 0.0667, Duration: 0.20s, Current LR: 0.001000
2025-06-22 14:13:58.268 | INFO     | src.fh.training_framework:run_training:532 - Experiment: CNN_SE_Skip_Experiment_2_heart_big_train, Epoch:  2/10, Train Loss: 1.7005, Test Loss: 1.8896, Abs Loss Diff: 0.1892, Rel Loss Diff (%): 10.01, Accuracy: 0.2000, Recall: 0.2000, Precision: 0.0400, F1: 0.0667, Duration: 0.14s, Current LR: 0.001000
2025-06-22 14:13:58.419 | INFO     | src.fh.training_framework:run_training:532 - Experiment: CNN_SE_Skip_Experiment_2_heart_big_train, Epoch:  3/10, Train Loss: 1.6991, Test Loss: 1.8898, Abs Loss Diff: 0.1907, Rel Loss Diff (%): 10.09, Accuracy: 0.2000, Recall: 0.2000, Precision: 0.0400, F1: 0.0667, Duration: 0.14s, Current LR: 0.001000
2025-06-22 14:13:58.569 | INFO     | src.fh.training_framework:run_training:532 - Experiment: CNN_SE_Skip_Experiment_2_heart_big_train, Epoch:  4/10, Train Loss: 1.6988, Test Loss: 1.8898, Abs Loss Diff: 0.1910, Rel Loss Diff (%): 10.11, Accuracy: 0.2000, Recall: 0.2000, Precision: 0.0400, F1: 0.0667, Duration: 0.14s, Current LR: 0.001000
2025-06-22 14:13:58.714 | INFO     | src.fh.training_framework:run_training:532 - Experiment: CNN_SE_Skip_Experiment_2_heart_big_train, Epoch:  5/10, Train Loss: 1.6415, Test Loss: 1.8899, Abs Loss Diff: 0.2484, Rel Loss Diff (%): 13.14, Accuracy: 0.2000, Recall: 0.2000, Precision: 0.0400, F1: 0.0667, Duration: 0.13s, Current LR: 0.001000
2025-06-22 14:13:58.857 | INFO     | src.fh.training_framework:run_training:532 - Experiment: CNN_SE_Skip_Experiment_2_heart_big_train, Epoch:  6/10, Train Loss: 1.6963, Test Loss: 1.8899, Abs Loss Diff: 0.1935, Rel Loss Diff (%): 10.24, Accuracy: 0.2000, Recall: 0.2000, Precision: 0.0400, F1: 0.0667, Duration: 0.13s, Current LR: 0.001000
2025-06-22 14:13:59.005 | INFO     | src.fh.training_framework:run_training:532 - Experiment: CNN_SE_Skip_Experiment_2_heart_big_train, Epoch:  7/10, Train Loss: 1.7039, Test Loss: 1.8899, Abs Loss Diff: 0.1860, Rel Loss Diff (%): 9.84, Accuracy: 0.2000, Recall: 0.2000, Precision: 0.0400, F1: 0.0667, Duration: 0.13s, Current LR: 0.001000
2025-06-22 14:13:59.171 | INFO     | src.fh.training_framework:run_training:532 - Experiment: CNN_SE_Skip_Experiment_2_heart_big_train, Epoch:  8/10, Train Loss: 1.6399, Test Loss: 1.8899, Abs Loss Diff: 0.2499, Rel Loss Diff (%): 13.22, Accuracy: 0.2000, Recall: 0.2000, Precision: 0.0400, F1: 0.0667, Duration: 0.15s, Current LR: 0.001000
2025-06-22 14:13:59.324 | INFO     | src.fh.training_framework:run_training:532 - Experiment: CNN_SE_Skip_Experiment_2_heart_big_train, Epoch:  9/10, Train Loss: 1.6663, Test Loss: 1.8899, Abs Loss Diff: 0.2236, Rel Loss Diff (%): 11.83, Accuracy: 0.2000, Recall: 0.2000, Precision: 0.0400, F1: 0.0667, Duration: 0.14s, Current LR: 0.001000
2025-06-22 14:13:59.473 | INFO     | src.fh.training_framework:run_training:532 - Experiment: CNN_SE_Skip_Experiment_2_heart_big_train, Epoch: 10/10, Train Loss: 1.6906, Test Loss: 1.8899, Abs Loss Diff: 0.1992, Rel Loss Diff (%): 10.54, Accuracy: 0.2000, Recall: 0.2000, Precision: 0.0400, F1: 0.0667, Duration: 0.14s, Current LR: 0.001000
2025-06-22 14:13:59.488 | INFO     | src.fh.training_framework:run_training:657 - Training voor model CNN_SE_Skip_Experiment_2_heart_big_train voltooid. Totale duur: 0:00:01.581409
2025-06-22 14:13:59.490 | INFO     | __main__:run_experiment:235 - CNN_SE_Skip model training voltooid voor heart_big_train.parq.
2025-06-22 14:13:59.491 | INFO     | __main__:run_experiment:241 - 
--- Start Training GRU Model (Hyperparameter Tuning) ---
2025-06-22 14:13:59.491 | INFO     | __main__:run_experiment:252 - 
--- Uitvoeren GRU Experiment 1/2 voor heart_big_train.parq ---
2025-06-22 14:13:59.492 | INFO     | src.fh.training_framework:run_training:328 - Starting training run for model: gru_model, experiment: GRU_Experiment_1_heart_big_train
2025-06-22 14:13:59.492 | INFO     | src.fh.model_selector:get_model:26 - Model selector: aanmaken van model 'gru_model' met config: {'input_size': 187, 'hidden_size': 64, 'num_layers': 1, 'output_size': 5, 'dropout': 0.0}
2025-06-22 14:13:59.492 | INFO     | src.fh.models.gru_model:__init__:20 - Initializing GRUModel...
2025-06-22 14:13:59.496 | INFO     | src.fh.models.gru_model:__init__:64 - GRUModel initialized. Total parameters: 48901
2025-06-22 14:13:59.497 | INFO     | src.fh.training_framework:run_training:415 - Model 'gru_model' van experiment 'GRU_Experiment_1_heart_big_train' geïnitialiseerd en verplaatst naar cpu.
2025-06-22 14:13:59.497 | INFO     | src.fh.training_framework:run_training:472 - Scheduler is uitgeschakeld in configuratie.
2025-06-22 14:13:59.498 | INFO     | src.fh.training_framework:run_training:505 - Trainingsdataset: heart_big_train.parq, Samples: 100, Batch grootte: 32, Aantal batches: 4.
2025-06-22 14:13:59.498 | INFO     | src.fh.training_framework:run_training:506 - Testdataset: heart_big_test.parq, Samples: 50, Batch grootte: 32, Aantal batches: 2.
2025-06-22 14:13:59.527 | INFO     | src.fh.training_framework:run_training:532 - Experiment: GRU_Experiment_1_heart_big_train, Epoch:  1/10, Train Loss: 1.6440, Test Loss: 1.6531, Abs Loss Diff: 0.0091, Rel Loss Diff (%): 0.55, Accuracy: 0.1600, Recall: 0.1600, Precision: 0.1785, F1: 0.1537, Duration: 0.03s, Current LR: 0.001000
2025-06-22 14:13:59.536 | SUCCESS  | src.fh.training_framework:run_training:634 - Saved best model for GRU_Experiment_1_heart_big_train to /home/azureuser/mads-exam-fharren/src/fh/../../logs/20250622-141353_run_logs/20250622-141353_GRU_Experiment_1_heart_big_train_best_model.pth (Abs Loss Diff: 0.0091, Recall: 0.1600, Accuracy: 0.1600).
2025-06-22 14:13:59.560 | INFO     | src.fh.training_framework:run_training:532 - Experiment: GRU_Experiment_1_heart_big_train, Epoch:  2/10, Train Loss: 1.4700, Test Loss: 1.6514, Abs Loss Diff: 0.1814, Rel Loss Diff (%): 10.98, Accuracy: 0.1400, Recall: 0.1400, Precision: 0.1363, F1: 0.1254, Duration: 0.02s, Current LR: 0.001000
2025-06-22 14:13:59.597 | INFO     | src.fh.training_framework:run_training:532 - Experiment: GRU_Experiment_1_heart_big_train, Epoch:  3/10, Train Loss: 1.3766, Test Loss: 1.6496, Abs Loss Diff: 0.2730, Rel Loss Diff (%): 16.55, Accuracy: 0.1800, Recall: 0.1800, Precision: 0.1921, F1: 0.1698, Duration: 0.03s, Current LR: 0.001000
2025-06-22 14:13:59.634 | INFO     | src.fh.training_framework:run_training:532 - Experiment: GRU_Experiment_1_heart_big_train, Epoch:  4/10, Train Loss: 1.2744, Test Loss: 1.6487, Abs Loss Diff: 0.3743, Rel Loss Diff (%): 22.70, Accuracy: 0.1800, Recall: 0.1800, Precision: 0.2176, F1: 0.1749, Duration: 0.02s, Current LR: 0.001000
2025-06-22 14:13:59.670 | INFO     | src.fh.training_framework:run_training:532 - Experiment: GRU_Experiment_1_heart_big_train, Epoch:  5/10, Train Loss: 1.1671, Test Loss: 1.6482, Abs Loss Diff: 0.4811, Rel Loss Diff (%): 29.19, Accuracy: 0.1800, Recall: 0.1800, Precision: 0.1962, F1: 0.1729, Duration: 0.02s, Current LR: 0.001000
2025-06-22 14:13:59.704 | INFO     | src.fh.training_framework:run_training:532 - Experiment: GRU_Experiment_1_heart_big_train, Epoch:  6/10, Train Loss: 1.1599, Test Loss: 1.6488, Abs Loss Diff: 0.4889, Rel Loss Diff (%): 29.65, Accuracy: 0.1600, Recall: 0.1600, Precision: 0.1804, F1: 0.1552, Duration: 0.02s, Current LR: 0.001000
2025-06-22 14:13:59.738 | INFO     | src.fh.training_framework:run_training:532 - Experiment: GRU_Experiment_1_heart_big_train, Epoch:  7/10, Train Loss: 1.0061, Test Loss: 1.6505, Abs Loss Diff: 0.6444, Rel Loss Diff (%): 39.04, Accuracy: 0.1600, Recall: 0.1600, Precision: 0.1804, F1: 0.1552, Duration: 0.02s, Current LR: 0.001000
2025-06-22 14:13:59.773 | INFO     | src.fh.training_framework:run_training:532 - Experiment: GRU_Experiment_1_heart_big_train, Epoch:  8/10, Train Loss: 0.9204, Test Loss: 1.6525, Abs Loss Diff: 0.7321, Rel Loss Diff (%): 44.30, Accuracy: 0.1600, Recall: 0.1600, Precision: 0.1666, F1: 0.1537, Duration: 0.02s, Current LR: 0.001000
2025-06-22 14:13:59.807 | INFO     | src.fh.training_framework:run_training:532 - Experiment: GRU_Experiment_1_heart_big_train, Epoch:  9/10, Train Loss: 0.9187, Test Loss: 1.6552, Abs Loss Diff: 0.7365, Rel Loss Diff (%): 44.50, Accuracy: 0.1600, Recall: 0.1600, Precision: 0.1455, F1: 0.1489, Duration: 0.02s, Current LR: 0.001000
2025-06-22 14:13:59.843 | INFO     | src.fh.training_framework:run_training:532 - Experiment: GRU_Experiment_1_heart_big_train, Epoch: 10/10, Train Loss: 0.8035, Test Loss: 1.6578, Abs Loss Diff: 0.8544, Rel Loss Diff (%): 51.54, Accuracy: 0.1400, Recall: 0.1400, Precision: 0.1311, F1: 0.1323, Duration: 0.02s, Current LR: 0.001000
2025-06-22 14:13:59.854 | INFO     | src.fh.training_framework:run_training:657 - Training voor model GRU_Experiment_1_heart_big_train voltooid. Totale duur: 0:00:00.362312
2025-06-22 14:13:59.856 | INFO     | __main__:run_experiment:252 - 
--- Uitvoeren GRU Experiment 2/2 voor heart_big_train.parq ---
2025-06-22 14:13:59.856 | INFO     | src.fh.training_framework:run_training:328 - Starting training run for model: gru_model, experiment: GRU_Experiment_2_heart_big_train
2025-06-22 14:13:59.856 | INFO     | src.fh.model_selector:get_model:26 - Model selector: aanmaken van model 'gru_model' met config: {'input_size': 187, 'hidden_size': 128, 'num_layers': 2, 'output_size': 5, 'dropout': 0.2}
2025-06-22 14:13:59.856 | INFO     | src.fh.models.gru_model:__init__:20 - Initializing GRUModel...
2025-06-22 14:13:59.860 | INFO     | src.fh.models.gru_model:__init__:64 - GRUModel initialized. Total parameters: 221445
2025-06-22 14:13:59.860 | INFO     | src.fh.training_framework:run_training:415 - Model 'gru_model' van experiment 'GRU_Experiment_2_heart_big_train' geïnitialiseerd en verplaatst naar cpu.
2025-06-22 14:13:59.861 | INFO     | src.fh.training_framework:run_training:472 - Scheduler is uitgeschakeld in configuratie.
2025-06-22 14:13:59.861 | INFO     | src.fh.training_framework:run_training:505 - Trainingsdataset: heart_big_train.parq, Samples: 100, Batch grootte: 32, Aantal batches: 4.
2025-06-22 14:13:59.862 | INFO     | src.fh.training_framework:run_training:506 - Testdataset: heart_big_test.parq, Samples: 50, Batch grootte: 32, Aantal batches: 2.
2025-06-22 14:13:59.902 | INFO     | src.fh.training_framework:run_training:532 - Experiment: GRU_Experiment_2_heart_big_train, Epoch:  1/10, Train Loss: 1.5968, Test Loss: 1.6151, Abs Loss Diff: 0.0182, Rel Loss Diff (%): 1.13, Accuracy: 0.2200, Recall: 0.2200, Precision: 0.2317, F1: 0.1882, Duration: 0.04s, Current LR: 0.001000
2025-06-22 14:13:59.912 | SUCCESS  | src.fh.training_framework:run_training:634 - Saved best model for GRU_Experiment_2_heart_big_train to /home/azureuser/mads-exam-fharren/src/fh/../../logs/20250622-141353_run_logs/20250622-141353_GRU_Experiment_2_heart_big_train_best_model.pth (Abs Loss Diff: 0.0182, Recall: 0.2200, Accuracy: 0.2200).
2025-06-22 14:13:59.943 | INFO     | src.fh.training_framework:run_training:532 - Experiment: GRU_Experiment_2_heart_big_train, Epoch:  2/10, Train Loss: 1.5035, Test Loss: 1.6178, Abs Loss Diff: 0.1143, Rel Loss Diff (%): 7.07, Accuracy: 0.2000, Recall: 0.2000, Precision: 0.1943, F1: 0.1758, Duration: 0.03s, Current LR: 0.001000
2025-06-22 14:13:59.986 | INFO     | src.fh.training_framework:run_training:532 - Experiment: GRU_Experiment_2_heart_big_train, Epoch:  3/10, Train Loss: 1.4143, Test Loss: 1.6206, Abs Loss Diff: 0.2063, Rel Loss Diff (%): 12.73, Accuracy: 0.1400, Recall: 0.1400, Precision: 0.1304, F1: 0.1264, Duration: 0.03s, Current LR: 0.001000
2025-06-22 14:14:00.033 | INFO     | src.fh.training_framework:run_training:532 - Experiment: GRU_Experiment_2_heart_big_train, Epoch:  4/10, Train Loss: 1.3233, Test Loss: 1.6230, Abs Loss Diff: 0.2998, Rel Loss Diff (%): 18.47, Accuracy: 0.2000, Recall: 0.2000, Precision: 0.1724, F1: 0.1777, Duration: 0.03s, Current LR: 0.001000
2025-06-22 14:14:00.079 | INFO     | src.fh.training_framework:run_training:532 - Experiment: GRU_Experiment_2_heart_big_train, Epoch:  5/10, Train Loss: 1.2069, Test Loss: 1.6261, Abs Loss Diff: 0.4192, Rel Loss Diff (%): 25.78, Accuracy: 0.2200, Recall: 0.2200, Precision: 0.1909, F1: 0.1967, Duration: 0.03s, Current LR: 0.001000
2025-06-22 14:14:00.123 | INFO     | src.fh.training_framework:run_training:532 - Experiment: GRU_Experiment_2_heart_big_train, Epoch:  6/10, Train Loss: 1.1057, Test Loss: 1.6300, Abs Loss Diff: 0.5243, Rel Loss Diff (%): 32.17, Accuracy: 0.2400, Recall: 0.2400, Precision: 0.2658, F1: 0.2332, Duration: 0.03s, Current LR: 0.001000
2025-06-22 14:14:00.166 | INFO     | src.fh.training_framework:run_training:532 - Experiment: GRU_Experiment_2_heart_big_train, Epoch:  7/10, Train Loss: 0.9469, Test Loss: 1.6355, Abs Loss Diff: 0.6885, Rel Loss Diff (%): 42.10, Accuracy: 0.2400, Recall: 0.2400, Precision: 0.2491, F1: 0.2317, Duration: 0.03s, Current LR: 0.001000
2025-06-22 14:14:00.208 | INFO     | src.fh.training_framework:run_training:532 - Experiment: GRU_Experiment_2_heart_big_train, Epoch:  8/10, Train Loss: 0.9414, Test Loss: 1.6433, Abs Loss Diff: 0.7019, Rel Loss Diff (%): 42.71, Accuracy: 0.2200, Recall: 0.2200, Precision: 0.2289, F1: 0.2107, Duration: 0.03s, Current LR: 0.001000
2025-06-22 14:14:00.255 | INFO     | src.fh.training_framework:run_training:532 - Experiment: GRU_Experiment_2_heart_big_train, Epoch:  9/10, Train Loss: 0.7116, Test Loss: 1.6526, Abs Loss Diff: 0.9410, Rel Loss Diff (%): 56.94, Accuracy: 0.2200, Recall: 0.2200, Precision: 0.2340, F1: 0.2105, Duration: 0.03s, Current LR: 0.001000
2025-06-22 14:14:00.299 | INFO     | src.fh.training_framework:run_training:532 - Experiment: GRU_Experiment_2_heart_big_train, Epoch: 10/10, Train Loss: 0.6256, Test Loss: 1.6642, Abs Loss Diff: 1.0386, Rel Loss Diff (%): 62.41, Accuracy: 0.2200, Recall: 0.2200, Precision: 0.2346, F1: 0.2108, Duration: 0.03s, Current LR: 0.001000
2025-06-22 14:14:00.312 | INFO     | src.fh.training_framework:run_training:657 - Training voor model GRU_Experiment_2_heart_big_train voltooid. Totale duur: 0:00:00.455982
2025-06-22 14:14:00.314 | INFO     | __main__:run_experiment:262 - GRU model training voltooid voor heart_big_train.parq.
2025-06-22 14:14:00.314 | INFO     | __main__:run_experiment:84 - 
--- Start experimenten voor trainingsbestand: heart_big_train_synthetic.parquet (2/2) ---
2025-06-22 14:14:00.314 | INFO     | __main__:run_experiment:91 - Vastgestelde feature count: 187, class count: 5
2025-06-22 14:14:00.314 | INFO     | __main__:run_experiment:98 - Laden van data van /home/azureuser/mads-exam-fharren/src/fh/../../data/heart_big_train_synthetic.parquet en /home/azureuser/mads-exam-fharren/src/fh/../../data/heart_big_test.parq...
2025-06-22 14:14:00.315 | INFO     | src.fh.data_loader:get_data_loaders:93 - Start aanmaken data loaders. Training bestand: /home/azureuser/mads-exam-fharren/src/fh/../../data/heart_big_train_synthetic.parquet, Test bestand: /home/azureuser/mads-exam-fharren/src/fh/../../data/heart_big_test.parq
2025-06-22 14:14:00.330 | INFO     | src.fh.data_loader:get_data_loaders:98 - Succesvol trainingsbestand '/home/azureuser/mads-exam-fharren/src/fh/../../data/heart_big_train_synthetic.parquet' geladen (120 rijen).
2025-06-22 14:14:00.345 | INFO     | src.fh.data_loader:get_data_loaders:109 - Succesvol testbestand '/home/azureuser/mads-exam-fharren/src/fh/../../data/heart_big_test.parq' geladen (50 rijen).
2025-06-22 14:14:00.348 | INFO     | src.fh.data_loader:get_data_loaders:132 - StandardScaler getraind op trainingsdata.
2025-06-22 14:14:00.351 | INFO     | src.fh.data_loader:get_data_loaders:141 - Datasets succesvol aangemaakt.
2025-06-22 14:14:00.352 | INFO     | src.fh.data_loader:get_data_loaders:149 - DataLoaders succesvol aangemaakt.
2025-06-22 14:14:00.352 | SUCCESS  | __main__:run_experiment:108 - Data loaders succesvol aangemaakt.
2025-06-22 14:14:00.354 | INFO     | __main__:run_experiment:118 - Berekende klasse-gewichten voor heart_big_train_synthetic.parquet: [0.75, 0.8275862336158752, 3.0, 1.0, 0.8888888955116272]
2025-06-22 14:14:00.354 | INFO     | __main__:run_experiment:132 - Initialiseren van de Trainer...
2025-06-22 14:14:00.363 | INFO     | src.fh.training_framework:__init__:99 - Initializing Trainer. Using device: cpu
2025-06-22 14:14:00.363 | INFO     | src.fh.training_framework:__init__:100 - Logging and outputs for this run will be stored in: /home/azureuser/mads-exam-fharren/src/fh/../../logs/20250622-141353_run_logs
2025-06-22 14:14:00.364 | INFO     | __main__:run_experiment:139 - Trainer succesvol geïnitialiseerd.
2025-06-22 14:14:00.364 | INFO     | __main__:run_experiment:142 - 
--- Start Training Baseline Model ---
2025-06-22 14:14:00.365 | INFO     | src.fh.training_framework:run_training:328 - Starting training run for model: baseline_model, experiment: Baseline_heart_big_train_synthetic
2025-06-22 14:14:00.365 | INFO     | src.fh.model_selector:get_model:26 - Model selector: aanmaken van model 'baseline_model' met config: {'input_size': 187, 'output_size': 5}
2025-06-22 14:14:00.366 | INFO     | src.fh.models.baseline_model:__init__:19 - Initializing BaselineModel...
2025-06-22 14:14:00.369 | INFO     | src.fh.models.baseline_model:__init__:38 - BaselineModel initialized with input_size=187, hidden_size=64, output_size=5.
2025-06-22 14:14:00.372 | INFO     | src.fh.training_framework:run_training:415 - Model 'baseline_model' van experiment 'Baseline_heart_big_train_synthetic' geïnitialiseerd en verplaatst naar cpu.
2025-06-22 14:14:00.373 | INFO     | src.fh.training_framework:run_training:472 - Scheduler is uitgeschakeld in configuratie.
2025-06-22 14:14:00.374 | INFO     | src.fh.training_framework:run_training:505 - Trainingsdataset: heart_big_train_synthetic.parquet, Samples: 120, Batch grootte: 32, Aantal batches: 4.
2025-06-22 14:14:00.374 | INFO     | src.fh.training_framework:run_training:506 - Testdataset: heart_big_test.parq, Samples: 50, Batch grootte: 32, Aantal batches: 2.
2025-06-22 14:14:00.405 | INFO     | src.fh.training_framework:run_training:532 - Experiment: Baseline_heart_big_train_synthetic, Epoch:  1/10, Train Loss: 1.6476, Test Loss: 1.5900, Abs Loss Diff: 0.0575, Rel Loss Diff (%): 3.62, Accuracy: 0.2400, Recall: 0.2400, Precision: 0.2942, F1: 0.2047, Duration: 0.03s, Current LR: 0.001000
2025-06-22 14:14:00.441 | INFO     | src.fh.training_framework:run_training:532 - Experiment: Baseline_heart_big_train_synthetic, Epoch:  2/10, Train Loss: 1.5213, Test Loss: 1.5966, Abs Loss Diff: 0.0754, Rel Loss Diff (%): 4.72, Accuracy: 0.2400, Recall: 0.2400, Precision: 0.2522, F1: 0.2028, Duration: 0.03s, Current LR: 0.001000
2025-06-22 14:14:00.480 | INFO     | src.fh.training_framework:run_training:532 - Experiment: Baseline_heart_big_train_synthetic, Epoch:  3/10, Train Loss: 1.4222, Test Loss: 1.6073, Abs Loss Diff: 0.1852, Rel Loss Diff (%): 11.52, Accuracy: 0.2200, Recall: 0.2200, Precision: 0.2361, F1: 0.1900, Duration: 0.03s, Current LR: 0.001000
2025-06-22 14:14:00.521 | INFO     | src.fh.training_framework:run_training:532 - Experiment: Baseline_heart_big_train_synthetic, Epoch:  4/10, Train Loss: 1.3378, Test Loss: 1.6153, Abs Loss Diff: 0.2775, Rel Loss Diff (%): 17.18, Accuracy: 0.2200, Recall: 0.2200, Precision: 0.2263, F1: 0.1882, Duration: 0.03s, Current LR: 0.001000
2025-06-22 14:14:00.559 | INFO     | src.fh.training_framework:run_training:532 - Experiment: Baseline_heart_big_train_synthetic, Epoch:  5/10, Train Loss: 1.2566, Test Loss: 1.6227, Abs Loss Diff: 0.3661, Rel Loss Diff (%): 22.56, Accuracy: 0.2400, Recall: 0.2400, Precision: 0.2639, F1: 0.2164, Duration: 0.03s, Current LR: 0.001000
2025-06-22 14:14:00.598 | INFO     | src.fh.training_framework:run_training:532 - Experiment: Baseline_heart_big_train_synthetic, Epoch:  6/10, Train Loss: 1.1823, Test Loss: 1.6328, Abs Loss Diff: 0.4505, Rel Loss Diff (%): 27.59, Accuracy: 0.2400, Recall: 0.2400, Precision: 0.2594, F1: 0.2161, Duration: 0.03s, Current LR: 0.001000
2025-06-22 14:14:00.640 | INFO     | src.fh.training_framework:run_training:532 - Experiment: Baseline_heart_big_train_synthetic, Epoch:  7/10, Train Loss: 1.1034, Test Loss: 1.6464, Abs Loss Diff: 0.5431, Rel Loss Diff (%): 32.98, Accuracy: 0.2600, Recall: 0.2600, Precision: 0.2590, F1: 0.2337, Duration: 0.03s, Current LR: 0.001000
2025-06-22 14:14:00.683 | INFO     | src.fh.training_framework:run_training:532 - Experiment: Baseline_heart_big_train_synthetic, Epoch:  8/10, Train Loss: 1.0371, Test Loss: 1.6594, Abs Loss Diff: 0.6224, Rel Loss Diff (%): 37.50, Accuracy: 0.2400, Recall: 0.2400, Precision: 0.2361, F1: 0.2203, Duration: 0.03s, Current LR: 0.001000
2025-06-22 14:14:00.726 | INFO     | src.fh.training_framework:run_training:532 - Experiment: Baseline_heart_big_train_synthetic, Epoch:  9/10, Train Loss: 0.9625, Test Loss: 1.6758, Abs Loss Diff: 0.7133, Rel Loss Diff (%): 42.56, Accuracy: 0.2400, Recall: 0.2400, Precision: 0.2449, F1: 0.2208, Duration: 0.03s, Current LR: 0.001000
2025-06-22 14:14:00.768 | INFO     | src.fh.training_framework:run_training:532 - Experiment: Baseline_heart_big_train_synthetic, Epoch: 10/10, Train Loss: 0.8928, Test Loss: 1.6924, Abs Loss Diff: 0.7996, Rel Loss Diff (%): 47.25, Accuracy: 0.3000, Recall: 0.3000, Precision: 0.3124, F1: 0.2902, Duration: 0.03s, Current LR: 0.001000
2025-06-22 14:14:00.781 | INFO     | src.fh.training_framework:run_training:657 - Training voor model Baseline_heart_big_train_synthetic voltooid. Totale duur: 0:00:00.416034
2025-06-22 14:14:00.783 | INFO     | __main__:run_experiment:156 - Baseline model training voltooid voor heart_big_train_synthetic.parquet.
2025-06-22 14:14:00.784 | INFO     | __main__:run_experiment:159 - 
--- Start Training CNN Model (Hyperparameter Tuning) ---
2025-06-22 14:14:00.784 | INFO     | __main__:run_experiment:171 - 
--- Uitvoeren CNN Experiment 1/2 voor heart_big_train_synthetic.parquet ---
2025-06-22 14:14:00.784 | INFO     | __main__:run_experiment:184 - Berekende CNN input_size_after_flattening voor lineaire laag: 1472
2025-06-22 14:14:00.784 | INFO     | src.fh.training_framework:run_training:328 - Starting training run for model: cnn_model, experiment: CNN_Experiment_1_heart_big_train_synthetic
2025-06-22 14:14:00.785 | INFO     | src.fh.model_selector:get_model:26 - Model selector: aanmaken van model 'cnn_model' met config: {'input_channels': 1, 'hidden_size': 32, 'num_layers': 2, 'output_size': 5, 'conv_filters': [16, 32], 'kernel_size': 3, 'use_dropout': False, 'dropout_rate': 0.5, 'num_features': 187, 'input_size_after_flattening': 1472}
2025-06-22 14:14:00.785 | INFO     | src.fh.models.cnn_model:__init__:21 - Initializing CNNModel...
2025-06-22 14:14:00.789 | INFO     | src.fh.models.cnn_model:__init__:77 - CNNModel initialized. Total parameters: 48933
2025-06-22 14:14:00.789 | INFO     | src.fh.training_framework:run_training:415 - Model 'cnn_model' van experiment 'CNN_Experiment_1_heart_big_train_synthetic' geïnitialiseerd en verplaatst naar cpu.
2025-06-22 14:14:00.790 | INFO     | src.fh.training_framework:run_training:472 - Scheduler is uitgeschakeld in configuratie.
2025-06-22 14:14:00.790 | INFO     | src.fh.training_framework:run_training:505 - Trainingsdataset: heart_big_train_synthetic.parquet, Samples: 120, Batch grootte: 32, Aantal batches: 4.
2025-06-22 14:14:00.791 | INFO     | src.fh.training_framework:run_training:506 - Testdataset: heart_big_test.parq, Samples: 50, Batch grootte: 32, Aantal batches: 2.
2025-06-22 14:14:00.843 | INFO     | src.fh.training_framework:run_training:532 - Experiment: CNN_Experiment_1_heart_big_train_synthetic, Epoch:  1/10, Train Loss: 1.6597, Test Loss: 1.5557, Abs Loss Diff: 0.1040, Rel Loss Diff (%): 6.68, Accuracy: 0.2200, Recall: 0.2200, Precision: 0.0484, F1: 0.0793, Duration: 0.05s, Current LR: 0.001000
2025-06-22 14:14:00.887 | INFO     | src.fh.training_framework:run_training:532 - Experiment: CNN_Experiment_1_heart_big_train_synthetic, Epoch:  2/10, Train Loss: 1.6024, Test Loss: 1.6092, Abs Loss Diff: 0.0068, Rel Loss Diff (%): 0.42, Accuracy: 0.1400, Recall: 0.1400, Precision: 0.0860, F1: 0.0893, Duration: 0.04s, Current LR: 0.001000
2025-06-22 14:14:00.902 | SUCCESS  | src.fh.training_framework:run_training:634 - Saved best model for CNN_Experiment_1_heart_big_train_synthetic to /home/azureuser/mads-exam-fharren/src/fh/../../logs/20250622-141353_run_logs/20250622-141353_CNN_Experiment_1_heart_big_train_synthetic_best_model.pth (Abs Loss Diff: 0.0068, Recall: 0.1400, Accuracy: 0.1400).
2025-06-22 14:14:00.939 | INFO     | src.fh.training_framework:run_training:532 - Experiment: CNN_Experiment_1_heart_big_train_synthetic, Epoch:  3/10, Train Loss: 1.6013, Test Loss: 1.6146, Abs Loss Diff: 0.0133, Rel Loss Diff (%): 0.82, Accuracy: 0.1400, Recall: 0.1400, Precision: 0.0196, F1: 0.0344, Duration: 0.04s, Current LR: 0.001000
2025-06-22 14:14:00.989 | INFO     | src.fh.training_framework:run_training:532 - Experiment: CNN_Experiment_1_heart_big_train_synthetic, Epoch:  4/10, Train Loss: 1.5893, Test Loss: 1.5933, Abs Loss Diff: 0.0040, Rel Loss Diff (%): 0.25, Accuracy: 0.2000, Recall: 0.2000, Precision: 0.1007, F1: 0.1336, Duration: 0.04s, Current LR: 0.001000
2025-06-22 14:14:01.003 | SUCCESS  | src.fh.training_framework:run_training:634 - Saved best model for CNN_Experiment_1_heart_big_train_synthetic to /home/azureuser/mads-exam-fharren/src/fh/../../logs/20250622-141353_run_logs/20250622-141353_CNN_Experiment_1_heart_big_train_synthetic_best_model.pth (Abs Loss Diff: 0.0040, Recall: 0.2000, Accuracy: 0.2000).
2025-06-22 14:14:01.040 | INFO     | src.fh.training_framework:run_training:532 - Experiment: CNN_Experiment_1_heart_big_train_synthetic, Epoch:  5/10, Train Loss: 1.5725, Test Loss: 1.5608, Abs Loss Diff: 0.0117, Rel Loss Diff (%): 0.75, Accuracy: 0.2200, Recall: 0.2200, Precision: 0.0484, F1: 0.0793, Duration: 0.04s, Current LR: 0.001000
2025-06-22 14:14:01.096 | INFO     | src.fh.training_framework:run_training:532 - Experiment: CNN_Experiment_1_heart_big_train_synthetic, Epoch:  6/10, Train Loss: 1.5540, Test Loss: 1.5650, Abs Loss Diff: 0.0109, Rel Loss Diff (%): 0.70, Accuracy: 0.2400, Recall: 0.2400, Precision: 0.2494, F1: 0.1170, Duration: 0.04s, Current LR: 0.001000
2025-06-22 14:14:01.154 | INFO     | src.fh.training_framework:run_training:532 - Experiment: CNN_Experiment_1_heart_big_train_synthetic, Epoch:  7/10, Train Loss: 1.5374, Test Loss: 1.5886, Abs Loss Diff: 0.0513, Rel Loss Diff (%): 3.23, Accuracy: 0.1600, Recall: 0.1600, Precision: 0.1684, F1: 0.1048, Duration: 0.04s, Current LR: 0.001000
2025-06-22 14:14:01.210 | INFO     | src.fh.training_framework:run_training:532 - Experiment: CNN_Experiment_1_heart_big_train_synthetic, Epoch:  8/10, Train Loss: 1.5055, Test Loss: 1.5943, Abs Loss Diff: 0.0888, Rel Loss Diff (%): 5.57, Accuracy: 0.1600, Recall: 0.1600, Precision: 0.1749, F1: 0.1123, Duration: 0.04s, Current LR: 0.001000
2025-06-22 14:14:01.267 | INFO     | src.fh.training_framework:run_training:532 - Experiment: CNN_Experiment_1_heart_big_train_synthetic, Epoch:  9/10, Train Loss: 1.4738, Test Loss: 1.5949, Abs Loss Diff: 0.1212, Rel Loss Diff (%): 7.60, Accuracy: 0.1800, Recall: 0.1800, Precision: 0.1919, F1: 0.1511, Duration: 0.04s, Current LR: 0.001000
2025-06-22 14:14:01.315 | INFO     | src.fh.training_framework:run_training:532 - Experiment: CNN_Experiment_1_heart_big_train_synthetic, Epoch: 10/10, Train Loss: 1.4379, Test Loss: 1.5860, Abs Loss Diff: 0.1481, Rel Loss Diff (%): 9.34, Accuracy: 0.1800, Recall: 0.1800, Precision: 0.2113, F1: 0.1661, Duration: 0.04s, Current LR: 0.001000
2025-06-22 14:14:01.328 | INFO     | src.fh.training_framework:run_training:657 - Training voor model CNN_Experiment_1_heart_big_train_synthetic voltooid. Totale duur: 0:00:00.543509
2025-06-22 14:14:01.330 | INFO     | __main__:run_experiment:171 - 
--- Uitvoeren CNN Experiment 2/2 voor heart_big_train_synthetic.parquet ---
2025-06-22 14:14:01.330 | INFO     | __main__:run_experiment:184 - Berekende CNN input_size_after_flattening voor lineaire laag: 2944
2025-06-22 14:14:01.330 | INFO     | src.fh.training_framework:run_training:328 - Starting training run for model: cnn_model, experiment: CNN_Experiment_2_heart_big_train_synthetic
2025-06-22 14:14:01.330 | INFO     | src.fh.model_selector:get_model:26 - Model selector: aanmaken van model 'cnn_model' met config: {'input_channels': 1, 'hidden_size': 64, 'num_layers': 2, 'output_size': 5, 'conv_filters': [32, 64], 'kernel_size': 5, 'use_dropout': True, 'dropout_rate': 0.3, 'num_features': 187, 'input_size_after_flattening': 2944}
2025-06-22 14:14:01.331 | INFO     | src.fh.models.cnn_model:__init__:21 - Initializing CNNModel...
2025-06-22 14:14:01.335 | INFO     | src.fh.models.cnn_model:__init__:77 - CNNModel initialized. Total parameters: 199301
2025-06-22 14:14:01.335 | INFO     | src.fh.training_framework:run_training:415 - Model 'cnn_model' van experiment 'CNN_Experiment_2_heart_big_train_synthetic' geïnitialiseerd en verplaatst naar cpu.
2025-06-22 14:14:01.336 | INFO     | src.fh.training_framework:run_training:472 - Scheduler is uitgeschakeld in configuratie.
2025-06-22 14:14:01.336 | INFO     | src.fh.training_framework:run_training:505 - Trainingsdataset: heart_big_train_synthetic.parquet, Samples: 120, Batch grootte: 32, Aantal batches: 4.
2025-06-22 14:14:01.337 | INFO     | src.fh.training_framework:run_training:506 - Testdataset: heart_big_test.parq, Samples: 50, Batch grootte: 32, Aantal batches: 2.
2025-06-22 14:14:01.393 | INFO     | src.fh.training_framework:run_training:532 - Experiment: CNN_Experiment_2_heart_big_train_synthetic, Epoch:  1/10, Train Loss: 1.6292, Test Loss: 1.6497, Abs Loss Diff: 0.0205, Rel Loss Diff (%): 1.24, Accuracy: 0.1800, Recall: 0.1800, Precision: 0.1213, F1: 0.0941, Duration: 0.06s, Current LR: 0.001000
2025-06-22 14:14:01.403 | SUCCESS  | src.fh.training_framework:run_training:634 - Saved best model for CNN_Experiment_2_heart_big_train_synthetic to /home/azureuser/mads-exam-fharren/src/fh/../../logs/20250622-141353_run_logs/20250622-141353_CNN_Experiment_2_heart_big_train_synthetic_best_model.pth (Abs Loss Diff: 0.0205, Recall: 0.1800, Accuracy: 0.1800).
2025-06-22 14:14:01.453 | INFO     | src.fh.training_framework:run_training:532 - Experiment: CNN_Experiment_2_heart_big_train_synthetic, Epoch:  2/10, Train Loss: 1.5979, Test Loss: 1.6513, Abs Loss Diff: 0.0534, Rel Loss Diff (%): 3.23, Accuracy: 0.2400, Recall: 0.2400, Precision: 0.1860, F1: 0.1965, Duration: 0.05s, Current LR: 0.001000
2025-06-22 14:14:01.519 | INFO     | src.fh.training_framework:run_training:532 - Experiment: CNN_Experiment_2_heart_big_train_synthetic, Epoch:  3/10, Train Loss: 1.5626, Test Loss: 1.6194, Abs Loss Diff: 0.0567, Rel Loss Diff (%): 3.50, Accuracy: 0.2400, Recall: 0.2400, Precision: 0.1008, F1: 0.1410, Duration: 0.05s, Current LR: 0.001000
2025-06-22 14:14:01.583 | INFO     | src.fh.training_framework:run_training:532 - Experiment: CNN_Experiment_2_heart_big_train_synthetic, Epoch:  4/10, Train Loss: 1.4975, Test Loss: 1.6922, Abs Loss Diff: 0.1948, Rel Loss Diff (%): 11.51, Accuracy: 0.1400, Recall: 0.1400, Precision: 0.0627, F1: 0.0804, Duration: 0.05s, Current LR: 0.001000
2025-06-22 14:14:01.655 | INFO     | src.fh.training_framework:run_training:532 - Experiment: CNN_Experiment_2_heart_big_train_synthetic, Epoch:  5/10, Train Loss: 1.3883, Test Loss: 1.7493, Abs Loss Diff: 0.3611, Rel Loss Diff (%): 20.64, Accuracy: 0.1400, Recall: 0.1400, Precision: 0.0368, F1: 0.0583, Duration: 0.06s, Current LR: 0.001000
2025-06-22 14:14:01.724 | INFO     | src.fh.training_framework:run_training:532 - Experiment: CNN_Experiment_2_heart_big_train_synthetic, Epoch:  6/10, Train Loss: 1.3062, Test Loss: 1.7259, Abs Loss Diff: 0.4197, Rel Loss Diff (%): 24.32, Accuracy: 0.2000, Recall: 0.2000, Precision: 0.1443, F1: 0.1591, Duration: 0.05s, Current LR: 0.001000
2025-06-22 14:14:01.790 | INFO     | src.fh.training_framework:run_training:532 - Experiment: CNN_Experiment_2_heart_big_train_synthetic, Epoch:  7/10, Train Loss: 1.2481, Test Loss: 1.8296, Abs Loss Diff: 0.5815, Rel Loss Diff (%): 31.78, Accuracy: 0.1600, Recall: 0.1600, Precision: 0.0381, F1: 0.0615, Duration: 0.05s, Current LR: 0.001000
2025-06-22 14:14:01.858 | INFO     | src.fh.training_framework:run_training:532 - Experiment: CNN_Experiment_2_heart_big_train_synthetic, Epoch:  8/10, Train Loss: 1.1528, Test Loss: 1.8632, Abs Loss Diff: 0.7104, Rel Loss Diff (%): 38.13, Accuracy: 0.2400, Recall: 0.2400, Precision: 0.1469, F1: 0.1800, Duration: 0.05s, Current LR: 0.001000
2025-06-22 14:14:01.925 | INFO     | src.fh.training_framework:run_training:532 - Experiment: CNN_Experiment_2_heart_big_train_synthetic, Epoch:  9/10, Train Loss: 1.0135, Test Loss: 1.9513, Abs Loss Diff: 0.9378, Rel Loss Diff (%): 48.06, Accuracy: 0.1600, Recall: 0.1600, Precision: 0.0805, F1: 0.0861, Duration: 0.05s, Current LR: 0.001000
2025-06-22 14:14:01.999 | INFO     | src.fh.training_framework:run_training:532 - Experiment: CNN_Experiment_2_heart_big_train_synthetic, Epoch: 10/10, Train Loss: 0.9158, Test Loss: 2.1603, Abs Loss Diff: 1.2445, Rel Loss Diff (%): 57.61, Accuracy: 0.1200, Recall: 0.1200, Precision: 0.0656, F1: 0.0776, Duration: 0.06s, Current LR: 0.001000
2025-06-22 14:14:02.013 | INFO     | src.fh.training_framework:run_training:657 - Training voor model CNN_Experiment_2_heart_big_train_synthetic voltooid. Totale duur: 0:00:00.682819
2025-06-22 14:14:02.015 | INFO     | __main__:run_experiment:194 - CNN model training voltooid voor heart_big_train_synthetic.parquet.
2025-06-22 14:14:02.015 | INFO     | __main__:run_experiment:198 - 
--- Start Training CNN_SE_Skip Model (Hyperparameter Tuning) ---
2025-06-22 14:14:02.015 | INFO     | __main__:run_experiment:210 - 
--- Uitvoeren CNN_SE_Skip Experiment 1/2 voor heart_big_train_synthetic.parquet ---
2025-06-22 14:14:02.016 | INFO     | __main__:run_experiment:225 - Berekende CNN_SE_Skip input_size_after_flattening voor lineaire laag: 1472
2025-06-22 14:14:02.016 | INFO     | src.fh.training_framework:run_training:328 - Starting training run for model: cnn_se_skip_model, experiment: CNN_SE_Skip_Experiment_1_heart_big_train_synthetic
2025-06-22 14:14:02.016 | INFO     | src.fh.model_selector:get_model:26 - Model selector: aanmaken van model 'cnn_se_skip_model' met config: {'input_channels': 1, 'hidden_size': 64, 'num_layers': 2, 'output_size': 5, 'conv_filters_per_block': 32, 'kernel_size_per_block': 3, 'use_dropout': False, 'dropout_rate': 0.3, 'reduction_ratio': 8, 'num_features': 187, 'input_size_after_flattening': 1472}
2025-06-22 14:14:02.021 | INFO     | src.fh.training_framework:run_training:415 - Model 'cnn_se_skip_model' van experiment 'CNN_SE_Skip_Experiment_1_heart_big_train_synthetic' geïnitialiseerd en verplaatst naar cpu.
2025-06-22 14:14:02.022 | INFO     | src.fh.training_framework:run_training:472 - Scheduler is uitgeschakeld in configuratie.
2025-06-22 14:14:02.022 | INFO     | src.fh.training_framework:run_training:505 - Trainingsdataset: heart_big_train_synthetic.parquet, Samples: 120, Batch grootte: 32, Aantal batches: 4.
2025-06-22 14:14:02.023 | INFO     | src.fh.training_framework:run_training:506 - Testdataset: heart_big_test.parq, Samples: 50, Batch grootte: 32, Aantal batches: 2.
2025-06-22 14:14:02.099 | INFO     | src.fh.training_framework:run_training:532 - Experiment: CNN_SE_Skip_Experiment_1_heart_big_train_synthetic, Epoch:  1/10, Train Loss: 1.6223, Test Loss: 1.6511, Abs Loss Diff: 0.0288, Rel Loss Diff (%): 1.74, Accuracy: 0.1000, Recall: 0.1000, Precision: 0.0152, F1: 0.0264, Duration: 0.08s, Current LR: 0.001000
2025-06-22 14:14:02.110 | SUCCESS  | src.fh.training_framework:run_training:634 - Saved best model for CNN_SE_Skip_Experiment_1_heart_big_train_synthetic to /home/azureuser/mads-exam-fharren/src/fh/../../logs/20250622-141353_run_logs/20250622-141353_CNN_SE_Skip_Experiment_1_heart_big_train_synthetic_best_model.pth (Abs Loss Diff: 0.0288, Recall: 0.1000, Accuracy: 0.1000).
2025-06-22 14:14:02.183 | INFO     | src.fh.training_framework:run_training:532 - Experiment: CNN_SE_Skip_Experiment_1_heart_big_train_synthetic, Epoch:  2/10, Train Loss: 1.6157, Test Loss: 1.6764, Abs Loss Diff: 0.0607, Rel Loss Diff (%): 3.62, Accuracy: 0.2000, Recall: 0.2000, Precision: 0.0761, F1: 0.0932, Duration: 0.07s, Current LR: 0.001000
2025-06-22 14:14:02.263 | INFO     | src.fh.training_framework:run_training:532 - Experiment: CNN_SE_Skip_Experiment_1_heart_big_train_synthetic, Epoch:  3/10, Train Loss: 1.5916, Test Loss: 1.6510, Abs Loss Diff: 0.0593, Rel Loss Diff (%): 3.59, Accuracy: 0.2000, Recall: 0.2000, Precision: 0.2681, F1: 0.1349, Duration: 0.07s, Current LR: 0.001000
2025-06-22 14:14:02.345 | INFO     | src.fh.training_framework:run_training:532 - Experiment: CNN_SE_Skip_Experiment_1_heart_big_train_synthetic, Epoch:  4/10, Train Loss: 1.5696, Test Loss: 1.6406, Abs Loss Diff: 0.0711, Rel Loss Diff (%): 4.33, Accuracy: 0.1600, Recall: 0.1600, Precision: 0.0621, F1: 0.0878, Duration: 0.06s, Current LR: 0.001000
2025-06-22 14:14:02.424 | INFO     | src.fh.training_framework:run_training:532 - Experiment: CNN_SE_Skip_Experiment_1_heart_big_train_synthetic, Epoch:  5/10, Train Loss: 1.5527, Test Loss: 1.6331, Abs Loss Diff: 0.0804, Rel Loss Diff (%): 4.92, Accuracy: 0.1200, Recall: 0.1200, Precision: 0.0455, F1: 0.0613, Duration: 0.07s, Current LR: 0.001000
2025-06-22 14:14:02.506 | INFO     | src.fh.training_framework:run_training:532 - Experiment: CNN_SE_Skip_Experiment_1_heart_big_train_synthetic, Epoch:  6/10, Train Loss: 1.5229, Test Loss: 1.6446, Abs Loss Diff: 0.1217, Rel Loss Diff (%): 7.40, Accuracy: 0.1800, Recall: 0.1800, Precision: 0.3553, F1: 0.1484, Duration: 0.07s, Current LR: 0.001000
2025-06-22 14:14:02.586 | INFO     | src.fh.training_framework:run_training:532 - Experiment: CNN_SE_Skip_Experiment_1_heart_big_train_synthetic, Epoch:  7/10, Train Loss: 1.5003, Test Loss: 1.6437, Abs Loss Diff: 0.1434, Rel Loss Diff (%): 8.72, Accuracy: 0.1400, Recall: 0.1400, Precision: 0.0627, F1: 0.0860, Duration: 0.07s, Current LR: 0.001000
2025-06-22 14:14:02.678 | INFO     | src.fh.training_framework:run_training:532 - Experiment: CNN_SE_Skip_Experiment_1_heart_big_train_synthetic, Epoch:  8/10, Train Loss: 1.4621, Test Loss: 1.6353, Abs Loss Diff: 0.1732, Rel Loss Diff (%): 10.59, Accuracy: 0.1400, Recall: 0.1400, Precision: 0.0930, F1: 0.1069, Duration: 0.07s, Current LR: 0.001000
2025-06-22 14:14:02.758 | INFO     | src.fh.training_framework:run_training:532 - Experiment: CNN_SE_Skip_Experiment_1_heart_big_train_synthetic, Epoch:  9/10, Train Loss: 1.4289, Test Loss: 1.6622, Abs Loss Diff: 0.2332, Rel Loss Diff (%): 14.03, Accuracy: 0.1600, Recall: 0.1600, Precision: 0.1545, F1: 0.1379, Duration: 0.07s, Current LR: 0.001000
2025-06-22 14:14:02.852 | INFO     | src.fh.training_framework:run_training:532 - Experiment: CNN_SE_Skip_Experiment_1_heart_big_train_synthetic, Epoch: 10/10, Train Loss: 1.3903, Test Loss: 1.6385, Abs Loss Diff: 0.2482, Rel Loss Diff (%): 15.15, Accuracy: 0.1600, Recall: 0.1600, Precision: 0.1198, F1: 0.1315, Duration: 0.08s, Current LR: 0.001000
2025-06-22 14:14:02.866 | INFO     | src.fh.training_framework:run_training:657 - Training voor model CNN_SE_Skip_Experiment_1_heart_big_train_synthetic voltooid. Totale duur: 0:00:00.849485
2025-06-22 14:14:02.867 | INFO     | __main__:run_experiment:210 - 
--- Uitvoeren CNN_SE_Skip Experiment 2/2 voor heart_big_train_synthetic.parquet ---
2025-06-22 14:14:02.867 | INFO     | __main__:run_experiment:225 - Berekende CNN_SE_Skip input_size_after_flattening voor lineaire laag: 1472
2025-06-22 14:14:02.868 | INFO     | src.fh.training_framework:run_training:328 - Starting training run for model: cnn_se_skip_model, experiment: CNN_SE_Skip_Experiment_2_heart_big_train_synthetic
2025-06-22 14:14:02.868 | INFO     | src.fh.model_selector:get_model:26 - Model selector: aanmaken van model 'cnn_se_skip_model' met config: {'input_channels': 1, 'hidden_size': 128, 'num_layers': 3, 'output_size': 5, 'conv_filters_per_block': 64, 'kernel_size_per_block': 5, 'use_dropout': True, 'dropout_rate': 0.4, 'reduction_ratio': 16, 'num_features': 187, 'input_size_after_flattening': 1472}
2025-06-22 14:14:02.874 | INFO     | src.fh.training_framework:run_training:415 - Model 'cnn_se_skip_model' van experiment 'CNN_SE_Skip_Experiment_2_heart_big_train_synthetic' geïnitialiseerd en verplaatst naar cpu.
2025-06-22 14:14:02.875 | INFO     | src.fh.training_framework:run_training:472 - Scheduler is uitgeschakeld in configuratie.
2025-06-22 14:14:02.876 | INFO     | src.fh.training_framework:run_training:505 - Trainingsdataset: heart_big_train_synthetic.parquet, Samples: 120, Batch grootte: 32, Aantal batches: 4.
2025-06-22 14:14:02.876 | INFO     | src.fh.training_framework:run_training:506 - Testdataset: heart_big_test.parq, Samples: 50, Batch grootte: 32, Aantal batches: 2.
2025-06-22 14:14:03.054 | INFO     | src.fh.training_framework:run_training:532 - Experiment: CNN_SE_Skip_Experiment_2_heart_big_train_synthetic, Epoch:  1/10, Train Loss: 1.6991, Test Loss: 1.6880, Abs Loss Diff: 0.0111, Rel Loss Diff (%): 0.66, Accuracy: 0.2000, Recall: 0.2000, Precision: 0.0400, F1: 0.0667, Duration: 0.18s, Current LR: 0.001000
2025-06-22 14:14:03.065 | SUCCESS  | src.fh.training_framework:run_training:634 - Saved best model for CNN_SE_Skip_Experiment_2_heart_big_train_synthetic to /home/azureuser/mads-exam-fharren/src/fh/../../logs/20250622-141353_run_logs/20250622-141353_CNN_SE_Skip_Experiment_2_heart_big_train_synthetic_best_model.pth (Abs Loss Diff: 0.0111, Recall: 0.2000, Accuracy: 0.2000).
2025-06-22 14:14:03.235 | INFO     | src.fh.training_framework:run_training:532 - Experiment: CNN_SE_Skip_Experiment_2_heart_big_train_synthetic, Epoch:  2/10, Train Loss: 1.6713, Test Loss: 1.6823, Abs Loss Diff: 0.0109, Rel Loss Diff (%): 0.65, Accuracy: 0.1400, Recall: 0.1400, Precision: 0.0196, F1: 0.0344, Duration: 0.17s, Current LR: 0.001000
2025-06-22 14:14:03.252 | SUCCESS  | src.fh.training_framework:run_training:634 - Saved best model for CNN_SE_Skip_Experiment_2_heart_big_train_synthetic to /home/azureuser/mads-exam-fharren/src/fh/../../logs/20250622-141353_run_logs/20250622-141353_CNN_SE_Skip_Experiment_2_heart_big_train_synthetic_best_model.pth (Abs Loss Diff: 0.0109, Recall: 0.1400, Accuracy: 0.1400).
2025-06-22 14:14:03.411 | INFO     | src.fh.training_framework:run_training:532 - Experiment: CNN_SE_Skip_Experiment_2_heart_big_train_synthetic, Epoch:  3/10, Train Loss: 1.6551, Test Loss: 1.6489, Abs Loss Diff: 0.0062, Rel Loss Diff (%): 0.38, Accuracy: 0.1400, Recall: 0.1400, Precision: 0.0196, F1: 0.0344, Duration: 0.16s, Current LR: 0.001000
2025-06-22 14:14:03.428 | SUCCESS  | src.fh.training_framework:run_training:634 - Saved best model for CNN_SE_Skip_Experiment_2_heart_big_train_synthetic to /home/azureuser/mads-exam-fharren/src/fh/../../logs/20250622-141353_run_logs/20250622-141353_CNN_SE_Skip_Experiment_2_heart_big_train_synthetic_best_model.pth (Abs Loss Diff: 0.0062, Recall: 0.1400, Accuracy: 0.1400).
2025-06-22 14:14:03.578 | INFO     | src.fh.training_framework:run_training:532 - Experiment: CNN_SE_Skip_Experiment_2_heart_big_train_synthetic, Epoch:  4/10, Train Loss: 1.6206, Test Loss: 1.6982, Abs Loss Diff: 0.0776, Rel Loss Diff (%): 4.57, Accuracy: 0.1400, Recall: 0.1400, Precision: 0.0196, F1: 0.0344, Duration: 0.15s, Current LR: 0.001000
2025-06-22 14:14:03.738 | INFO     | src.fh.training_framework:run_training:532 - Experiment: CNN_SE_Skip_Experiment_2_heart_big_train_synthetic, Epoch:  5/10, Train Loss: 1.6595, Test Loss: 1.6707, Abs Loss Diff: 0.0112, Rel Loss Diff (%): 0.67, Accuracy: 0.1800, Recall: 0.1800, Precision: 0.0375, F1: 0.0621, Duration: 0.15s, Current LR: 0.001000
2025-06-22 14:14:03.903 | INFO     | src.fh.training_framework:run_training:532 - Experiment: CNN_SE_Skip_Experiment_2_heart_big_train_synthetic, Epoch:  6/10, Train Loss: 1.6344, Test Loss: 1.6860, Abs Loss Diff: 0.0516, Rel Loss Diff (%): 3.06, Accuracy: 0.2400, Recall: 0.2400, Precision: 0.0576, F1: 0.0929, Duration: 0.15s, Current LR: 0.001000
2025-06-22 14:14:04.064 | INFO     | src.fh.training_framework:run_training:532 - Experiment: CNN_SE_Skip_Experiment_2_heart_big_train_synthetic, Epoch:  7/10, Train Loss: 1.6572, Test Loss: 1.6940, Abs Loss Diff: 0.0368, Rel Loss Diff (%): 2.17, Accuracy: 0.2400, Recall: 0.2400, Precision: 0.0576, F1: 0.0929, Duration: 0.15s, Current LR: 0.001000
2025-06-22 14:14:04.253 | INFO     | src.fh.training_framework:run_training:532 - Experiment: CNN_SE_Skip_Experiment_2_heart_big_train_synthetic, Epoch:  8/10, Train Loss: 1.6571, Test Loss: 1.6792, Abs Loss Diff: 0.0222, Rel Loss Diff (%): 1.32, Accuracy: 0.2400, Recall: 0.2400, Precision: 0.0576, F1: 0.0929, Duration: 0.17s, Current LR: 0.001000
2025-06-22 14:14:04.421 | INFO     | src.fh.training_framework:run_training:532 - Experiment: CNN_SE_Skip_Experiment_2_heart_big_train_synthetic, Epoch:  9/10, Train Loss: 1.6445, Test Loss: 1.6638, Abs Loss Diff: 0.0194, Rel Loss Diff (%): 1.16, Accuracy: 0.2400, Recall: 0.2400, Precision: 0.0576, F1: 0.0929, Duration: 0.15s, Current LR: 0.001000
2025-06-22 14:14:04.592 | INFO     | src.fh.training_framework:run_training:532 - Experiment: CNN_SE_Skip_Experiment_2_heart_big_train_synthetic, Epoch: 10/10, Train Loss: 1.5834, Test Loss: 1.6636, Abs Loss Diff: 0.0802, Rel Loss Diff (%): 4.82, Accuracy: 0.2000, Recall: 0.2000, Precision: 0.0400, F1: 0.0667, Duration: 0.16s, Current LR: 0.001000
2025-06-22 14:14:04.606 | INFO     | src.fh.training_framework:run_training:657 - Training voor model CNN_SE_Skip_Experiment_2_heart_big_train_synthetic voltooid. Totale duur: 0:00:01.737704
2025-06-22 14:14:04.607 | INFO     | __main__:run_experiment:235 - CNN_SE_Skip model training voltooid voor heart_big_train_synthetic.parquet.
2025-06-22 14:14:04.608 | INFO     | __main__:run_experiment:241 - 
--- Start Training GRU Model (Hyperparameter Tuning) ---
2025-06-22 14:14:04.608 | INFO     | __main__:run_experiment:252 - 
--- Uitvoeren GRU Experiment 1/2 voor heart_big_train_synthetic.parquet ---
2025-06-22 14:14:04.608 | INFO     | src.fh.training_framework:run_training:328 - Starting training run for model: gru_model, experiment: GRU_Experiment_1_heart_big_train_synthetic
2025-06-22 14:14:04.608 | INFO     | src.fh.model_selector:get_model:26 - Model selector: aanmaken van model 'gru_model' met config: {'input_size': 187, 'hidden_size': 64, 'num_layers': 1, 'output_size': 5, 'dropout': 0.0}
2025-06-22 14:14:04.609 | INFO     | src.fh.models.gru_model:__init__:20 - Initializing GRUModel...
2025-06-22 14:14:04.611 | INFO     | src.fh.models.gru_model:__init__:64 - GRUModel initialized. Total parameters: 48901
2025-06-22 14:14:04.612 | INFO     | src.fh.training_framework:run_training:415 - Model 'gru_model' van experiment 'GRU_Experiment_1_heart_big_train_synthetic' geïnitialiseerd en verplaatst naar cpu.
2025-06-22 14:14:04.612 | INFO     | src.fh.training_framework:run_training:472 - Scheduler is uitgeschakeld in configuratie.
2025-06-22 14:14:04.613 | INFO     | src.fh.training_framework:run_training:505 - Trainingsdataset: heart_big_train_synthetic.parquet, Samples: 120, Batch grootte: 32, Aantal batches: 4.
2025-06-22 14:14:04.613 | INFO     | src.fh.training_framework:run_training:506 - Testdataset: heart_big_test.parq, Samples: 50, Batch grootte: 32, Aantal batches: 2.
2025-06-22 14:14:04.638 | INFO     | src.fh.training_framework:run_training:532 - Experiment: GRU_Experiment_1_heart_big_train_synthetic, Epoch:  1/10, Train Loss: 1.6315, Test Loss: 1.5634, Abs Loss Diff: 0.0681, Rel Loss Diff (%): 4.36, Accuracy: 0.2200, Recall: 0.2200, Precision: 0.2244, F1: 0.1974, Duration: 0.03s, Current LR: 0.001000
2025-06-22 14:14:04.672 | INFO     | src.fh.training_framework:run_training:532 - Experiment: GRU_Experiment_1_heart_big_train_synthetic, Epoch:  2/10, Train Loss: 1.5424, Test Loss: 1.5663, Abs Loss Diff: 0.0239, Rel Loss Diff (%): 1.53, Accuracy: 0.2000, Recall: 0.2000, Precision: 0.2026, F1: 0.1858, Duration: 0.03s, Current LR: 0.001000
2025-06-22 14:14:04.685 | SUCCESS  | src.fh.training_framework:run_training:634 - Saved best model for GRU_Experiment_1_heart_big_train_synthetic to /home/azureuser/mads-exam-fharren/src/fh/../../logs/20250622-141353_run_logs/20250622-141353_GRU_Experiment_1_heart_big_train_synthetic_best_model.pth (Abs Loss Diff: 0.0239, Recall: 0.2000, Accuracy: 0.2000).
2025-06-22 14:14:04.710 | INFO     | src.fh.training_framework:run_training:532 - Experiment: GRU_Experiment_1_heart_big_train_synthetic, Epoch:  3/10, Train Loss: 1.4669, Test Loss: 1.5704, Abs Loss Diff: 0.1035, Rel Loss Diff (%): 6.59, Accuracy: 0.2000, Recall: 0.2000, Precision: 0.2093, F1: 0.1872, Duration: 0.02s, Current LR: 0.001000
2025-06-22 14:14:04.745 | INFO     | src.fh.training_framework:run_training:532 - Experiment: GRU_Experiment_1_heart_big_train_synthetic, Epoch:  4/10, Train Loss: 1.4013, Test Loss: 1.5749, Abs Loss Diff: 0.1736, Rel Loss Diff (%): 11.02, Accuracy: 0.1800, Recall: 0.1800, Precision: 0.1983, F1: 0.1738, Duration: 0.02s, Current LR: 0.001000
2025-06-22 14:14:04.780 | INFO     | src.fh.training_framework:run_training:532 - Experiment: GRU_Experiment_1_heart_big_train_synthetic, Epoch:  5/10, Train Loss: 1.3377, Test Loss: 1.5792, Abs Loss Diff: 0.2415, Rel Loss Diff (%): 15.29, Accuracy: 0.2000, Recall: 0.2000, Precision: 0.2209, F1: 0.1979, Duration: 0.02s, Current LR: 0.001000
2025-06-22 14:14:04.815 | INFO     | src.fh.training_framework:run_training:532 - Experiment: GRU_Experiment_1_heart_big_train_synthetic, Epoch:  6/10, Train Loss: 1.2747, Test Loss: 1.5846, Abs Loss Diff: 0.3098, Rel Loss Diff (%): 19.55, Accuracy: 0.2200, Recall: 0.2200, Precision: 0.2387, F1: 0.2175, Duration: 0.02s, Current LR: 0.001000
2025-06-22 14:14:04.848 | INFO     | src.fh.training_framework:run_training:532 - Experiment: GRU_Experiment_1_heart_big_train_synthetic, Epoch:  7/10, Train Loss: 1.2087, Test Loss: 1.5908, Abs Loss Diff: 0.3821, Rel Loss Diff (%): 24.02, Accuracy: 0.2200, Recall: 0.2200, Precision: 0.2301, F1: 0.2175, Duration: 0.02s, Current LR: 0.001000
2025-06-22 14:14:04.885 | INFO     | src.fh.training_framework:run_training:532 - Experiment: GRU_Experiment_1_heart_big_train_synthetic, Epoch:  8/10, Train Loss: 1.1502, Test Loss: 1.5976, Abs Loss Diff: 0.4474, Rel Loss Diff (%): 28.00, Accuracy: 0.2200, Recall: 0.2200, Precision: 0.2250, F1: 0.2167, Duration: 0.03s, Current LR: 0.001000
2025-06-22 14:14:04.927 | INFO     | src.fh.training_framework:run_training:532 - Experiment: GRU_Experiment_1_heart_big_train_synthetic, Epoch:  9/10, Train Loss: 1.0896, Test Loss: 1.6056, Abs Loss Diff: 0.5160, Rel Loss Diff (%): 32.14, Accuracy: 0.2200, Recall: 0.2200, Precision: 0.2217, F1: 0.2160, Duration: 0.03s, Current LR: 0.001000
2025-06-22 14:14:04.968 | INFO     | src.fh.training_framework:run_training:532 - Experiment: GRU_Experiment_1_heart_big_train_synthetic, Epoch: 10/10, Train Loss: 1.0247, Test Loss: 1.6144, Abs Loss Diff: 0.5897, Rel Loss Diff (%): 36.53, Accuracy: 0.2200, Recall: 0.2200, Precision: 0.2200, F1: 0.2158, Duration: 0.03s, Current LR: 0.001000
2025-06-22 14:14:04.980 | INFO     | src.fh.training_framework:run_training:657 - Training voor model GRU_Experiment_1_heart_big_train_synthetic voltooid. Totale duur: 0:00:00.372007
2025-06-22 14:14:04.982 | INFO     | __main__:run_experiment:252 - 
--- Uitvoeren GRU Experiment 2/2 voor heart_big_train_synthetic.parquet ---
2025-06-22 14:14:04.982 | INFO     | src.fh.training_framework:run_training:328 - Starting training run for model: gru_model, experiment: GRU_Experiment_2_heart_big_train_synthetic
2025-06-22 14:14:04.982 | INFO     | src.fh.model_selector:get_model:26 - Model selector: aanmaken van model 'gru_model' met config: {'input_size': 187, 'hidden_size': 128, 'num_layers': 2, 'output_size': 5, 'dropout': 0.2}
2025-06-22 14:14:04.982 | INFO     | src.fh.models.gru_model:__init__:20 - Initializing GRUModel...
2025-06-22 14:14:04.986 | INFO     | src.fh.models.gru_model:__init__:64 - GRUModel initialized. Total parameters: 221445
2025-06-22 14:14:04.987 | INFO     | src.fh.training_framework:run_training:415 - Model 'gru_model' van experiment 'GRU_Experiment_2_heart_big_train_synthetic' geïnitialiseerd en verplaatst naar cpu.
2025-06-22 14:14:04.988 | INFO     | src.fh.training_framework:run_training:472 - Scheduler is uitgeschakeld in configuratie.
2025-06-22 14:14:04.988 | INFO     | src.fh.training_framework:run_training:505 - Trainingsdataset: heart_big_train_synthetic.parquet, Samples: 120, Batch grootte: 32, Aantal batches: 4.
2025-06-22 14:14:04.988 | INFO     | src.fh.training_framework:run_training:506 - Testdataset: heart_big_test.parq, Samples: 50, Batch grootte: 32, Aantal batches: 2.
2025-06-22 14:14:05.031 | INFO     | src.fh.training_framework:run_training:532 - Experiment: GRU_Experiment_2_heart_big_train_synthetic, Epoch:  1/10, Train Loss: 1.6139, Test Loss: 1.6358, Abs Loss Diff: 0.0219, Rel Loss Diff (%): 1.34, Accuracy: 0.3000, Recall: 0.3000, Precision: 0.2409, F1: 0.2364, Duration: 0.04s, Current LR: 0.001000
2025-06-22 14:14:05.042 | SUCCESS  | src.fh.training_framework:run_training:634 - Saved best model for GRU_Experiment_2_heart_big_train_synthetic to /home/azureuser/mads-exam-fharren/src/fh/../../logs/20250622-141353_run_logs/20250622-141353_GRU_Experiment_2_heart_big_train_synthetic_best_model.pth (Abs Loss Diff: 0.0219, Recall: 0.3000, Accuracy: 0.3000).
2025-06-22 14:14:05.076 | INFO     | src.fh.training_framework:run_training:532 - Experiment: GRU_Experiment_2_heart_big_train_synthetic, Epoch:  2/10, Train Loss: 1.5609, Test Loss: 1.6377, Abs Loss Diff: 0.0768, Rel Loss Diff (%): 4.69, Accuracy: 0.2600, Recall: 0.2600, Precision: 0.2712, F1: 0.2167, Duration: 0.03s, Current LR: 0.001000
2025-06-22 14:14:05.121 | INFO     | src.fh.training_framework:run_training:532 - Experiment: GRU_Experiment_2_heart_big_train_synthetic, Epoch:  3/10, Train Loss: 1.5094, Test Loss: 1.6405, Abs Loss Diff: 0.1311, Rel Loss Diff (%): 7.99, Accuracy: 0.2400, Recall: 0.2400, Precision: 0.2292, F1: 0.2136, Duration: 0.03s, Current LR: 0.001000
2025-06-22 14:14:05.166 | INFO     | src.fh.training_framework:run_training:532 - Experiment: GRU_Experiment_2_heart_big_train_synthetic, Epoch:  4/10, Train Loss: 1.4554, Test Loss: 1.6428, Abs Loss Diff: 0.1874, Rel Loss Diff (%): 11.41, Accuracy: 0.2400, Recall: 0.2400, Precision: 0.2189, F1: 0.2187, Duration: 0.03s, Current LR: 0.001000
2025-06-22 14:14:05.209 | INFO     | src.fh.training_framework:run_training:532 - Experiment: GRU_Experiment_2_heart_big_train_synthetic, Epoch:  5/10, Train Loss: 1.3832, Test Loss: 1.6483, Abs Loss Diff: 0.2651, Rel Loss Diff (%): 16.08, Accuracy: 0.2200, Recall: 0.2200, Precision: 0.1887, F1: 0.1951, Duration: 0.03s, Current LR: 0.001000
2025-06-22 14:14:05.255 | INFO     | src.fh.training_framework:run_training:532 - Experiment: GRU_Experiment_2_heart_big_train_synthetic, Epoch:  6/10, Train Loss: 1.2941, Test Loss: 1.6576, Abs Loss Diff: 0.3634, Rel Loss Diff (%): 21.93, Accuracy: 0.1800, Recall: 0.1800, Precision: 0.1594, F1: 0.1603, Duration: 0.03s, Current LR: 0.001000
2025-06-22 14:14:05.306 | INFO     | src.fh.training_framework:run_training:532 - Experiment: GRU_Experiment_2_heart_big_train_synthetic, Epoch:  7/10, Train Loss: 1.2058, Test Loss: 1.6714, Abs Loss Diff: 0.4656, Rel Loss Diff (%): 27.86, Accuracy: 0.1800, Recall: 0.1800, Precision: 0.1721, F1: 0.1659, Duration: 0.04s, Current LR: 0.001000
2025-06-22 14:14:05.360 | INFO     | src.fh.training_framework:run_training:532 - Experiment: GRU_Experiment_2_heart_big_train_synthetic, Epoch:  8/10, Train Loss: 1.0696, Test Loss: 1.6916, Abs Loss Diff: 0.6220, Rel Loss Diff (%): 36.77, Accuracy: 0.2000, Recall: 0.2000, Precision: 0.1863, F1: 0.1800, Duration: 0.04s, Current LR: 0.001000
2025-06-22 14:14:05.402 | INFO     | src.fh.training_framework:run_training:532 - Experiment: GRU_Experiment_2_heart_big_train_synthetic, Epoch:  9/10, Train Loss: 0.9504, Test Loss: 1.7208, Abs Loss Diff: 0.7704, Rel Loss Diff (%): 44.77, Accuracy: 0.2200, Recall: 0.2200, Precision: 0.2077, F1: 0.2027, Duration: 0.03s, Current LR: 0.001000
2025-06-22 14:14:05.445 | INFO     | src.fh.training_framework:run_training:532 - Experiment: GRU_Experiment_2_heart_big_train_synthetic, Epoch: 10/10, Train Loss: 0.8102, Test Loss: 1.7572, Abs Loss Diff: 0.9470, Rel Loss Diff (%): 53.89, Accuracy: 0.2200, Recall: 0.2200, Precision: 0.2013, F1: 0.2020, Duration: 0.03s, Current LR: 0.001000
2025-06-22 14:14:05.457 | INFO     | src.fh.training_framework:run_training:657 - Training voor model GRU_Experiment_2_heart_big_train_synthetic voltooid. Totale duur: 0:00:00.474338
2025-06-22 14:14:05.458 | INFO     | __main__:run_experiment:262 - GRU model training voltooid voor heart_big_train_synthetic.parquet.
2025-06-22 14:14:05.467 | SUCCESS  | __main__:run_experiment:271 - Alle experiment samenvattingen opgeslagen naar /home/azureuser/mads-exam-fharren/src/fh/../../runs/20250622-141353_all_model_summary.parquet
2025-06-22 14:14:05.467 | INFO     | __main__:run_experiment:275 - 
--- Einde Experiment ---
2025-06-22 14:14:05.468 | INFO     | __main__:<module>:375 - Hoofdscript succesvol voltooid.
