2025-06-22 14:24:15.958 | INFO     | __main__:<module>:48 - Start van het hoofdscript. Algemene logs worden opgeslagen in '/home/azureuser/mads-exam-fharren/src/fh/../../logs/20250622-142415_main_application.log'.
2025-06-22 14:24:16.011 | INFO     | src.fh.utils:load_config:15 - Attempting to load configuration from: /home/azureuser/mads-exam-fharren/src/fh/../../config.toml
2025-06-22 14:24:16.014 | SUCCESS  | src.fh.utils:load_config:18 - Configuration successfully loaded from: /home/azureuser/mads-exam-fharren/src/fh/../../config.toml
2025-06-22 14:24:16.014 | INFO     | __main__:<module>:291 - Configuratie geladen vanuit /home/azureuser/mads-exam-fharren/src/fh/../../config.toml.
2025-06-22 14:24:16.015 | INFO     | __main__:<module>:301 - Zorgen dat de data directory bestaat: /home/azureuser/mads-exam-fharren/src/fh/../../data
2025-06-22 14:24:16.015 | INFO     | __main__:<module>:307 - --- DUMMY DATA MODUS GEACTIVEERD ---
2025-06-22 14:24:16.015 | INFO     | __main__:<module>:308 - Dummy data parameters: features=187, classes=5
2025-06-22 14:24:16.015 | INFO     | __main__:<module>:309 - Dummy data wordt aangemaakt voor demonstratie. Dit zal de configuratie overschrijven met dummy paden.
2025-06-22 14:24:16.134 | SUCCESS  | __main__:<module>:350 - Dummy data aangemaakt als Parquet in '/home/azureuser/mads-exam-fharren/src/fh/../../data/heart_big_train.parq', '/home/azureuser/mads-exam-fharren/src/fh/../../data/heart_big_train_synthetic.parquet' en '/home/azureuser/mads-exam-fharren/src/fh/../../data/heart_big_test.parq'
2025-06-22 14:24:16.135 | INFO     | __main__:run_experiment:70 - Start van het experiment met configuratiebestand: /home/azureuser/mads-exam-fharren/src/fh/../../config.toml
2025-06-22 14:24:16.135 | INFO     | src.fh.utils:load_config:15 - Attempting to load configuration from: /home/azureuser/mads-exam-fharren/src/fh/../../config.toml
2025-06-22 14:24:16.137 | SUCCESS  | src.fh.utils:load_config:18 - Configuration successfully loaded from: /home/azureuser/mads-exam-fharren/src/fh/../../config.toml
2025-06-22 14:24:16.138 | INFO     | __main__:run_experiment:74 - Configuratiebestand succesvol geladen.
2025-06-22 14:24:16.138 | INFO     | __main__:run_experiment:84 - 
--- Start experimenten voor trainingsbestand: heart_big_train.parq (1/2) ---
2025-06-22 14:24:16.138 | INFO     | __main__:run_experiment:91 - Vastgestelde feature count: 187, class count: 5
2025-06-22 14:24:16.138 | INFO     | __main__:run_experiment:98 - Laden van data van /home/azureuser/mads-exam-fharren/src/fh/../../data/heart_big_train.parq en /home/azureuser/mads-exam-fharren/src/fh/../../data/heart_big_test.parq...
2025-06-22 14:24:16.139 | INFO     | src.fh.data_loader:get_data_loaders:93 - Start aanmaken data loaders. Training bestand: /home/azureuser/mads-exam-fharren/src/fh/../../data/heart_big_train.parq, Test bestand: /home/azureuser/mads-exam-fharren/src/fh/../../data/heart_big_test.parq
2025-06-22 14:24:16.170 | INFO     | src.fh.data_loader:get_data_loaders:98 - Succesvol trainingsbestand '/home/azureuser/mads-exam-fharren/src/fh/../../data/heart_big_train.parq' geladen (100 rijen).
2025-06-22 14:24:16.185 | INFO     | src.fh.data_loader:get_data_loaders:109 - Succesvol testbestand '/home/azureuser/mads-exam-fharren/src/fh/../../data/heart_big_test.parq' geladen (50 rijen).
2025-06-22 14:24:16.188 | INFO     | src.fh.data_loader:get_data_loaders:132 - StandardScaler getraind op trainingsdata.
2025-06-22 14:24:16.192 | INFO     | src.fh.data_loader:get_data_loaders:141 - Datasets succesvol aangemaakt.
2025-06-22 14:24:16.192 | INFO     | src.fh.data_loader:get_data_loaders:149 - DataLoaders succesvol aangemaakt.
2025-06-22 14:24:16.193 | SUCCESS  | __main__:run_experiment:108 - Data loaders succesvol aangemaakt.
2025-06-22 14:24:16.195 | INFO     | __main__:run_experiment:118 - Berekende klasse-gewichten voor heart_big_train.parq: [0.25, 3.3333332538604736, 10.0, 5.0, 2.5]
2025-06-22 14:24:16.195 | INFO     | __main__:run_experiment:132 - Initialiseren van de Trainer...
2025-06-22 14:24:16.204 | INFO     | src.fh.training_framework:__init__:99 - Initializing Trainer. Using device: cpu
2025-06-22 14:24:16.205 | INFO     | src.fh.training_framework:__init__:100 - Logging and outputs for this run will be stored in: /home/azureuser/mads-exam-fharren/src/fh/../../logs/20250622-142415_run_logs
2025-06-22 14:24:16.206 | INFO     | __main__:run_experiment:139 - Trainer succesvol geïnitialiseerd.
2025-06-22 14:24:16.206 | INFO     | __main__:run_experiment:142 - 
--- Start Training Baseline Model ---
2025-06-22 14:24:16.206 | INFO     | src.fh.training_framework:run_training:331 - Starting training run for model: baseline_model, experiment: Baseline_heart_big_train
2025-06-22 14:24:16.207 | INFO     | src.fh.model_selector:get_model:26 - Model selector: aanmaken van model 'baseline_model' met config: {'input_size': 187, 'output_size': 5}
2025-06-22 14:24:16.207 | INFO     | src.fh.models.baseline_model:__init__:19 - Initializing BaselineModel...
2025-06-22 14:24:16.211 | INFO     | src.fh.models.baseline_model:__init__:38 - BaselineModel initialized with input_size=187, hidden_size=64, output_size=5.
2025-06-22 14:24:16.212 | INFO     | src.fh.training_framework:run_training:418 - Model 'baseline_model' van experiment 'Baseline_heart_big_train' geïnitialiseerd en verplaatst naar cpu.
2025-06-22 14:24:17.766 | INFO     | src.fh.training_framework:run_training:475 - Scheduler is uitgeschakeld in configuratie.
2025-06-22 14:24:17.768 | INFO     | src.fh.training_framework:run_training:506 - Trainingsdataset: heart_big_train.parq, Samples: 100, Batch grootte: 32, Aantal batches: 4.
2025-06-22 14:24:17.768 | INFO     | src.fh.training_framework:run_training:507 - Testdataset: heart_big_test.parq, Samples: 50, Batch grootte: 32, Aantal batches: 2.
2025-06-22 14:24:17.803 | INFO     | src.fh.training_framework:run_training:532 - Experiment: Baseline_heart_big_train, Epoch:  1/10, Train Loss: 1.6212, Test Loss: 1.6099, Abs Loss Diff: 0.0112, Rel Loss Diff (%): 0.70, Accuracy: 0.1600, Recall: 0.1600, Precision: 0.0960, F1: 0.1194, Duration: 0.03s, Current LR: 0.001000
2025-06-22 14:24:17.815 | SUCCESS  | src.fh.training_framework:run_training:635 - Saved best model for Baseline_heart_big_train to /home/azureuser/mads-exam-fharren/src/fh/../../logs/20250622-142415_run_logs/20250622-142415_Baseline_heart_big_train_best_model.pth (Rel Loss Diff (%): 0.70, Recall: 0.1600, Accuracy: 0.1600).
2025-06-22 14:24:17.844 | INFO     | src.fh.training_framework:run_training:532 - Experiment: Baseline_heart_big_train, Epoch:  2/10, Train Loss: 1.4326, Test Loss: 1.6181, Abs Loss Diff: 0.1855, Rel Loss Diff (%): 11.46, Accuracy: 0.1600, Recall: 0.1600, Precision: 0.0979, F1: 0.1205, Duration: 0.03s, Current LR: 0.001000
2025-06-22 14:24:17.889 | INFO     | src.fh.training_framework:run_training:532 - Experiment: Baseline_heart_big_train, Epoch:  3/10, Train Loss: 1.3042, Test Loss: 1.6265, Abs Loss Diff: 0.3223, Rel Loss Diff (%): 19.82, Accuracy: 0.1600, Recall: 0.1600, Precision: 0.0846, F1: 0.1101, Duration: 0.03s, Current LR: 0.001000
2025-06-22 14:24:17.929 | INFO     | src.fh.training_framework:run_training:532 - Experiment: Baseline_heart_big_train, Epoch:  4/10, Train Loss: 1.2145, Test Loss: 1.6373, Abs Loss Diff: 0.4228, Rel Loss Diff (%): 25.82, Accuracy: 0.1600, Recall: 0.1600, Precision: 0.1052, F1: 0.1236, Duration: 0.03s, Current LR: 0.001000
2025-06-22 14:24:17.972 | INFO     | src.fh.training_framework:run_training:532 - Experiment: Baseline_heart_big_train, Epoch:  5/10, Train Loss: 1.1276, Test Loss: 1.6502, Abs Loss Diff: 0.5226, Rel Loss Diff (%): 31.67, Accuracy: 0.2000, Recall: 0.2000, Precision: 0.2446, F1: 0.1901, Duration: 0.03s, Current LR: 0.001000
2025-06-22 14:24:18.016 | INFO     | src.fh.training_framework:run_training:532 - Experiment: Baseline_heart_big_train, Epoch:  6/10, Train Loss: 1.0414, Test Loss: 1.6636, Abs Loss Diff: 0.6221, Rel Loss Diff (%): 37.40, Accuracy: 0.2000, Recall: 0.2000, Precision: 0.2230, F1: 0.1897, Duration: 0.03s, Current LR: 0.001000
2025-06-22 14:24:18.060 | INFO     | src.fh.training_framework:run_training:532 - Experiment: Baseline_heart_big_train, Epoch:  7/10, Train Loss: 0.9452, Test Loss: 1.6769, Abs Loss Diff: 0.7317, Rel Loss Diff (%): 43.63, Accuracy: 0.2400, Recall: 0.2400, Precision: 0.2474, F1: 0.2326, Duration: 0.03s, Current LR: 0.001000
2025-06-22 14:24:18.102 | INFO     | src.fh.training_framework:run_training:532 - Experiment: Baseline_heart_big_train, Epoch:  8/10, Train Loss: 0.9200, Test Loss: 1.6896, Abs Loss Diff: 0.7696, Rel Loss Diff (%): 45.55, Accuracy: 0.2400, Recall: 0.2400, Precision: 0.2416, F1: 0.2319, Duration: 0.03s, Current LR: 0.001000
2025-06-22 14:24:18.146 | INFO     | src.fh.training_framework:run_training:532 - Experiment: Baseline_heart_big_train, Epoch:  9/10, Train Loss: 0.8737, Test Loss: 1.7048, Abs Loss Diff: 0.8310, Rel Loss Diff (%): 48.75, Accuracy: 0.2400, Recall: 0.2400, Precision: 0.2216, F1: 0.2252, Duration: 0.03s, Current LR: 0.001000
2025-06-22 14:24:18.188 | INFO     | src.fh.training_framework:run_training:532 - Experiment: Baseline_heart_big_train, Epoch: 10/10, Train Loss: 0.7833, Test Loss: 1.7228, Abs Loss Diff: 0.9395, Rel Loss Diff (%): 54.54, Accuracy: 0.2200, Recall: 0.2200, Precision: 0.2048, F1: 0.2061, Duration: 0.03s, Current LR: 0.001000
2025-06-22 14:24:18.201 | INFO     | src.fh.training_framework:run_training:658 - Training voor model Baseline_heart_big_train voltooid. Totale duur: 0:00:01.994439
2025-06-22 14:24:18.203 | INFO     | __main__:run_experiment:156 - Baseline model training voltooid voor heart_big_train.parq.
2025-06-22 14:24:18.204 | INFO     | __main__:run_experiment:159 - 
--- Start Training CNN Model (Hyperparameter Tuning) ---
2025-06-22 14:24:18.204 | INFO     | __main__:run_experiment:171 - 
--- Uitvoeren CNN Experiment 1/2 voor heart_big_train.parq ---
2025-06-22 14:24:18.204 | INFO     | __main__:run_experiment:184 - Berekende CNN input_size_after_flattening voor lineaire laag: 1472
2025-06-22 14:24:18.204 | INFO     | src.fh.training_framework:run_training:331 - Starting training run for model: cnn_model, experiment: CNN_Experiment_1_heart_big_train
2025-06-22 14:24:18.204 | INFO     | src.fh.model_selector:get_model:26 - Model selector: aanmaken van model 'cnn_model' met config: {'input_channels': 1, 'hidden_size': 32, 'num_layers': 2, 'output_size': 5, 'conv_filters': [16, 32], 'kernel_size': 3, 'use_dropout': False, 'dropout_rate': 0.5, 'num_features': 187, 'input_size_after_flattening': 1472}
2025-06-22 14:24:18.205 | INFO     | src.fh.models.cnn_model:__init__:21 - Initializing CNNModel...
2025-06-22 14:24:18.209 | INFO     | src.fh.models.cnn_model:__init__:77 - CNNModel initialized. Total parameters: 48933
2025-06-22 14:24:18.210 | INFO     | src.fh.training_framework:run_training:418 - Model 'cnn_model' van experiment 'CNN_Experiment_1_heart_big_train' geïnitialiseerd en verplaatst naar cpu.
2025-06-22 14:24:18.210 | INFO     | src.fh.training_framework:run_training:475 - Scheduler is uitgeschakeld in configuratie.
2025-06-22 14:24:18.211 | INFO     | src.fh.training_framework:run_training:506 - Trainingsdataset: heart_big_train.parq, Samples: 100, Batch grootte: 32, Aantal batches: 4.
2025-06-22 14:24:18.211 | INFO     | src.fh.training_framework:run_training:507 - Testdataset: heart_big_test.parq, Samples: 50, Batch grootte: 32, Aantal batches: 2.
2025-06-22 14:24:18.264 | INFO     | src.fh.training_framework:run_training:532 - Experiment: CNN_Experiment_1_heart_big_train, Epoch:  1/10, Train Loss: 1.6593, Test Loss: 1.7189, Abs Loss Diff: 0.0597, Rel Loss Diff (%): 3.47, Accuracy: 0.2600, Recall: 0.2600, Precision: 0.0676, F1: 0.1073, Duration: 0.05s, Current LR: 0.001000
2025-06-22 14:24:18.313 | INFO     | src.fh.training_framework:run_training:532 - Experiment: CNN_Experiment_1_heart_big_train, Epoch:  2/10, Train Loss: 1.5544, Test Loss: 1.7098, Abs Loss Diff: 0.1554, Rel Loss Diff (%): 9.09, Accuracy: 0.2600, Recall: 0.2600, Precision: 0.1278, F1: 0.1358, Duration: 0.04s, Current LR: 0.001000
2025-06-22 14:24:18.362 | INFO     | src.fh.training_framework:run_training:532 - Experiment: CNN_Experiment_1_heart_big_train, Epoch:  3/10, Train Loss: 1.5565, Test Loss: 1.6636, Abs Loss Diff: 0.1071, Rel Loss Diff (%): 6.44, Accuracy: 0.3000, Recall: 0.3000, Precision: 0.4093, F1: 0.2017, Duration: 0.04s, Current LR: 0.001000
2025-06-22 14:24:18.413 | INFO     | src.fh.training_framework:run_training:532 - Experiment: CNN_Experiment_1_heart_big_train, Epoch:  4/10, Train Loss: 1.5212, Test Loss: 1.7171, Abs Loss Diff: 0.1959, Rel Loss Diff (%): 11.41, Accuracy: 0.2600, Recall: 0.2600, Precision: 0.0676, F1: 0.1073, Duration: 0.04s, Current LR: 0.001000
2025-06-22 14:24:18.466 | INFO     | src.fh.training_framework:run_training:532 - Experiment: CNN_Experiment_1_heart_big_train, Epoch:  5/10, Train Loss: 1.4751, Test Loss: 1.8275, Abs Loss Diff: 0.3524, Rel Loss Diff (%): 19.28, Accuracy: 0.2600, Recall: 0.2600, Precision: 0.0676, F1: 0.1073, Duration: 0.04s, Current LR: 0.001000
2025-06-22 14:24:18.513 | INFO     | src.fh.training_framework:run_training:532 - Experiment: CNN_Experiment_1_heart_big_train, Epoch:  6/10, Train Loss: 1.4747, Test Loss: 1.8629, Abs Loss Diff: 0.3883, Rel Loss Diff (%): 20.84, Accuracy: 0.2600, Recall: 0.2600, Precision: 0.0676, F1: 0.1073, Duration: 0.03s, Current LR: 0.001000
2025-06-22 14:24:18.570 | INFO     | src.fh.training_framework:run_training:532 - Experiment: CNN_Experiment_1_heart_big_train, Epoch:  7/10, Train Loss: 1.4300, Test Loss: 1.8123, Abs Loss Diff: 0.3823, Rel Loss Diff (%): 21.10, Accuracy: 0.2600, Recall: 0.2600, Precision: 0.0676, F1: 0.1073, Duration: 0.04s, Current LR: 0.001000
2025-06-22 14:24:18.625 | INFO     | src.fh.training_framework:run_training:532 - Experiment: CNN_Experiment_1_heart_big_train, Epoch:  8/10, Train Loss: 1.3739, Test Loss: 1.8739, Abs Loss Diff: 0.5000, Rel Loss Diff (%): 26.68, Accuracy: 0.2600, Recall: 0.2600, Precision: 0.0676, F1: 0.1073, Duration: 0.04s, Current LR: 0.001000
2025-06-22 14:24:18.677 | INFO     | src.fh.training_framework:run_training:532 - Experiment: CNN_Experiment_1_heart_big_train, Epoch:  9/10, Train Loss: 1.3166, Test Loss: 1.9423, Abs Loss Diff: 0.6257, Rel Loss Diff (%): 32.21, Accuracy: 0.2600, Recall: 0.2600, Precision: 0.0676, F1: 0.1073, Duration: 0.04s, Current LR: 0.001000
2025-06-22 14:24:18.727 | INFO     | src.fh.training_framework:run_training:532 - Experiment: CNN_Experiment_1_heart_big_train, Epoch: 10/10, Train Loss: 1.2896, Test Loss: 2.0014, Abs Loss Diff: 0.7117, Rel Loss Diff (%): 35.56, Accuracy: 0.2600, Recall: 0.2600, Precision: 0.0676, F1: 0.1073, Duration: 0.04s, Current LR: 0.001000
2025-06-22 14:24:18.741 | INFO     | src.fh.training_framework:run_training:658 - Training voor model CNN_Experiment_1_heart_big_train voltooid. Totale duur: 0:00:00.536622
2025-06-22 14:24:18.742 | INFO     | __main__:run_experiment:171 - 
--- Uitvoeren CNN Experiment 2/2 voor heart_big_train.parq ---
2025-06-22 14:24:18.743 | INFO     | __main__:run_experiment:184 - Berekende CNN input_size_after_flattening voor lineaire laag: 2944
2025-06-22 14:24:18.743 | INFO     | src.fh.training_framework:run_training:331 - Starting training run for model: cnn_model, experiment: CNN_Experiment_2_heart_big_train
2025-06-22 14:24:18.743 | INFO     | src.fh.model_selector:get_model:26 - Model selector: aanmaken van model 'cnn_model' met config: {'input_channels': 1, 'hidden_size': 64, 'num_layers': 2, 'output_size': 5, 'conv_filters': [32, 64], 'kernel_size': 5, 'use_dropout': True, 'dropout_rate': 0.3, 'num_features': 187, 'input_size_after_flattening': 2944}
2025-06-22 14:24:18.743 | INFO     | src.fh.models.cnn_model:__init__:21 - Initializing CNNModel...
2025-06-22 14:24:18.748 | INFO     | src.fh.models.cnn_model:__init__:77 - CNNModel initialized. Total parameters: 199301
2025-06-22 14:24:18.749 | INFO     | src.fh.training_framework:run_training:418 - Model 'cnn_model' van experiment 'CNN_Experiment_2_heart_big_train' geïnitialiseerd en verplaatst naar cpu.
2025-06-22 14:24:18.749 | INFO     | src.fh.training_framework:run_training:475 - Scheduler is uitgeschakeld in configuratie.
2025-06-22 14:24:18.750 | INFO     | src.fh.training_framework:run_training:506 - Trainingsdataset: heart_big_train.parq, Samples: 100, Batch grootte: 32, Aantal batches: 4.
2025-06-22 14:24:18.750 | INFO     | src.fh.training_framework:run_training:507 - Testdataset: heart_big_test.parq, Samples: 50, Batch grootte: 32, Aantal batches: 2.
2025-06-22 14:24:18.813 | INFO     | src.fh.training_framework:run_training:532 - Experiment: CNN_Experiment_2_heart_big_train, Epoch:  1/10, Train Loss: 1.7993, Test Loss: 1.8051, Abs Loss Diff: 0.0057, Rel Loss Diff (%): 0.32, Accuracy: 0.2400, Recall: 0.2400, Precision: 0.0576, F1: 0.0929, Duration: 0.06s, Current LR: 0.001000
2025-06-22 14:24:18.871 | INFO     | src.fh.training_framework:run_training:532 - Experiment: CNN_Experiment_2_heart_big_train, Epoch:  2/10, Train Loss: 1.5989, Test Loss: 1.7287, Abs Loss Diff: 0.1298, Rel Loss Diff (%): 7.51, Accuracy: 0.2600, Recall: 0.2600, Precision: 0.0676, F1: 0.1073, Duration: 0.05s, Current LR: 0.001000
2025-06-22 14:24:18.935 | INFO     | src.fh.training_framework:run_training:532 - Experiment: CNN_Experiment_2_heart_big_train, Epoch:  3/10, Train Loss: 1.5275, Test Loss: 1.6903, Abs Loss Diff: 0.1629, Rel Loss Diff (%): 9.63, Accuracy: 0.2600, Recall: 0.2600, Precision: 0.0676, F1: 0.1073, Duration: 0.05s, Current LR: 0.001000
2025-06-22 14:24:18.999 | INFO     | src.fh.training_framework:run_training:532 - Experiment: CNN_Experiment_2_heart_big_train, Epoch:  4/10, Train Loss: 1.4652, Test Loss: 1.7389, Abs Loss Diff: 0.2737, Rel Loss Diff (%): 15.74, Accuracy: 0.2600, Recall: 0.2600, Precision: 0.0676, F1: 0.1073, Duration: 0.05s, Current LR: 0.001000
2025-06-22 14:24:19.071 | INFO     | src.fh.training_framework:run_training:532 - Experiment: CNN_Experiment_2_heart_big_train, Epoch:  5/10, Train Loss: 1.3560, Test Loss: 1.9900, Abs Loss Diff: 0.6340, Rel Loss Diff (%): 31.86, Accuracy: 0.2600, Recall: 0.2600, Precision: 0.0676, F1: 0.1073, Duration: 0.06s, Current LR: 0.001000
2025-06-22 14:24:19.139 | INFO     | src.fh.training_framework:run_training:532 - Experiment: CNN_Experiment_2_heart_big_train, Epoch:  6/10, Train Loss: 1.3069, Test Loss: 1.9830, Abs Loss Diff: 0.6761, Rel Loss Diff (%): 34.10, Accuracy: 0.2600, Recall: 0.2600, Precision: 0.0676, F1: 0.1073, Duration: 0.05s, Current LR: 0.001000
2025-06-22 14:24:19.203 | INFO     | src.fh.training_framework:run_training:532 - Experiment: CNN_Experiment_2_heart_big_train, Epoch:  7/10, Train Loss: 1.1162, Test Loss: 1.9559, Abs Loss Diff: 0.8398, Rel Loss Diff (%): 42.93, Accuracy: 0.1200, Recall: 0.1200, Precision: 0.1057, F1: 0.0645, Duration: 0.05s, Current LR: 0.001000
2025-06-22 14:24:19.266 | INFO     | src.fh.training_framework:run_training:532 - Experiment: CNN_Experiment_2_heart_big_train, Epoch:  8/10, Train Loss: 1.1363, Test Loss: 1.8929, Abs Loss Diff: 0.7566, Rel Loss Diff (%): 39.97, Accuracy: 0.2000, Recall: 0.2000, Precision: 0.1450, F1: 0.1529, Duration: 0.05s, Current LR: 0.001000
2025-06-22 14:24:19.330 | INFO     | src.fh.training_framework:run_training:532 - Experiment: CNN_Experiment_2_heart_big_train, Epoch:  9/10, Train Loss: 0.8624, Test Loss: 2.0238, Abs Loss Diff: 1.1615, Rel Loss Diff (%): 57.39, Accuracy: 0.2600, Recall: 0.2600, Precision: 0.1371, F1: 0.1704, Duration: 0.05s, Current LR: 0.001000
2025-06-22 14:24:19.397 | INFO     | src.fh.training_framework:run_training:532 - Experiment: CNN_Experiment_2_heart_big_train, Epoch: 10/10, Train Loss: 0.7409, Test Loss: 2.2737, Abs Loss Diff: 1.5328, Rel Loss Diff (%): 67.42, Accuracy: 0.2600, Recall: 0.2600, Precision: 0.0690, F1: 0.1090, Duration: 0.05s, Current LR: 0.001000
2025-06-22 14:24:19.410 | INFO     | src.fh.training_framework:run_training:658 - Training voor model CNN_Experiment_2_heart_big_train voltooid. Totale duur: 0:00:00.667159
2025-06-22 14:24:19.412 | INFO     | __main__:run_experiment:194 - CNN model training voltooid voor heart_big_train.parq.
2025-06-22 14:24:19.412 | INFO     | __main__:run_experiment:198 - 
--- Start Training CNN_SE_Skip Model (Hyperparameter Tuning) ---
2025-06-22 14:24:19.412 | INFO     | __main__:run_experiment:210 - 
--- Uitvoeren CNN_SE_Skip Experiment 1/2 voor heart_big_train.parq ---
2025-06-22 14:24:19.412 | INFO     | __main__:run_experiment:225 - Berekende CNN_SE_Skip input_size_after_flattening voor lineaire laag: 1472
2025-06-22 14:24:19.413 | INFO     | src.fh.training_framework:run_training:331 - Starting training run for model: cnn_se_skip_model, experiment: CNN_SE_Skip_Experiment_1_heart_big_train
2025-06-22 14:24:19.413 | INFO     | src.fh.model_selector:get_model:26 - Model selector: aanmaken van model 'cnn_se_skip_model' met config: {'input_channels': 1, 'hidden_size': 64, 'num_layers': 2, 'output_size': 5, 'conv_filters_per_block': 32, 'kernel_size_per_block': 3, 'use_dropout': False, 'dropout_rate': 0.3, 'reduction_ratio': 8, 'num_features': 187, 'input_size_after_flattening': 1472}
2025-06-22 14:24:19.418 | INFO     | src.fh.training_framework:run_training:418 - Model 'cnn_se_skip_model' van experiment 'CNN_SE_Skip_Experiment_1_heart_big_train' geïnitialiseerd en verplaatst naar cpu.
2025-06-22 14:24:19.419 | INFO     | src.fh.training_framework:run_training:475 - Scheduler is uitgeschakeld in configuratie.
2025-06-22 14:24:19.419 | INFO     | src.fh.training_framework:run_training:506 - Trainingsdataset: heart_big_train.parq, Samples: 100, Batch grootte: 32, Aantal batches: 4.
2025-06-22 14:24:19.419 | INFO     | src.fh.training_framework:run_training:507 - Testdataset: heart_big_test.parq, Samples: 50, Batch grootte: 32, Aantal batches: 2.
2025-06-22 14:24:19.496 | INFO     | src.fh.training_framework:run_training:532 - Experiment: CNN_SE_Skip_Experiment_1_heart_big_train, Epoch:  1/10, Train Loss: 1.6373, Test Loss: 1.6528, Abs Loss Diff: 0.0155, Rel Loss Diff (%): 0.94, Accuracy: 0.2600, Recall: 0.2600, Precision: 0.0676, F1: 0.1073, Duration: 0.08s, Current LR: 0.001000
2025-06-22 14:24:19.565 | INFO     | src.fh.training_framework:run_training:532 - Experiment: CNN_SE_Skip_Experiment_1_heart_big_train, Epoch:  2/10, Train Loss: 1.5718, Test Loss: 1.7899, Abs Loss Diff: 0.2181, Rel Loss Diff (%): 12.19, Accuracy: 0.2600, Recall: 0.2600, Precision: 0.0676, F1: 0.1073, Duration: 0.06s, Current LR: 0.001000
2025-06-22 14:24:19.634 | INFO     | src.fh.training_framework:run_training:532 - Experiment: CNN_SE_Skip_Experiment_1_heart_big_train, Epoch:  3/10, Train Loss: 1.6305, Test Loss: 1.8366, Abs Loss Diff: 0.2061, Rel Loss Diff (%): 11.22, Accuracy: 0.2600, Recall: 0.2600, Precision: 0.0676, F1: 0.1073, Duration: 0.06s, Current LR: 0.001000
2025-06-22 14:24:19.713 | INFO     | src.fh.training_framework:run_training:532 - Experiment: CNN_SE_Skip_Experiment_1_heart_big_train, Epoch:  4/10, Train Loss: 1.6250, Test Loss: 1.8089, Abs Loss Diff: 0.1839, Rel Loss Diff (%): 10.17, Accuracy: 0.2600, Recall: 0.2600, Precision: 0.0676, F1: 0.1073, Duration: 0.06s, Current LR: 0.001000
2025-06-22 14:24:19.785 | INFO     | src.fh.training_framework:run_training:532 - Experiment: CNN_SE_Skip_Experiment_1_heart_big_train, Epoch:  5/10, Train Loss: 1.6078, Test Loss: 1.7731, Abs Loss Diff: 0.1654, Rel Loss Diff (%): 9.33, Accuracy: 0.2600, Recall: 0.2600, Precision: 0.0676, F1: 0.1073, Duration: 0.06s, Current LR: 0.001000
2025-06-22 14:24:19.860 | INFO     | src.fh.training_framework:run_training:532 - Experiment: CNN_SE_Skip_Experiment_1_heart_big_train, Epoch:  6/10, Train Loss: 1.5729, Test Loss: 1.7649, Abs Loss Diff: 0.1921, Rel Loss Diff (%): 10.88, Accuracy: 0.2600, Recall: 0.2600, Precision: 0.0676, F1: 0.1073, Duration: 0.06s, Current LR: 0.001000
2025-06-22 14:24:19.932 | INFO     | src.fh.training_framework:run_training:532 - Experiment: CNN_SE_Skip_Experiment_1_heart_big_train, Epoch:  7/10, Train Loss: 1.5505, Test Loss: 1.7785, Abs Loss Diff: 0.2279, Rel Loss Diff (%): 12.82, Accuracy: 0.2600, Recall: 0.2600, Precision: 0.0676, F1: 0.1073, Duration: 0.06s, Current LR: 0.001000
2025-06-22 14:24:20.009 | INFO     | src.fh.training_framework:run_training:532 - Experiment: CNN_SE_Skip_Experiment_1_heart_big_train, Epoch:  8/10, Train Loss: 1.5352, Test Loss: 1.7732, Abs Loss Diff: 0.2380, Rel Loss Diff (%): 13.42, Accuracy: 0.2600, Recall: 0.2600, Precision: 0.0676, F1: 0.1073, Duration: 0.06s, Current LR: 0.001000
2025-06-22 14:24:20.095 | INFO     | src.fh.training_framework:run_training:532 - Experiment: CNN_SE_Skip_Experiment_1_heart_big_train, Epoch:  9/10, Train Loss: 1.4973, Test Loss: 1.7190, Abs Loss Diff: 0.2217, Rel Loss Diff (%): 12.90, Accuracy: 0.2600, Recall: 0.2600, Precision: 0.0676, F1: 0.1073, Duration: 0.07s, Current LR: 0.001000
2025-06-22 14:24:20.175 | INFO     | src.fh.training_framework:run_training:532 - Experiment: CNN_SE_Skip_Experiment_1_heart_big_train, Epoch: 10/10, Train Loss: 1.4455, Test Loss: 1.6812, Abs Loss Diff: 0.2357, Rel Loss Diff (%): 14.02, Accuracy: 0.2600, Recall: 0.2600, Precision: 0.0704, F1: 0.1108, Duration: 0.07s, Current LR: 0.001000
2025-06-22 14:24:20.188 | INFO     | src.fh.training_framework:run_training:658 - Training voor model CNN_SE_Skip_Experiment_1_heart_big_train voltooid. Totale duur: 0:00:00.775055
2025-06-22 14:24:20.189 | INFO     | __main__:run_experiment:210 - 
--- Uitvoeren CNN_SE_Skip Experiment 2/2 voor heart_big_train.parq ---
2025-06-22 14:24:20.190 | INFO     | __main__:run_experiment:225 - Berekende CNN_SE_Skip input_size_after_flattening voor lineaire laag: 1472
2025-06-22 14:24:20.190 | INFO     | src.fh.training_framework:run_training:331 - Starting training run for model: cnn_se_skip_model, experiment: CNN_SE_Skip_Experiment_2_heart_big_train
2025-06-22 14:24:20.190 | INFO     | src.fh.model_selector:get_model:26 - Model selector: aanmaken van model 'cnn_se_skip_model' met config: {'input_channels': 1, 'hidden_size': 128, 'num_layers': 3, 'output_size': 5, 'conv_filters_per_block': 64, 'kernel_size_per_block': 5, 'use_dropout': True, 'dropout_rate': 0.4, 'reduction_ratio': 16, 'num_features': 187, 'input_size_after_flattening': 1472}
2025-06-22 14:24:20.196 | INFO     | src.fh.training_framework:run_training:418 - Model 'cnn_se_skip_model' van experiment 'CNN_SE_Skip_Experiment_2_heart_big_train' geïnitialiseerd en verplaatst naar cpu.
2025-06-22 14:24:20.197 | INFO     | src.fh.training_framework:run_training:475 - Scheduler is uitgeschakeld in configuratie.
2025-06-22 14:24:20.197 | INFO     | src.fh.training_framework:run_training:506 - Trainingsdataset: heart_big_train.parq, Samples: 100, Batch grootte: 32, Aantal batches: 4.
2025-06-22 14:24:20.197 | INFO     | src.fh.training_framework:run_training:507 - Testdataset: heart_big_test.parq, Samples: 50, Batch grootte: 32, Aantal batches: 2.
2025-06-22 14:24:20.350 | INFO     | src.fh.training_framework:run_training:532 - Experiment: CNN_SE_Skip_Experiment_2_heart_big_train, Epoch:  1/10, Train Loss: 1.6254, Test Loss: 1.7468, Abs Loss Diff: 0.1214, Rel Loss Diff (%): 6.95, Accuracy: 0.1600, Recall: 0.1600, Precision: 0.0256, F1: 0.0441, Duration: 0.15s, Current LR: 0.001000
2025-06-22 14:24:20.483 | INFO     | src.fh.training_framework:run_training:532 - Experiment: CNN_SE_Skip_Experiment_2_heart_big_train, Epoch:  2/10, Train Loss: 1.6785, Test Loss: 1.8130, Abs Loss Diff: 0.1344, Rel Loss Diff (%): 7.42, Accuracy: 0.2600, Recall: 0.2600, Precision: 0.0676, F1: 0.1073, Duration: 0.13s, Current LR: 0.001000
2025-06-22 14:24:20.637 | INFO     | src.fh.training_framework:run_training:532 - Experiment: CNN_SE_Skip_Experiment_2_heart_big_train, Epoch:  3/10, Train Loss: 1.6851, Test Loss: 1.8866, Abs Loss Diff: 0.2015, Rel Loss Diff (%): 10.68, Accuracy: 0.2600, Recall: 0.2600, Precision: 0.0676, F1: 0.1073, Duration: 0.14s, Current LR: 0.001000
2025-06-22 14:24:20.774 | INFO     | src.fh.training_framework:run_training:532 - Experiment: CNN_SE_Skip_Experiment_2_heart_big_train, Epoch:  4/10, Train Loss: 1.6942, Test Loss: 1.8870, Abs Loss Diff: 0.1928, Rel Loss Diff (%): 10.22, Accuracy: 0.2600, Recall: 0.2600, Precision: 0.0676, F1: 0.1073, Duration: 0.12s, Current LR: 0.001000
2025-06-22 14:24:20.918 | INFO     | src.fh.training_framework:run_training:532 - Experiment: CNN_SE_Skip_Experiment_2_heart_big_train, Epoch:  5/10, Train Loss: 1.6602, Test Loss: 1.8870, Abs Loss Diff: 0.2268, Rel Loss Diff (%): 12.02, Accuracy: 0.2600, Recall: 0.2600, Precision: 0.0676, F1: 0.1073, Duration: 0.13s, Current LR: 0.001000
2025-06-22 14:24:21.057 | INFO     | src.fh.training_framework:run_training:532 - Experiment: CNN_SE_Skip_Experiment_2_heart_big_train, Epoch:  6/10, Train Loss: 1.6251, Test Loss: 1.8870, Abs Loss Diff: 0.2619, Rel Loss Diff (%): 13.88, Accuracy: 0.2600, Recall: 0.2600, Precision: 0.0676, F1: 0.1073, Duration: 0.13s, Current LR: 0.001000
2025-06-22 14:24:21.198 | INFO     | src.fh.training_framework:run_training:532 - Experiment: CNN_SE_Skip_Experiment_2_heart_big_train, Epoch:  7/10, Train Loss: 1.6855, Test Loss: 1.8870, Abs Loss Diff: 0.2015, Rel Loss Diff (%): 10.68, Accuracy: 0.2600, Recall: 0.2600, Precision: 0.0676, F1: 0.1073, Duration: 0.13s, Current LR: 0.001000
2025-06-22 14:24:21.333 | INFO     | src.fh.training_framework:run_training:532 - Experiment: CNN_SE_Skip_Experiment_2_heart_big_train, Epoch:  8/10, Train Loss: 1.6761, Test Loss: 1.8870, Abs Loss Diff: 0.2109, Rel Loss Diff (%): 11.18, Accuracy: 0.2600, Recall: 0.2600, Precision: 0.0676, F1: 0.1073, Duration: 0.12s, Current LR: 0.001000
2025-06-22 14:24:21.483 | INFO     | src.fh.training_framework:run_training:532 - Experiment: CNN_SE_Skip_Experiment_2_heart_big_train, Epoch:  9/10, Train Loss: 1.6163, Test Loss: 1.8870, Abs Loss Diff: 0.2708, Rel Loss Diff (%): 14.35, Accuracy: 0.2600, Recall: 0.2600, Precision: 0.0676, F1: 0.1073, Duration: 0.14s, Current LR: 0.001000
2025-06-22 14:24:21.624 | INFO     | src.fh.training_framework:run_training:532 - Experiment: CNN_SE_Skip_Experiment_2_heart_big_train, Epoch: 10/10, Train Loss: 1.6904, Test Loss: 1.8870, Abs Loss Diff: 0.1966, Rel Loss Diff (%): 10.42, Accuracy: 0.2600, Recall: 0.2600, Precision: 0.0676, F1: 0.1073, Duration: 0.13s, Current LR: 0.001000
2025-06-22 14:24:21.637 | INFO     | src.fh.training_framework:run_training:658 - Training voor model CNN_SE_Skip_Experiment_2_heart_big_train voltooid. Totale duur: 0:00:01.447050
2025-06-22 14:24:21.639 | INFO     | __main__:run_experiment:235 - CNN_SE_Skip model training voltooid voor heart_big_train.parq.
2025-06-22 14:24:21.639 | INFO     | __main__:run_experiment:241 - 
--- Start Training GRU Model (Hyperparameter Tuning) ---
2025-06-22 14:24:21.639 | INFO     | __main__:run_experiment:252 - 
--- Uitvoeren GRU Experiment 1/2 voor heart_big_train.parq ---
2025-06-22 14:24:21.639 | INFO     | src.fh.training_framework:run_training:331 - Starting training run for model: gru_model, experiment: GRU_Experiment_1_heart_big_train
2025-06-22 14:24:21.640 | INFO     | src.fh.model_selector:get_model:26 - Model selector: aanmaken van model 'gru_model' met config: {'input_size': 187, 'hidden_size': 64, 'num_layers': 1, 'output_size': 5, 'dropout': 0.0}
2025-06-22 14:24:21.640 | INFO     | src.fh.models.gru_model:__init__:20 - Initializing GRUModel...
2025-06-22 14:24:21.642 | INFO     | src.fh.models.gru_model:__init__:64 - GRUModel initialized. Total parameters: 48901
2025-06-22 14:24:21.643 | INFO     | src.fh.training_framework:run_training:418 - Model 'gru_model' van experiment 'GRU_Experiment_1_heart_big_train' geïnitialiseerd en verplaatst naar cpu.
2025-06-22 14:24:21.644 | INFO     | src.fh.training_framework:run_training:475 - Scheduler is uitgeschakeld in configuratie.
2025-06-22 14:24:21.644 | INFO     | src.fh.training_framework:run_training:506 - Trainingsdataset: heart_big_train.parq, Samples: 100, Batch grootte: 32, Aantal batches: 4.
2025-06-22 14:24:21.644 | INFO     | src.fh.training_framework:run_training:507 - Testdataset: heart_big_test.parq, Samples: 50, Batch grootte: 32, Aantal batches: 2.
2025-06-22 14:24:21.668 | INFO     | src.fh.training_framework:run_training:532 - Experiment: GRU_Experiment_1_heart_big_train, Epoch:  1/10, Train Loss: 1.6178, Test Loss: 1.6165, Abs Loss Diff: 0.0014, Rel Loss Diff (%): 0.09, Accuracy: 0.1400, Recall: 0.1400, Precision: 0.2298, F1: 0.1481, Duration: 0.02s, Current LR: 0.001000
2025-06-22 14:24:21.676 | SUCCESS  | src.fh.training_framework:run_training:635 - Saved best model for GRU_Experiment_1_heart_big_train to /home/azureuser/mads-exam-fharren/src/fh/../../logs/20250622-142415_run_logs/20250622-142415_GRU_Experiment_1_heart_big_train_best_model.pth (Rel Loss Diff (%): 0.09, Recall: 0.1400, Accuracy: 0.1400).
2025-06-22 14:24:21.698 | INFO     | src.fh.training_framework:run_training:532 - Experiment: GRU_Experiment_1_heart_big_train, Epoch:  2/10, Train Loss: 1.4503, Test Loss: 1.6188, Abs Loss Diff: 0.1686, Rel Loss Diff (%): 10.41, Accuracy: 0.1600, Recall: 0.1600, Precision: 0.2384, F1: 0.1685, Duration: 0.02s, Current LR: 0.001000
2025-06-22 14:24:21.731 | INFO     | src.fh.training_framework:run_training:532 - Experiment: GRU_Experiment_1_heart_big_train, Epoch:  3/10, Train Loss: 1.3668, Test Loss: 1.6208, Abs Loss Diff: 0.2539, Rel Loss Diff (%): 15.67, Accuracy: 0.1600, Recall: 0.1600, Precision: 0.2187, F1: 0.1677, Duration: 0.02s, Current LR: 0.001000
2025-06-22 14:24:21.764 | INFO     | src.fh.training_framework:run_training:532 - Experiment: GRU_Experiment_1_heart_big_train, Epoch:  4/10, Train Loss: 1.2515, Test Loss: 1.6242, Abs Loss Diff: 0.3727, Rel Loss Diff (%): 22.95, Accuracy: 0.1600, Recall: 0.1600, Precision: 0.2177, F1: 0.1672, Duration: 0.02s, Current LR: 0.001000
2025-06-22 14:24:21.798 | INFO     | src.fh.training_framework:run_training:532 - Experiment: GRU_Experiment_1_heart_big_train, Epoch:  5/10, Train Loss: 1.1678, Test Loss: 1.6273, Abs Loss Diff: 0.4595, Rel Loss Diff (%): 28.24, Accuracy: 0.1400, Recall: 0.1400, Precision: 0.1527, F1: 0.1366, Duration: 0.02s, Current LR: 0.001000
2025-06-22 14:24:21.836 | INFO     | src.fh.training_framework:run_training:532 - Experiment: GRU_Experiment_1_heart_big_train, Epoch:  6/10, Train Loss: 1.0958, Test Loss: 1.6303, Abs Loss Diff: 0.5345, Rel Loss Diff (%): 32.79, Accuracy: 0.1400, Recall: 0.1400, Precision: 0.1527, F1: 0.1366, Duration: 0.03s, Current LR: 0.001000
2025-06-22 14:24:21.871 | INFO     | src.fh.training_framework:run_training:532 - Experiment: GRU_Experiment_1_heart_big_train, Epoch:  7/10, Train Loss: 1.0092, Test Loss: 1.6332, Abs Loss Diff: 0.6241, Rel Loss Diff (%): 38.21, Accuracy: 0.1200, Recall: 0.1200, Precision: 0.1175, F1: 0.1107, Duration: 0.02s, Current LR: 0.001000
2025-06-22 14:24:21.905 | INFO     | src.fh.training_framework:run_training:532 - Experiment: GRU_Experiment_1_heart_big_train, Epoch:  8/10, Train Loss: 0.9314, Test Loss: 1.6366, Abs Loss Diff: 0.7052, Rel Loss Diff (%): 43.09, Accuracy: 0.1200, Recall: 0.1200, Precision: 0.1194, F1: 0.1119, Duration: 0.02s, Current LR: 0.001000
2025-06-22 14:24:21.943 | INFO     | src.fh.training_framework:run_training:532 - Experiment: GRU_Experiment_1_heart_big_train, Epoch:  9/10, Train Loss: 0.8845, Test Loss: 1.6406, Abs Loss Diff: 0.7561, Rel Loss Diff (%): 46.09, Accuracy: 0.1000, Recall: 0.1000, Precision: 0.1081, F1: 0.0979, Duration: 0.02s, Current LR: 0.001000
2025-06-22 14:24:21.976 | INFO     | src.fh.training_framework:run_training:532 - Experiment: GRU_Experiment_1_heart_big_train, Epoch: 10/10, Train Loss: 0.8181, Test Loss: 1.6463, Abs Loss Diff: 0.8282, Rel Loss Diff (%): 50.31, Accuracy: 0.1000, Recall: 0.1000, Precision: 0.1081, F1: 0.0979, Duration: 0.02s, Current LR: 0.001000
2025-06-22 14:24:21.988 | INFO     | src.fh.training_framework:run_training:658 - Training voor model GRU_Experiment_1_heart_big_train voltooid. Totale duur: 0:00:00.348364
2025-06-22 14:24:21.989 | INFO     | __main__:run_experiment:252 - 
--- Uitvoeren GRU Experiment 2/2 voor heart_big_train.parq ---
2025-06-22 14:24:21.990 | INFO     | src.fh.training_framework:run_training:331 - Starting training run for model: gru_model, experiment: GRU_Experiment_2_heart_big_train
2025-06-22 14:24:21.990 | INFO     | src.fh.model_selector:get_model:26 - Model selector: aanmaken van model 'gru_model' met config: {'input_size': 187, 'hidden_size': 128, 'num_layers': 2, 'output_size': 5, 'dropout': 0.2}
2025-06-22 14:24:21.990 | INFO     | src.fh.models.gru_model:__init__:20 - Initializing GRUModel...
2025-06-22 14:24:21.994 | INFO     | src.fh.models.gru_model:__init__:64 - GRUModel initialized. Total parameters: 221445
2025-06-22 14:24:21.995 | INFO     | src.fh.training_framework:run_training:418 - Model 'gru_model' van experiment 'GRU_Experiment_2_heart_big_train' geïnitialiseerd en verplaatst naar cpu.
2025-06-22 14:24:21.995 | INFO     | src.fh.training_framework:run_training:475 - Scheduler is uitgeschakeld in configuratie.
2025-06-22 14:24:21.996 | INFO     | src.fh.training_framework:run_training:506 - Trainingsdataset: heart_big_train.parq, Samples: 100, Batch grootte: 32, Aantal batches: 4.
2025-06-22 14:24:21.996 | INFO     | src.fh.training_framework:run_training:507 - Testdataset: heart_big_test.parq, Samples: 50, Batch grootte: 32, Aantal batches: 2.
2025-06-22 14:24:22.028 | INFO     | src.fh.training_framework:run_training:532 - Experiment: GRU_Experiment_2_heart_big_train, Epoch:  1/10, Train Loss: 1.5976, Test Loss: 1.6333, Abs Loss Diff: 0.0357, Rel Loss Diff (%): 2.18, Accuracy: 0.1800, Recall: 0.1800, Precision: 0.1109, F1: 0.1214, Duration: 0.03s, Current LR: 0.001000
2025-06-22 14:24:22.067 | INFO     | src.fh.training_framework:run_training:532 - Experiment: GRU_Experiment_2_heart_big_train, Epoch:  2/10, Train Loss: 1.4994, Test Loss: 1.6356, Abs Loss Diff: 0.1362, Rel Loss Diff (%): 8.33, Accuracy: 0.1400, Recall: 0.1400, Precision: 0.0830, F1: 0.0955, Duration: 0.03s, Current LR: 0.001000
2025-06-22 14:24:22.108 | INFO     | src.fh.training_framework:run_training:532 - Experiment: GRU_Experiment_2_heart_big_train, Epoch:  3/10, Train Loss: 1.4247, Test Loss: 1.6402, Abs Loss Diff: 0.2155, Rel Loss Diff (%): 13.14, Accuracy: 0.1400, Recall: 0.1400, Precision: 0.1017, F1: 0.1146, Duration: 0.03s, Current LR: 0.001000
2025-06-22 14:24:22.150 | INFO     | src.fh.training_framework:run_training:532 - Experiment: GRU_Experiment_2_heart_big_train, Epoch:  4/10, Train Loss: 1.3580, Test Loss: 1.6448, Abs Loss Diff: 0.2868, Rel Loss Diff (%): 17.43, Accuracy: 0.1400, Recall: 0.1400, Precision: 0.1044, F1: 0.1167, Duration: 0.03s, Current LR: 0.001000
2025-06-22 14:24:22.199 | INFO     | src.fh.training_framework:run_training:532 - Experiment: GRU_Experiment_2_heart_big_train, Epoch:  5/10, Train Loss: 1.2654, Test Loss: 1.6510, Abs Loss Diff: 0.3856, Rel Loss Diff (%): 23.35, Accuracy: 0.1600, Recall: 0.1600, Precision: 0.1156, F1: 0.1317, Duration: 0.04s, Current LR: 0.001000
2025-06-22 14:24:22.247 | INFO     | src.fh.training_framework:run_training:532 - Experiment: GRU_Experiment_2_heart_big_train, Epoch:  6/10, Train Loss: 1.1095, Test Loss: 1.6586, Abs Loss Diff: 0.5491, Rel Loss Diff (%): 33.11, Accuracy: 0.2000, Recall: 0.2000, Precision: 0.2522, F1: 0.1848, Duration: 0.04s, Current LR: 0.001000
2025-06-22 14:24:22.293 | INFO     | src.fh.training_framework:run_training:532 - Experiment: GRU_Experiment_2_heart_big_train, Epoch:  7/10, Train Loss: 1.0123, Test Loss: 1.6656, Abs Loss Diff: 0.6533, Rel Loss Diff (%): 39.22, Accuracy: 0.2000, Recall: 0.2000, Precision: 0.2166, F1: 0.1927, Duration: 0.03s, Current LR: 0.001000
2025-06-22 14:24:22.334 | INFO     | src.fh.training_framework:run_training:532 - Experiment: GRU_Experiment_2_heart_big_train, Epoch:  8/10, Train Loss: 0.8606, Test Loss: 1.6754, Abs Loss Diff: 0.8148, Rel Loss Diff (%): 48.63, Accuracy: 0.2000, Recall: 0.2000, Precision: 0.2089, F1: 0.1866, Duration: 0.03s, Current LR: 0.001000
2025-06-22 14:24:22.377 | INFO     | src.fh.training_framework:run_training:532 - Experiment: GRU_Experiment_2_heart_big_train, Epoch:  9/10, Train Loss: 0.7569, Test Loss: 1.6870, Abs Loss Diff: 0.9302, Rel Loss Diff (%): 55.14, Accuracy: 0.2000, Recall: 0.2000, Precision: 0.2106, F1: 0.1880, Duration: 0.03s, Current LR: 0.001000
2025-06-22 14:24:22.418 | INFO     | src.fh.training_framework:run_training:532 - Experiment: GRU_Experiment_2_heart_big_train, Epoch: 10/10, Train Loss: 0.6420, Test Loss: 1.7077, Abs Loss Diff: 1.0657, Rel Loss Diff (%): 62.41, Accuracy: 0.2000, Recall: 0.2000, Precision: 0.2001, F1: 0.1885, Duration: 0.03s, Current LR: 0.001000
2025-06-22 14:24:22.430 | INFO     | src.fh.training_framework:run_training:658 - Training voor model GRU_Experiment_2_heart_big_train voltooid. Totale duur: 0:00:00.440481
2025-06-22 14:24:22.432 | INFO     | __main__:run_experiment:262 - GRU model training voltooid voor heart_big_train.parq.
2025-06-22 14:24:22.432 | INFO     | __main__:run_experiment:84 - 
--- Start experimenten voor trainingsbestand: heart_big_train_synthetic.parquet (2/2) ---
2025-06-22 14:24:22.432 | INFO     | __main__:run_experiment:91 - Vastgestelde feature count: 187, class count: 5
2025-06-22 14:24:22.432 | INFO     | __main__:run_experiment:98 - Laden van data van /home/azureuser/mads-exam-fharren/src/fh/../../data/heart_big_train_synthetic.parquet en /home/azureuser/mads-exam-fharren/src/fh/../../data/heart_big_test.parq...
2025-06-22 14:24:22.433 | INFO     | src.fh.data_loader:get_data_loaders:93 - Start aanmaken data loaders. Training bestand: /home/azureuser/mads-exam-fharren/src/fh/../../data/heart_big_train_synthetic.parquet, Test bestand: /home/azureuser/mads-exam-fharren/src/fh/../../data/heart_big_test.parq
2025-06-22 14:24:22.448 | INFO     | src.fh.data_loader:get_data_loaders:98 - Succesvol trainingsbestand '/home/azureuser/mads-exam-fharren/src/fh/../../data/heart_big_train_synthetic.parquet' geladen (120 rijen).
2025-06-22 14:24:22.464 | INFO     | src.fh.data_loader:get_data_loaders:109 - Succesvol testbestand '/home/azureuser/mads-exam-fharren/src/fh/../../data/heart_big_test.parq' geladen (50 rijen).
2025-06-22 14:24:22.467 | INFO     | src.fh.data_loader:get_data_loaders:132 - StandardScaler getraind op trainingsdata.
2025-06-22 14:24:22.470 | INFO     | src.fh.data_loader:get_data_loaders:141 - Datasets succesvol aangemaakt.
2025-06-22 14:24:22.470 | INFO     | src.fh.data_loader:get_data_loaders:149 - DataLoaders succesvol aangemaakt.
2025-06-22 14:24:22.471 | SUCCESS  | __main__:run_experiment:108 - Data loaders succesvol aangemaakt.
2025-06-22 14:24:22.473 | INFO     | __main__:run_experiment:118 - Berekende klasse-gewichten voor heart_big_train_synthetic.parquet: [0.9599999785423279, 1.1428571939468384, 1.1428571939468384, 0.800000011920929, 1.04347825050354]
2025-06-22 14:24:22.473 | INFO     | __main__:run_experiment:132 - Initialiseren van de Trainer...
2025-06-22 14:24:22.482 | INFO     | src.fh.training_framework:__init__:99 - Initializing Trainer. Using device: cpu
2025-06-22 14:24:22.483 | INFO     | src.fh.training_framework:__init__:100 - Logging and outputs for this run will be stored in: /home/azureuser/mads-exam-fharren/src/fh/../../logs/20250622-142415_run_logs
2025-06-22 14:24:22.484 | INFO     | __main__:run_experiment:139 - Trainer succesvol geïnitialiseerd.
2025-06-22 14:24:22.484 | INFO     | __main__:run_experiment:142 - 
--- Start Training Baseline Model ---
2025-06-22 14:24:22.484 | INFO     | src.fh.training_framework:run_training:331 - Starting training run for model: baseline_model, experiment: Baseline_heart_big_train_synthetic
2025-06-22 14:24:22.485 | INFO     | src.fh.model_selector:get_model:26 - Model selector: aanmaken van model 'baseline_model' met config: {'input_size': 187, 'output_size': 5}
2025-06-22 14:24:22.485 | INFO     | src.fh.models.baseline_model:__init__:19 - Initializing BaselineModel...
2025-06-22 14:24:22.487 | INFO     | src.fh.models.baseline_model:__init__:38 - BaselineModel initialized with input_size=187, hidden_size=64, output_size=5.
2025-06-22 14:24:22.488 | INFO     | src.fh.training_framework:run_training:418 - Model 'baseline_model' van experiment 'Baseline_heart_big_train_synthetic' geïnitialiseerd en verplaatst naar cpu.
2025-06-22 14:24:22.490 | INFO     | src.fh.training_framework:run_training:475 - Scheduler is uitgeschakeld in configuratie.
2025-06-22 14:24:22.490 | INFO     | src.fh.training_framework:run_training:506 - Trainingsdataset: heart_big_train_synthetic.parquet, Samples: 120, Batch grootte: 32, Aantal batches: 4.
2025-06-22 14:24:22.491 | INFO     | src.fh.training_framework:run_training:507 - Testdataset: heart_big_test.parq, Samples: 50, Batch grootte: 32, Aantal batches: 2.
2025-06-22 14:24:22.523 | INFO     | src.fh.training_framework:run_training:532 - Experiment: Baseline_heart_big_train_synthetic, Epoch:  1/10, Train Loss: 1.6247, Test Loss: 1.6237, Abs Loss Diff: 0.0010, Rel Loss Diff (%): 0.06, Accuracy: 0.1600, Recall: 0.1600, Precision: 0.2111, F1: 0.1544, Duration: 0.03s, Current LR: 0.001000
2025-06-22 14:24:22.531 | SUCCESS  | src.fh.training_framework:run_training:635 - Saved best model for Baseline_heart_big_train_synthetic to /home/azureuser/mads-exam-fharren/src/fh/../../logs/20250622-142415_run_logs/20250622-142415_Baseline_heart_big_train_synthetic_best_model.pth (Rel Loss Diff (%): 0.06, Recall: 0.1600, Accuracy: 0.1600).
2025-06-22 14:24:22.560 | INFO     | src.fh.training_framework:run_training:532 - Experiment: Baseline_heart_big_train_synthetic, Epoch:  2/10, Train Loss: 1.5092, Test Loss: 1.6148, Abs Loss Diff: 0.1057, Rel Loss Diff (%): 6.54, Accuracy: 0.2200, Recall: 0.2200, Precision: 0.2905, F1: 0.2203, Duration: 0.03s, Current LR: 0.001000
2025-06-22 14:24:22.603 | INFO     | src.fh.training_framework:run_training:532 - Experiment: Baseline_heart_big_train_synthetic, Epoch:  3/10, Train Loss: 1.4199, Test Loss: 1.6074, Abs Loss Diff: 0.1875, Rel Loss Diff (%): 11.66, Accuracy: 0.2400, Recall: 0.2400, Precision: 0.2870, F1: 0.2400, Duration: 0.03s, Current LR: 0.001000
2025-06-22 14:24:22.645 | INFO     | src.fh.training_framework:run_training:532 - Experiment: Baseline_heart_big_train_synthetic, Epoch:  4/10, Train Loss: 1.3404, Test Loss: 1.6025, Abs Loss Diff: 0.2621, Rel Loss Diff (%): 16.35, Accuracy: 0.2400, Recall: 0.2400, Precision: 0.2707, F1: 0.2288, Duration: 0.03s, Current LR: 0.001000
2025-06-22 14:24:22.688 | INFO     | src.fh.training_framework:run_training:532 - Experiment: Baseline_heart_big_train_synthetic, Epoch:  5/10, Train Loss: 1.2626, Test Loss: 1.5979, Abs Loss Diff: 0.3353, Rel Loss Diff (%): 20.98, Accuracy: 0.2400, Recall: 0.2400, Precision: 0.2792, F1: 0.2198, Duration: 0.03s, Current LR: 0.001000
2025-06-22 14:24:22.728 | INFO     | src.fh.training_framework:run_training:532 - Experiment: Baseline_heart_big_train_synthetic, Epoch:  6/10, Train Loss: 1.1882, Test Loss: 1.5944, Abs Loss Diff: 0.4061, Rel Loss Diff (%): 25.47, Accuracy: 0.2400, Recall: 0.2400, Precision: 0.2818, F1: 0.2437, Duration: 0.03s, Current LR: 0.001000
2025-06-22 14:24:22.767 | INFO     | src.fh.training_framework:run_training:532 - Experiment: Baseline_heart_big_train_synthetic, Epoch:  7/10, Train Loss: 1.1152, Test Loss: 1.5908, Abs Loss Diff: 0.4757, Rel Loss Diff (%): 29.90, Accuracy: 0.2000, Recall: 0.2000, Precision: 0.2516, F1: 0.2116, Duration: 0.03s, Current LR: 0.001000
2025-06-22 14:24:22.808 | INFO     | src.fh.training_framework:run_training:532 - Experiment: Baseline_heart_big_train_synthetic, Epoch:  8/10, Train Loss: 1.0446, Test Loss: 1.5868, Abs Loss Diff: 0.5422, Rel Loss Diff (%): 34.17, Accuracy: 0.2200, Recall: 0.2200, Precision: 0.2547, F1: 0.2265, Duration: 0.03s, Current LR: 0.001000
2025-06-22 14:24:22.848 | INFO     | src.fh.training_framework:run_training:532 - Experiment: Baseline_heart_big_train_synthetic, Epoch:  9/10, Train Loss: 0.9720, Test Loss: 1.5843, Abs Loss Diff: 0.6123, Rel Loss Diff (%): 38.65, Accuracy: 0.2200, Recall: 0.2200, Precision: 0.2545, F1: 0.2245, Duration: 0.03s, Current LR: 0.001000
2025-06-22 14:24:22.889 | INFO     | src.fh.training_framework:run_training:532 - Experiment: Baseline_heart_big_train_synthetic, Epoch: 10/10, Train Loss: 0.9002, Test Loss: 1.5825, Abs Loss Diff: 0.6823, Rel Loss Diff (%): 43.12, Accuracy: 0.2200, Recall: 0.2200, Precision: 0.2545, F1: 0.2245, Duration: 0.03s, Current LR: 0.001000
2025-06-22 14:24:22.902 | INFO     | src.fh.training_framework:run_training:658 - Training voor model Baseline_heart_big_train_synthetic voltooid. Totale duur: 0:00:00.417133
2025-06-22 14:24:22.904 | INFO     | __main__:run_experiment:156 - Baseline model training voltooid voor heart_big_train_synthetic.parquet.
2025-06-22 14:24:22.905 | INFO     | __main__:run_experiment:159 - 
--- Start Training CNN Model (Hyperparameter Tuning) ---
2025-06-22 14:24:22.905 | INFO     | __main__:run_experiment:171 - 
--- Uitvoeren CNN Experiment 1/2 voor heart_big_train_synthetic.parquet ---
2025-06-22 14:24:22.905 | INFO     | __main__:run_experiment:184 - Berekende CNN input_size_after_flattening voor lineaire laag: 1472
2025-06-22 14:24:22.905 | INFO     | src.fh.training_framework:run_training:331 - Starting training run for model: cnn_model, experiment: CNN_Experiment_1_heart_big_train_synthetic
2025-06-22 14:24:22.906 | INFO     | src.fh.model_selector:get_model:26 - Model selector: aanmaken van model 'cnn_model' met config: {'input_channels': 1, 'hidden_size': 32, 'num_layers': 2, 'output_size': 5, 'conv_filters': [16, 32], 'kernel_size': 3, 'use_dropout': False, 'dropout_rate': 0.5, 'num_features': 187, 'input_size_after_flattening': 1472}
2025-06-22 14:24:22.906 | INFO     | src.fh.models.cnn_model:__init__:21 - Initializing CNNModel...
2025-06-22 14:24:22.909 | INFO     | src.fh.models.cnn_model:__init__:77 - CNNModel initialized. Total parameters: 48933
2025-06-22 14:24:22.910 | INFO     | src.fh.training_framework:run_training:418 - Model 'cnn_model' van experiment 'CNN_Experiment_1_heart_big_train_synthetic' geïnitialiseerd en verplaatst naar cpu.
2025-06-22 14:24:22.911 | INFO     | src.fh.training_framework:run_training:475 - Scheduler is uitgeschakeld in configuratie.
2025-06-22 14:24:22.911 | INFO     | src.fh.training_framework:run_training:506 - Trainingsdataset: heart_big_train_synthetic.parquet, Samples: 120, Batch grootte: 32, Aantal batches: 4.
2025-06-22 14:24:22.912 | INFO     | src.fh.training_framework:run_training:507 - Testdataset: heart_big_test.parq, Samples: 50, Batch grootte: 32, Aantal batches: 2.
2025-06-22 14:24:22.952 | INFO     | src.fh.training_framework:run_training:532 - Experiment: CNN_Experiment_1_heart_big_train_synthetic, Epoch:  1/10, Train Loss: 1.6240, Test Loss: 1.6172, Abs Loss Diff: 0.0068, Rel Loss Diff (%): 0.42, Accuracy: 0.1600, Recall: 0.1600, Precision: 0.0926, F1: 0.0828, Duration: 0.04s, Current LR: 0.001000
2025-06-22 14:24:22.961 | SUCCESS  | src.fh.training_framework:run_training:635 - Saved best model for CNN_Experiment_1_heart_big_train_synthetic to /home/azureuser/mads-exam-fharren/src/fh/../../logs/20250622-142415_run_logs/20250622-142415_CNN_Experiment_1_heart_big_train_synthetic_best_model.pth (Rel Loss Diff (%): 0.42, Recall: 0.1600, Accuracy: 0.1600).
2025-06-22 14:24:22.996 | INFO     | src.fh.training_framework:run_training:532 - Experiment: CNN_Experiment_1_heart_big_train_synthetic, Epoch:  2/10, Train Loss: 1.5764, Test Loss: 1.6147, Abs Loss Diff: 0.0382, Rel Loss Diff (%): 2.37, Accuracy: 0.2400, Recall: 0.2400, Precision: 0.1841, F1: 0.1996, Duration: 0.03s, Current LR: 0.001000
2025-06-22 14:24:23.044 | INFO     | src.fh.training_framework:run_training:532 - Experiment: CNN_Experiment_1_heart_big_train_synthetic, Epoch:  3/10, Train Loss: 1.5226, Test Loss: 1.6134, Abs Loss Diff: 0.0908, Rel Loss Diff (%): 5.63, Accuracy: 0.1400, Recall: 0.1400, Precision: 0.1080, F1: 0.0687, Duration: 0.04s, Current LR: 0.001000
2025-06-22 14:24:23.111 | INFO     | src.fh.training_framework:run_training:532 - Experiment: CNN_Experiment_1_heart_big_train_synthetic, Epoch:  4/10, Train Loss: 1.4880, Test Loss: 1.6067, Abs Loss Diff: 0.1188, Rel Loss Diff (%): 7.39, Accuracy: 0.2400, Recall: 0.2400, Precision: 0.2470, F1: 0.1882, Duration: 0.05s, Current LR: 0.001000
2025-06-22 14:24:23.161 | INFO     | src.fh.training_framework:run_training:532 - Experiment: CNN_Experiment_1_heart_big_train_synthetic, Epoch:  5/10, Train Loss: 1.4357, Test Loss: 1.6374, Abs Loss Diff: 0.2017, Rel Loss Diff (%): 12.32, Accuracy: 0.2800, Recall: 0.2800, Precision: 0.2111, F1: 0.2136, Duration: 0.04s, Current LR: 0.001000
2025-06-22 14:24:23.211 | INFO     | src.fh.training_framework:run_training:532 - Experiment: CNN_Experiment_1_heart_big_train_synthetic, Epoch:  6/10, Train Loss: 1.3675, Test Loss: 1.6100, Abs Loss Diff: 0.2425, Rel Loss Diff (%): 15.06, Accuracy: 0.2000, Recall: 0.2000, Precision: 0.1566, F1: 0.1698, Duration: 0.04s, Current LR: 0.001000
2025-06-22 14:24:23.261 | INFO     | src.fh.training_framework:run_training:532 - Experiment: CNN_Experiment_1_heart_big_train_synthetic, Epoch:  7/10, Train Loss: 1.2993, Test Loss: 1.6057, Abs Loss Diff: 0.3064, Rel Loss Diff (%): 19.08, Accuracy: 0.2800, Recall: 0.2800, Precision: 0.2912, F1: 0.2285, Duration: 0.04s, Current LR: 0.001000
2025-06-22 14:24:23.311 | INFO     | src.fh.training_framework:run_training:532 - Experiment: CNN_Experiment_1_heart_big_train_synthetic, Epoch:  8/10, Train Loss: 1.2164, Test Loss: 1.6374, Abs Loss Diff: 0.4210, Rel Loss Diff (%): 25.71, Accuracy: 0.2800, Recall: 0.2800, Precision: 0.3122, F1: 0.2508, Duration: 0.04s, Current LR: 0.001000
2025-06-22 14:24:23.370 | INFO     | src.fh.training_framework:run_training:532 - Experiment: CNN_Experiment_1_heart_big_train_synthetic, Epoch:  9/10, Train Loss: 1.1164, Test Loss: 1.6084, Abs Loss Diff: 0.4920, Rel Loss Diff (%): 30.59, Accuracy: 0.2000, Recall: 0.2000, Precision: 0.2483, F1: 0.2091, Duration: 0.05s, Current LR: 0.001000
2025-06-22 14:24:23.421 | INFO     | src.fh.training_framework:run_training:532 - Experiment: CNN_Experiment_1_heart_big_train_synthetic, Epoch: 10/10, Train Loss: 1.0175, Test Loss: 1.6513, Abs Loss Diff: 0.6338, Rel Loss Diff (%): 38.38, Accuracy: 0.2000, Recall: 0.2000, Precision: 0.1667, F1: 0.1809, Duration: 0.04s, Current LR: 0.001000
2025-06-22 14:24:23.435 | INFO     | src.fh.training_framework:run_training:658 - Training voor model CNN_Experiment_1_heart_big_train_synthetic voltooid. Totale duur: 0:00:00.529568
2025-06-22 14:24:23.436 | INFO     | __main__:run_experiment:171 - 
--- Uitvoeren CNN Experiment 2/2 voor heart_big_train_synthetic.parquet ---
2025-06-22 14:24:23.437 | INFO     | __main__:run_experiment:184 - Berekende CNN input_size_after_flattening voor lineaire laag: 2944
2025-06-22 14:24:23.437 | INFO     | src.fh.training_framework:run_training:331 - Starting training run for model: cnn_model, experiment: CNN_Experiment_2_heart_big_train_synthetic
2025-06-22 14:24:23.437 | INFO     | src.fh.model_selector:get_model:26 - Model selector: aanmaken van model 'cnn_model' met config: {'input_channels': 1, 'hidden_size': 64, 'num_layers': 2, 'output_size': 5, 'conv_filters': [32, 64], 'kernel_size': 5, 'use_dropout': True, 'dropout_rate': 0.3, 'num_features': 187, 'input_size_after_flattening': 2944}
2025-06-22 14:24:23.437 | INFO     | src.fh.models.cnn_model:__init__:21 - Initializing CNNModel...
2025-06-22 14:24:23.441 | INFO     | src.fh.models.cnn_model:__init__:77 - CNNModel initialized. Total parameters: 199301
2025-06-22 14:24:23.442 | INFO     | src.fh.training_framework:run_training:418 - Model 'cnn_model' van experiment 'CNN_Experiment_2_heart_big_train_synthetic' geïnitialiseerd en verplaatst naar cpu.
2025-06-22 14:24:23.443 | INFO     | src.fh.training_framework:run_training:475 - Scheduler is uitgeschakeld in configuratie.
2025-06-22 14:24:23.443 | INFO     | src.fh.training_framework:run_training:506 - Trainingsdataset: heart_big_train_synthetic.parquet, Samples: 120, Batch grootte: 32, Aantal batches: 4.
2025-06-22 14:24:23.444 | INFO     | src.fh.training_framework:run_training:507 - Testdataset: heart_big_test.parq, Samples: 50, Batch grootte: 32, Aantal batches: 2.
2025-06-22 14:24:23.501 | INFO     | src.fh.training_framework:run_training:532 - Experiment: CNN_Experiment_2_heart_big_train_synthetic, Epoch:  1/10, Train Loss: 1.6551, Test Loss: 1.6121, Abs Loss Diff: 0.0430, Rel Loss Diff (%): 2.67, Accuracy: 0.2000, Recall: 0.2000, Precision: 0.0408, F1: 0.0678, Duration: 0.06s, Current LR: 0.001000
2025-06-22 14:24:23.511 | SUCCESS  | src.fh.training_framework:run_training:635 - Saved best model for CNN_Experiment_2_heart_big_train_synthetic to /home/azureuser/mads-exam-fharren/src/fh/../../logs/20250622-142415_run_logs/20250622-142415_CNN_Experiment_2_heart_big_train_synthetic_best_model.pth (Rel Loss Diff (%): 2.67, Recall: 0.2000, Accuracy: 0.2000).
2025-06-22 14:24:23.561 | INFO     | src.fh.training_framework:run_training:532 - Experiment: CNN_Experiment_2_heart_big_train_synthetic, Epoch:  2/10, Train Loss: 1.5916, Test Loss: 1.5906, Abs Loss Diff: 0.0009, Rel Loss Diff (%): 0.06, Accuracy: 0.2400, Recall: 0.2400, Precision: 0.0576, F1: 0.0929, Duration: 0.05s, Current LR: 0.001000
2025-06-22 14:24:23.576 | SUCCESS  | src.fh.training_framework:run_training:635 - Saved best model for CNN_Experiment_2_heart_big_train_synthetic to /home/azureuser/mads-exam-fharren/src/fh/../../logs/20250622-142415_run_logs/20250622-142415_CNN_Experiment_2_heart_big_train_synthetic_best_model.pth (Rel Loss Diff (%): 0.06, Recall: 0.2400, Accuracy: 0.2400).
2025-06-22 14:24:23.627 | INFO     | src.fh.training_framework:run_training:532 - Experiment: CNN_Experiment_2_heart_big_train_synthetic, Epoch:  3/10, Train Loss: 1.5555, Test Loss: 1.6052, Abs Loss Diff: 0.0497, Rel Loss Diff (%): 3.10, Accuracy: 0.2200, Recall: 0.2200, Precision: 0.1277, F1: 0.1520, Duration: 0.05s, Current LR: 0.001000
2025-06-22 14:24:23.688 | INFO     | src.fh.training_framework:run_training:532 - Experiment: CNN_Experiment_2_heart_big_train_synthetic, Epoch:  4/10, Train Loss: 1.5109, Test Loss: 1.6297, Abs Loss Diff: 0.1188, Rel Loss Diff (%): 7.29, Accuracy: 0.1800, Recall: 0.1800, Precision: 0.2218, F1: 0.1044, Duration: 0.05s, Current LR: 0.001000
2025-06-22 14:24:23.750 | INFO     | src.fh.training_framework:run_training:532 - Experiment: CNN_Experiment_2_heart_big_train_synthetic, Epoch:  5/10, Train Loss: 1.4546, Test Loss: 1.6300, Abs Loss Diff: 0.1753, Rel Loss Diff (%): 10.76, Accuracy: 0.2000, Recall: 0.2000, Precision: 0.2932, F1: 0.1135, Duration: 0.05s, Current LR: 0.001000
2025-06-22 14:24:23.819 | INFO     | src.fh.training_framework:run_training:532 - Experiment: CNN_Experiment_2_heart_big_train_synthetic, Epoch:  6/10, Train Loss: 1.3506, Test Loss: 1.6380, Abs Loss Diff: 0.2874, Rel Loss Diff (%): 17.55, Accuracy: 0.2000, Recall: 0.2000, Precision: 0.2094, F1: 0.1607, Duration: 0.05s, Current LR: 0.001000
2025-06-22 14:24:23.900 | INFO     | src.fh.training_framework:run_training:532 - Experiment: CNN_Experiment_2_heart_big_train_synthetic, Epoch:  7/10, Train Loss: 1.2834, Test Loss: 1.6442, Abs Loss Diff: 0.3609, Rel Loss Diff (%): 21.95, Accuracy: 0.2400, Recall: 0.2400, Precision: 0.4163, F1: 0.2005, Duration: 0.07s, Current LR: 0.001000
2025-06-22 14:24:23.968 | INFO     | src.fh.training_framework:run_training:532 - Experiment: CNN_Experiment_2_heart_big_train_synthetic, Epoch:  8/10, Train Loss: 1.2094, Test Loss: 1.6872, Abs Loss Diff: 0.4777, Rel Loss Diff (%): 28.32, Accuracy: 0.1400, Recall: 0.1400, Precision: 0.1669, F1: 0.1095, Duration: 0.05s, Current LR: 0.001000
2025-06-22 14:24:24.034 | INFO     | src.fh.training_framework:run_training:532 - Experiment: CNN_Experiment_2_heart_big_train_synthetic, Epoch:  9/10, Train Loss: 1.1369, Test Loss: 1.6785, Abs Loss Diff: 0.5416, Rel Loss Diff (%): 32.27, Accuracy: 0.2400, Recall: 0.2400, Precision: 0.2409, F1: 0.2067, Duration: 0.05s, Current LR: 0.001000
2025-06-22 14:24:24.107 | INFO     | src.fh.training_framework:run_training:532 - Experiment: CNN_Experiment_2_heart_big_train_synthetic, Epoch: 10/10, Train Loss: 1.0262, Test Loss: 1.7455, Abs Loss Diff: 0.7194, Rel Loss Diff (%): 41.21, Accuracy: 0.2200, Recall: 0.2200, Precision: 0.2211, F1: 0.1777, Duration: 0.06s, Current LR: 0.001000
2025-06-22 14:24:24.120 | INFO     | src.fh.training_framework:run_training:658 - Training voor model CNN_Experiment_2_heart_big_train_synthetic voltooid. Totale duur: 0:00:00.682370
2025-06-22 14:24:24.121 | INFO     | __main__:run_experiment:194 - CNN model training voltooid voor heart_big_train_synthetic.parquet.
2025-06-22 14:24:24.121 | INFO     | __main__:run_experiment:198 - 
--- Start Training CNN_SE_Skip Model (Hyperparameter Tuning) ---
2025-06-22 14:24:24.121 | INFO     | __main__:run_experiment:210 - 
--- Uitvoeren CNN_SE_Skip Experiment 1/2 voor heart_big_train_synthetic.parquet ---
2025-06-22 14:24:24.122 | INFO     | __main__:run_experiment:225 - Berekende CNN_SE_Skip input_size_after_flattening voor lineaire laag: 1472
2025-06-22 14:24:24.122 | INFO     | src.fh.training_framework:run_training:331 - Starting training run for model: cnn_se_skip_model, experiment: CNN_SE_Skip_Experiment_1_heart_big_train_synthetic
2025-06-22 14:24:24.122 | INFO     | src.fh.model_selector:get_model:26 - Model selector: aanmaken van model 'cnn_se_skip_model' met config: {'input_channels': 1, 'hidden_size': 64, 'num_layers': 2, 'output_size': 5, 'conv_filters_per_block': 32, 'kernel_size_per_block': 3, 'use_dropout': False, 'dropout_rate': 0.3, 'reduction_ratio': 8, 'num_features': 187, 'input_size_after_flattening': 1472}
2025-06-22 14:24:24.127 | INFO     | src.fh.training_framework:run_training:418 - Model 'cnn_se_skip_model' van experiment 'CNN_SE_Skip_Experiment_1_heart_big_train_synthetic' geïnitialiseerd en verplaatst naar cpu.
2025-06-22 14:24:24.128 | INFO     | src.fh.training_framework:run_training:475 - Scheduler is uitgeschakeld in configuratie.
2025-06-22 14:24:24.129 | INFO     | src.fh.training_framework:run_training:506 - Trainingsdataset: heart_big_train_synthetic.parquet, Samples: 120, Batch grootte: 32, Aantal batches: 4.
2025-06-22 14:24:24.129 | INFO     | src.fh.training_framework:run_training:507 - Testdataset: heart_big_test.parq, Samples: 50, Batch grootte: 32, Aantal batches: 2.
2025-06-22 14:24:24.200 | INFO     | src.fh.training_framework:run_training:532 - Experiment: CNN_SE_Skip_Experiment_1_heart_big_train_synthetic, Epoch:  1/10, Train Loss: 1.6359, Test Loss: 1.6048, Abs Loss Diff: 0.0311, Rel Loss Diff (%): 1.94, Accuracy: 0.2600, Recall: 0.2600, Precision: 0.0676, F1: 0.1073, Duration: 0.07s, Current LR: 0.001000
2025-06-22 14:24:24.210 | SUCCESS  | src.fh.training_framework:run_training:635 - Saved best model for CNN_SE_Skip_Experiment_1_heart_big_train_synthetic to /home/azureuser/mads-exam-fharren/src/fh/../../logs/20250622-142415_run_logs/20250622-142415_CNN_SE_Skip_Experiment_1_heart_big_train_synthetic_best_model.pth (Rel Loss Diff (%): 1.94, Recall: 0.2600, Accuracy: 0.2600).
2025-06-22 14:24:24.273 | INFO     | src.fh.training_framework:run_training:532 - Experiment: CNN_SE_Skip_Experiment_1_heart_big_train_synthetic, Epoch:  2/10, Train Loss: 1.5964, Test Loss: 1.6762, Abs Loss Diff: 0.0798, Rel Loss Diff (%): 4.76, Accuracy: 0.2000, Recall: 0.2000, Precision: 0.0400, F1: 0.0667, Duration: 0.06s, Current LR: 0.001000
2025-06-22 14:24:24.348 | INFO     | src.fh.training_framework:run_training:532 - Experiment: CNN_SE_Skip_Experiment_1_heart_big_train_synthetic, Epoch:  3/10, Train Loss: 1.6267, Test Loss: 1.6231, Abs Loss Diff: 0.0036, Rel Loss Diff (%): 0.22, Accuracy: 0.2200, Recall: 0.2200, Precision: 0.1029, F1: 0.1172, Duration: 0.06s, Current LR: 0.001000
2025-06-22 14:24:24.364 | SUCCESS  | src.fh.training_framework:run_training:635 - Saved best model for CNN_SE_Skip_Experiment_1_heart_big_train_synthetic to /home/azureuser/mads-exam-fharren/src/fh/../../logs/20250622-142415_run_logs/20250622-142415_CNN_SE_Skip_Experiment_1_heart_big_train_synthetic_best_model.pth (Rel Loss Diff (%): 0.22, Recall: 0.2200, Accuracy: 0.2200).
2025-06-22 14:24:24.426 | INFO     | src.fh.training_framework:run_training:532 - Experiment: CNN_SE_Skip_Experiment_1_heart_big_train_synthetic, Epoch:  4/10, Train Loss: 1.6014, Test Loss: 1.6073, Abs Loss Diff: 0.0059, Rel Loss Diff (%): 0.37, Accuracy: 0.2400, Recall: 0.2400, Precision: 0.0588, F1: 0.0944, Duration: 0.06s, Current LR: 0.001000
2025-06-22 14:24:24.497 | INFO     | src.fh.training_framework:run_training:532 - Experiment: CNN_SE_Skip_Experiment_1_heart_big_train_synthetic, Epoch:  5/10, Train Loss: 1.6064, Test Loss: 1.6306, Abs Loss Diff: 0.0242, Rel Loss Diff (%): 1.49, Accuracy: 0.1400, Recall: 0.1400, Precision: 0.0196, F1: 0.0344, Duration: 0.06s, Current LR: 0.001000
2025-06-22 14:24:24.572 | INFO     | src.fh.training_framework:run_training:532 - Experiment: CNN_SE_Skip_Experiment_1_heart_big_train_synthetic, Epoch:  6/10, Train Loss: 1.5975, Test Loss: 1.6106, Abs Loss Diff: 0.0131, Rel Loss Diff (%): 0.81, Accuracy: 0.2800, Recall: 0.2800, Precision: 0.1070, F1: 0.1447, Duration: 0.06s, Current LR: 0.001000
2025-06-22 14:24:24.647 | INFO     | src.fh.training_framework:run_training:532 - Experiment: CNN_SE_Skip_Experiment_1_heart_big_train_synthetic, Epoch:  7/10, Train Loss: 1.5719, Test Loss: 1.6205, Abs Loss Diff: 0.0487, Rel Loss Diff (%): 3.00, Accuracy: 0.2000, Recall: 0.2000, Precision: 0.0954, F1: 0.1124, Duration: 0.06s, Current LR: 0.001000
2025-06-22 14:24:24.723 | INFO     | src.fh.training_framework:run_training:532 - Experiment: CNN_SE_Skip_Experiment_1_heart_big_train_synthetic, Epoch:  8/10, Train Loss: 1.5464, Test Loss: 1.6168, Abs Loss Diff: 0.0704, Rel Loss Diff (%): 4.35, Accuracy: 0.2400, Recall: 0.2400, Precision: 0.1440, F1: 0.1578, Duration: 0.06s, Current LR: 0.001000
2025-06-22 14:24:24.810 | INFO     | src.fh.training_framework:run_training:532 - Experiment: CNN_SE_Skip_Experiment_1_heart_big_train_synthetic, Epoch:  9/10, Train Loss: 1.5168, Test Loss: 1.6015, Abs Loss Diff: 0.0847, Rel Loss Diff (%): 5.29, Accuracy: 0.2200, Recall: 0.2200, Precision: 0.1541, F1: 0.1785, Duration: 0.07s, Current LR: 0.001000
2025-06-22 14:24:24.886 | INFO     | src.fh.training_framework:run_training:532 - Experiment: CNN_SE_Skip_Experiment_1_heart_big_train_synthetic, Epoch: 10/10, Train Loss: 1.4984, Test Loss: 1.5999, Abs Loss Diff: 0.1016, Rel Loss Diff (%): 6.35, Accuracy: 0.2200, Recall: 0.2200, Precision: 0.1382, F1: 0.1633, Duration: 0.06s, Current LR: 0.001000
2025-06-22 14:24:24.900 | INFO     | src.fh.training_framework:run_training:658 - Training voor model CNN_SE_Skip_Experiment_1_heart_big_train_synthetic voltooid. Totale duur: 0:00:00.777510
2025-06-22 14:24:24.901 | INFO     | __main__:run_experiment:210 - 
--- Uitvoeren CNN_SE_Skip Experiment 2/2 voor heart_big_train_synthetic.parquet ---
2025-06-22 14:24:24.901 | INFO     | __main__:run_experiment:225 - Berekende CNN_SE_Skip input_size_after_flattening voor lineaire laag: 1472
2025-06-22 14:24:24.902 | INFO     | src.fh.training_framework:run_training:331 - Starting training run for model: cnn_se_skip_model, experiment: CNN_SE_Skip_Experiment_2_heart_big_train_synthetic
2025-06-22 14:24:24.902 | INFO     | src.fh.model_selector:get_model:26 - Model selector: aanmaken van model 'cnn_se_skip_model' met config: {'input_channels': 1, 'hidden_size': 128, 'num_layers': 3, 'output_size': 5, 'conv_filters_per_block': 64, 'kernel_size_per_block': 5, 'use_dropout': True, 'dropout_rate': 0.4, 'reduction_ratio': 16, 'num_features': 187, 'input_size_after_flattening': 1472}
2025-06-22 14:24:24.907 | INFO     | src.fh.training_framework:run_training:418 - Model 'cnn_se_skip_model' van experiment 'CNN_SE_Skip_Experiment_2_heart_big_train_synthetic' geïnitialiseerd en verplaatst naar cpu.
2025-06-22 14:24:24.908 | INFO     | src.fh.training_framework:run_training:475 - Scheduler is uitgeschakeld in configuratie.
2025-06-22 14:24:24.909 | INFO     | src.fh.training_framework:run_training:506 - Trainingsdataset: heart_big_train_synthetic.parquet, Samples: 120, Batch grootte: 32, Aantal batches: 4.
2025-06-22 14:24:24.909 | INFO     | src.fh.training_framework:run_training:507 - Testdataset: heart_big_test.parq, Samples: 50, Batch grootte: 32, Aantal batches: 2.
2025-06-22 14:24:25.062 | INFO     | src.fh.training_framework:run_training:532 - Experiment: CNN_SE_Skip_Experiment_2_heart_big_train_synthetic, Epoch:  1/10, Train Loss: 1.6881, Test Loss: 1.6246, Abs Loss Diff: 0.0636, Rel Loss Diff (%): 3.91, Accuracy: 0.1200, Recall: 0.1200, Precision: 0.0171, F1: 0.0300, Duration: 0.15s, Current LR: 0.001000
2025-06-22 14:24:25.073 | SUCCESS  | src.fh.training_framework:run_training:635 - Saved best model for CNN_SE_Skip_Experiment_2_heart_big_train_synthetic to /home/azureuser/mads-exam-fharren/src/fh/../../logs/20250622-142415_run_logs/20250622-142415_CNN_SE_Skip_Experiment_2_heart_big_train_synthetic_best_model.pth (Rel Loss Diff (%): 3.91, Recall: 0.1200, Accuracy: 0.1200).
2025-06-22 14:24:25.249 | INFO     | src.fh.training_framework:run_training:532 - Experiment: CNN_SE_Skip_Experiment_2_heart_big_train_synthetic, Epoch:  2/10, Train Loss: 1.6378, Test Loss: 1.6087, Abs Loss Diff: 0.0291, Rel Loss Diff (%): 1.81, Accuracy: 0.2400, Recall: 0.2400, Precision: 0.0576, F1: 0.0929, Duration: 0.18s, Current LR: 0.001000
2025-06-22 14:24:25.265 | SUCCESS  | src.fh.training_framework:run_training:635 - Saved best model for CNN_SE_Skip_Experiment_2_heart_big_train_synthetic to /home/azureuser/mads-exam-fharren/src/fh/../../logs/20250622-142415_run_logs/20250622-142415_CNN_SE_Skip_Experiment_2_heart_big_train_synthetic_best_model.pth (Rel Loss Diff (%): 1.81, Recall: 0.2400, Accuracy: 0.2400).
2025-06-22 14:24:25.409 | INFO     | src.fh.training_framework:run_training:532 - Experiment: CNN_SE_Skip_Experiment_2_heart_big_train_synthetic, Epoch:  3/10, Train Loss: 1.6686, Test Loss: 1.6426, Abs Loss Diff: 0.0260, Rel Loss Diff (%): 1.58, Accuracy: 0.1600, Recall: 0.1600, Precision: 0.0256, F1: 0.0441, Duration: 0.14s, Current LR: 0.001000
2025-06-22 14:24:25.425 | SUCCESS  | src.fh.training_framework:run_training:635 - Saved best model for CNN_SE_Skip_Experiment_2_heart_big_train_synthetic to /home/azureuser/mads-exam-fharren/src/fh/../../logs/20250622-142415_run_logs/20250622-142415_CNN_SE_Skip_Experiment_2_heart_big_train_synthetic_best_model.pth (Rel Loss Diff (%): 1.58, Recall: 0.1600, Accuracy: 0.1600).
2025-06-22 14:24:25.577 | INFO     | src.fh.training_framework:run_training:532 - Experiment: CNN_SE_Skip_Experiment_2_heart_big_train_synthetic, Epoch:  4/10, Train Loss: 1.6641, Test Loss: 1.6552, Abs Loss Diff: 0.0088, Rel Loss Diff (%): 0.53, Accuracy: 0.1600, Recall: 0.1600, Precision: 0.0256, F1: 0.0441, Duration: 0.15s, Current LR: 0.001000
2025-06-22 14:24:25.593 | SUCCESS  | src.fh.training_framework:run_training:635 - Saved best model for CNN_SE_Skip_Experiment_2_heart_big_train_synthetic to /home/azureuser/mads-exam-fharren/src/fh/../../logs/20250622-142415_run_logs/20250622-142415_CNN_SE_Skip_Experiment_2_heart_big_train_synthetic_best_model.pth (Rel Loss Diff (%): 0.53, Recall: 0.1600, Accuracy: 0.1600).
2025-06-22 14:24:25.735 | INFO     | src.fh.training_framework:run_training:532 - Experiment: CNN_SE_Skip_Experiment_2_heart_big_train_synthetic, Epoch:  5/10, Train Loss: 1.6751, Test Loss: 1.6182, Abs Loss Diff: 0.0569, Rel Loss Diff (%): 3.52, Accuracy: 0.2400, Recall: 0.2400, Precision: 0.0588, F1: 0.0944, Duration: 0.14s, Current LR: 0.001000
2025-06-22 14:24:25.888 | INFO     | src.fh.training_framework:run_training:532 - Experiment: CNN_SE_Skip_Experiment_2_heart_big_train_synthetic, Epoch:  6/10, Train Loss: 1.6608, Test Loss: 1.6132, Abs Loss Diff: 0.0476, Rel Loss Diff (%): 2.95, Accuracy: 0.2400, Recall: 0.2400, Precision: 0.0576, F1: 0.0929, Duration: 0.14s, Current LR: 0.001000
2025-06-22 14:24:26.036 | INFO     | src.fh.training_framework:run_training:532 - Experiment: CNN_SE_Skip_Experiment_2_heart_big_train_synthetic, Epoch:  7/10, Train Loss: 1.6323, Test Loss: 1.6391, Abs Loss Diff: 0.0069, Rel Loss Diff (%): 0.42, Accuracy: 0.1200, Recall: 0.1200, Precision: 0.0171, F1: 0.0300, Duration: 0.14s, Current LR: 0.001000
2025-06-22 14:24:26.207 | INFO     | src.fh.training_framework:run_training:532 - Experiment: CNN_SE_Skip_Experiment_2_heart_big_train_synthetic, Epoch:  8/10, Train Loss: 1.6285, Test Loss: 1.6269, Abs Loss Diff: 0.0017, Rel Loss Diff (%): 0.10, Accuracy: 0.1800, Recall: 0.1800, Precision: 0.0805, F1: 0.1087, Duration: 0.16s, Current LR: 0.001000
2025-06-22 14:24:26.224 | SUCCESS  | src.fh.training_framework:run_training:635 - Saved best model for CNN_SE_Skip_Experiment_2_heart_big_train_synthetic to /home/azureuser/mads-exam-fharren/src/fh/../../logs/20250622-142415_run_logs/20250622-142415_CNN_SE_Skip_Experiment_2_heart_big_train_synthetic_best_model.pth (Rel Loss Diff (%): 0.10, Recall: 0.1800, Accuracy: 0.1800).
2025-06-22 14:24:26.369 | INFO     | src.fh.training_framework:run_training:532 - Experiment: CNN_SE_Skip_Experiment_2_heart_big_train_synthetic, Epoch:  9/10, Train Loss: 1.6646, Test Loss: 1.6134, Abs Loss Diff: 0.0512, Rel Loss Diff (%): 3.17, Accuracy: 0.2400, Recall: 0.2400, Precision: 0.0576, F1: 0.0929, Duration: 0.14s, Current LR: 0.001000
2025-06-22 14:24:26.532 | INFO     | src.fh.training_framework:run_training:532 - Experiment: CNN_SE_Skip_Experiment_2_heart_big_train_synthetic, Epoch: 10/10, Train Loss: 1.6427, Test Loss: 1.6080, Abs Loss Diff: 0.0347, Rel Loss Diff (%): 2.16, Accuracy: 0.2400, Recall: 0.2400, Precision: 0.0576, F1: 0.0929, Duration: 0.15s, Current LR: 0.001000
2025-06-22 14:24:26.545 | INFO     | src.fh.training_framework:run_training:658 - Training voor model CNN_SE_Skip_Experiment_2_heart_big_train_synthetic voltooid. Totale duur: 0:00:01.643606
2025-06-22 14:24:26.547 | INFO     | __main__:run_experiment:235 - CNN_SE_Skip model training voltooid voor heart_big_train_synthetic.parquet.
2025-06-22 14:24:26.547 | INFO     | __main__:run_experiment:241 - 
--- Start Training GRU Model (Hyperparameter Tuning) ---
2025-06-22 14:24:26.547 | INFO     | __main__:run_experiment:252 - 
--- Uitvoeren GRU Experiment 1/2 voor heart_big_train_synthetic.parquet ---
2025-06-22 14:24:26.548 | INFO     | src.fh.training_framework:run_training:331 - Starting training run for model: gru_model, experiment: GRU_Experiment_1_heart_big_train_synthetic
2025-06-22 14:24:26.548 | INFO     | src.fh.model_selector:get_model:26 - Model selector: aanmaken van model 'gru_model' met config: {'input_size': 187, 'hidden_size': 64, 'num_layers': 1, 'output_size': 5, 'dropout': 0.0}
2025-06-22 14:24:26.548 | INFO     | src.fh.models.gru_model:__init__:20 - Initializing GRUModel...
2025-06-22 14:24:26.551 | INFO     | src.fh.models.gru_model:__init__:64 - GRUModel initialized. Total parameters: 48901
2025-06-22 14:24:26.551 | INFO     | src.fh.training_framework:run_training:418 - Model 'gru_model' van experiment 'GRU_Experiment_1_heart_big_train_synthetic' geïnitialiseerd en verplaatst naar cpu.
2025-06-22 14:24:26.552 | INFO     | src.fh.training_framework:run_training:475 - Scheduler is uitgeschakeld in configuratie.
2025-06-22 14:24:26.552 | INFO     | src.fh.training_framework:run_training:506 - Trainingsdataset: heart_big_train_synthetic.parquet, Samples: 120, Batch grootte: 32, Aantal batches: 4.
2025-06-22 14:24:26.552 | INFO     | src.fh.training_framework:run_training:507 - Testdataset: heart_big_test.parq, Samples: 50, Batch grootte: 32, Aantal batches: 2.
2025-06-22 14:24:26.576 | INFO     | src.fh.training_framework:run_training:532 - Experiment: GRU_Experiment_1_heart_big_train_synthetic, Epoch:  1/10, Train Loss: 1.6098, Test Loss: 1.6394, Abs Loss Diff: 0.0296, Rel Loss Diff (%): 1.80, Accuracy: 0.2400, Recall: 0.2400, Precision: 0.2338, F1: 0.2229, Duration: 0.02s, Current LR: 0.001000
2025-06-22 14:24:26.605 | INFO     | src.fh.training_framework:run_training:532 - Experiment: GRU_Experiment_1_heart_big_train_synthetic, Epoch:  2/10, Train Loss: 1.5221, Test Loss: 1.6366, Abs Loss Diff: 0.1145, Rel Loss Diff (%): 6.99, Accuracy: 0.2400, Recall: 0.2400, Precision: 0.2221, F1: 0.2231, Duration: 0.02s, Current LR: 0.001000
2025-06-22 14:24:26.645 | INFO     | src.fh.training_framework:run_training:532 - Experiment: GRU_Experiment_1_heart_big_train_synthetic, Epoch:  3/10, Train Loss: 1.4503, Test Loss: 1.6334, Abs Loss Diff: 0.1832, Rel Loss Diff (%): 11.21, Accuracy: 0.2400, Recall: 0.2400, Precision: 0.2478, F1: 0.2339, Duration: 0.03s, Current LR: 0.001000
2025-06-22 14:24:26.684 | INFO     | src.fh.training_framework:run_training:532 - Experiment: GRU_Experiment_1_heart_big_train_synthetic, Epoch:  4/10, Train Loss: 1.3819, Test Loss: 1.6313, Abs Loss Diff: 0.2494, Rel Loss Diff (%): 15.29, Accuracy: 0.2400, Recall: 0.2400, Precision: 0.2538, F1: 0.2348, Duration: 0.03s, Current LR: 0.001000
2025-06-22 14:24:26.717 | INFO     | src.fh.training_framework:run_training:532 - Experiment: GRU_Experiment_1_heart_big_train_synthetic, Epoch:  5/10, Train Loss: 1.3173, Test Loss: 1.6295, Abs Loss Diff: 0.3122, Rel Loss Diff (%): 19.16, Accuracy: 0.2400, Recall: 0.2400, Precision: 0.2538, F1: 0.2348, Duration: 0.02s, Current LR: 0.001000
2025-06-22 14:24:26.756 | INFO     | src.fh.training_framework:run_training:532 - Experiment: GRU_Experiment_1_heart_big_train_synthetic, Epoch:  6/10, Train Loss: 1.2529, Test Loss: 1.6284, Abs Loss Diff: 0.3755, Rel Loss Diff (%): 23.06, Accuracy: 0.2800, Recall: 0.2800, Precision: 0.2787, F1: 0.2731, Duration: 0.03s, Current LR: 0.001000
2025-06-22 14:24:26.796 | INFO     | src.fh.training_framework:run_training:532 - Experiment: GRU_Experiment_1_heart_big_train_synthetic, Epoch:  7/10, Train Loss: 1.1868, Test Loss: 1.6283, Abs Loss Diff: 0.4415, Rel Loss Diff (%): 27.12, Accuracy: 0.3000, Recall: 0.3000, Precision: 0.2915, F1: 0.2914, Duration: 0.03s, Current LR: 0.001000
2025-06-22 14:24:26.834 | INFO     | src.fh.training_framework:run_training:532 - Experiment: GRU_Experiment_1_heart_big_train_synthetic, Epoch:  8/10, Train Loss: 1.1231, Test Loss: 1.6283, Abs Loss Diff: 0.5052, Rel Loss Diff (%): 31.03, Accuracy: 0.2600, Recall: 0.2600, Precision: 0.2437, F1: 0.2486, Duration: 0.03s, Current LR: 0.001000
2025-06-22 14:24:26.871 | INFO     | src.fh.training_framework:run_training:532 - Experiment: GRU_Experiment_1_heart_big_train_synthetic, Epoch:  9/10, Train Loss: 1.0588, Test Loss: 1.6288, Abs Loss Diff: 0.5700, Rel Loss Diff (%): 35.00, Accuracy: 0.2600, Recall: 0.2600, Precision: 0.2437, F1: 0.2486, Duration: 0.02s, Current LR: 0.001000
2025-06-22 14:24:26.907 | INFO     | src.fh.training_framework:run_training:532 - Experiment: GRU_Experiment_1_heart_big_train_synthetic, Epoch: 10/10, Train Loss: 0.9943, Test Loss: 1.6300, Abs Loss Diff: 0.6357, Rel Loss Diff (%): 39.00, Accuracy: 0.2600, Recall: 0.2600, Precision: 0.2481, F1: 0.2477, Duration: 0.02s, Current LR: 0.001000
2025-06-22 14:24:26.919 | INFO     | src.fh.training_framework:run_training:658 - Training voor model GRU_Experiment_1_heart_big_train_synthetic voltooid. Totale duur: 0:00:00.371608
2025-06-22 14:24:26.921 | INFO     | __main__:run_experiment:252 - 
--- Uitvoeren GRU Experiment 2/2 voor heart_big_train_synthetic.parquet ---
2025-06-22 14:24:26.921 | INFO     | src.fh.training_framework:run_training:331 - Starting training run for model: gru_model, experiment: GRU_Experiment_2_heart_big_train_synthetic
2025-06-22 14:24:26.921 | INFO     | src.fh.model_selector:get_model:26 - Model selector: aanmaken van model 'gru_model' met config: {'input_size': 187, 'hidden_size': 128, 'num_layers': 2, 'output_size': 5, 'dropout': 0.2}
2025-06-22 14:24:26.921 | INFO     | src.fh.models.gru_model:__init__:20 - Initializing GRUModel...
2025-06-22 14:24:26.925 | INFO     | src.fh.models.gru_model:__init__:64 - GRUModel initialized. Total parameters: 221445
2025-06-22 14:24:26.926 | INFO     | src.fh.training_framework:run_training:418 - Model 'gru_model' van experiment 'GRU_Experiment_2_heart_big_train_synthetic' geïnitialiseerd en verplaatst naar cpu.
2025-06-22 14:24:26.926 | INFO     | src.fh.training_framework:run_training:475 - Scheduler is uitgeschakeld in configuratie.
2025-06-22 14:24:26.926 | INFO     | src.fh.training_framework:run_training:506 - Trainingsdataset: heart_big_train_synthetic.parquet, Samples: 120, Batch grootte: 32, Aantal batches: 4.
2025-06-22 14:24:26.927 | INFO     | src.fh.training_framework:run_training:507 - Testdataset: heart_big_test.parq, Samples: 50, Batch grootte: 32, Aantal batches: 2.
2025-06-22 14:24:26.963 | INFO     | src.fh.training_framework:run_training:532 - Experiment: GRU_Experiment_2_heart_big_train_synthetic, Epoch:  1/10, Train Loss: 1.6057, Test Loss: 1.5992, Abs Loss Diff: 0.0065, Rel Loss Diff (%): 0.41, Accuracy: 0.3200, Recall: 0.3200, Precision: 0.3833, F1: 0.3020, Duration: 0.04s, Current LR: 0.001000
2025-06-22 14:24:26.972 | SUCCESS  | src.fh.training_framework:run_training:635 - Saved best model for GRU_Experiment_2_heart_big_train_synthetic to /home/azureuser/mads-exam-fharren/src/fh/../../logs/20250622-142415_run_logs/20250622-142415_GRU_Experiment_2_heart_big_train_synthetic_best_model.pth (Rel Loss Diff (%): 0.41, Recall: 0.3200, Accuracy: 0.3200).
2025-06-22 14:24:27.003 | INFO     | src.fh.training_framework:run_training:532 - Experiment: GRU_Experiment_2_heart_big_train_synthetic, Epoch:  2/10, Train Loss: 1.5482, Test Loss: 1.5917, Abs Loss Diff: 0.0436, Rel Loss Diff (%): 2.74, Accuracy: 0.3400, Recall: 0.3400, Precision: 0.4118, F1: 0.3324, Duration: 0.03s, Current LR: 0.001000
2025-06-22 14:24:27.047 | INFO     | src.fh.training_framework:run_training:532 - Experiment: GRU_Experiment_2_heart_big_train_synthetic, Epoch:  3/10, Train Loss: 1.5028, Test Loss: 1.5836, Abs Loss Diff: 0.0808, Rel Loss Diff (%): 5.10, Accuracy: 0.2800, Recall: 0.2800, Precision: 0.2697, F1: 0.2542, Duration: 0.03s, Current LR: 0.001000
2025-06-22 14:24:27.094 | INFO     | src.fh.training_framework:run_training:532 - Experiment: GRU_Experiment_2_heart_big_train_synthetic, Epoch:  4/10, Train Loss: 1.4407, Test Loss: 1.5736, Abs Loss Diff: 0.1329, Rel Loss Diff (%): 8.45, Accuracy: 0.3200, Recall: 0.3200, Precision: 0.3909, F1: 0.3246, Duration: 0.03s, Current LR: 0.001000
2025-06-22 14:24:27.135 | INFO     | src.fh.training_framework:run_training:532 - Experiment: GRU_Experiment_2_heart_big_train_synthetic, Epoch:  5/10, Train Loss: 1.3682, Test Loss: 1.5628, Abs Loss Diff: 0.1946, Rel Loss Diff (%): 12.45, Accuracy: 0.3400, Recall: 0.3400, Precision: 0.4142, F1: 0.3440, Duration: 0.03s, Current LR: 0.001000
2025-06-22 14:24:27.175 | INFO     | src.fh.training_framework:run_training:532 - Experiment: GRU_Experiment_2_heart_big_train_synthetic, Epoch:  6/10, Train Loss: 1.2775, Test Loss: 1.5512, Abs Loss Diff: 0.2737, Rel Loss Diff (%): 17.64, Accuracy: 0.3800, Recall: 0.3800, Precision: 0.4110, F1: 0.3806, Duration: 0.03s, Current LR: 0.001000
2025-06-22 14:24:27.216 | INFO     | src.fh.training_framework:run_training:532 - Experiment: GRU_Experiment_2_heart_big_train_synthetic, Epoch:  7/10, Train Loss: 1.1671, Test Loss: 1.5386, Abs Loss Diff: 0.3715, Rel Loss Diff (%): 24.15, Accuracy: 0.3400, Recall: 0.3400, Precision: 0.3470, F1: 0.3344, Duration: 0.03s, Current LR: 0.001000
2025-06-22 14:24:27.259 | INFO     | src.fh.training_framework:run_training:532 - Experiment: GRU_Experiment_2_heart_big_train_synthetic, Epoch:  8/10, Train Loss: 1.0248, Test Loss: 1.5267, Abs Loss Diff: 0.5019, Rel Loss Diff (%): 32.87, Accuracy: 0.3200, Recall: 0.3200, Precision: 0.3396, F1: 0.3211, Duration: 0.03s, Current LR: 0.001000
2025-06-22 14:24:27.301 | INFO     | src.fh.training_framework:run_training:532 - Experiment: GRU_Experiment_2_heart_big_train_synthetic, Epoch:  9/10, Train Loss: 0.8942, Test Loss: 1.5178, Abs Loss Diff: 0.6237, Rel Loss Diff (%): 41.09, Accuracy: 0.3000, Recall: 0.3000, Precision: 0.3229, F1: 0.3024, Duration: 0.03s, Current LR: 0.001000
2025-06-22 14:24:27.353 | INFO     | src.fh.training_framework:run_training:532 - Experiment: GRU_Experiment_2_heart_big_train_synthetic, Epoch: 10/10, Train Loss: 0.7248, Test Loss: 1.5181, Abs Loss Diff: 0.7934, Rel Loss Diff (%): 52.26, Accuracy: 0.3000, Recall: 0.3000, Precision: 0.3229, F1: 0.3024, Duration: 0.04s, Current LR: 0.001000
2025-06-22 14:24:27.364 | INFO     | src.fh.training_framework:run_training:658 - Training voor model GRU_Experiment_2_heart_big_train_synthetic voltooid. Totale duur: 0:00:00.443354
2025-06-22 14:24:27.366 | INFO     | __main__:run_experiment:262 - GRU model training voltooid voor heart_big_train_synthetic.parquet.
2025-06-22 14:24:27.376 | SUCCESS  | __main__:run_experiment:271 - Alle experiment samenvattingen opgeslagen naar /home/azureuser/mads-exam-fharren/src/fh/../../runs/20250622-142415_all_model_summary.parquet
2025-06-22 14:24:27.376 | INFO     | __main__:run_experiment:275 - 
--- Einde Experiment ---
2025-06-22 14:24:27.377 | INFO     | __main__:<module>:375 - Hoofdscript succesvol voltooid.
