2025-06-22 14:10:25.599 | INFO     | __main__:<module>:48 - Start van het hoofdscript. Algemene logs worden opgeslagen in '/home/azureuser/mads-exam-fharren/src/fh/../../logs/20250622-141025_main_application.log'.
2025-06-22 14:10:25.643 | INFO     | src.fh.utils:load_config:15 - Attempting to load configuration from: /home/azureuser/mads-exam-fharren/src/fh/../../config.toml
2025-06-22 14:10:25.645 | SUCCESS  | src.fh.utils:load_config:18 - Configuration successfully loaded from: /home/azureuser/mads-exam-fharren/src/fh/../../config.toml
2025-06-22 14:10:25.645 | INFO     | __main__:<module>:291 - Configuratie geladen vanuit /home/azureuser/mads-exam-fharren/src/fh/../../config.toml.
2025-06-22 14:10:25.646 | INFO     | __main__:<module>:301 - Zorgen dat de data directory bestaat: /home/azureuser/mads-exam-fharren/src/fh/../../data
2025-06-22 14:10:25.646 | INFO     | __main__:<module>:307 - --- DUMMY DATA MODUS GEACTIVEERD ---
2025-06-22 14:10:25.647 | INFO     | __main__:<module>:308 - Dummy data parameters: features=187, classes=5
2025-06-22 14:10:25.647 | INFO     | __main__:<module>:309 - Dummy data wordt aangemaakt voor demonstratie. Dit zal de configuratie overschrijven met dummy paden.
2025-06-22 14:10:25.760 | SUCCESS  | __main__:<module>:350 - Dummy data aangemaakt als Parquet in '/home/azureuser/mads-exam-fharren/src/fh/../../data/heart_big_train.parq', '/home/azureuser/mads-exam-fharren/src/fh/../../data/heart_big_train_synthetic.parquet' en '/home/azureuser/mads-exam-fharren/src/fh/../../data/heart_big_test.parq'
2025-06-22 14:10:25.760 | INFO     | __main__:run_experiment:70 - Start van het experiment met configuratiebestand: /home/azureuser/mads-exam-fharren/src/fh/../../config.toml
2025-06-22 14:10:25.760 | INFO     | src.fh.utils:load_config:15 - Attempting to load configuration from: /home/azureuser/mads-exam-fharren/src/fh/../../config.toml
2025-06-22 14:10:25.763 | SUCCESS  | src.fh.utils:load_config:18 - Configuration successfully loaded from: /home/azureuser/mads-exam-fharren/src/fh/../../config.toml
2025-06-22 14:10:25.763 | INFO     | __main__:run_experiment:74 - Configuratiebestand succesvol geladen.
2025-06-22 14:10:25.764 | INFO     | __main__:run_experiment:84 - 
--- Start experimenten voor trainingsbestand: heart_big_train.parq (1/2) ---
2025-06-22 14:10:25.764 | INFO     | __main__:run_experiment:91 - Vastgestelde feature count: 187, class count: 5
2025-06-22 14:10:25.764 | INFO     | __main__:run_experiment:98 - Laden van data van /home/azureuser/mads-exam-fharren/src/fh/../../data/heart_big_train.parq en /home/azureuser/mads-exam-fharren/src/fh/../../data/heart_big_test.parq...
2025-06-22 14:10:25.764 | INFO     | src.fh.data_loader:get_data_loaders:93 - Start aanmaken data loaders. Training bestand: /home/azureuser/mads-exam-fharren/src/fh/../../data/heart_big_train.parq, Test bestand: /home/azureuser/mads-exam-fharren/src/fh/../../data/heart_big_test.parq
2025-06-22 14:10:25.795 | INFO     | src.fh.data_loader:get_data_loaders:98 - Succesvol trainingsbestand '/home/azureuser/mads-exam-fharren/src/fh/../../data/heart_big_train.parq' geladen (100 rijen).
2025-06-22 14:10:25.810 | INFO     | src.fh.data_loader:get_data_loaders:109 - Succesvol testbestand '/home/azureuser/mads-exam-fharren/src/fh/../../data/heart_big_test.parq' geladen (50 rijen).
2025-06-22 14:10:25.813 | INFO     | src.fh.data_loader:get_data_loaders:132 - StandardScaler getraind op trainingsdata.
2025-06-22 14:10:25.816 | INFO     | src.fh.data_loader:get_data_loaders:141 - Datasets succesvol aangemaakt.
2025-06-22 14:10:25.817 | INFO     | src.fh.data_loader:get_data_loaders:149 - DataLoaders succesvol aangemaakt.
2025-06-22 14:10:25.818 | SUCCESS  | __main__:run_experiment:108 - Data loaders succesvol aangemaakt.
2025-06-22 14:10:25.820 | INFO     | __main__:run_experiment:118 - Berekende klasse-gewichten voor heart_big_train.parq: [0.25, 4.0, 4.0, 2.857142925262451, 6.666666507720947]
2025-06-22 14:10:25.820 | INFO     | __main__:run_experiment:132 - Initialiseren van de Trainer...
2025-06-22 14:10:25.831 | INFO     | src.fh.training_framework:__init__:99 - Initializing Trainer. Using device: cpu
2025-06-22 14:10:25.832 | INFO     | src.fh.training_framework:__init__:100 - Logging and outputs for this run will be stored in: /home/azureuser/mads-exam-fharren/src/fh/../../logs/20250622-141025_run_logs
2025-06-22 14:10:25.833 | INFO     | __main__:run_experiment:139 - Trainer succesvol geïnitialiseerd.
2025-06-22 14:10:25.833 | INFO     | __main__:run_experiment:142 - 
--- Start Training Baseline Model ---
2025-06-22 14:10:25.834 | INFO     | src.fh.training_framework:run_training:328 - Starting training run for model: baseline_model, experiment: Baseline_heart_big_train
2025-06-22 14:10:25.835 | INFO     | src.fh.model_selector:get_model:26 - Model selector: aanmaken van model 'baseline_model' met config: {'input_size': 187, 'output_size': 5}
2025-06-22 14:10:25.836 | INFO     | src.fh.models.baseline_model:__init__:19 - Initializing BaselineModel...
2025-06-22 14:10:25.840 | INFO     | src.fh.models.baseline_model:__init__:38 - BaselineModel initialized with input_size=187, hidden_size=64, output_size=5.
2025-06-22 14:10:25.841 | INFO     | src.fh.training_framework:run_training:415 - Model 'baseline_model' van experiment 'Baseline_heart_big_train' geïnitialiseerd en verplaatst naar cpu.
2025-06-22 14:10:27.341 | INFO     | src.fh.training_framework:run_training:472 - Scheduler is uitgeschakeld in configuratie.
2025-06-22 14:10:27.342 | INFO     | src.fh.training_framework:run_training:502 - Trainingsdataset: heart_big_train.parq, Samples: 100, Batch grootte: 32, Aantal batches: 4.
2025-06-22 14:10:27.342 | INFO     | src.fh.training_framework:run_training:503 - Testdataset: heart_big_test.parq, Samples: 50, Batch grootte: 32, Aantal batches: 2.
2025-06-22 14:10:27.377 | INFO     | src.fh.training_framework:run_training:529 - Experiment: Baseline_heart_big_train, Epoch:  1/10, Train Loss: 1.6203, Test Loss: 1.6057, Abs Loss Diff: 0.0146, Rel Loss Diff (%): 0.91, Accuracy: 0.1600, Recall: 0.1600, Precision: 0.1373, F1: 0.1400, Duration: 0.03s, Current LR: 0.001000
2025-06-22 14:10:27.391 | SUCCESS  | src.fh.training_framework:run_training:622 - Saved best model for Baseline_heart_big_train to /home/azureuser/mads-exam-fharren/src/fh/../../logs/20250622-141025_run_logs/20250622-141025_Baseline_heart_big_train_best_model.pth (Abs Loss Diff: 0.0146, Recall: 0.1600, Accuracy: 0.1600).
2025-06-22 14:10:27.418 | INFO     | src.fh.training_framework:run_training:529 - Experiment: Baseline_heart_big_train, Epoch:  2/10, Train Loss: 1.4384, Test Loss: 1.6215, Abs Loss Diff: 0.1831, Rel Loss Diff (%): 11.29, Accuracy: 0.1600, Recall: 0.1600, Precision: 0.1373, F1: 0.1400, Duration: 0.03s, Current LR: 0.001000
2025-06-22 14:10:27.458 | INFO     | src.fh.training_framework:run_training:529 - Experiment: Baseline_heart_big_train, Epoch:  3/10, Train Loss: 1.3465, Test Loss: 1.6391, Abs Loss Diff: 0.2925, Rel Loss Diff (%): 17.85, Accuracy: 0.1600, Recall: 0.1600, Precision: 0.1400, F1: 0.1426, Duration: 0.03s, Current LR: 0.001000
2025-06-22 14:10:27.503 | INFO     | src.fh.training_framework:run_training:529 - Experiment: Baseline_heart_big_train, Epoch:  4/10, Train Loss: 1.2263, Test Loss: 1.6568, Abs Loss Diff: 0.4305, Rel Loss Diff (%): 25.98, Accuracy: 0.1400, Recall: 0.1400, Precision: 0.1220, F1: 0.1271, Duration: 0.03s, Current LR: 0.001000
2025-06-22 14:10:27.546 | INFO     | src.fh.training_framework:run_training:529 - Experiment: Baseline_heart_big_train, Epoch:  5/10, Train Loss: 1.1320, Test Loss: 1.6745, Abs Loss Diff: 0.5425, Rel Loss Diff (%): 32.40, Accuracy: 0.1200, Recall: 0.1200, Precision: 0.1050, F1: 0.1096, Duration: 0.03s, Current LR: 0.001000
2025-06-22 14:10:27.588 | INFO     | src.fh.training_framework:run_training:529 - Experiment: Baseline_heart_big_train, Epoch:  6/10, Train Loss: 1.0859, Test Loss: 1.6925, Abs Loss Diff: 0.6066, Rel Loss Diff (%): 35.84, Accuracy: 0.1200, Recall: 0.1200, Precision: 0.1050, F1: 0.1096, Duration: 0.03s, Current LR: 0.001000
2025-06-22 14:10:27.628 | INFO     | src.fh.training_framework:run_training:529 - Experiment: Baseline_heart_big_train, Epoch:  7/10, Train Loss: 0.9763, Test Loss: 1.7090, Abs Loss Diff: 0.7327, Rel Loss Diff (%): 42.87, Accuracy: 0.1000, Recall: 0.1000, Precision: 0.0951, F1: 0.0963, Duration: 0.03s, Current LR: 0.001000
2025-06-22 14:10:27.671 | INFO     | src.fh.training_framework:run_training:529 - Experiment: Baseline_heart_big_train, Epoch:  8/10, Train Loss: 0.9077, Test Loss: 1.7266, Abs Loss Diff: 0.8189, Rel Loss Diff (%): 47.43, Accuracy: 0.1400, Recall: 0.1400, Precision: 0.1632, F1: 0.1480, Duration: 0.03s, Current LR: 0.001000
2025-06-22 14:10:27.713 | INFO     | src.fh.training_framework:run_training:529 - Experiment: Baseline_heart_big_train, Epoch:  9/10, Train Loss: 0.8676, Test Loss: 1.7449, Abs Loss Diff: 0.8773, Rel Loss Diff (%): 50.28, Accuracy: 0.1200, Recall: 0.1200, Precision: 0.1290, F1: 0.1223, Duration: 0.03s, Current LR: 0.001000
2025-06-22 14:10:27.757 | INFO     | src.fh.training_framework:run_training:529 - Experiment: Baseline_heart_big_train, Epoch: 10/10, Train Loss: 0.7918, Test Loss: 1.7618, Abs Loss Diff: 0.9701, Rel Loss Diff (%): 55.06, Accuracy: 0.1400, Recall: 0.1400, Precision: 0.1479, F1: 0.1422, Duration: 0.03s, Current LR: 0.001000
2025-06-22 14:10:27.769 | INFO     | src.fh.training_framework:run_training:645 - Training voor model Baseline_heart_big_train voltooid. Totale duur: 0:00:01.934537
2025-06-22 14:10:27.771 | INFO     | __main__:run_experiment:156 - Baseline model training voltooid voor heart_big_train.parq.
2025-06-22 14:10:27.772 | INFO     | __main__:run_experiment:159 - 
--- Start Training CNN Model (Hyperparameter Tuning) ---
2025-06-22 14:10:27.772 | INFO     | __main__:run_experiment:171 - 
--- Uitvoeren CNN Experiment 1/2 voor heart_big_train.parq ---
2025-06-22 14:10:27.772 | INFO     | __main__:run_experiment:184 - Berekende CNN input_size_after_flattening voor lineaire laag: 1472
2025-06-22 14:10:27.772 | INFO     | src.fh.training_framework:run_training:328 - Starting training run for model: cnn_model, experiment: CNN_Experiment_1_heart_big_train
2025-06-22 14:10:27.773 | INFO     | src.fh.model_selector:get_model:26 - Model selector: aanmaken van model 'cnn_model' met config: {'input_channels': 1, 'hidden_size': 32, 'num_layers': 2, 'output_size': 5, 'conv_filters': [16, 32], 'kernel_size': 3, 'use_dropout': False, 'dropout_rate': 0.5, 'num_features': 187, 'input_size_after_flattening': 1472}
2025-06-22 14:10:27.773 | INFO     | src.fh.models.cnn_model:__init__:21 - Initializing CNNModel...
2025-06-22 14:10:27.777 | INFO     | src.fh.models.cnn_model:__init__:77 - CNNModel initialized. Total parameters: 48933
2025-06-22 14:10:27.778 | INFO     | src.fh.training_framework:run_training:415 - Model 'cnn_model' van experiment 'CNN_Experiment_1_heart_big_train' geïnitialiseerd en verplaatst naar cpu.
2025-06-22 14:10:27.779 | INFO     | src.fh.training_framework:run_training:472 - Scheduler is uitgeschakeld in configuratie.
2025-06-22 14:10:27.779 | INFO     | src.fh.training_framework:run_training:502 - Trainingsdataset: heart_big_train.parq, Samples: 100, Batch grootte: 32, Aantal batches: 4.
2025-06-22 14:10:27.779 | INFO     | src.fh.training_framework:run_training:503 - Testdataset: heart_big_test.parq, Samples: 50, Batch grootte: 32, Aantal batches: 2.
2025-06-22 14:10:27.827 | INFO     | src.fh.training_framework:run_training:529 - Experiment: CNN_Experiment_1_heart_big_train, Epoch:  1/10, Train Loss: 1.6485, Test Loss: 1.6051, Abs Loss Diff: 0.0434, Rel Loss Diff (%): 2.70, Accuracy: 0.1400, Recall: 0.1400, Precision: 0.0196, F1: 0.0344, Duration: 0.05s, Current LR: 0.001000
2025-06-22 14:10:27.838 | SUCCESS  | src.fh.training_framework:run_training:622 - Saved best model for CNN_Experiment_1_heart_big_train to /home/azureuser/mads-exam-fharren/src/fh/../../logs/20250622-141025_run_logs/20250622-141025_CNN_Experiment_1_heart_big_train_best_model.pth (Abs Loss Diff: 0.0434, Recall: 0.1400, Accuracy: 0.1400).
2025-06-22 14:10:27.872 | INFO     | src.fh.training_framework:run_training:529 - Experiment: CNN_Experiment_1_heart_big_train, Epoch:  2/10, Train Loss: 1.6017, Test Loss: 1.6190, Abs Loss Diff: 0.0173, Rel Loss Diff (%): 1.07, Accuracy: 0.1400, Recall: 0.1400, Precision: 0.0200, F1: 0.0350, Duration: 0.03s, Current LR: 0.001000
2025-06-22 14:10:27.889 | SUCCESS  | src.fh.training_framework:run_training:622 - Saved best model for CNN_Experiment_1_heart_big_train to /home/azureuser/mads-exam-fharren/src/fh/../../logs/20250622-141025_run_logs/20250622-141025_CNN_Experiment_1_heart_big_train_best_model.pth (Abs Loss Diff: 0.0173, Recall: 0.1400, Accuracy: 0.1400).
2025-06-22 14:10:27.933 | INFO     | src.fh.training_framework:run_training:529 - Experiment: CNN_Experiment_1_heart_big_train, Epoch:  3/10, Train Loss: 1.5713, Test Loss: 1.6865, Abs Loss Diff: 0.1152, Rel Loss Diff (%): 6.83, Accuracy: 0.2800, Recall: 0.2800, Precision: 0.0784, F1: 0.1225, Duration: 0.04s, Current LR: 0.001000
2025-06-22 14:10:27.980 | INFO     | src.fh.training_framework:run_training:529 - Experiment: CNN_Experiment_1_heart_big_train, Epoch:  4/10, Train Loss: 1.5631, Test Loss: 1.7292, Abs Loss Diff: 0.1661, Rel Loss Diff (%): 9.61, Accuracy: 0.2800, Recall: 0.2800, Precision: 0.0784, F1: 0.1225, Duration: 0.03s, Current LR: 0.001000
2025-06-22 14:10:28.026 | INFO     | src.fh.training_framework:run_training:529 - Experiment: CNN_Experiment_1_heart_big_train, Epoch:  5/10, Train Loss: 1.5500, Test Loss: 1.7104, Abs Loss Diff: 0.1604, Rel Loss Diff (%): 9.38, Accuracy: 0.2800, Recall: 0.2800, Precision: 0.0784, F1: 0.1225, Duration: 0.03s, Current LR: 0.001000
2025-06-22 14:10:28.077 | INFO     | src.fh.training_framework:run_training:529 - Experiment: CNN_Experiment_1_heart_big_train, Epoch:  6/10, Train Loss: 1.5172, Test Loss: 1.6848, Abs Loss Diff: 0.1675, Rel Loss Diff (%): 9.94, Accuracy: 0.2800, Recall: 0.2800, Precision: 0.0784, F1: 0.1225, Duration: 0.04s, Current LR: 0.001000
2025-06-22 14:10:28.127 | INFO     | src.fh.training_framework:run_training:529 - Experiment: CNN_Experiment_1_heart_big_train, Epoch:  7/10, Train Loss: 1.4752, Test Loss: 1.6886, Abs Loss Diff: 0.2134, Rel Loss Diff (%): 12.64, Accuracy: 0.2800, Recall: 0.2800, Precision: 0.0784, F1: 0.1225, Duration: 0.04s, Current LR: 0.001000
2025-06-22 14:10:28.181 | INFO     | src.fh.training_framework:run_training:529 - Experiment: CNN_Experiment_1_heart_big_train, Epoch:  8/10, Train Loss: 1.4227, Test Loss: 1.8025, Abs Loss Diff: 0.3798, Rel Loss Diff (%): 21.07, Accuracy: 0.2800, Recall: 0.2800, Precision: 0.0784, F1: 0.1225, Duration: 0.04s, Current LR: 0.001000
2025-06-22 14:10:28.228 | INFO     | src.fh.training_framework:run_training:529 - Experiment: CNN_Experiment_1_heart_big_train, Epoch:  9/10, Train Loss: 1.4143, Test Loss: 1.9736, Abs Loss Diff: 0.5593, Rel Loss Diff (%): 28.34, Accuracy: 0.2800, Recall: 0.2800, Precision: 0.0784, F1: 0.1225, Duration: 0.03s, Current LR: 0.001000
2025-06-22 14:10:28.276 | INFO     | src.fh.training_framework:run_training:529 - Experiment: CNN_Experiment_1_heart_big_train, Epoch: 10/10, Train Loss: 1.3770, Test Loss: 1.9073, Abs Loss Diff: 0.5303, Rel Loss Diff (%): 27.80, Accuracy: 0.2800, Recall: 0.2800, Precision: 0.0784, F1: 0.1225, Duration: 0.03s, Current LR: 0.001000
2025-06-22 14:10:28.290 | INFO     | src.fh.training_framework:run_training:645 - Training voor model CNN_Experiment_1_heart_big_train voltooid. Totale duur: 0:00:00.517062
2025-06-22 14:10:28.291 | INFO     | __main__:run_experiment:171 - 
--- Uitvoeren CNN Experiment 2/2 voor heart_big_train.parq ---
2025-06-22 14:10:28.292 | INFO     | __main__:run_experiment:184 - Berekende CNN input_size_after_flattening voor lineaire laag: 2944
2025-06-22 14:10:28.292 | INFO     | src.fh.training_framework:run_training:328 - Starting training run for model: cnn_model, experiment: CNN_Experiment_2_heart_big_train
2025-06-22 14:10:28.292 | INFO     | src.fh.model_selector:get_model:26 - Model selector: aanmaken van model 'cnn_model' met config: {'input_channels': 1, 'hidden_size': 64, 'num_layers': 2, 'output_size': 5, 'conv_filters': [32, 64], 'kernel_size': 5, 'use_dropout': True, 'dropout_rate': 0.3, 'num_features': 187, 'input_size_after_flattening': 2944}
2025-06-22 14:10:28.293 | INFO     | src.fh.models.cnn_model:__init__:21 - Initializing CNNModel...
2025-06-22 14:10:28.296 | INFO     | src.fh.models.cnn_model:__init__:77 - CNNModel initialized. Total parameters: 199301
2025-06-22 14:10:28.297 | INFO     | src.fh.training_framework:run_training:415 - Model 'cnn_model' van experiment 'CNN_Experiment_2_heart_big_train' geïnitialiseerd en verplaatst naar cpu.
2025-06-22 14:10:28.298 | INFO     | src.fh.training_framework:run_training:472 - Scheduler is uitgeschakeld in configuratie.
2025-06-22 14:10:28.298 | INFO     | src.fh.training_framework:run_training:502 - Trainingsdataset: heart_big_train.parq, Samples: 100, Batch grootte: 32, Aantal batches: 4.
2025-06-22 14:10:28.298 | INFO     | src.fh.training_framework:run_training:503 - Testdataset: heart_big_test.parq, Samples: 50, Batch grootte: 32, Aantal batches: 2.
2025-06-22 14:10:28.362 | INFO     | src.fh.training_framework:run_training:529 - Experiment: CNN_Experiment_2_heart_big_train, Epoch:  1/10, Train Loss: 1.6523, Test Loss: 2.0593, Abs Loss Diff: 0.4070, Rel Loss Diff (%): 19.76, Accuracy: 0.2800, Recall: 0.2800, Precision: 0.0784, F1: 0.1225, Duration: 0.06s, Current LR: 0.001000
2025-06-22 14:10:28.372 | SUCCESS  | src.fh.training_framework:run_training:622 - Saved best model for CNN_Experiment_2_heart_big_train to /home/azureuser/mads-exam-fharren/src/fh/../../logs/20250622-141025_run_logs/20250622-141025_CNN_Experiment_2_heart_big_train_best_model.pth (Abs Loss Diff: 0.4070, Recall: 0.2800, Accuracy: 0.2800).
2025-06-22 14:10:28.420 | INFO     | src.fh.training_framework:run_training:529 - Experiment: CNN_Experiment_2_heart_big_train, Epoch:  2/10, Train Loss: 1.6735, Test Loss: 2.0464, Abs Loss Diff: 0.3729, Rel Loss Diff (%): 18.22, Accuracy: 0.2800, Recall: 0.2800, Precision: 0.0784, F1: 0.1225, Duration: 0.05s, Current LR: 0.001000
2025-06-22 14:10:28.437 | SUCCESS  | src.fh.training_framework:run_training:622 - Saved best model for CNN_Experiment_2_heart_big_train to /home/azureuser/mads-exam-fharren/src/fh/../../logs/20250622-141025_run_logs/20250622-141025_CNN_Experiment_2_heart_big_train_best_model.pth (Abs Loss Diff: 0.3729, Recall: 0.2800, Accuracy: 0.2800).
2025-06-22 14:10:28.499 | INFO     | src.fh.training_framework:run_training:529 - Experiment: CNN_Experiment_2_heart_big_train, Epoch:  3/10, Train Loss: 1.5253, Test Loss: 1.9514, Abs Loss Diff: 0.4261, Rel Loss Diff (%): 21.84, Accuracy: 0.2800, Recall: 0.2800, Precision: 0.0784, F1: 0.1225, Duration: 0.06s, Current LR: 0.001000
2025-06-22 14:10:28.559 | INFO     | src.fh.training_framework:run_training:529 - Experiment: CNN_Experiment_2_heart_big_train, Epoch:  4/10, Train Loss: 1.3885, Test Loss: 1.8596, Abs Loss Diff: 0.4712, Rel Loss Diff (%): 25.34, Accuracy: 0.2800, Recall: 0.2800, Precision: 0.0784, F1: 0.1225, Duration: 0.05s, Current LR: 0.001000
2025-06-22 14:10:28.624 | INFO     | src.fh.training_framework:run_training:529 - Experiment: CNN_Experiment_2_heart_big_train, Epoch:  5/10, Train Loss: 1.2842, Test Loss: 1.9681, Abs Loss Diff: 0.6840, Rel Loss Diff (%): 34.75, Accuracy: 0.2800, Recall: 0.2800, Precision: 0.0784, F1: 0.1225, Duration: 0.05s, Current LR: 0.001000
2025-06-22 14:10:28.686 | INFO     | src.fh.training_framework:run_training:529 - Experiment: CNN_Experiment_2_heart_big_train, Epoch:  6/10, Train Loss: 1.0832, Test Loss: 1.8874, Abs Loss Diff: 0.8042, Rel Loss Diff (%): 42.61, Accuracy: 0.2800, Recall: 0.2800, Precision: 0.1574, F1: 0.1513, Duration: 0.05s, Current LR: 0.001000
2025-06-22 14:10:28.746 | INFO     | src.fh.training_framework:run_training:529 - Experiment: CNN_Experiment_2_heart_big_train, Epoch:  7/10, Train Loss: 0.9743, Test Loss: 1.9282, Abs Loss Diff: 0.9539, Rel Loss Diff (%): 49.47, Accuracy: 0.2600, Recall: 0.2600, Precision: 0.1776, F1: 0.1851, Duration: 0.05s, Current LR: 0.001000
2025-06-22 14:10:28.807 | INFO     | src.fh.training_framework:run_training:529 - Experiment: CNN_Experiment_2_heart_big_train, Epoch:  8/10, Train Loss: 0.7922, Test Loss: 2.3741, Abs Loss Diff: 1.5819, Rel Loss Diff (%): 66.63, Accuracy: 0.2800, Recall: 0.2800, Precision: 0.0784, F1: 0.1225, Duration: 0.05s, Current LR: 0.001000
2025-06-22 14:10:28.868 | INFO     | src.fh.training_framework:run_training:529 - Experiment: CNN_Experiment_2_heart_big_train, Epoch:  9/10, Train Loss: 0.8384, Test Loss: 2.3834, Abs Loss Diff: 1.5450, Rel Loss Diff (%): 64.82, Accuracy: 0.2800, Recall: 0.2800, Precision: 0.0784, F1: 0.1225, Duration: 0.05s, Current LR: 0.001000
2025-06-22 14:10:28.926 | INFO     | src.fh.training_framework:run_training:529 - Experiment: CNN_Experiment_2_heart_big_train, Epoch: 10/10, Train Loss: 0.4194, Test Loss: 2.0094, Abs Loss Diff: 1.5900, Rel Loss Diff (%): 79.13, Accuracy: 0.2800, Recall: 0.2800, Precision: 0.2147, F1: 0.1978, Duration: 0.05s, Current LR: 0.001000
2025-06-22 14:10:28.942 | INFO     | src.fh.training_framework:run_training:645 - Training voor model CNN_Experiment_2_heart_big_train voltooid. Totale duur: 0:00:00.649479
2025-06-22 14:10:28.943 | INFO     | __main__:run_experiment:194 - CNN model training voltooid voor heart_big_train.parq.
2025-06-22 14:10:28.943 | INFO     | __main__:run_experiment:198 - 
--- Start Training CNN_SE_Skip Model (Hyperparameter Tuning) ---
2025-06-22 14:10:28.944 | INFO     | __main__:run_experiment:210 - 
--- Uitvoeren CNN_SE_Skip Experiment 1/2 voor heart_big_train.parq ---
2025-06-22 14:10:28.944 | INFO     | __main__:run_experiment:225 - Berekende CNN_SE_Skip input_size_after_flattening voor lineaire laag: 1472
2025-06-22 14:10:28.944 | INFO     | src.fh.training_framework:run_training:328 - Starting training run for model: cnn_se_skip_model, experiment: CNN_SE_Skip_Experiment_1_heart_big_train
2025-06-22 14:10:28.944 | INFO     | src.fh.model_selector:get_model:26 - Model selector: aanmaken van model 'cnn_se_skip_model' met config: {'input_channels': 1, 'hidden_size': 64, 'num_layers': 2, 'output_size': 5, 'conv_filters_per_block': 32, 'kernel_size_per_block': 3, 'use_dropout': False, 'dropout_rate': 0.3, 'reduction_ratio': 8, 'num_features': 187, 'input_size_after_flattening': 1472}
2025-06-22 14:10:28.949 | INFO     | src.fh.training_framework:run_training:415 - Model 'cnn_se_skip_model' van experiment 'CNN_SE_Skip_Experiment_1_heart_big_train' geïnitialiseerd en verplaatst naar cpu.
2025-06-22 14:10:28.951 | INFO     | src.fh.training_framework:run_training:472 - Scheduler is uitgeschakeld in configuratie.
2025-06-22 14:10:28.951 | INFO     | src.fh.training_framework:run_training:502 - Trainingsdataset: heart_big_train.parq, Samples: 100, Batch grootte: 32, Aantal batches: 4.
2025-06-22 14:10:28.951 | INFO     | src.fh.training_framework:run_training:503 - Testdataset: heart_big_test.parq, Samples: 50, Batch grootte: 32, Aantal batches: 2.
2025-06-22 14:10:29.031 | INFO     | src.fh.training_framework:run_training:529 - Experiment: CNN_SE_Skip_Experiment_1_heart_big_train, Epoch:  1/10, Train Loss: 1.6550, Test Loss: 1.7454, Abs Loss Diff: 0.0905, Rel Loss Diff (%): 5.18, Accuracy: 0.2800, Recall: 0.2800, Precision: 0.0784, F1: 0.1225, Duration: 0.08s, Current LR: 0.001000
2025-06-22 14:10:29.042 | SUCCESS  | src.fh.training_framework:run_training:622 - Saved best model for CNN_SE_Skip_Experiment_1_heart_big_train to /home/azureuser/mads-exam-fharren/src/fh/../../logs/20250622-141025_run_logs/20250622-141025_CNN_SE_Skip_Experiment_1_heart_big_train_best_model.pth (Abs Loss Diff: 0.0905, Recall: 0.2800, Accuracy: 0.2800).
2025-06-22 14:10:29.117 | INFO     | src.fh.training_framework:run_training:529 - Experiment: CNN_SE_Skip_Experiment_1_heart_big_train, Epoch:  2/10, Train Loss: 1.6225, Test Loss: 1.6619, Abs Loss Diff: 0.0395, Rel Loss Diff (%): 2.37, Accuracy: 0.1400, Recall: 0.1400, Precision: 0.0196, F1: 0.0344, Duration: 0.08s, Current LR: 0.001000
2025-06-22 14:10:29.133 | SUCCESS  | src.fh.training_framework:run_training:622 - Saved best model for CNN_SE_Skip_Experiment_1_heart_big_train to /home/azureuser/mads-exam-fharren/src/fh/../../logs/20250622-141025_run_logs/20250622-141025_CNN_SE_Skip_Experiment_1_heart_big_train_best_model.pth (Abs Loss Diff: 0.0395, Recall: 0.1400, Accuracy: 0.1400).
2025-06-22 14:10:29.201 | INFO     | src.fh.training_framework:run_training:529 - Experiment: CNN_SE_Skip_Experiment_1_heart_big_train, Epoch:  3/10, Train Loss: 1.6049, Test Loss: 1.6433, Abs Loss Diff: 0.0385, Rel Loss Diff (%): 2.34, Accuracy: 0.1800, Recall: 0.1800, Precision: 0.0324, F1: 0.0549, Duration: 0.07s, Current LR: 0.001000
2025-06-22 14:10:29.218 | SUCCESS  | src.fh.training_framework:run_training:622 - Saved best model for CNN_SE_Skip_Experiment_1_heart_big_train to /home/azureuser/mads-exam-fharren/src/fh/../../logs/20250622-141025_run_logs/20250622-141025_CNN_SE_Skip_Experiment_1_heart_big_train_best_model.pth (Abs Loss Diff: 0.0385, Recall: 0.1800, Accuracy: 0.1800).
2025-06-22 14:10:29.294 | INFO     | src.fh.training_framework:run_training:529 - Experiment: CNN_SE_Skip_Experiment_1_heart_big_train, Epoch:  4/10, Train Loss: 1.5874, Test Loss: 1.6474, Abs Loss Diff: 0.0600, Rel Loss Diff (%): 3.64, Accuracy: 0.1400, Recall: 0.1400, Precision: 0.0196, F1: 0.0344, Duration: 0.08s, Current LR: 0.001000
2025-06-22 14:10:29.374 | INFO     | src.fh.training_framework:run_training:529 - Experiment: CNN_SE_Skip_Experiment_1_heart_big_train, Epoch:  5/10, Train Loss: 1.5693, Test Loss: 1.6559, Abs Loss Diff: 0.0865, Rel Loss Diff (%): 5.23, Accuracy: 0.2600, Recall: 0.2600, Precision: 0.1191, F1: 0.1569, Duration: 0.07s, Current LR: 0.001000
2025-06-22 14:10:29.449 | INFO     | src.fh.training_framework:run_training:529 - Experiment: CNN_SE_Skip_Experiment_1_heart_big_train, Epoch:  6/10, Train Loss: 1.5517, Test Loss: 1.7159, Abs Loss Diff: 0.1642, Rel Loss Diff (%): 9.57, Accuracy: 0.2800, Recall: 0.2800, Precision: 0.0784, F1: 0.1225, Duration: 0.06s, Current LR: 0.001000
2025-06-22 14:10:29.524 | INFO     | src.fh.training_framework:run_training:529 - Experiment: CNN_SE_Skip_Experiment_1_heart_big_train, Epoch:  7/10, Train Loss: 1.5767, Test Loss: 1.6891, Abs Loss Diff: 0.1124, Rel Loss Diff (%): 6.65, Accuracy: 0.2800, Recall: 0.2800, Precision: 0.0800, F1: 0.1244, Duration: 0.06s, Current LR: 0.001000
2025-06-22 14:10:29.601 | INFO     | src.fh.training_framework:run_training:529 - Experiment: CNN_SE_Skip_Experiment_1_heart_big_train, Epoch:  8/10, Train Loss: 1.5342, Test Loss: 1.7034, Abs Loss Diff: 0.1692, Rel Loss Diff (%): 9.93, Accuracy: 0.2800, Recall: 0.2800, Precision: 0.0800, F1: 0.1244, Duration: 0.06s, Current LR: 0.001000
2025-06-22 14:10:29.679 | INFO     | src.fh.training_framework:run_training:529 - Experiment: CNN_SE_Skip_Experiment_1_heart_big_train, Epoch:  9/10, Train Loss: 1.5063, Test Loss: 1.7616, Abs Loss Diff: 0.2553, Rel Loss Diff (%): 14.49, Accuracy: 0.2800, Recall: 0.2800, Precision: 0.0784, F1: 0.1225, Duration: 0.06s, Current LR: 0.001000
2025-06-22 14:10:29.750 | INFO     | src.fh.training_framework:run_training:529 - Experiment: CNN_SE_Skip_Experiment_1_heart_big_train, Epoch: 10/10, Train Loss: 1.5281, Test Loss: 1.7972, Abs Loss Diff: 0.2691, Rel Loss Diff (%): 14.97, Accuracy: 0.2800, Recall: 0.2800, Precision: 0.0784, F1: 0.1225, Duration: 0.06s, Current LR: 0.001000
2025-06-22 14:10:29.763 | INFO     | src.fh.training_framework:run_training:645 - Training voor model CNN_SE_Skip_Experiment_1_heart_big_train voltooid. Totale duur: 0:00:00.818526
2025-06-22 14:10:29.764 | INFO     | __main__:run_experiment:210 - 
--- Uitvoeren CNN_SE_Skip Experiment 2/2 voor heart_big_train.parq ---
2025-06-22 14:10:29.765 | INFO     | __main__:run_experiment:225 - Berekende CNN_SE_Skip input_size_after_flattening voor lineaire laag: 1472
2025-06-22 14:10:29.765 | INFO     | src.fh.training_framework:run_training:328 - Starting training run for model: cnn_se_skip_model, experiment: CNN_SE_Skip_Experiment_2_heart_big_train
2025-06-22 14:10:29.765 | INFO     | src.fh.model_selector:get_model:26 - Model selector: aanmaken van model 'cnn_se_skip_model' met config: {'input_channels': 1, 'hidden_size': 128, 'num_layers': 3, 'output_size': 5, 'conv_filters_per_block': 64, 'kernel_size_per_block': 5, 'use_dropout': True, 'dropout_rate': 0.4, 'reduction_ratio': 16, 'num_features': 187, 'input_size_after_flattening': 1472}
2025-06-22 14:10:29.772 | INFO     | src.fh.training_framework:run_training:415 - Model 'cnn_se_skip_model' van experiment 'CNN_SE_Skip_Experiment_2_heart_big_train' geïnitialiseerd en verplaatst naar cpu.
2025-06-22 14:10:29.772 | INFO     | src.fh.training_framework:run_training:472 - Scheduler is uitgeschakeld in configuratie.
2025-06-22 14:10:29.773 | INFO     | src.fh.training_framework:run_training:502 - Trainingsdataset: heart_big_train.parq, Samples: 100, Batch grootte: 32, Aantal batches: 4.
2025-06-22 14:10:29.773 | INFO     | src.fh.training_framework:run_training:503 - Testdataset: heart_big_test.parq, Samples: 50, Batch grootte: 32, Aantal batches: 2.
2025-06-22 14:10:29.933 | INFO     | src.fh.training_framework:run_training:529 - Experiment: CNN_SE_Skip_Experiment_2_heart_big_train, Epoch:  1/10, Train Loss: 1.7372, Test Loss: 1.8813, Abs Loss Diff: 0.1441, Rel Loss Diff (%): 7.66, Accuracy: 0.2800, Recall: 0.2800, Precision: 0.0784, F1: 0.1225, Duration: 0.16s, Current LR: 0.001000
2025-06-22 14:10:29.946 | SUCCESS  | src.fh.training_framework:run_training:622 - Saved best model for CNN_SE_Skip_Experiment_2_heart_big_train to /home/azureuser/mads-exam-fharren/src/fh/../../logs/20250622-141025_run_logs/20250622-141025_CNN_SE_Skip_Experiment_2_heart_big_train_best_model.pth (Abs Loss Diff: 0.1441, Recall: 0.2800, Accuracy: 0.2800).
2025-06-22 14:10:30.095 | INFO     | src.fh.training_framework:run_training:529 - Experiment: CNN_SE_Skip_Experiment_2_heart_big_train, Epoch:  2/10, Train Loss: 1.6805, Test Loss: 1.8820, Abs Loss Diff: 0.2016, Rel Loss Diff (%): 10.71, Accuracy: 0.2800, Recall: 0.2800, Precision: 0.0784, F1: 0.1225, Duration: 0.15s, Current LR: 0.001000
2025-06-22 14:10:30.249 | INFO     | src.fh.training_framework:run_training:529 - Experiment: CNN_SE_Skip_Experiment_2_heart_big_train, Epoch:  3/10, Train Loss: 1.6770, Test Loss: 1.8821, Abs Loss Diff: 0.2051, Rel Loss Diff (%): 10.90, Accuracy: 0.2800, Recall: 0.2800, Precision: 0.0784, F1: 0.1225, Duration: 0.14s, Current LR: 0.001000
2025-06-22 14:10:30.404 | INFO     | src.fh.training_framework:run_training:529 - Experiment: CNN_SE_Skip_Experiment_2_heart_big_train, Epoch:  4/10, Train Loss: 1.6915, Test Loss: 1.8821, Abs Loss Diff: 0.1906, Rel Loss Diff (%): 10.13, Accuracy: 0.2800, Recall: 0.2800, Precision: 0.0784, F1: 0.1225, Duration: 0.14s, Current LR: 0.001000
2025-06-22 14:10:30.569 | INFO     | src.fh.training_framework:run_training:529 - Experiment: CNN_SE_Skip_Experiment_2_heart_big_train, Epoch:  5/10, Train Loss: 1.6779, Test Loss: 1.8821, Abs Loss Diff: 0.2042, Rel Loss Diff (%): 10.85, Accuracy: 0.2800, Recall: 0.2800, Precision: 0.0784, F1: 0.1225, Duration: 0.15s, Current LR: 0.001000
2025-06-22 14:10:30.715 | INFO     | src.fh.training_framework:run_training:529 - Experiment: CNN_SE_Skip_Experiment_2_heart_big_train, Epoch:  6/10, Train Loss: 1.6803, Test Loss: 1.8821, Abs Loss Diff: 0.2019, Rel Loss Diff (%): 10.73, Accuracy: 0.2800, Recall: 0.2800, Precision: 0.0784, F1: 0.1225, Duration: 0.13s, Current LR: 0.001000
2025-06-22 14:10:30.857 | INFO     | src.fh.training_framework:run_training:529 - Experiment: CNN_SE_Skip_Experiment_2_heart_big_train, Epoch:  7/10, Train Loss: 1.6572, Test Loss: 1.8821, Abs Loss Diff: 0.2249, Rel Loss Diff (%): 11.95, Accuracy: 0.2800, Recall: 0.2800, Precision: 0.0784, F1: 0.1225, Duration: 0.13s, Current LR: 0.001000
2025-06-22 14:10:31.008 | INFO     | src.fh.training_framework:run_training:529 - Experiment: CNN_SE_Skip_Experiment_2_heart_big_train, Epoch:  8/10, Train Loss: 1.6586, Test Loss: 1.8821, Abs Loss Diff: 0.2236, Rel Loss Diff (%): 11.88, Accuracy: 0.2800, Recall: 0.2800, Precision: 0.0784, F1: 0.1225, Duration: 0.14s, Current LR: 0.001000
2025-06-22 14:10:31.178 | INFO     | src.fh.training_framework:run_training:529 - Experiment: CNN_SE_Skip_Experiment_2_heart_big_train, Epoch:  9/10, Train Loss: 1.6693, Test Loss: 1.8821, Abs Loss Diff: 0.2128, Rel Loss Diff (%): 11.31, Accuracy: 0.2800, Recall: 0.2800, Precision: 0.0784, F1: 0.1225, Duration: 0.16s, Current LR: 0.001000
2025-06-22 14:10:31.323 | INFO     | src.fh.training_framework:run_training:529 - Experiment: CNN_SE_Skip_Experiment_2_heart_big_train, Epoch: 10/10, Train Loss: 1.6725, Test Loss: 1.8821, Abs Loss Diff: 0.2096, Rel Loss Diff (%): 11.14, Accuracy: 0.2800, Recall: 0.2800, Precision: 0.0784, F1: 0.1225, Duration: 0.13s, Current LR: 0.001000
2025-06-22 14:10:31.336 | INFO     | src.fh.training_framework:run_training:645 - Training voor model CNN_SE_Skip_Experiment_2_heart_big_train voltooid. Totale duur: 0:00:01.570743
2025-06-22 14:10:31.337 | INFO     | __main__:run_experiment:235 - CNN_SE_Skip model training voltooid voor heart_big_train.parq.
2025-06-22 14:10:31.338 | INFO     | __main__:run_experiment:241 - 
--- Start Training GRU Model (Hyperparameter Tuning) ---
2025-06-22 14:10:31.338 | INFO     | __main__:run_experiment:252 - 
--- Uitvoeren GRU Experiment 1/2 voor heart_big_train.parq ---
2025-06-22 14:10:31.338 | INFO     | src.fh.training_framework:run_training:328 - Starting training run for model: gru_model, experiment: GRU_Experiment_1_heart_big_train
2025-06-22 14:10:31.338 | INFO     | src.fh.model_selector:get_model:26 - Model selector: aanmaken van model 'gru_model' met config: {'input_size': 187, 'hidden_size': 64, 'num_layers': 1, 'output_size': 5, 'dropout': 0.0}
2025-06-22 14:10:31.339 | INFO     | src.fh.models.gru_model:__init__:20 - Initializing GRUModel...
2025-06-22 14:10:31.341 | INFO     | src.fh.models.gru_model:__init__:64 - GRUModel initialized. Total parameters: 48901
2025-06-22 14:10:31.342 | INFO     | src.fh.training_framework:run_training:415 - Model 'gru_model' van experiment 'GRU_Experiment_1_heart_big_train' geïnitialiseerd en verplaatst naar cpu.
2025-06-22 14:10:31.342 | INFO     | src.fh.training_framework:run_training:472 - Scheduler is uitgeschakeld in configuratie.
2025-06-22 14:10:31.343 | INFO     | src.fh.training_framework:run_training:502 - Trainingsdataset: heart_big_train.parq, Samples: 100, Batch grootte: 32, Aantal batches: 4.
2025-06-22 14:10:31.343 | INFO     | src.fh.training_framework:run_training:503 - Testdataset: heart_big_test.parq, Samples: 50, Batch grootte: 32, Aantal batches: 2.
2025-06-22 14:10:31.368 | INFO     | src.fh.training_framework:run_training:529 - Experiment: GRU_Experiment_1_heart_big_train, Epoch:  1/10, Train Loss: 1.6551, Test Loss: 1.6223, Abs Loss Diff: 0.0328, Rel Loss Diff (%): 2.02, Accuracy: 0.1800, Recall: 0.1800, Precision: 0.2285, F1: 0.1842, Duration: 0.02s, Current LR: 0.001000
2025-06-22 14:10:31.376 | SUCCESS  | src.fh.training_framework:run_training:622 - Saved best model for GRU_Experiment_1_heart_big_train to /home/azureuser/mads-exam-fharren/src/fh/../../logs/20250622-141025_run_logs/20250622-141025_GRU_Experiment_1_heart_big_train_best_model.pth (Abs Loss Diff: 0.0328, Recall: 0.1800, Accuracy: 0.1800).
2025-06-22 14:10:31.399 | INFO     | src.fh.training_framework:run_training:529 - Experiment: GRU_Experiment_1_heart_big_train, Epoch:  2/10, Train Loss: 1.5137, Test Loss: 1.6268, Abs Loss Diff: 0.1132, Rel Loss Diff (%): 6.96, Accuracy: 0.1800, Recall: 0.1800, Precision: 0.1522, F1: 0.1556, Duration: 0.02s, Current LR: 0.001000
2025-06-22 14:10:31.433 | INFO     | src.fh.training_framework:run_training:529 - Experiment: GRU_Experiment_1_heart_big_train, Epoch:  3/10, Train Loss: 1.4194, Test Loss: 1.6321, Abs Loss Diff: 0.2127, Rel Loss Diff (%): 13.03, Accuracy: 0.2000, Recall: 0.2000, Precision: 0.1499, F1: 0.1663, Duration: 0.02s, Current LR: 0.001000
2025-06-22 14:10:31.465 | INFO     | src.fh.training_framework:run_training:529 - Experiment: GRU_Experiment_1_heart_big_train, Epoch:  4/10, Train Loss: 1.3365, Test Loss: 1.6371, Abs Loss Diff: 0.3005, Rel Loss Diff (%): 18.36, Accuracy: 0.1800, Recall: 0.1800, Precision: 0.1351, F1: 0.1512, Duration: 0.02s, Current LR: 0.001000
2025-06-22 14:10:31.498 | INFO     | src.fh.training_framework:run_training:529 - Experiment: GRU_Experiment_1_heart_big_train, Epoch:  5/10, Train Loss: 1.2544, Test Loss: 1.6416, Abs Loss Diff: 0.3872, Rel Loss Diff (%): 23.59, Accuracy: 0.1800, Recall: 0.1800, Precision: 0.1297, F1: 0.1487, Duration: 0.02s, Current LR: 0.001000
2025-06-22 14:10:31.533 | INFO     | src.fh.training_framework:run_training:529 - Experiment: GRU_Experiment_1_heart_big_train, Epoch:  6/10, Train Loss: 1.1782, Test Loss: 1.6461, Abs Loss Diff: 0.4680, Rel Loss Diff (%): 28.43, Accuracy: 0.2200, Recall: 0.2200, Precision: 0.2572, F1: 0.2107, Duration: 0.02s, Current LR: 0.001000
2025-06-22 14:10:31.567 | INFO     | src.fh.training_framework:run_training:529 - Experiment: GRU_Experiment_1_heart_big_train, Epoch:  7/10, Train Loss: 1.1085, Test Loss: 1.6503, Abs Loss Diff: 0.5418, Rel Loss Diff (%): 32.83, Accuracy: 0.2200, Recall: 0.2200, Precision: 0.2623, F1: 0.2136, Duration: 0.02s, Current LR: 0.001000
2025-06-22 14:10:31.601 | INFO     | src.fh.training_framework:run_training:529 - Experiment: GRU_Experiment_1_heart_big_train, Epoch:  8/10, Train Loss: 1.0364, Test Loss: 1.6549, Abs Loss Diff: 0.6185, Rel Loss Diff (%): 37.38, Accuracy: 0.2200, Recall: 0.2200, Precision: 0.2623, F1: 0.2136, Duration: 0.02s, Current LR: 0.001000
2025-06-22 14:10:31.645 | INFO     | src.fh.training_framework:run_training:529 - Experiment: GRU_Experiment_1_heart_big_train, Epoch:  9/10, Train Loss: 0.9648, Test Loss: 1.6600, Abs Loss Diff: 0.6952, Rel Loss Diff (%): 41.88, Accuracy: 0.2000, Recall: 0.2000, Precision: 0.2487, F1: 0.1971, Duration: 0.03s, Current LR: 0.001000
2025-06-22 14:10:31.680 | INFO     | src.fh.training_framework:run_training:529 - Experiment: GRU_Experiment_1_heart_big_train, Epoch: 10/10, Train Loss: 0.9101, Test Loss: 1.6660, Abs Loss Diff: 0.7559, Rel Loss Diff (%): 45.37, Accuracy: 0.1800, Recall: 0.1800, Precision: 0.1583, F1: 0.1594, Duration: 0.02s, Current LR: 0.001000
2025-06-22 14:10:31.692 | INFO     | src.fh.training_framework:run_training:645 - Training voor model GRU_Experiment_1_heart_big_train voltooid. Totale duur: 0:00:00.354103
2025-06-22 14:10:31.694 | INFO     | __main__:run_experiment:252 - 
--- Uitvoeren GRU Experiment 2/2 voor heart_big_train.parq ---
2025-06-22 14:10:31.694 | INFO     | src.fh.training_framework:run_training:328 - Starting training run for model: gru_model, experiment: GRU_Experiment_2_heart_big_train
2025-06-22 14:10:31.694 | INFO     | src.fh.model_selector:get_model:26 - Model selector: aanmaken van model 'gru_model' met config: {'input_size': 187, 'hidden_size': 128, 'num_layers': 2, 'output_size': 5, 'dropout': 0.2}
2025-06-22 14:10:31.695 | INFO     | src.fh.models.gru_model:__init__:20 - Initializing GRUModel...
2025-06-22 14:10:31.698 | INFO     | src.fh.models.gru_model:__init__:64 - GRUModel initialized. Total parameters: 221445
2025-06-22 14:10:31.699 | INFO     | src.fh.training_framework:run_training:415 - Model 'gru_model' van experiment 'GRU_Experiment_2_heart_big_train' geïnitialiseerd en verplaatst naar cpu.
2025-06-22 14:10:31.700 | INFO     | src.fh.training_framework:run_training:472 - Scheduler is uitgeschakeld in configuratie.
2025-06-22 14:10:31.700 | INFO     | src.fh.training_framework:run_training:502 - Trainingsdataset: heart_big_train.parq, Samples: 100, Batch grootte: 32, Aantal batches: 4.
2025-06-22 14:10:31.700 | INFO     | src.fh.training_framework:run_training:503 - Testdataset: heart_big_test.parq, Samples: 50, Batch grootte: 32, Aantal batches: 2.
2025-06-22 14:10:31.734 | INFO     | src.fh.training_framework:run_training:529 - Experiment: GRU_Experiment_2_heart_big_train, Epoch:  1/10, Train Loss: 1.6170, Test Loss: 1.5936, Abs Loss Diff: 0.0234, Rel Loss Diff (%): 1.47, Accuracy: 0.1400, Recall: 0.1400, Precision: 0.0959, F1: 0.0808, Duration: 0.03s, Current LR: 0.001000
2025-06-22 14:10:31.744 | SUCCESS  | src.fh.training_framework:run_training:622 - Saved best model for GRU_Experiment_2_heart_big_train to /home/azureuser/mads-exam-fharren/src/fh/../../logs/20250622-141025_run_logs/20250622-141025_GRU_Experiment_2_heart_big_train_best_model.pth (Abs Loss Diff: 0.0234, Recall: 0.1400, Accuracy: 0.1400).
2025-06-22 14:10:31.777 | INFO     | src.fh.training_framework:run_training:529 - Experiment: GRU_Experiment_2_heart_big_train, Epoch:  2/10, Train Loss: 1.5390, Test Loss: 1.6009, Abs Loss Diff: 0.0620, Rel Loss Diff (%): 3.87, Accuracy: 0.1400, Recall: 0.1400, Precision: 0.0959, F1: 0.0808, Duration: 0.03s, Current LR: 0.001000
2025-06-22 14:10:31.819 | INFO     | src.fh.training_framework:run_training:529 - Experiment: GRU_Experiment_2_heart_big_train, Epoch:  3/10, Train Loss: 1.4616, Test Loss: 1.6049, Abs Loss Diff: 0.1433, Rel Loss Diff (%): 8.93, Accuracy: 0.1600, Recall: 0.1600, Precision: 0.0975, F1: 0.0984, Duration: 0.03s, Current LR: 0.001000
2025-06-22 14:10:31.863 | INFO     | src.fh.training_framework:run_training:529 - Experiment: GRU_Experiment_2_heart_big_train, Epoch:  4/10, Train Loss: 1.3933, Test Loss: 1.6095, Abs Loss Diff: 0.2161, Rel Loss Diff (%): 13.43, Accuracy: 0.1600, Recall: 0.1600, Precision: 0.0748, F1: 0.0902, Duration: 0.03s, Current LR: 0.001000
2025-06-22 14:10:31.906 | INFO     | src.fh.training_framework:run_training:529 - Experiment: GRU_Experiment_2_heart_big_train, Epoch:  5/10, Train Loss: 1.3169, Test Loss: 1.6166, Abs Loss Diff: 0.2997, Rel Loss Diff (%): 18.54, Accuracy: 0.1600, Recall: 0.1600, Precision: 0.0827, F1: 0.1014, Duration: 0.03s, Current LR: 0.001000
2025-06-22 14:10:31.949 | INFO     | src.fh.training_framework:run_training:529 - Experiment: GRU_Experiment_2_heart_big_train, Epoch:  6/10, Train Loss: 1.2172, Test Loss: 1.6267, Abs Loss Diff: 0.4095, Rel Loss Diff (%): 25.17, Accuracy: 0.1800, Recall: 0.1800, Precision: 0.1100, F1: 0.1276, Duration: 0.03s, Current LR: 0.001000
2025-06-22 14:10:32.001 | INFO     | src.fh.training_framework:run_training:529 - Experiment: GRU_Experiment_2_heart_big_train, Epoch:  7/10, Train Loss: 1.1237, Test Loss: 1.6395, Abs Loss Diff: 0.5157, Rel Loss Diff (%): 31.46, Accuracy: 0.2000, Recall: 0.2000, Precision: 0.1240, F1: 0.1481, Duration: 0.04s, Current LR: 0.001000
2025-06-22 14:10:32.053 | INFO     | src.fh.training_framework:run_training:529 - Experiment: GRU_Experiment_2_heart_big_train, Epoch:  8/10, Train Loss: 1.0213, Test Loss: 1.6566, Abs Loss Diff: 0.6353, Rel Loss Diff (%): 38.35, Accuracy: 0.1800, Recall: 0.1800, Precision: 0.1118, F1: 0.1354, Duration: 0.04s, Current LR: 0.001000
2025-06-22 14:10:32.110 | INFO     | src.fh.training_framework:run_training:529 - Experiment: GRU_Experiment_2_heart_big_train, Epoch:  9/10, Train Loss: 0.9463, Test Loss: 1.6763, Abs Loss Diff: 0.7300, Rel Loss Diff (%): 43.55, Accuracy: 0.1800, Recall: 0.1800, Precision: 0.1132, F1: 0.1368, Duration: 0.04s, Current LR: 0.001000
2025-06-22 14:10:32.155 | INFO     | src.fh.training_framework:run_training:529 - Experiment: GRU_Experiment_2_heart_big_train, Epoch: 10/10, Train Loss: 0.7889, Test Loss: 1.6992, Abs Loss Diff: 0.9103, Rel Loss Diff (%): 53.57, Accuracy: 0.1600, Recall: 0.1600, Precision: 0.1353, F1: 0.1384, Duration: 0.03s, Current LR: 0.001000
2025-06-22 14:10:32.167 | INFO     | src.fh.training_framework:run_training:645 - Training voor model GRU_Experiment_2_heart_big_train voltooid. Totale duur: 0:00:00.472265
2025-06-22 14:10:32.168 | INFO     | __main__:run_experiment:262 - GRU model training voltooid voor heart_big_train.parq.
2025-06-22 14:10:32.168 | INFO     | __main__:run_experiment:84 - 
--- Start experimenten voor trainingsbestand: heart_big_train_synthetic.parquet (2/2) ---
2025-06-22 14:10:32.168 | INFO     | __main__:run_experiment:91 - Vastgestelde feature count: 187, class count: 5
2025-06-22 14:10:32.169 | INFO     | __main__:run_experiment:98 - Laden van data van /home/azureuser/mads-exam-fharren/src/fh/../../data/heart_big_train_synthetic.parquet en /home/azureuser/mads-exam-fharren/src/fh/../../data/heart_big_test.parq...
2025-06-22 14:10:32.169 | INFO     | src.fh.data_loader:get_data_loaders:93 - Start aanmaken data loaders. Training bestand: /home/azureuser/mads-exam-fharren/src/fh/../../data/heart_big_train_synthetic.parquet, Test bestand: /home/azureuser/mads-exam-fharren/src/fh/../../data/heart_big_test.parq
2025-06-22 14:10:32.185 | INFO     | src.fh.data_loader:get_data_loaders:98 - Succesvol trainingsbestand '/home/azureuser/mads-exam-fharren/src/fh/../../data/heart_big_train_synthetic.parquet' geladen (120 rijen).
2025-06-22 14:10:32.199 | INFO     | src.fh.data_loader:get_data_loaders:109 - Succesvol testbestand '/home/azureuser/mads-exam-fharren/src/fh/../../data/heart_big_test.parq' geladen (50 rijen).
2025-06-22 14:10:32.202 | INFO     | src.fh.data_loader:get_data_loaders:132 - StandardScaler getraind op trainingsdata.
2025-06-22 14:10:32.206 | INFO     | src.fh.data_loader:get_data_loaders:141 - Datasets succesvol aangemaakt.
2025-06-22 14:10:32.206 | INFO     | src.fh.data_loader:get_data_loaders:149 - DataLoaders succesvol aangemaakt.
2025-06-22 14:10:32.207 | SUCCESS  | __main__:run_experiment:108 - Data loaders succesvol aangemaakt.
2025-06-22 14:10:32.209 | INFO     | __main__:run_experiment:118 - Berekende klasse-gewichten voor heart_big_train_synthetic.parquet: [1.0, 0.9230769276618958, 1.0, 0.9599999785423279, 1.1428571939468384]
2025-06-22 14:10:32.209 | INFO     | __main__:run_experiment:132 - Initialiseren van de Trainer...
2025-06-22 14:10:32.217 | INFO     | src.fh.training_framework:__init__:99 - Initializing Trainer. Using device: cpu
2025-06-22 14:10:32.218 | INFO     | src.fh.training_framework:__init__:100 - Logging and outputs for this run will be stored in: /home/azureuser/mads-exam-fharren/src/fh/../../logs/20250622-141025_run_logs
2025-06-22 14:10:32.219 | INFO     | __main__:run_experiment:139 - Trainer succesvol geïnitialiseerd.
2025-06-22 14:10:32.219 | INFO     | __main__:run_experiment:142 - 
--- Start Training Baseline Model ---
2025-06-22 14:10:32.220 | INFO     | src.fh.training_framework:run_training:328 - Starting training run for model: baseline_model, experiment: Baseline_heart_big_train_synthetic
2025-06-22 14:10:32.220 | INFO     | src.fh.model_selector:get_model:26 - Model selector: aanmaken van model 'baseline_model' met config: {'input_size': 187, 'output_size': 5}
2025-06-22 14:10:32.220 | INFO     | src.fh.models.baseline_model:__init__:19 - Initializing BaselineModel...
2025-06-22 14:10:32.223 | INFO     | src.fh.models.baseline_model:__init__:38 - BaselineModel initialized with input_size=187, hidden_size=64, output_size=5.
2025-06-22 14:10:32.225 | INFO     | src.fh.training_framework:run_training:415 - Model 'baseline_model' van experiment 'Baseline_heart_big_train_synthetic' geïnitialiseerd en verplaatst naar cpu.
2025-06-22 14:10:32.226 | INFO     | src.fh.training_framework:run_training:472 - Scheduler is uitgeschakeld in configuratie.
2025-06-22 14:10:32.227 | INFO     | src.fh.training_framework:run_training:502 - Trainingsdataset: heart_big_train_synthetic.parquet, Samples: 120, Batch grootte: 32, Aantal batches: 4.
2025-06-22 14:10:32.227 | INFO     | src.fh.training_framework:run_training:503 - Testdataset: heart_big_test.parq, Samples: 50, Batch grootte: 32, Aantal batches: 2.
2025-06-22 14:10:32.260 | INFO     | src.fh.training_framework:run_training:529 - Experiment: Baseline_heart_big_train_synthetic, Epoch:  1/10, Train Loss: 1.6337, Test Loss: 1.6642, Abs Loss Diff: 0.0306, Rel Loss Diff (%): 1.84, Accuracy: 0.1600, Recall: 0.1600, Precision: 0.1788, F1: 0.1586, Duration: 0.03s, Current LR: 0.001000
2025-06-22 14:10:32.268 | SUCCESS  | src.fh.training_framework:run_training:622 - Saved best model for Baseline_heart_big_train_synthetic to /home/azureuser/mads-exam-fharren/src/fh/../../logs/20250622-141025_run_logs/20250622-141025_Baseline_heart_big_train_synthetic_best_model.pth (Abs Loss Diff: 0.0306, Recall: 0.1600, Accuracy: 0.1600).
2025-06-22 14:10:32.297 | INFO     | src.fh.training_framework:run_training:529 - Experiment: Baseline_heart_big_train_synthetic, Epoch:  2/10, Train Loss: 1.5238, Test Loss: 1.6607, Abs Loss Diff: 0.1369, Rel Loss Diff (%): 8.24, Accuracy: 0.1400, Recall: 0.1400, Precision: 0.1670, F1: 0.1436, Duration: 0.03s, Current LR: 0.001000
2025-06-22 14:10:32.338 | INFO     | src.fh.training_framework:run_training:529 - Experiment: Baseline_heart_big_train_synthetic, Epoch:  3/10, Train Loss: 1.4385, Test Loss: 1.6573, Abs Loss Diff: 0.2188, Rel Loss Diff (%): 13.20, Accuracy: 0.1400, Recall: 0.1400, Precision: 0.1665, F1: 0.1434, Duration: 0.03s, Current LR: 0.001000
2025-06-22 14:10:32.378 | INFO     | src.fh.training_framework:run_training:529 - Experiment: Baseline_heart_big_train_synthetic, Epoch:  4/10, Train Loss: 1.3616, Test Loss: 1.6549, Abs Loss Diff: 0.2934, Rel Loss Diff (%): 17.73, Accuracy: 0.1800, Recall: 0.1800, Precision: 0.1939, F1: 0.1765, Duration: 0.03s, Current LR: 0.001000
2025-06-22 14:10:32.418 | INFO     | src.fh.training_framework:run_training:529 - Experiment: Baseline_heart_big_train_synthetic, Epoch:  5/10, Train Loss: 1.2887, Test Loss: 1.6542, Abs Loss Diff: 0.3654, Rel Loss Diff (%): 22.09, Accuracy: 0.1800, Recall: 0.1800, Precision: 0.1903, F1: 0.1761, Duration: 0.03s, Current LR: 0.001000
2025-06-22 14:10:32.459 | INFO     | src.fh.training_framework:run_training:529 - Experiment: Baseline_heart_big_train_synthetic, Epoch:  6/10, Train Loss: 1.2161, Test Loss: 1.6546, Abs Loss Diff: 0.4385, Rel Loss Diff (%): 26.50, Accuracy: 0.1800, Recall: 0.1800, Precision: 0.1956, F1: 0.1799, Duration: 0.03s, Current LR: 0.001000
2025-06-22 14:10:32.499 | INFO     | src.fh.training_framework:run_training:529 - Experiment: Baseline_heart_big_train_synthetic, Epoch:  7/10, Train Loss: 1.1471, Test Loss: 1.6552, Abs Loss Diff: 0.5081, Rel Loss Diff (%): 30.70, Accuracy: 0.2000, Recall: 0.2000, Precision: 0.2030, F1: 0.1924, Duration: 0.03s, Current LR: 0.001000
2025-06-22 14:10:32.541 | INFO     | src.fh.training_framework:run_training:529 - Experiment: Baseline_heart_big_train_synthetic, Epoch:  8/10, Train Loss: 1.0783, Test Loss: 1.6561, Abs Loss Diff: 0.5778, Rel Loss Diff (%): 34.89, Accuracy: 0.2000, Recall: 0.2000, Precision: 0.2173, F1: 0.1952, Duration: 0.03s, Current LR: 0.001000
2025-06-22 14:10:32.586 | INFO     | src.fh.training_framework:run_training:529 - Experiment: Baseline_heart_big_train_synthetic, Epoch:  9/10, Train Loss: 1.0105, Test Loss: 1.6584, Abs Loss Diff: 0.6480, Rel Loss Diff (%): 39.07, Accuracy: 0.2200, Recall: 0.2200, Precision: 0.2506, F1: 0.2228, Duration: 0.03s, Current LR: 0.001000
2025-06-22 14:10:32.627 | INFO     | src.fh.training_framework:run_training:529 - Experiment: Baseline_heart_big_train_synthetic, Epoch: 10/10, Train Loss: 0.9430, Test Loss: 1.6595, Abs Loss Diff: 0.7165, Rel Loss Diff (%): 43.17, Accuracy: 0.2200, Recall: 0.2200, Precision: 0.2506, F1: 0.2228, Duration: 0.03s, Current LR: 0.001000
2025-06-22 14:10:32.640 | INFO     | src.fh.training_framework:run_training:645 - Training voor model Baseline_heart_big_train_synthetic voltooid. Totale duur: 0:00:00.420233
2025-06-22 14:10:32.642 | INFO     | __main__:run_experiment:156 - Baseline model training voltooid voor heart_big_train_synthetic.parquet.
2025-06-22 14:10:32.643 | INFO     | __main__:run_experiment:159 - 
--- Start Training CNN Model (Hyperparameter Tuning) ---
2025-06-22 14:10:32.643 | INFO     | __main__:run_experiment:171 - 
--- Uitvoeren CNN Experiment 1/2 voor heart_big_train_synthetic.parquet ---
2025-06-22 14:10:32.643 | INFO     | __main__:run_experiment:184 - Berekende CNN input_size_after_flattening voor lineaire laag: 1472
2025-06-22 14:10:32.643 | INFO     | src.fh.training_framework:run_training:328 - Starting training run for model: cnn_model, experiment: CNN_Experiment_1_heart_big_train_synthetic
2025-06-22 14:10:32.643 | INFO     | src.fh.model_selector:get_model:26 - Model selector: aanmaken van model 'cnn_model' met config: {'input_channels': 1, 'hidden_size': 32, 'num_layers': 2, 'output_size': 5, 'conv_filters': [16, 32], 'kernel_size': 3, 'use_dropout': False, 'dropout_rate': 0.5, 'num_features': 187, 'input_size_after_flattening': 1472}
2025-06-22 14:10:32.644 | INFO     | src.fh.models.cnn_model:__init__:21 - Initializing CNNModel...
2025-06-22 14:10:32.648 | INFO     | src.fh.models.cnn_model:__init__:77 - CNNModel initialized. Total parameters: 48933
2025-06-22 14:10:32.648 | INFO     | src.fh.training_framework:run_training:415 - Model 'cnn_model' van experiment 'CNN_Experiment_1_heart_big_train_synthetic' geïnitialiseerd en verplaatst naar cpu.
2025-06-22 14:10:32.649 | INFO     | src.fh.training_framework:run_training:472 - Scheduler is uitgeschakeld in configuratie.
2025-06-22 14:10:32.649 | INFO     | src.fh.training_framework:run_training:502 - Trainingsdataset: heart_big_train_synthetic.parquet, Samples: 120, Batch grootte: 32, Aantal batches: 4.
2025-06-22 14:10:32.649 | INFO     | src.fh.training_framework:run_training:503 - Testdataset: heart_big_test.parq, Samples: 50, Batch grootte: 32, Aantal batches: 2.
2025-06-22 14:10:32.689 | INFO     | src.fh.training_framework:run_training:529 - Experiment: CNN_Experiment_1_heart_big_train_synthetic, Epoch:  1/10, Train Loss: 1.6281, Test Loss: 1.6008, Abs Loss Diff: 0.0273, Rel Loss Diff (%): 1.71, Accuracy: 0.2800, Recall: 0.2800, Precision: 0.0800, F1: 0.1244, Duration: 0.04s, Current LR: 0.001000
2025-06-22 14:10:32.698 | SUCCESS  | src.fh.training_framework:run_training:622 - Saved best model for CNN_Experiment_1_heart_big_train_synthetic to /home/azureuser/mads-exam-fharren/src/fh/../../logs/20250622-141025_run_logs/20250622-141025_CNN_Experiment_1_heart_big_train_synthetic_best_model.pth (Abs Loss Diff: 0.0273, Recall: 0.2800, Accuracy: 0.2800).
2025-06-22 14:10:32.734 | INFO     | src.fh.training_framework:run_training:529 - Experiment: CNN_Experiment_1_heart_big_train_synthetic, Epoch:  2/10, Train Loss: 1.5883, Test Loss: 1.6099, Abs Loss Diff: 0.0215, Rel Loss Diff (%): 1.34, Accuracy: 0.1800, Recall: 0.1800, Precision: 0.3100, F1: 0.0879, Duration: 0.04s, Current LR: 0.001000
2025-06-22 14:10:32.750 | SUCCESS  | src.fh.training_framework:run_training:622 - Saved best model for CNN_Experiment_1_heart_big_train_synthetic to /home/azureuser/mads-exam-fharren/src/fh/../../logs/20250622-141025_run_logs/20250622-141025_CNN_Experiment_1_heart_big_train_synthetic_best_model.pth (Abs Loss Diff: 0.0215, Recall: 0.1800, Accuracy: 0.1800).
2025-06-22 14:10:32.786 | INFO     | src.fh.training_framework:run_training:529 - Experiment: CNN_Experiment_1_heart_big_train_synthetic, Epoch:  3/10, Train Loss: 1.5664, Test Loss: 1.6028, Abs Loss Diff: 0.0364, Rel Loss Diff (%): 2.27, Accuracy: 0.2400, Recall: 0.2400, Precision: 0.1250, F1: 0.1191, Duration: 0.04s, Current LR: 0.001000
2025-06-22 14:10:32.834 | INFO     | src.fh.training_framework:run_training:529 - Experiment: CNN_Experiment_1_heart_big_train_synthetic, Epoch:  4/10, Train Loss: 1.5485, Test Loss: 1.5805, Abs Loss Diff: 0.0320, Rel Loss Diff (%): 2.03, Accuracy: 0.3000, Recall: 0.3000, Precision: 0.1608, F1: 0.2032, Duration: 0.03s, Current LR: 0.001000
2025-06-22 14:10:32.883 | INFO     | src.fh.training_framework:run_training:529 - Experiment: CNN_Experiment_1_heart_big_train_synthetic, Epoch:  5/10, Train Loss: 1.4949, Test Loss: 1.5910, Abs Loss Diff: 0.0961, Rel Loss Diff (%): 6.04, Accuracy: 0.2800, Recall: 0.2800, Precision: 0.3977, F1: 0.2489, Duration: 0.04s, Current LR: 0.001000
2025-06-22 14:10:32.932 | INFO     | src.fh.training_framework:run_training:529 - Experiment: CNN_Experiment_1_heart_big_train_synthetic, Epoch:  6/10, Train Loss: 1.4554, Test Loss: 1.6006, Abs Loss Diff: 0.1452, Rel Loss Diff (%): 9.07, Accuracy: 0.2400, Recall: 0.2400, Precision: 0.4702, F1: 0.1621, Duration: 0.04s, Current LR: 0.001000
2025-06-22 14:10:32.991 | INFO     | src.fh.training_framework:run_training:529 - Experiment: CNN_Experiment_1_heart_big_train_synthetic, Epoch:  7/10, Train Loss: 1.4020, Test Loss: 1.5788, Abs Loss Diff: 0.1768, Rel Loss Diff (%): 11.20, Accuracy: 0.2000, Recall: 0.2000, Precision: 0.2983, F1: 0.1996, Duration: 0.05s, Current LR: 0.001000
2025-06-22 14:10:33.049 | INFO     | src.fh.training_framework:run_training:529 - Experiment: CNN_Experiment_1_heart_big_train_synthetic, Epoch:  8/10, Train Loss: 1.3482, Test Loss: 1.5738, Abs Loss Diff: 0.2256, Rel Loss Diff (%): 14.34, Accuracy: 0.2000, Recall: 0.2000, Precision: 0.2066, F1: 0.1844, Duration: 0.04s, Current LR: 0.001000
2025-06-22 14:10:33.107 | INFO     | src.fh.training_framework:run_training:529 - Experiment: CNN_Experiment_1_heart_big_train_synthetic, Epoch:  9/10, Train Loss: 1.2631, Test Loss: 1.5656, Abs Loss Diff: 0.3025, Rel Loss Diff (%): 19.32, Accuracy: 0.2800, Recall: 0.2800, Precision: 0.3217, F1: 0.2391, Duration: 0.05s, Current LR: 0.001000
2025-06-22 14:10:33.158 | INFO     | src.fh.training_framework:run_training:529 - Experiment: CNN_Experiment_1_heart_big_train_synthetic, Epoch: 10/10, Train Loss: 1.2124, Test Loss: 1.5687, Abs Loss Diff: 0.3562, Rel Loss Diff (%): 22.71, Accuracy: 0.2400, Recall: 0.2400, Precision: 0.2715, F1: 0.2387, Duration: 0.04s, Current LR: 0.001000
2025-06-22 14:10:33.170 | INFO     | src.fh.training_framework:run_training:645 - Training voor model CNN_Experiment_1_heart_big_train_synthetic voltooid. Totale duur: 0:00:00.526852
2025-06-22 14:10:33.172 | INFO     | __main__:run_experiment:171 - 
--- Uitvoeren CNN Experiment 2/2 voor heart_big_train_synthetic.parquet ---
2025-06-22 14:10:33.172 | INFO     | __main__:run_experiment:184 - Berekende CNN input_size_after_flattening voor lineaire laag: 2944
2025-06-22 14:10:33.172 | INFO     | src.fh.training_framework:run_training:328 - Starting training run for model: cnn_model, experiment: CNN_Experiment_2_heart_big_train_synthetic
2025-06-22 14:10:33.173 | INFO     | src.fh.model_selector:get_model:26 - Model selector: aanmaken van model 'cnn_model' met config: {'input_channels': 1, 'hidden_size': 64, 'num_layers': 2, 'output_size': 5, 'conv_filters': [32, 64], 'kernel_size': 5, 'use_dropout': True, 'dropout_rate': 0.3, 'num_features': 187, 'input_size_after_flattening': 2944}
2025-06-22 14:10:33.173 | INFO     | src.fh.models.cnn_model:__init__:21 - Initializing CNNModel...
2025-06-22 14:10:33.177 | INFO     | src.fh.models.cnn_model:__init__:77 - CNNModel initialized. Total parameters: 199301
2025-06-22 14:10:33.178 | INFO     | src.fh.training_framework:run_training:415 - Model 'cnn_model' van experiment 'CNN_Experiment_2_heart_big_train_synthetic' geïnitialiseerd en verplaatst naar cpu.
2025-06-22 14:10:33.179 | INFO     | src.fh.training_framework:run_training:472 - Scheduler is uitgeschakeld in configuratie.
2025-06-22 14:10:33.179 | INFO     | src.fh.training_framework:run_training:502 - Trainingsdataset: heart_big_train_synthetic.parquet, Samples: 120, Batch grootte: 32, Aantal batches: 4.
2025-06-22 14:10:33.179 | INFO     | src.fh.training_framework:run_training:503 - Testdataset: heart_big_test.parq, Samples: 50, Batch grootte: 32, Aantal batches: 2.
2025-06-22 14:10:33.244 | INFO     | src.fh.training_framework:run_training:529 - Experiment: CNN_Experiment_2_heart_big_train_synthetic, Epoch:  1/10, Train Loss: 1.6444, Test Loss: 1.6148, Abs Loss Diff: 0.0296, Rel Loss Diff (%): 1.83, Accuracy: 0.2400, Recall: 0.2400, Precision: 0.1175, F1: 0.1560, Duration: 0.06s, Current LR: 0.001000
2025-06-22 14:10:33.255 | SUCCESS  | src.fh.training_framework:run_training:622 - Saved best model for CNN_Experiment_2_heart_big_train_synthetic to /home/azureuser/mads-exam-fharren/src/fh/../../logs/20250622-141025_run_logs/20250622-141025_CNN_Experiment_2_heart_big_train_synthetic_best_model.pth (Abs Loss Diff: 0.0296, Recall: 0.2400, Accuracy: 0.2400).
2025-06-22 14:10:33.320 | INFO     | src.fh.training_framework:run_training:529 - Experiment: CNN_Experiment_2_heart_big_train_synthetic, Epoch:  2/10, Train Loss: 1.6141, Test Loss: 1.6113, Abs Loss Diff: 0.0028, Rel Loss Diff (%): 0.17, Accuracy: 0.2000, Recall: 0.2000, Precision: 0.3131, F1: 0.0932, Duration: 0.06s, Current LR: 0.001000
2025-06-22 14:10:33.335 | SUCCESS  | src.fh.training_framework:run_training:622 - Saved best model for CNN_Experiment_2_heart_big_train_synthetic to /home/azureuser/mads-exam-fharren/src/fh/../../logs/20250622-141025_run_logs/20250622-141025_CNN_Experiment_2_heart_big_train_synthetic_best_model.pth (Abs Loss Diff: 0.0028, Recall: 0.2000, Accuracy: 0.2000).
2025-06-22 14:10:33.386 | INFO     | src.fh.training_framework:run_training:529 - Experiment: CNN_Experiment_2_heart_big_train_synthetic, Epoch:  3/10, Train Loss: 1.5603, Test Loss: 1.6173, Abs Loss Diff: 0.0571, Rel Loss Diff (%): 3.53, Accuracy: 0.1800, Recall: 0.1800, Precision: 0.0847, F1: 0.1095, Duration: 0.05s, Current LR: 0.001000
2025-06-22 14:10:33.449 | INFO     | src.fh.training_framework:run_training:529 - Experiment: CNN_Experiment_2_heart_big_train_synthetic, Epoch:  4/10, Train Loss: 1.5104, Test Loss: 1.6282, Abs Loss Diff: 0.1179, Rel Loss Diff (%): 7.24, Accuracy: 0.2000, Recall: 0.2000, Precision: 0.0926, F1: 0.1138, Duration: 0.05s, Current LR: 0.001000
2025-06-22 14:10:33.514 | INFO     | src.fh.training_framework:run_training:529 - Experiment: CNN_Experiment_2_heart_big_train_synthetic, Epoch:  5/10, Train Loss: 1.4535, Test Loss: 1.6187, Abs Loss Diff: 0.1652, Rel Loss Diff (%): 10.21, Accuracy: 0.1200, Recall: 0.1200, Precision: 0.1268, F1: 0.0831, Duration: 0.05s, Current LR: 0.001000
2025-06-22 14:10:33.579 | INFO     | src.fh.training_framework:run_training:529 - Experiment: CNN_Experiment_2_heart_big_train_synthetic, Epoch:  6/10, Train Loss: 1.3679, Test Loss: 1.5995, Abs Loss Diff: 0.2315, Rel Loss Diff (%): 14.48, Accuracy: 0.2000, Recall: 0.2000, Precision: 0.3373, F1: 0.2151, Duration: 0.05s, Current LR: 0.001000
2025-06-22 14:10:33.645 | INFO     | src.fh.training_framework:run_training:529 - Experiment: CNN_Experiment_2_heart_big_train_synthetic, Epoch:  7/10, Train Loss: 1.2019, Test Loss: 1.5733, Abs Loss Diff: 0.3714, Rel Loss Diff (%): 23.61, Accuracy: 0.2800, Recall: 0.2800, Precision: 0.3482, F1: 0.2691, Duration: 0.05s, Current LR: 0.001000
2025-06-22 14:10:33.708 | INFO     | src.fh.training_framework:run_training:529 - Experiment: CNN_Experiment_2_heart_big_train_synthetic, Epoch:  8/10, Train Loss: 1.1858, Test Loss: 1.6188, Abs Loss Diff: 0.4331, Rel Loss Diff (%): 26.75, Accuracy: 0.2200, Recall: 0.2200, Precision: 0.3460, F1: 0.2370, Duration: 0.05s, Current LR: 0.001000
2025-06-22 14:10:33.796 | INFO     | src.fh.training_framework:run_training:529 - Experiment: CNN_Experiment_2_heart_big_train_synthetic, Epoch:  9/10, Train Loss: 1.0134, Test Loss: 1.5636, Abs Loss Diff: 0.5502, Rel Loss Diff (%): 35.19, Accuracy: 0.2000, Recall: 0.2000, Precision: 0.1949, F1: 0.1915, Duration: 0.07s, Current LR: 0.001000
2025-06-22 14:10:33.862 | INFO     | src.fh.training_framework:run_training:529 - Experiment: CNN_Experiment_2_heart_big_train_synthetic, Epoch: 10/10, Train Loss: 0.9213, Test Loss: 1.6772, Abs Loss Diff: 0.7558, Rel Loss Diff (%): 45.07, Accuracy: 0.3000, Recall: 0.3000, Precision: 0.3921, F1: 0.2818, Duration: 0.05s, Current LR: 0.001000
2025-06-22 14:10:33.876 | INFO     | src.fh.training_framework:run_training:645 - Training voor model CNN_Experiment_2_heart_big_train_synthetic voltooid. Totale duur: 0:00:00.702918
2025-06-22 14:10:33.877 | INFO     | __main__:run_experiment:194 - CNN model training voltooid voor heart_big_train_synthetic.parquet.
2025-06-22 14:10:33.877 | INFO     | __main__:run_experiment:198 - 
--- Start Training CNN_SE_Skip Model (Hyperparameter Tuning) ---
2025-06-22 14:10:33.878 | INFO     | __main__:run_experiment:210 - 
--- Uitvoeren CNN_SE_Skip Experiment 1/2 voor heart_big_train_synthetic.parquet ---
2025-06-22 14:10:33.878 | INFO     | __main__:run_experiment:225 - Berekende CNN_SE_Skip input_size_after_flattening voor lineaire laag: 1472
2025-06-22 14:10:33.878 | INFO     | src.fh.training_framework:run_training:328 - Starting training run for model: cnn_se_skip_model, experiment: CNN_SE_Skip_Experiment_1_heart_big_train_synthetic
2025-06-22 14:10:33.878 | INFO     | src.fh.model_selector:get_model:26 - Model selector: aanmaken van model 'cnn_se_skip_model' met config: {'input_channels': 1, 'hidden_size': 64, 'num_layers': 2, 'output_size': 5, 'conv_filters_per_block': 32, 'kernel_size_per_block': 3, 'use_dropout': False, 'dropout_rate': 0.3, 'reduction_ratio': 8, 'num_features': 187, 'input_size_after_flattening': 1472}
2025-06-22 14:10:33.883 | INFO     | src.fh.training_framework:run_training:415 - Model 'cnn_se_skip_model' van experiment 'CNN_SE_Skip_Experiment_1_heart_big_train_synthetic' geïnitialiseerd en verplaatst naar cpu.
2025-06-22 14:10:33.884 | INFO     | src.fh.training_framework:run_training:472 - Scheduler is uitgeschakeld in configuratie.
2025-06-22 14:10:33.884 | INFO     | src.fh.training_framework:run_training:502 - Trainingsdataset: heart_big_train_synthetic.parquet, Samples: 120, Batch grootte: 32, Aantal batches: 4.
2025-06-22 14:10:33.885 | INFO     | src.fh.training_framework:run_training:503 - Testdataset: heart_big_test.parq, Samples: 50, Batch grootte: 32, Aantal batches: 2.
2025-06-22 14:10:33.956 | INFO     | src.fh.training_framework:run_training:529 - Experiment: CNN_SE_Skip_Experiment_1_heart_big_train_synthetic, Epoch:  1/10, Train Loss: 1.6413, Test Loss: 1.6062, Abs Loss Diff: 0.0351, Rel Loss Diff (%): 2.19, Accuracy: 0.2400, Recall: 0.2400, Precision: 0.1179, F1: 0.1550, Duration: 0.07s, Current LR: 0.001000
2025-06-22 14:10:33.967 | SUCCESS  | src.fh.training_framework:run_training:622 - Saved best model for CNN_SE_Skip_Experiment_1_heart_big_train_synthetic to /home/azureuser/mads-exam-fharren/src/fh/../../logs/20250622-141025_run_logs/20250622-141025_CNN_SE_Skip_Experiment_1_heart_big_train_synthetic_best_model.pth (Abs Loss Diff: 0.0351, Recall: 0.2400, Accuracy: 0.2400).
2025-06-22 14:10:34.034 | INFO     | src.fh.training_framework:run_training:529 - Experiment: CNN_SE_Skip_Experiment_1_heart_big_train_synthetic, Epoch:  2/10, Train Loss: 1.6078, Test Loss: 1.6140, Abs Loss Diff: 0.0062, Rel Loss Diff (%): 0.38, Accuracy: 0.1400, Recall: 0.1400, Precision: 0.0196, F1: 0.0344, Duration: 0.07s, Current LR: 0.001000
2025-06-22 14:10:34.050 | SUCCESS  | src.fh.training_framework:run_training:622 - Saved best model for CNN_SE_Skip_Experiment_1_heart_big_train_synthetic to /home/azureuser/mads-exam-fharren/src/fh/../../logs/20250622-141025_run_logs/20250622-141025_CNN_SE_Skip_Experiment_1_heart_big_train_synthetic_best_model.pth (Abs Loss Diff: 0.0062, Recall: 0.1400, Accuracy: 0.1400).
2025-06-22 14:10:34.120 | INFO     | src.fh.training_framework:run_training:529 - Experiment: CNN_SE_Skip_Experiment_1_heart_big_train_synthetic, Epoch:  3/10, Train Loss: 1.5959, Test Loss: 1.6070, Abs Loss Diff: 0.0111, Rel Loss Diff (%): 0.69, Accuracy: 0.3000, Recall: 0.3000, Precision: 0.2406, F1: 0.2494, Duration: 0.07s, Current LR: 0.001000
2025-06-22 14:10:34.191 | INFO     | src.fh.training_framework:run_training:529 - Experiment: CNN_SE_Skip_Experiment_1_heart_big_train_synthetic, Epoch:  4/10, Train Loss: 1.5879, Test Loss: 1.6047, Abs Loss Diff: 0.0169, Rel Loss Diff (%): 1.05, Accuracy: 0.2400, Recall: 0.2400, Precision: 0.1211, F1: 0.1455, Duration: 0.06s, Current LR: 0.001000
2025-06-22 14:10:34.284 | INFO     | src.fh.training_framework:run_training:529 - Experiment: CNN_SE_Skip_Experiment_1_heart_big_train_synthetic, Epoch:  5/10, Train Loss: 1.5784, Test Loss: 1.6089, Abs Loss Diff: 0.0305, Rel Loss Diff (%): 1.90, Accuracy: 0.2200, Recall: 0.2200, Precision: 0.1058, F1: 0.1379, Duration: 0.08s, Current LR: 0.001000
2025-06-22 14:10:34.369 | INFO     | src.fh.training_framework:run_training:529 - Experiment: CNN_SE_Skip_Experiment_1_heart_big_train_synthetic, Epoch:  6/10, Train Loss: 1.5659, Test Loss: 1.6082, Abs Loss Diff: 0.0424, Rel Loss Diff (%): 2.63, Accuracy: 0.1000, Recall: 0.1000, Precision: 0.0373, F1: 0.0501, Duration: 0.07s, Current LR: 0.001000
2025-06-22 14:10:34.446 | INFO     | src.fh.training_framework:run_training:529 - Experiment: CNN_SE_Skip_Experiment_1_heart_big_train_synthetic, Epoch:  7/10, Train Loss: 1.5495, Test Loss: 1.6165, Abs Loss Diff: 0.0670, Rel Loss Diff (%): 4.15, Accuracy: 0.2200, Recall: 0.2200, Precision: 0.0701, F1: 0.1063, Duration: 0.06s, Current LR: 0.001000
2025-06-22 14:10:34.529 | INFO     | src.fh.training_framework:run_training:529 - Experiment: CNN_SE_Skip_Experiment_1_heart_big_train_synthetic, Epoch:  8/10, Train Loss: 1.5396, Test Loss: 1.6167, Abs Loss Diff: 0.0772, Rel Loss Diff (%): 4.77, Accuracy: 0.2400, Recall: 0.2400, Precision: 0.0774, F1: 0.1157, Duration: 0.07s, Current LR: 0.001000
2025-06-22 14:10:34.611 | INFO     | src.fh.training_framework:run_training:529 - Experiment: CNN_SE_Skip_Experiment_1_heart_big_train_synthetic, Epoch:  9/10, Train Loss: 1.5267, Test Loss: 1.6007, Abs Loss Diff: 0.0739, Rel Loss Diff (%): 4.62, Accuracy: 0.1800, Recall: 0.1800, Precision: 0.1339, F1: 0.1443, Duration: 0.07s, Current LR: 0.001000
2025-06-22 14:10:34.692 | INFO     | src.fh.training_framework:run_training:529 - Experiment: CNN_SE_Skip_Experiment_1_heart_big_train_synthetic, Epoch: 10/10, Train Loss: 1.4974, Test Loss: 1.5978, Abs Loss Diff: 0.1004, Rel Loss Diff (%): 6.28, Accuracy: 0.2600, Recall: 0.2600, Precision: 0.2455, F1: 0.2044, Duration: 0.07s, Current LR: 0.001000
2025-06-22 14:10:34.705 | INFO     | src.fh.training_framework:run_training:645 - Training voor model CNN_SE_Skip_Experiment_1_heart_big_train_synthetic voltooid. Totale duur: 0:00:00.827156
2025-06-22 14:10:34.707 | INFO     | __main__:run_experiment:210 - 
--- Uitvoeren CNN_SE_Skip Experiment 2/2 voor heart_big_train_synthetic.parquet ---
2025-06-22 14:10:34.707 | INFO     | __main__:run_experiment:225 - Berekende CNN_SE_Skip input_size_after_flattening voor lineaire laag: 1472
2025-06-22 14:10:34.707 | INFO     | src.fh.training_framework:run_training:328 - Starting training run for model: cnn_se_skip_model, experiment: CNN_SE_Skip_Experiment_2_heart_big_train_synthetic
2025-06-22 14:10:34.708 | INFO     | src.fh.model_selector:get_model:26 - Model selector: aanmaken van model 'cnn_se_skip_model' met config: {'input_channels': 1, 'hidden_size': 128, 'num_layers': 3, 'output_size': 5, 'conv_filters_per_block': 64, 'kernel_size_per_block': 5, 'use_dropout': True, 'dropout_rate': 0.4, 'reduction_ratio': 16, 'num_features': 187, 'input_size_after_flattening': 1472}
2025-06-22 14:10:34.713 | INFO     | src.fh.training_framework:run_training:415 - Model 'cnn_se_skip_model' van experiment 'CNN_SE_Skip_Experiment_2_heart_big_train_synthetic' geïnitialiseerd en verplaatst naar cpu.
2025-06-22 14:10:34.714 | INFO     | src.fh.training_framework:run_training:472 - Scheduler is uitgeschakeld in configuratie.
2025-06-22 14:10:34.714 | INFO     | src.fh.training_framework:run_training:502 - Trainingsdataset: heart_big_train_synthetic.parquet, Samples: 120, Batch grootte: 32, Aantal batches: 4.
2025-06-22 14:10:34.715 | INFO     | src.fh.training_framework:run_training:503 - Testdataset: heart_big_test.parq, Samples: 50, Batch grootte: 32, Aantal batches: 2.
2025-06-22 14:10:34.879 | INFO     | src.fh.training_framework:run_training:529 - Experiment: CNN_SE_Skip_Experiment_2_heart_big_train_synthetic, Epoch:  1/10, Train Loss: 1.6715, Test Loss: 1.6454, Abs Loss Diff: 0.0261, Rel Loss Diff (%): 1.59, Accuracy: 0.1600, Recall: 0.1600, Precision: 0.0256, F1: 0.0441, Duration: 0.16s, Current LR: 0.001000
2025-06-22 14:10:34.890 | SUCCESS  | src.fh.training_framework:run_training:622 - Saved best model for CNN_SE_Skip_Experiment_2_heart_big_train_synthetic to /home/azureuser/mads-exam-fharren/src/fh/../../logs/20250622-141025_run_logs/20250622-141025_CNN_SE_Skip_Experiment_2_heart_big_train_synthetic_best_model.pth (Abs Loss Diff: 0.0261, Recall: 0.1600, Accuracy: 0.1600).
2025-06-22 14:10:35.050 | INFO     | src.fh.training_framework:run_training:529 - Experiment: CNN_SE_Skip_Experiment_2_heart_big_train_synthetic, Epoch:  2/10, Train Loss: 1.6697, Test Loss: 1.6309, Abs Loss Diff: 0.0389, Rel Loss Diff (%): 2.38, Accuracy: 0.2200, Recall: 0.2200, Precision: 0.0550, F1: 0.0880, Duration: 0.16s, Current LR: 0.001000
2025-06-22 14:10:35.225 | INFO     | src.fh.training_framework:run_training:529 - Experiment: CNN_SE_Skip_Experiment_2_heart_big_train_synthetic, Epoch:  3/10, Train Loss: 1.6529, Test Loss: 1.6307, Abs Loss Diff: 0.0222, Rel Loss Diff (%): 1.36, Accuracy: 0.2400, Recall: 0.2400, Precision: 0.0576, F1: 0.0929, Duration: 0.15s, Current LR: 0.001000
2025-06-22 14:10:35.241 | SUCCESS  | src.fh.training_framework:run_training:622 - Saved best model for CNN_SE_Skip_Experiment_2_heart_big_train_synthetic to /home/azureuser/mads-exam-fharren/src/fh/../../logs/20250622-141025_run_logs/20250622-141025_CNN_SE_Skip_Experiment_2_heart_big_train_synthetic_best_model.pth (Abs Loss Diff: 0.0222, Recall: 0.2400, Accuracy: 0.2400).
2025-06-22 14:10:35.394 | INFO     | src.fh.training_framework:run_training:529 - Experiment: CNN_SE_Skip_Experiment_2_heart_big_train_synthetic, Epoch:  4/10, Train Loss: 1.6790, Test Loss: 1.6332, Abs Loss Diff: 0.0458, Rel Loss Diff (%): 2.81, Accuracy: 0.2400, Recall: 0.2400, Precision: 0.0576, F1: 0.0929, Duration: 0.15s, Current LR: 0.001000
2025-06-22 14:10:35.556 | INFO     | src.fh.training_framework:run_training:529 - Experiment: CNN_SE_Skip_Experiment_2_heart_big_train_synthetic, Epoch:  5/10, Train Loss: 1.6641, Test Loss: 1.6322, Abs Loss Diff: 0.0318, Rel Loss Diff (%): 1.95, Accuracy: 0.2400, Recall: 0.2400, Precision: 0.0576, F1: 0.0929, Duration: 0.15s, Current LR: 0.001000
2025-06-22 14:10:35.719 | INFO     | src.fh.training_framework:run_training:529 - Experiment: CNN_SE_Skip_Experiment_2_heart_big_train_synthetic, Epoch:  6/10, Train Loss: 1.6586, Test Loss: 1.6227, Abs Loss Diff: 0.0358, Rel Loss Diff (%): 2.21, Accuracy: 0.2400, Recall: 0.2400, Precision: 0.0576, F1: 0.0929, Duration: 0.15s, Current LR: 0.001000
2025-06-22 14:10:35.915 | INFO     | src.fh.training_framework:run_training:529 - Experiment: CNN_SE_Skip_Experiment_2_heart_big_train_synthetic, Epoch:  7/10, Train Loss: 1.6210, Test Loss: 1.6217, Abs Loss Diff: 0.0007, Rel Loss Diff (%): 0.05, Accuracy: 0.2400, Recall: 0.2400, Precision: 0.1026, F1: 0.1433, Duration: 0.18s, Current LR: 0.001000
2025-06-22 14:10:35.933 | SUCCESS  | src.fh.training_framework:run_training:622 - Saved best model for CNN_SE_Skip_Experiment_2_heart_big_train_synthetic to /home/azureuser/mads-exam-fharren/src/fh/../../logs/20250622-141025_run_logs/20250622-141025_CNN_SE_Skip_Experiment_2_heart_big_train_synthetic_best_model.pth (Abs Loss Diff: 0.0007, Recall: 0.2400, Accuracy: 0.2400).
2025-06-22 14:10:36.105 | INFO     | src.fh.training_framework:run_training:529 - Experiment: CNN_SE_Skip_Experiment_2_heart_big_train_synthetic, Epoch:  8/10, Train Loss: 1.6294, Test Loss: 1.6231, Abs Loss Diff: 0.0062, Rel Loss Diff (%): 0.38, Accuracy: 0.1600, Recall: 0.1600, Precision: 0.0555, F1: 0.0671, Duration: 0.17s, Current LR: 0.001000
2025-06-22 14:10:36.273 | INFO     | src.fh.training_framework:run_training:529 - Experiment: CNN_SE_Skip_Experiment_2_heart_big_train_synthetic, Epoch:  9/10, Train Loss: 1.6426, Test Loss: 1.6239, Abs Loss Diff: 0.0187, Rel Loss Diff (%): 1.15, Accuracy: 0.1600, Recall: 0.1600, Precision: 0.0555, F1: 0.0671, Duration: 0.15s, Current LR: 0.001000
2025-06-22 14:10:36.443 | INFO     | src.fh.training_framework:run_training:529 - Experiment: CNN_SE_Skip_Experiment_2_heart_big_train_synthetic, Epoch: 10/10, Train Loss: 1.6206, Test Loss: 1.6171, Abs Loss Diff: 0.0035, Rel Loss Diff (%): 0.22, Accuracy: 0.1600, Recall: 0.1600, Precision: 0.0256, F1: 0.0441, Duration: 0.16s, Current LR: 0.001000
2025-06-22 14:10:36.459 | INFO     | src.fh.training_framework:run_training:645 - Training voor model CNN_SE_Skip_Experiment_2_heart_big_train_synthetic voltooid. Totale duur: 0:00:01.751486
2025-06-22 14:10:36.462 | INFO     | __main__:run_experiment:235 - CNN_SE_Skip model training voltooid voor heart_big_train_synthetic.parquet.
2025-06-22 14:10:36.462 | INFO     | __main__:run_experiment:241 - 
--- Start Training GRU Model (Hyperparameter Tuning) ---
2025-06-22 14:10:36.463 | INFO     | __main__:run_experiment:252 - 
--- Uitvoeren GRU Experiment 1/2 voor heart_big_train_synthetic.parquet ---
2025-06-22 14:10:36.464 | INFO     | src.fh.training_framework:run_training:328 - Starting training run for model: gru_model, experiment: GRU_Experiment_1_heart_big_train_synthetic
2025-06-22 14:10:36.464 | INFO     | src.fh.model_selector:get_model:26 - Model selector: aanmaken van model 'gru_model' met config: {'input_size': 187, 'hidden_size': 64, 'num_layers': 1, 'output_size': 5, 'dropout': 0.0}
2025-06-22 14:10:36.464 | INFO     | src.fh.models.gru_model:__init__:20 - Initializing GRUModel...
2025-06-22 14:10:36.467 | INFO     | src.fh.models.gru_model:__init__:64 - GRUModel initialized. Total parameters: 48901
2025-06-22 14:10:36.468 | INFO     | src.fh.training_framework:run_training:415 - Model 'gru_model' van experiment 'GRU_Experiment_1_heart_big_train_synthetic' geïnitialiseerd en verplaatst naar cpu.
2025-06-22 14:10:36.469 | INFO     | src.fh.training_framework:run_training:472 - Scheduler is uitgeschakeld in configuratie.
2025-06-22 14:10:36.469 | INFO     | src.fh.training_framework:run_training:502 - Trainingsdataset: heart_big_train_synthetic.parquet, Samples: 120, Batch grootte: 32, Aantal batches: 4.
2025-06-22 14:10:36.469 | INFO     | src.fh.training_framework:run_training:503 - Testdataset: heart_big_test.parq, Samples: 50, Batch grootte: 32, Aantal batches: 2.
2025-06-22 14:10:36.495 | INFO     | src.fh.training_framework:run_training:529 - Experiment: GRU_Experiment_1_heart_big_train_synthetic, Epoch:  1/10, Train Loss: 1.6205, Test Loss: 1.5937, Abs Loss Diff: 0.0268, Rel Loss Diff (%): 1.68, Accuracy: 0.2000, Recall: 0.2000, Precision: 0.2403, F1: 0.1954, Duration: 0.03s, Current LR: 0.001000
2025-06-22 14:10:36.504 | SUCCESS  | src.fh.training_framework:run_training:622 - Saved best model for GRU_Experiment_1_heart_big_train_synthetic to /home/azureuser/mads-exam-fharren/src/fh/../../logs/20250622-141025_run_logs/20250622-141025_GRU_Experiment_1_heart_big_train_synthetic_best_model.pth (Abs Loss Diff: 0.0268, Recall: 0.2000, Accuracy: 0.2000).
2025-06-22 14:10:36.528 | INFO     | src.fh.training_framework:run_training:529 - Experiment: GRU_Experiment_1_heart_big_train_synthetic, Epoch:  2/10, Train Loss: 1.5352, Test Loss: 1.5877, Abs Loss Diff: 0.0526, Rel Loss Diff (%): 3.31, Accuracy: 0.2000, Recall: 0.2000, Precision: 0.2116, F1: 0.1921, Duration: 0.02s, Current LR: 0.001000
2025-06-22 14:10:36.564 | INFO     | src.fh.training_framework:run_training:529 - Experiment: GRU_Experiment_1_heart_big_train_synthetic, Epoch:  3/10, Train Loss: 1.4661, Test Loss: 1.5826, Abs Loss Diff: 0.1165, Rel Loss Diff (%): 7.36, Accuracy: 0.2200, Recall: 0.2200, Precision: 0.2548, F1: 0.2191, Duration: 0.02s, Current LR: 0.001000
2025-06-22 14:10:36.602 | INFO     | src.fh.training_framework:run_training:529 - Experiment: GRU_Experiment_1_heart_big_train_synthetic, Epoch:  4/10, Train Loss: 1.4012, Test Loss: 1.5773, Abs Loss Diff: 0.1761, Rel Loss Diff (%): 11.17, Accuracy: 0.1800, Recall: 0.1800, Precision: 0.2104, F1: 0.1768, Duration: 0.02s, Current LR: 0.001000
2025-06-22 14:10:36.638 | INFO     | src.fh.training_framework:run_training:529 - Experiment: GRU_Experiment_1_heart_big_train_synthetic, Epoch:  5/10, Train Loss: 1.3362, Test Loss: 1.5729, Abs Loss Diff: 0.2367, Rel Loss Diff (%): 15.05, Accuracy: 0.1800, Recall: 0.1800, Precision: 0.2083, F1: 0.1760, Duration: 0.02s, Current LR: 0.001000
2025-06-22 14:10:36.677 | INFO     | src.fh.training_framework:run_training:529 - Experiment: GRU_Experiment_1_heart_big_train_synthetic, Epoch:  6/10, Train Loss: 1.2741, Test Loss: 1.5685, Abs Loss Diff: 0.2944, Rel Loss Diff (%): 18.77, Accuracy: 0.2400, Recall: 0.2400, Precision: 0.2801, F1: 0.2508, Duration: 0.03s, Current LR: 0.001000
2025-06-22 14:10:36.719 | INFO     | src.fh.training_framework:run_training:529 - Experiment: GRU_Experiment_1_heart_big_train_synthetic, Epoch:  7/10, Train Loss: 1.2107, Test Loss: 1.5639, Abs Loss Diff: 0.3532, Rel Loss Diff (%): 22.58, Accuracy: 0.2400, Recall: 0.2400, Precision: 0.2838, F1: 0.2527, Duration: 0.03s, Current LR: 0.001000
2025-06-22 14:10:36.757 | INFO     | src.fh.training_framework:run_training:529 - Experiment: GRU_Experiment_1_heart_big_train_synthetic, Epoch:  8/10, Train Loss: 1.1471, Test Loss: 1.5595, Abs Loss Diff: 0.4124, Rel Loss Diff (%): 26.44, Accuracy: 0.2400, Recall: 0.2400, Precision: 0.2763, F1: 0.2516, Duration: 0.02s, Current LR: 0.001000
2025-06-22 14:10:36.794 | INFO     | src.fh.training_framework:run_training:529 - Experiment: GRU_Experiment_1_heart_big_train_synthetic, Epoch:  9/10, Train Loss: 1.0840, Test Loss: 1.5554, Abs Loss Diff: 0.4714, Rel Loss Diff (%): 30.31, Accuracy: 0.2600, Recall: 0.2600, Precision: 0.2912, F1: 0.2702, Duration: 0.02s, Current LR: 0.001000
2025-06-22 14:10:36.829 | INFO     | src.fh.training_framework:run_training:529 - Experiment: GRU_Experiment_1_heart_big_train_synthetic, Epoch: 10/10, Train Loss: 1.0206, Test Loss: 1.5507, Abs Loss Diff: 0.5301, Rel Loss Diff (%): 34.18, Accuracy: 0.2600, Recall: 0.2600, Precision: 0.2879, F1: 0.2702, Duration: 0.02s, Current LR: 0.001000
2025-06-22 14:10:36.841 | INFO     | src.fh.training_framework:run_training:645 - Training voor model GRU_Experiment_1_heart_big_train_synthetic voltooid. Totale duur: 0:00:00.376616
2025-06-22 14:10:36.842 | INFO     | __main__:run_experiment:252 - 
--- Uitvoeren GRU Experiment 2/2 voor heart_big_train_synthetic.parquet ---
2025-06-22 14:10:36.842 | INFO     | src.fh.training_framework:run_training:328 - Starting training run for model: gru_model, experiment: GRU_Experiment_2_heart_big_train_synthetic
2025-06-22 14:10:36.842 | INFO     | src.fh.model_selector:get_model:26 - Model selector: aanmaken van model 'gru_model' met config: {'input_size': 187, 'hidden_size': 128, 'num_layers': 2, 'output_size': 5, 'dropout': 0.2}
2025-06-22 14:10:36.843 | INFO     | src.fh.models.gru_model:__init__:20 - Initializing GRUModel...
2025-06-22 14:10:36.848 | INFO     | src.fh.models.gru_model:__init__:64 - GRUModel initialized. Total parameters: 221445
2025-06-22 14:10:36.849 | INFO     | src.fh.training_framework:run_training:415 - Model 'gru_model' van experiment 'GRU_Experiment_2_heart_big_train_synthetic' geïnitialiseerd en verplaatst naar cpu.
2025-06-22 14:10:36.850 | INFO     | src.fh.training_framework:run_training:472 - Scheduler is uitgeschakeld in configuratie.
2025-06-22 14:10:36.850 | INFO     | src.fh.training_framework:run_training:502 - Trainingsdataset: heart_big_train_synthetic.parquet, Samples: 120, Batch grootte: 32, Aantal batches: 4.
2025-06-22 14:10:36.851 | INFO     | src.fh.training_framework:run_training:503 - Testdataset: heart_big_test.parq, Samples: 50, Batch grootte: 32, Aantal batches: 2.
2025-06-22 14:10:36.886 | INFO     | src.fh.training_framework:run_training:529 - Experiment: GRU_Experiment_2_heart_big_train_synthetic, Epoch:  1/10, Train Loss: 1.6090, Test Loss: 1.5985, Abs Loss Diff: 0.0105, Rel Loss Diff (%): 0.66, Accuracy: 0.3000, Recall: 0.3000, Precision: 0.3104, F1: 0.2596, Duration: 0.04s, Current LR: 0.001000
2025-06-22 14:10:36.899 | SUCCESS  | src.fh.training_framework:run_training:622 - Saved best model for GRU_Experiment_2_heart_big_train_synthetic to /home/azureuser/mads-exam-fharren/src/fh/../../logs/20250622-141025_run_logs/20250622-141025_GRU_Experiment_2_heart_big_train_synthetic_best_model.pth (Abs Loss Diff: 0.0105, Recall: 0.3000, Accuracy: 0.3000).
2025-06-22 14:10:36.934 | INFO     | src.fh.training_framework:run_training:529 - Experiment: GRU_Experiment_2_heart_big_train_synthetic, Epoch:  2/10, Train Loss: 1.5577, Test Loss: 1.5956, Abs Loss Diff: 0.0378, Rel Loss Diff (%): 2.37, Accuracy: 0.2800, Recall: 0.2800, Precision: 0.2753, F1: 0.2529, Duration: 0.03s, Current LR: 0.001000
2025-06-22 14:10:36.976 | INFO     | src.fh.training_framework:run_training:529 - Experiment: GRU_Experiment_2_heart_big_train_synthetic, Epoch:  3/10, Train Loss: 1.5126, Test Loss: 1.5921, Abs Loss Diff: 0.0795, Rel Loss Diff (%): 5.00, Accuracy: 0.3000, Recall: 0.3000, Precision: 0.2818, F1: 0.2699, Duration: 0.03s, Current LR: 0.001000
2025-06-22 14:10:37.028 | INFO     | src.fh.training_framework:run_training:529 - Experiment: GRU_Experiment_2_heart_big_train_synthetic, Epoch:  4/10, Train Loss: 1.4633, Test Loss: 1.5882, Abs Loss Diff: 0.1249, Rel Loss Diff (%): 7.86, Accuracy: 0.2800, Recall: 0.2800, Precision: 0.2685, F1: 0.2562, Duration: 0.04s, Current LR: 0.001000
2025-06-22 14:10:37.080 | INFO     | src.fh.training_framework:run_training:529 - Experiment: GRU_Experiment_2_heart_big_train_synthetic, Epoch:  5/10, Train Loss: 1.3960, Test Loss: 1.5844, Abs Loss Diff: 0.1884, Rel Loss Diff (%): 11.89, Accuracy: 0.3200, Recall: 0.3200, Precision: 0.3464, F1: 0.3137, Duration: 0.04s, Current LR: 0.001000
2025-06-22 14:10:37.125 | INFO     | src.fh.training_framework:run_training:529 - Experiment: GRU_Experiment_2_heart_big_train_synthetic, Epoch:  6/10, Train Loss: 1.3079, Test Loss: 1.5786, Abs Loss Diff: 0.2708, Rel Loss Diff (%): 17.15, Accuracy: 0.2800, Recall: 0.2800, Precision: 0.3090, F1: 0.2861, Duration: 0.03s, Current LR: 0.001000
2025-06-22 14:10:37.175 | INFO     | src.fh.training_framework:run_training:529 - Experiment: GRU_Experiment_2_heart_big_train_synthetic, Epoch:  7/10, Train Loss: 1.1989, Test Loss: 1.5749, Abs Loss Diff: 0.3760, Rel Loss Diff (%): 23.87, Accuracy: 0.3000, Recall: 0.3000, Precision: 0.3268, F1: 0.3076, Duration: 0.04s, Current LR: 0.001000
2025-06-22 14:10:37.225 | INFO     | src.fh.training_framework:run_training:529 - Experiment: GRU_Experiment_2_heart_big_train_synthetic, Epoch:  8/10, Train Loss: 1.0815, Test Loss: 1.5732, Abs Loss Diff: 0.4918, Rel Loss Diff (%): 31.26, Accuracy: 0.3000, Recall: 0.3000, Precision: 0.3268, F1: 0.3076, Duration: 0.04s, Current LR: 0.001000
2025-06-22 14:10:37.268 | INFO     | src.fh.training_framework:run_training:529 - Experiment: GRU_Experiment_2_heart_big_train_synthetic, Epoch:  9/10, Train Loss: 0.9269, Test Loss: 1.5753, Abs Loss Diff: 0.6484, Rel Loss Diff (%): 41.16, Accuracy: 0.3000, Recall: 0.3000, Precision: 0.3393, F1: 0.3115, Duration: 0.03s, Current LR: 0.001000
2025-06-22 14:10:37.313 | INFO     | src.fh.training_framework:run_training:529 - Experiment: GRU_Experiment_2_heart_big_train_synthetic, Epoch: 10/10, Train Loss: 0.7741, Test Loss: 1.5836, Abs Loss Diff: 0.8096, Rel Loss Diff (%): 51.12, Accuracy: 0.2800, Recall: 0.2800, Precision: 0.3144, F1: 0.2925, Duration: 0.03s, Current LR: 0.001000
2025-06-22 14:10:37.325 | INFO     | src.fh.training_framework:run_training:645 - Training voor model GRU_Experiment_2_heart_big_train_synthetic voltooid. Totale duur: 0:00:00.482678
2025-06-22 14:10:37.326 | INFO     | __main__:run_experiment:262 - GRU model training voltooid voor heart_big_train_synthetic.parquet.
2025-06-22 14:10:37.339 | SUCCESS  | __main__:run_experiment:271 - Alle experiment samenvattingen opgeslagen naar /home/azureuser/mads-exam-fharren/src/fh/../../runs/20250622-141025_all_model_summary.parquet
2025-06-22 14:10:37.339 | INFO     | __main__:run_experiment:275 - 
--- Einde Experiment ---
2025-06-22 14:10:37.340 | INFO     | __main__:<module>:375 - Hoofdscript succesvol voltooid.
